[0.082s] DEBUG:colcon:Command line arguments: ['/usr/bin/colcon', 'build']
[0.082s] DEBUG:colcon:Parsed command line arguments: Namespace(log_base=None, log_level=None, verb_name='build', build_base='build', install_base='install', merge_install=False, symlink_install=False, test_result_base=None, continue_on_error=False, executor='parallel', parallel_workers=8, event_handlers=None, ignore_user_meta=False, metas=['./colcon.meta'], base_paths=['.'], packages_ignore=None, packages_ignore_regex=None, paths=None, packages_up_to=None, packages_up_to_regex=None, packages_above=None, packages_above_and_dependencies=None, packages_above_depth=None, packages_select_by_dep=None, packages_skip_by_dep=None, packages_skip_up_to=None, packages_select_build_failed=False, packages_skip_build_finished=False, packages_select_test_failures=False, packages_skip_test_passed=False, packages_select=None, packages_skip=None, packages_select_regex=None, packages_skip_regex=None, packages_start=None, packages_end=None, allow_overriding=[], cmake_args=None, cmake_target=None, cmake_target_skip_unavailable=False, cmake_clean_cache=False, cmake_clean_first=False, cmake_force_configure=False, ament_cmake_args=None, catkin_cmake_args=None, catkin_skip_building_tests=False, mixin_files=None, mixin=None, verb_parser=<colcon_mixin.mixin.mixin_argument.MixinArgumentDecorator object at 0x766d7aeb4a40>, verb_extension=<colcon_core.verb.build.BuildVerb object at 0x766d7afccfb0>, main=<bound method BuildVerb.main of <colcon_core.verb.build.BuildVerb object at 0x766d7afccfb0>>, mixin_verb=('build',))
[0.111s] Level 1:colcon.colcon_core.package_discovery:discover_packages(colcon_meta) check parameters
[0.111s] Level 1:colcon.colcon_core.package_discovery:discover_packages(recursive) check parameters
[0.112s] Level 1:colcon.colcon_core.package_discovery:discover_packages(ignore) check parameters
[0.112s] Level 1:colcon.colcon_core.package_discovery:discover_packages(path) check parameters
[0.112s] Level 1:colcon.colcon_core.package_discovery:discover_packages(colcon_meta) discover
[0.113s] Level 1:colcon.colcon_core.package_discovery:discover_packages(recursive) discover
[0.113s] INFO:colcon.colcon_core.package_discovery:Crawling recursively for packages in '/home/tranminhtu/RMITbot/lesson5_ws'
[0.113s] Level 1:colcon.colcon_core.package_identification:_identify(.) by extensions ['ignore', 'ignore_ament_install']
[0.113s] Level 1:colcon.colcon_core.package_identification:_identify(.) by extension 'ignore'
[0.113s] Level 1:colcon.colcon_core.package_identification:_identify(.) by extension 'ignore_ament_install'
[0.113s] Level 1:colcon.colcon_core.package_identification:_identify(.) by extensions ['colcon_pkg']
[0.113s] Level 1:colcon.colcon_core.package_identification:_identify(.) by extension 'colcon_pkg'
[0.113s] Level 1:colcon.colcon_core.package_identification:_identify(.) by extensions ['colcon_meta']
[0.113s] Level 1:colcon.colcon_core.package_identification:_identify(.) by extension 'colcon_meta'
[0.113s] Level 1:colcon.colcon_core.package_identification:_identify(.) by extensions ['ros']
[0.113s] Level 1:colcon.colcon_core.package_identification:_identify(.) by extension 'ros'
[0.134s] Level 1:colcon.colcon_core.package_identification:_identify(.) by extensions ['cmake', 'python']
[0.134s] Level 1:colcon.colcon_core.package_identification:_identify(.) by extension 'cmake'
[0.134s] Level 1:colcon.colcon_core.package_identification:_identify(.) by extension 'python'
[0.135s] Level 1:colcon.colcon_core.package_identification:_identify(.) by extensions ['python_setup_py']
[0.135s] Level 1:colcon.colcon_core.package_identification:_identify(.) by extension 'python_setup_py'
[0.135s] Level 1:colcon.colcon_core.package_identification:_identify(build) by extensions ['ignore', 'ignore_ament_install']
[0.135s] Level 1:colcon.colcon_core.package_identification:_identify(build) by extension 'ignore'
[0.135s] Level 1:colcon.colcon_core.package_identification:_identify(build) ignored
[0.136s] Level 1:colcon.colcon_core.package_identification:_identify(install) by extensions ['ignore', 'ignore_ament_install']
[0.136s] Level 1:colcon.colcon_core.package_identification:_identify(install) by extension 'ignore'
[0.136s] Level 1:colcon.colcon_core.package_identification:_identify(install) ignored
[0.136s] Level 1:colcon.colcon_core.package_identification:_identify(log) by extensions ['ignore', 'ignore_ament_install']
[0.136s] Level 1:colcon.colcon_core.package_identification:_identify(log) by extension 'ignore'
[0.136s] Level 1:colcon.colcon_core.package_identification:_identify(log) ignored
[0.136s] Level 1:colcon.colcon_core.package_identification:_identify(src) by extensions ['ignore', 'ignore_ament_install']
[0.136s] Level 1:colcon.colcon_core.package_identification:_identify(src) by extension 'ignore'
[0.136s] Level 1:colcon.colcon_core.package_identification:_identify(src) by extension 'ignore_ament_install'
[0.136s] Level 1:colcon.colcon_core.package_identification:_identify(src) by extensions ['colcon_pkg']
[0.136s] Level 1:colcon.colcon_core.package_identification:_identify(src) by extension 'colcon_pkg'
[0.136s] Level 1:colcon.colcon_core.package_identification:_identify(src) by extensions ['colcon_meta']
[0.136s] Level 1:colcon.colcon_core.package_identification:_identify(src) by extension 'colcon_meta'
[0.136s] Level 1:colcon.colcon_core.package_identification:_identify(src) by extensions ['ros']
[0.136s] Level 1:colcon.colcon_core.package_identification:_identify(src) by extension 'ros'
[0.136s] Level 1:colcon.colcon_core.package_identification:_identify(src) by extensions ['cmake', 'python']
[0.136s] Level 1:colcon.colcon_core.package_identification:_identify(src) by extension 'cmake'
[0.137s] Level 1:colcon.colcon_core.package_identification:_identify(src) by extension 'python'
[0.137s] Level 1:colcon.colcon_core.package_identification:_identify(src) by extensions ['python_setup_py']
[0.137s] Level 1:colcon.colcon_core.package_identification:_identify(src) by extension 'python_setup_py'
[0.137s] Level 1:colcon.colcon_core.package_identification:_identify(src/rmitbot_bringup) by extensions ['ignore', 'ignore_ament_install']
[0.137s] Level 1:colcon.colcon_core.package_identification:_identify(src/rmitbot_bringup) by extension 'ignore'
[0.137s] Level 1:colcon.colcon_core.package_identification:_identify(src/rmitbot_bringup) by extension 'ignore_ament_install'
[0.137s] Level 1:colcon.colcon_core.package_identification:_identify(src/rmitbot_bringup) by extensions ['colcon_pkg']
[0.137s] Level 1:colcon.colcon_core.package_identification:_identify(src/rmitbot_bringup) by extension 'colcon_pkg'
[0.137s] Level 1:colcon.colcon_core.package_identification:_identify(src/rmitbot_bringup) by extensions ['colcon_meta']
[0.137s] Level 1:colcon.colcon_core.package_identification:_identify(src/rmitbot_bringup) by extension 'colcon_meta'
[0.137s] Level 1:colcon.colcon_core.package_identification:_identify(src/rmitbot_bringup) by extensions ['ros']
[0.137s] Level 1:colcon.colcon_core.package_identification:_identify(src/rmitbot_bringup) by extension 'ros'
[0.139s] DEBUG:colcon.colcon_core.package_identification:Package 'src/rmitbot_bringup' with type 'ros.ament_cmake' and name 'rmitbot_bringup'
[0.139s] Level 1:colcon.colcon_core.package_identification:_identify(src/rmitbot_controller) by extensions ['ignore', 'ignore_ament_install']
[0.140s] Level 1:colcon.colcon_core.package_identification:_identify(src/rmitbot_controller) by extension 'ignore'
[0.140s] Level 1:colcon.colcon_core.package_identification:_identify(src/rmitbot_controller) by extension 'ignore_ament_install'
[0.140s] Level 1:colcon.colcon_core.package_identification:_identify(src/rmitbot_controller) by extensions ['colcon_pkg']
[0.140s] Level 1:colcon.colcon_core.package_identification:_identify(src/rmitbot_controller) by extension 'colcon_pkg'
[0.140s] Level 1:colcon.colcon_core.package_identification:_identify(src/rmitbot_controller) by extensions ['colcon_meta']
[0.140s] Level 1:colcon.colcon_core.package_identification:_identify(src/rmitbot_controller) by extension 'colcon_meta'
[0.140s] Level 1:colcon.colcon_core.package_identification:_identify(src/rmitbot_controller) by extensions ['ros']
[0.140s] Level 1:colcon.colcon_core.package_identification:_identify(src/rmitbot_controller) by extension 'ros'
[0.140s] DEBUG:colcon.colcon_core.package_identification:Package 'src/rmitbot_controller' with type 'ros.ament_cmake' and name 'rmitbot_controller'
[0.141s] Level 1:colcon.colcon_core.package_identification:_identify(src/rmitbot_description) by extensions ['ignore', 'ignore_ament_install']
[0.141s] Level 1:colcon.colcon_core.package_identification:_identify(src/rmitbot_description) by extension 'ignore'
[0.141s] Level 1:colcon.colcon_core.package_identification:_identify(src/rmitbot_description) by extension 'ignore_ament_install'
[0.141s] Level 1:colcon.colcon_core.package_identification:_identify(src/rmitbot_description) by extensions ['colcon_pkg']
[0.141s] Level 1:colcon.colcon_core.package_identification:_identify(src/rmitbot_description) by extension 'colcon_pkg'
[0.141s] Level 1:colcon.colcon_core.package_identification:_identify(src/rmitbot_description) by extensions ['colcon_meta']
[0.141s] Level 1:colcon.colcon_core.package_identification:_identify(src/rmitbot_description) by extension 'colcon_meta'
[0.141s] Level 1:colcon.colcon_core.package_identification:_identify(src/rmitbot_description) by extensions ['ros']
[0.141s] Level 1:colcon.colcon_core.package_identification:_identify(src/rmitbot_description) by extension 'ros'
[0.141s] DEBUG:colcon.colcon_core.package_identification:Package 'src/rmitbot_description' with type 'ros.ament_cmake' and name 'rmitbot_description'
[0.141s] Level 1:colcon.colcon_core.package_identification:_identify(src/rmitbot_firmware) by extensions ['ignore', 'ignore_ament_install']
[0.141s] Level 1:colcon.colcon_core.package_identification:_identify(src/rmitbot_firmware) by extension 'ignore'
[0.141s] Level 1:colcon.colcon_core.package_identification:_identify(src/rmitbot_firmware) by extension 'ignore_ament_install'
[0.141s] Level 1:colcon.colcon_core.package_identification:_identify(src/rmitbot_firmware) by extensions ['colcon_pkg']
[0.142s] Level 1:colcon.colcon_core.package_identification:_identify(src/rmitbot_firmware) by extension 'colcon_pkg'
[0.142s] Level 1:colcon.colcon_core.package_identification:_identify(src/rmitbot_firmware) by extensions ['colcon_meta']
[0.142s] Level 1:colcon.colcon_core.package_identification:_identify(src/rmitbot_firmware) by extension 'colcon_meta'
[0.142s] Level 1:colcon.colcon_core.package_identification:_identify(src/rmitbot_firmware) by extensions ['ros']
[0.142s] Level 1:colcon.colcon_core.package_identification:_identify(src/rmitbot_firmware) by extension 'ros'
[0.142s] DEBUG:colcon.colcon_core.package_identification:Package 'src/rmitbot_firmware' with type 'ros.ament_cmake' and name 'rmitbot_firmware'
[0.142s] Level 1:colcon.colcon_core.package_identification:_identify(src/rmitbot_localization) by extensions ['ignore', 'ignore_ament_install']
[0.142s] Level 1:colcon.colcon_core.package_identification:_identify(src/rmitbot_localization) by extension 'ignore'
[0.142s] Level 1:colcon.colcon_core.package_identification:_identify(src/rmitbot_localization) by extension 'ignore_ament_install'
[0.143s] Level 1:colcon.colcon_core.package_identification:_identify(src/rmitbot_localization) by extensions ['colcon_pkg']
[0.143s] Level 1:colcon.colcon_core.package_identification:_identify(src/rmitbot_localization) by extension 'colcon_pkg'
[0.143s] Level 1:colcon.colcon_core.package_identification:_identify(src/rmitbot_localization) by extensions ['colcon_meta']
[0.143s] Level 1:colcon.colcon_core.package_identification:_identify(src/rmitbot_localization) by extension 'colcon_meta'
[0.143s] Level 1:colcon.colcon_core.package_identification:_identify(src/rmitbot_localization) by extensions ['ros']
[0.143s] Level 1:colcon.colcon_core.package_identification:_identify(src/rmitbot_localization) by extension 'ros'
[0.143s] DEBUG:colcon.colcon_core.package_identification:Package 'src/rmitbot_localization' with type 'ros.ament_cmake' and name 'rmitbot_localization'
[0.143s] Level 1:colcon.colcon_core.package_discovery:discover_packages(recursive) using defaults
[0.143s] Level 1:colcon.colcon_core.package_discovery:discover_packages(ignore) discover
[0.144s] Level 1:colcon.colcon_core.package_discovery:discover_packages(ignore) using defaults
[0.144s] Level 1:colcon.colcon_core.package_discovery:discover_packages(path) discover
[0.144s] Level 1:colcon.colcon_core.package_discovery:discover_packages(path) using defaults
[0.157s] Level 1:colcon.colcon_core.package_discovery:discover_packages(prefix_path) check parameters
[0.157s] Level 1:colcon.colcon_core.package_discovery:discover_packages(prefix_path) discover
[0.160s] DEBUG:colcon.colcon_installed_package_information.package_discovery:Found 5 installed packages in /home/tranminhtu/RMITbot/lesson5_ws/install
[0.160s] DEBUG:colcon.colcon_installed_package_information.package_discovery:Found 5 installed packages in /home/tranminhtu/RMITbot/ros2_4wheelsdrive/install
[0.161s] DEBUG:colcon.colcon_installed_package_information.package_discovery:Found 383 installed packages in /opt/ros/jazzy
[0.163s] Level 1:colcon.colcon_core.package_discovery:discover_packages(prefix_path) using defaults
[0.195s] Level 5:colcon.colcon_core.verb:set package 'rmitbot_bringup' build argument 'cmake_args' from command line to 'None'
[0.195s] Level 5:colcon.colcon_core.verb:set package 'rmitbot_bringup' build argument 'cmake_target' from command line to 'None'
[0.195s] Level 5:colcon.colcon_core.verb:set package 'rmitbot_bringup' build argument 'cmake_target_skip_unavailable' from command line to 'False'
[0.195s] Level 5:colcon.colcon_core.verb:set package 'rmitbot_bringup' build argument 'cmake_clean_cache' from command line to 'False'
[0.195s] Level 5:colcon.colcon_core.verb:set package 'rmitbot_bringup' build argument 'cmake_clean_first' from command line to 'False'
[0.195s] Level 5:colcon.colcon_core.verb:set package 'rmitbot_bringup' build argument 'cmake_force_configure' from command line to 'False'
[0.195s] Level 5:colcon.colcon_core.verb:set package 'rmitbot_bringup' build argument 'ament_cmake_args' from command line to 'None'
[0.195s] Level 5:colcon.colcon_core.verb:set package 'rmitbot_bringup' build argument 'catkin_cmake_args' from command line to 'None'
[0.195s] Level 5:colcon.colcon_core.verb:set package 'rmitbot_bringup' build argument 'catkin_skip_building_tests' from command line to 'False'
[0.195s] DEBUG:colcon.colcon_core.verb:Building package 'rmitbot_bringup' with the following arguments: {'ament_cmake_args': None, 'build_base': '/home/tranminhtu/RMITbot/lesson5_ws/build/rmitbot_bringup', 'catkin_cmake_args': None, 'catkin_skip_building_tests': False, 'cmake_args': None, 'cmake_clean_cache': False, 'cmake_clean_first': False, 'cmake_force_configure': False, 'cmake_target': None, 'cmake_target_skip_unavailable': False, 'install_base': '/home/tranminhtu/RMITbot/lesson5_ws/install/rmitbot_bringup', 'merge_install': False, 'path': '/home/tranminhtu/RMITbot/lesson5_ws/src/rmitbot_bringup', 'symlink_install': False, 'test_result_base': None}
[0.196s] Level 5:colcon.colcon_core.verb:set package 'rmitbot_controller' build argument 'cmake_args' from command line to 'None'
[0.196s] Level 5:colcon.colcon_core.verb:set package 'rmitbot_controller' build argument 'cmake_target' from command line to 'None'
[0.196s] Level 5:colcon.colcon_core.verb:set package 'rmitbot_controller' build argument 'cmake_target_skip_unavailable' from command line to 'False'
[0.196s] Level 5:colcon.colcon_core.verb:set package 'rmitbot_controller' build argument 'cmake_clean_cache' from command line to 'False'
[0.196s] Level 5:colcon.colcon_core.verb:set package 'rmitbot_controller' build argument 'cmake_clean_first' from command line to 'False'
[0.196s] Level 5:colcon.colcon_core.verb:set package 'rmitbot_controller' build argument 'cmake_force_configure' from command line to 'False'
[0.196s] Level 5:colcon.colcon_core.verb:set package 'rmitbot_controller' build argument 'ament_cmake_args' from command line to 'None'
[0.196s] Level 5:colcon.colcon_core.verb:set package 'rmitbot_controller' build argument 'catkin_cmake_args' from command line to 'None'
[0.196s] Level 5:colcon.colcon_core.verb:set package 'rmitbot_controller' build argument 'catkin_skip_building_tests' from command line to 'False'
[0.196s] DEBUG:colcon.colcon_core.verb:Building package 'rmitbot_controller' with the following arguments: {'ament_cmake_args': None, 'build_base': '/home/tranminhtu/RMITbot/lesson5_ws/build/rmitbot_controller', 'catkin_cmake_args': None, 'catkin_skip_building_tests': False, 'cmake_args': None, 'cmake_clean_cache': False, 'cmake_clean_first': False, 'cmake_force_configure': False, 'cmake_target': None, 'cmake_target_skip_unavailable': False, 'install_base': '/home/tranminhtu/RMITbot/lesson5_ws/install/rmitbot_controller', 'merge_install': False, 'path': '/home/tranminhtu/RMITbot/lesson5_ws/src/rmitbot_controller', 'symlink_install': False, 'test_result_base': None}
[0.197s] Level 5:colcon.colcon_core.verb:set package 'rmitbot_description' build argument 'cmake_args' from command line to 'None'
[0.197s] Level 5:colcon.colcon_core.verb:set package 'rmitbot_description' build argument 'cmake_target' from command line to 'None'
[0.197s] Level 5:colcon.colcon_core.verb:set package 'rmitbot_description' build argument 'cmake_target_skip_unavailable' from command line to 'False'
[0.197s] Level 5:colcon.colcon_core.verb:set package 'rmitbot_description' build argument 'cmake_clean_cache' from command line to 'False'
[0.197s] Level 5:colcon.colcon_core.verb:set package 'rmitbot_description' build argument 'cmake_clean_first' from command line to 'False'
[0.197s] Level 5:colcon.colcon_core.verb:set package 'rmitbot_description' build argument 'cmake_force_configure' from command line to 'False'
[0.197s] Level 5:colcon.colcon_core.verb:set package 'rmitbot_description' build argument 'ament_cmake_args' from command line to 'None'
[0.197s] Level 5:colcon.colcon_core.verb:set package 'rmitbot_description' build argument 'catkin_cmake_args' from command line to 'None'
[0.197s] Level 5:colcon.colcon_core.verb:set package 'rmitbot_description' build argument 'catkin_skip_building_tests' from command line to 'False'
[0.197s] DEBUG:colcon.colcon_core.verb:Building package 'rmitbot_description' with the following arguments: {'ament_cmake_args': None, 'build_base': '/home/tranminhtu/RMITbot/lesson5_ws/build/rmitbot_description', 'catkin_cmake_args': None, 'catkin_skip_building_tests': False, 'cmake_args': None, 'cmake_clean_cache': False, 'cmake_clean_first': False, 'cmake_force_configure': False, 'cmake_target': None, 'cmake_target_skip_unavailable': False, 'install_base': '/home/tranminhtu/RMITbot/lesson5_ws/install/rmitbot_description', 'merge_install': False, 'path': '/home/tranminhtu/RMITbot/lesson5_ws/src/rmitbot_description', 'symlink_install': False, 'test_result_base': None}
[0.197s] Level 5:colcon.colcon_core.verb:set package 'rmitbot_firmware' build argument 'cmake_args' from command line to 'None'
[0.197s] Level 5:colcon.colcon_core.verb:set package 'rmitbot_firmware' build argument 'cmake_target' from command line to 'None'
[0.197s] Level 5:colcon.colcon_core.verb:set package 'rmitbot_firmware' build argument 'cmake_target_skip_unavailable' from command line to 'False'
[0.197s] Level 5:colcon.colcon_core.verb:set package 'rmitbot_firmware' build argument 'cmake_clean_cache' from command line to 'False'
[0.197s] Level 5:colcon.colcon_core.verb:set package 'rmitbot_firmware' build argument 'cmake_clean_first' from command line to 'False'
[0.197s] Level 5:colcon.colcon_core.verb:set package 'rmitbot_firmware' build argument 'cmake_force_configure' from command line to 'False'
[0.197s] Level 5:colcon.colcon_core.verb:set package 'rmitbot_firmware' build argument 'ament_cmake_args' from command line to 'None'
[0.197s] Level 5:colcon.colcon_core.verb:set package 'rmitbot_firmware' build argument 'catkin_cmake_args' from command line to 'None'
[0.197s] Level 5:colcon.colcon_core.verb:set package 'rmitbot_firmware' build argument 'catkin_skip_building_tests' from command line to 'False'
[0.197s] DEBUG:colcon.colcon_core.verb:Building package 'rmitbot_firmware' with the following arguments: {'ament_cmake_args': None, 'build_base': '/home/tranminhtu/RMITbot/lesson5_ws/build/rmitbot_firmware', 'catkin_cmake_args': None, 'catkin_skip_building_tests': False, 'cmake_args': None, 'cmake_clean_cache': False, 'cmake_clean_first': False, 'cmake_force_configure': False, 'cmake_target': None, 'cmake_target_skip_unavailable': False, 'install_base': '/home/tranminhtu/RMITbot/lesson5_ws/install/rmitbot_firmware', 'merge_install': False, 'path': '/home/tranminhtu/RMITbot/lesson5_ws/src/rmitbot_firmware', 'symlink_install': False, 'test_result_base': None}
[0.197s] Level 5:colcon.colcon_core.verb:set package 'rmitbot_localization' build argument 'cmake_args' from command line to 'None'
[0.198s] Level 5:colcon.colcon_core.verb:set package 'rmitbot_localization' build argument 'cmake_target' from command line to 'None'
[0.198s] Level 5:colcon.colcon_core.verb:set package 'rmitbot_localization' build argument 'cmake_target_skip_unavailable' from command line to 'False'
[0.198s] Level 5:colcon.colcon_core.verb:set package 'rmitbot_localization' build argument 'cmake_clean_cache' from command line to 'False'
[0.198s] Level 5:colcon.colcon_core.verb:set package 'rmitbot_localization' build argument 'cmake_clean_first' from command line to 'False'
[0.198s] Level 5:colcon.colcon_core.verb:set package 'rmitbot_localization' build argument 'cmake_force_configure' from command line to 'False'
[0.198s] Level 5:colcon.colcon_core.verb:set package 'rmitbot_localization' build argument 'ament_cmake_args' from command line to 'None'
[0.198s] Level 5:colcon.colcon_core.verb:set package 'rmitbot_localization' build argument 'catkin_cmake_args' from command line to 'None'
[0.198s] Level 5:colcon.colcon_core.verb:set package 'rmitbot_localization' build argument 'catkin_skip_building_tests' from command line to 'False'
[0.198s] DEBUG:colcon.colcon_core.verb:Building package 'rmitbot_localization' with the following arguments: {'ament_cmake_args': None, 'build_base': '/home/tranminhtu/RMITbot/lesson5_ws/build/rmitbot_localization', 'catkin_cmake_args': None, 'catkin_skip_building_tests': False, 'cmake_args': None, 'cmake_clean_cache': False, 'cmake_clean_first': False, 'cmake_force_configure': False, 'cmake_target': None, 'cmake_target_skip_unavailable': False, 'install_base': '/home/tranminhtu/RMITbot/lesson5_ws/install/rmitbot_localization', 'merge_install': False, 'path': '/home/tranminhtu/RMITbot/lesson5_ws/src/rmitbot_localization', 'symlink_install': False, 'test_result_base': None}
[0.198s] INFO:colcon.colcon_core.executor:Executing jobs using 'parallel' executor
[0.199s] DEBUG:colcon.colcon_parallel_executor.executor.parallel:run_until_complete
[0.201s] INFO:colcon.colcon_ros.task.ament_cmake.build:Building ROS package in '/home/tranminhtu/RMITbot/lesson5_ws/src/rmitbot_bringup' with build type 'ament_cmake'
[0.202s] INFO:colcon.colcon_cmake.task.cmake.build:Building CMake package in '/home/tranminhtu/RMITbot/lesson5_ws/src/rmitbot_bringup'
[0.203s] INFO:colcon.colcon_core.plugin_system:Skipping extension 'colcon_core.shell.bat': Not used on non-Windows systems
[0.204s] INFO:colcon.colcon_core.shell:Skip shell extension 'powershell' for command environment: Not usable outside of PowerShell
[0.204s] DEBUG:colcon.colcon_core.shell:Skip shell extension 'dsv' for command environment
[0.212s] INFO:colcon.colcon_ros.task.ament_cmake.build:Building ROS package in '/home/tranminhtu/RMITbot/lesson5_ws/src/rmitbot_controller' with build type 'ament_cmake'
[0.212s] INFO:colcon.colcon_cmake.task.cmake.build:Building CMake package in '/home/tranminhtu/RMITbot/lesson5_ws/src/rmitbot_controller'
[0.212s] INFO:colcon.colcon_core.shell:Skip shell extension 'powershell' for command environment: Not usable outside of PowerShell
[0.212s] DEBUG:colcon.colcon_core.shell:Skip shell extension 'dsv' for command environment
[0.224s] INFO:colcon.colcon_ros.task.ament_cmake.build:Building ROS package in '/home/tranminhtu/RMITbot/lesson5_ws/src/rmitbot_description' with build type 'ament_cmake'
[0.224s] INFO:colcon.colcon_cmake.task.cmake.build:Building CMake package in '/home/tranminhtu/RMITbot/lesson5_ws/src/rmitbot_description'
[0.225s] INFO:colcon.colcon_core.shell:Skip shell extension 'powershell' for command environment: Not usable outside of PowerShell
[0.225s] DEBUG:colcon.colcon_core.shell:Skip shell extension 'dsv' for command environment
[0.230s] INFO:colcon.colcon_ros.task.ament_cmake.build:Building ROS package in '/home/tranminhtu/RMITbot/lesson5_ws/src/rmitbot_firmware' with build type 'ament_cmake'
[0.230s] INFO:colcon.colcon_cmake.task.cmake.build:Building CMake package in '/home/tranminhtu/RMITbot/lesson5_ws/src/rmitbot_firmware'
[0.230s] INFO:colcon.colcon_core.shell:Skip shell extension 'powershell' for command environment: Not usable outside of PowerShell
[0.231s] DEBUG:colcon.colcon_core.shell:Skip shell extension 'dsv' for command environment
[0.235s] INFO:colcon.colcon_ros.task.ament_cmake.build:Building ROS package in '/home/tranminhtu/RMITbot/lesson5_ws/src/rmitbot_localization' with build type 'ament_cmake'
[0.235s] INFO:colcon.colcon_cmake.task.cmake.build:Building CMake package in '/home/tranminhtu/RMITbot/lesson5_ws/src/rmitbot_localization'
[0.235s] INFO:colcon.colcon_core.shell:Skip shell extension 'powershell' for command environment: Not usable outside of PowerShell
[0.236s] DEBUG:colcon.colcon_core.shell:Skip shell extension 'dsv' for command environment
[0.253s] DEBUG:colcon.colcon_core.event_handler.log_command:Invoking command in '/home/tranminhtu/RMITbot/lesson5_ws/build/rmitbot_bringup': CMAKE_PREFIX_PATH=${CMAKE_PREFIX_PATH}:/opt/ros/jazzy DEBUGINFOD_URLS=https://debuginfod.ubuntu.com /usr/bin/cmake --build /home/tranminhtu/RMITbot/lesson5_ws/build/rmitbot_bringup -- -j8 -l8
[0.260s] DEBUG:colcon.colcon_core.event_handler.log_command:Invoking command in '/home/tranminhtu/RMITbot/lesson5_ws/build/rmitbot_controller': CMAKE_PREFIX_PATH=${CMAKE_PREFIX_PATH}:/opt/ros/jazzy DEBUGINFOD_URLS=https://debuginfod.ubuntu.com /usr/bin/cmake --build /home/tranminhtu/RMITbot/lesson5_ws/build/rmitbot_controller -- -j8 -l8
[0.260s] DEBUG:colcon.colcon_core.event_handler.log_command:Invoking command in '/home/tranminhtu/RMITbot/lesson5_ws/build/rmitbot_description': CMAKE_PREFIX_PATH=${CMAKE_PREFIX_PATH}:/opt/ros/jazzy DEBUGINFOD_URLS=https://debuginfod.ubuntu.com /usr/bin/cmake --build /home/tranminhtu/RMITbot/lesson5_ws/build/rmitbot_description -- -j8 -l8
[0.274s] DEBUG:colcon.colcon_core.event_handler.log_command:Invoking command in '/home/tranminhtu/RMITbot/lesson5_ws/build/rmitbot_firmware': CMAKE_PREFIX_PATH=${CMAKE_PREFIX_PATH}:/opt/ros/jazzy DEBUGINFOD_URLS=https://debuginfod.ubuntu.com /usr/bin/cmake --build /home/tranminhtu/RMITbot/lesson5_ws/build/rmitbot_firmware -- -j8 -l8
[0.320s] DEBUG:colcon.colcon_core.event_handler.log_command:Invoking command in '/home/tranminhtu/RMITbot/lesson5_ws/build/rmitbot_localization': CMAKE_PREFIX_PATH=${CMAKE_PREFIX_PATH}:/opt/ros/jazzy DEBUGINFOD_URLS=https://debuginfod.ubuntu.com /usr/bin/cmake --build /home/tranminhtu/RMITbot/lesson5_ws/build/rmitbot_localization -- -j8 -l8
[0.372s] DEBUG:colcon.colcon_core.event_handler.log_command:Invoked command in '/home/tranminhtu/RMITbot/lesson5_ws/build/rmitbot_description' returned '0': CMAKE_PREFIX_PATH=${CMAKE_PREFIX_PATH}:/opt/ros/jazzy DEBUGINFOD_URLS=https://debuginfod.ubuntu.com /usr/bin/cmake --build /home/tranminhtu/RMITbot/lesson5_ws/build/rmitbot_description -- -j8 -l8
[0.383s] DEBUG:colcon.colcon_core.event_handler.log_command:Invoking command in '/home/tranminhtu/RMITbot/lesson5_ws/build/rmitbot_description': CMAKE_PREFIX_PATH=${CMAKE_PREFIX_PATH}:/opt/ros/jazzy DEBUGINFOD_URLS=https://debuginfod.ubuntu.com /usr/bin/cmake --install /home/tranminhtu/RMITbot/lesson5_ws/build/rmitbot_description
[0.388s] DEBUG:colcon.colcon_core.event_handler.log_command:Invoked command in '/home/tranminhtu/RMITbot/lesson5_ws/build/rmitbot_localization' returned '0': CMAKE_PREFIX_PATH=${CMAKE_PREFIX_PATH}:/opt/ros/jazzy DEBUGINFOD_URLS=https://debuginfod.ubuntu.com /usr/bin/cmake --build /home/tranminhtu/RMITbot/lesson5_ws/build/rmitbot_localization -- -j8 -l8
[0.396s] DEBUG:colcon.colcon_core.event_handler.log_command:Invoking command in '/home/tranminhtu/RMITbot/lesson5_ws/build/rmitbot_localization': CMAKE_PREFIX_PATH=${CMAKE_PREFIX_PATH}:/opt/ros/jazzy DEBUGINFOD_URLS=https://debuginfod.ubuntu.com /usr/bin/cmake --install /home/tranminhtu/RMITbot/lesson5_ws/build/rmitbot_localization
[0.396s] DEBUG:colcon.colcon_core.event_handler.log_command:Invoked command in '/home/tranminhtu/RMITbot/lesson5_ws/build/rmitbot_controller' returned '0': CMAKE_PREFIX_PATH=${CMAKE_PREFIX_PATH}:/opt/ros/jazzy DEBUGINFOD_URLS=https://debuginfod.ubuntu.com /usr/bin/cmake --build /home/tranminhtu/RMITbot/lesson5_ws/build/rmitbot_controller -- -j8 -l8
[0.397s] DEBUG:colcon.colcon_core.event_handler.log_command:Invoking command in '/home/tranminhtu/RMITbot/lesson5_ws/build/rmitbot_controller': CMAKE_PREFIX_PATH=${CMAKE_PREFIX_PATH}:/opt/ros/jazzy DEBUGINFOD_URLS=https://debuginfod.ubuntu.com /usr/bin/cmake --install /home/tranminhtu/RMITbot/lesson5_ws/build/rmitbot_controller
[0.402s] DEBUG:colcon.colcon_core.event_handler.log_command:Invoked command in '/home/tranminhtu/RMITbot/lesson5_ws/build/rmitbot_bringup' returned '0': CMAKE_PREFIX_PATH=${CMAKE_PREFIX_PATH}:/opt/ros/jazzy DEBUGINFOD_URLS=https://debuginfod.ubuntu.com /usr/bin/cmake --build /home/tranminhtu/RMITbot/lesson5_ws/build/rmitbot_bringup -- -j8 -l8
[0.403s] DEBUG:colcon.colcon_core.event_handler.log_command:Invoking command in '/home/tranminhtu/RMITbot/lesson5_ws/build/rmitbot_bringup': CMAKE_PREFIX_PATH=${CMAKE_PREFIX_PATH}:/opt/ros/jazzy DEBUGINFOD_URLS=https://debuginfod.ubuntu.com /usr/bin/cmake --install /home/tranminhtu/RMITbot/lesson5_ws/build/rmitbot_bringup
[0.431s] Level 1:colcon.colcon_core.environment:create_environment_scripts_only(rmitbot_controller)
[0.462s] DEBUG:colcon.colcon_core.event_handler.log_command:Invoked command in '/home/tranminhtu/RMITbot/lesson5_ws/build/rmitbot_controller' returned '0': CMAKE_PREFIX_PATH=${CMAKE_PREFIX_PATH}:/opt/ros/jazzy DEBUGINFOD_URLS=https://debuginfod.ubuntu.com /usr/bin/cmake --install /home/tranminhtu/RMITbot/lesson5_ws/build/rmitbot_controller
[0.464s] Level 1:colcon.colcon_core.environment:checking '/home/tranminhtu/RMITbot/lesson5_ws/install/rmitbot_controller' for CMake module files
[0.471s] Level 1:colcon.colcon_core.environment:checking '/home/tranminhtu/RMITbot/lesson5_ws/install/rmitbot_controller' for CMake config files
[0.471s] Level 1:colcon.colcon_core.shell:create_environment_hook('rmitbot_controller', 'cmake_prefix_path')
[0.472s] INFO:colcon.colcon_core.shell:Creating environment hook '/home/tranminhtu/RMITbot/lesson5_ws/install/rmitbot_controller/share/rmitbot_controller/hook/cmake_prefix_path.ps1'
[0.476s] INFO:colcon.colcon_core.shell:Creating environment descriptor '/home/tranminhtu/RMITbot/lesson5_ws/install/rmitbot_controller/share/rmitbot_controller/hook/cmake_prefix_path.dsv'
[0.477s] INFO:colcon.colcon_core.shell:Creating environment hook '/home/tranminhtu/RMITbot/lesson5_ws/install/rmitbot_controller/share/rmitbot_controller/hook/cmake_prefix_path.sh'
[0.478s] Level 1:colcon.colcon_core.environment:checking '/home/tranminhtu/RMITbot/lesson5_ws/install/rmitbot_controller/bin'
[0.478s] Level 1:colcon.colcon_core.environment:checking '/home/tranminhtu/RMITbot/lesson5_ws/install/rmitbot_controller/lib/pkgconfig/rmitbot_controller.pc'
[0.479s] Level 1:colcon.colcon_core.environment:checking '/home/tranminhtu/RMITbot/lesson5_ws/install/rmitbot_controller/lib/python3.12/site-packages'
[0.479s] Level 1:colcon.colcon_core.environment:checking '/home/tranminhtu/RMITbot/lesson5_ws/install/rmitbot_controller/bin'
[0.479s] INFO:colcon.colcon_core.shell:Creating package script '/home/tranminhtu/RMITbot/lesson5_ws/install/rmitbot_controller/share/rmitbot_controller/package.ps1'
[0.486s] INFO:colcon.colcon_core.shell:Creating package descriptor '/home/tranminhtu/RMITbot/lesson5_ws/install/rmitbot_controller/share/rmitbot_controller/package.dsv'
[0.489s] INFO:colcon.colcon_core.shell:Creating package script '/home/tranminhtu/RMITbot/lesson5_ws/install/rmitbot_controller/share/rmitbot_controller/package.sh'
[0.493s] INFO:colcon.colcon_core.shell:Creating package script '/home/tranminhtu/RMITbot/lesson5_ws/install/rmitbot_controller/share/rmitbot_controller/package.bash'
[0.494s] INFO:colcon.colcon_core.shell:Creating package script '/home/tranminhtu/RMITbot/lesson5_ws/install/rmitbot_controller/share/rmitbot_controller/package.zsh'
[0.495s] Level 1:colcon.colcon_core.environment:create_file_with_runtime_dependencies(/home/tranminhtu/RMITbot/lesson5_ws/install/rmitbot_controller/share/colcon-core/packages/rmitbot_controller)
[0.496s] Level 1:colcon.colcon_core.environment:create_environment_scripts_only(rmitbot_controller)
[0.496s] Level 1:colcon.colcon_core.environment:checking '/home/tranminhtu/RMITbot/lesson5_ws/install/rmitbot_controller' for CMake module files
[0.497s] Level 1:colcon.colcon_core.environment:checking '/home/tranminhtu/RMITbot/lesson5_ws/install/rmitbot_controller' for CMake config files
[0.497s] Level 1:colcon.colcon_core.shell:create_environment_hook('rmitbot_controller', 'cmake_prefix_path')
[0.497s] INFO:colcon.colcon_core.shell:Creating environment hook '/home/tranminhtu/RMITbot/lesson5_ws/install/rmitbot_controller/share/rmitbot_controller/hook/cmake_prefix_path.ps1'
[0.500s] INFO:colcon.colcon_core.shell:Creating environment descriptor '/home/tranminhtu/RMITbot/lesson5_ws/install/rmitbot_controller/share/rmitbot_controller/hook/cmake_prefix_path.dsv'
[0.503s] INFO:colcon.colcon_core.shell:Creating environment hook '/home/tranminhtu/RMITbot/lesson5_ws/install/rmitbot_controller/share/rmitbot_controller/hook/cmake_prefix_path.sh'
[0.504s] Level 1:colcon.colcon_core.environment:checking '/home/tranminhtu/RMITbot/lesson5_ws/install/rmitbot_controller/bin'
[0.506s] Level 1:colcon.colcon_core.environment:checking '/home/tranminhtu/RMITbot/lesson5_ws/install/rmitbot_controller/lib/pkgconfig/rmitbot_controller.pc'
[0.506s] Level 1:colcon.colcon_core.environment:checking '/home/tranminhtu/RMITbot/lesson5_ws/install/rmitbot_controller/lib/python3.12/site-packages'
[0.506s] Level 1:colcon.colcon_core.environment:checking '/home/tranminhtu/RMITbot/lesson5_ws/install/rmitbot_controller/bin'
[0.506s] INFO:colcon.colcon_core.shell:Creating package script '/home/tranminhtu/RMITbot/lesson5_ws/install/rmitbot_controller/share/rmitbot_controller/package.ps1'
[0.507s] INFO:colcon.colcon_core.shell:Creating package descriptor '/home/tranminhtu/RMITbot/lesson5_ws/install/rmitbot_controller/share/rmitbot_controller/package.dsv'
[0.508s] INFO:colcon.colcon_core.shell:Creating package script '/home/tranminhtu/RMITbot/lesson5_ws/install/rmitbot_controller/share/rmitbot_controller/package.sh'
[0.512s] INFO:colcon.colcon_core.shell:Creating package script '/home/tranminhtu/RMITbot/lesson5_ws/install/rmitbot_controller/share/rmitbot_controller/package.bash'
[0.513s] INFO:colcon.colcon_core.shell:Creating package script '/home/tranminhtu/RMITbot/lesson5_ws/install/rmitbot_controller/share/rmitbot_controller/package.zsh'
[0.514s] Level 1:colcon.colcon_core.environment:create_file_with_runtime_dependencies(/home/tranminhtu/RMITbot/lesson5_ws/install/rmitbot_controller/share/colcon-core/packages/rmitbot_controller)
[0.515s] Level 1:colcon.colcon_core.environment:create_environment_scripts_only(rmitbot_description)
[0.516s] Level 1:colcon.colcon_core.environment:checking '/home/tranminhtu/RMITbot/lesson5_ws/install/rmitbot_description' for CMake module files
[0.517s] Level 1:colcon.colcon_core.environment:checking '/home/tranminhtu/RMITbot/lesson5_ws/install/rmitbot_description' for CMake config files
[0.517s] Level 1:colcon.colcon_core.shell:create_environment_hook('rmitbot_description', 'cmake_prefix_path')
[0.517s] INFO:colcon.colcon_core.shell:Creating environment hook '/home/tranminhtu/RMITbot/lesson5_ws/install/rmitbot_description/share/rmitbot_description/hook/cmake_prefix_path.ps1'
[0.518s] INFO:colcon.colcon_core.shell:Creating environment descriptor '/home/tranminhtu/RMITbot/lesson5_ws/install/rmitbot_description/share/rmitbot_description/hook/cmake_prefix_path.dsv'
[0.524s] DEBUG:colcon.colcon_core.event_handler.log_command:Invoked command in '/home/tranminhtu/RMITbot/lesson5_ws/build/rmitbot_description' returned '0': CMAKE_PREFIX_PATH=${CMAKE_PREFIX_PATH}:/opt/ros/jazzy DEBUGINFOD_URLS=https://debuginfod.ubuntu.com /usr/bin/cmake --install /home/tranminhtu/RMITbot/lesson5_ws/build/rmitbot_description
[0.524s] INFO:colcon.colcon_core.shell:Creating environment hook '/home/tranminhtu/RMITbot/lesson5_ws/install/rmitbot_description/share/rmitbot_description/hook/cmake_prefix_path.sh'
[0.525s] Level 1:colcon.colcon_core.environment:checking '/home/tranminhtu/RMITbot/lesson5_ws/install/rmitbot_description/bin'
[0.525s] Level 1:colcon.colcon_core.environment:checking '/home/tranminhtu/RMITbot/lesson5_ws/install/rmitbot_description/lib/pkgconfig/rmitbot_description.pc'
[0.525s] Level 1:colcon.colcon_core.environment:checking '/home/tranminhtu/RMITbot/lesson5_ws/install/rmitbot_description/lib/python3.12/site-packages'
[0.526s] Level 1:colcon.colcon_core.environment:checking '/home/tranminhtu/RMITbot/lesson5_ws/install/rmitbot_description/bin'
[0.526s] INFO:colcon.colcon_core.shell:Creating package script '/home/tranminhtu/RMITbot/lesson5_ws/install/rmitbot_description/share/rmitbot_description/package.ps1'
[0.526s] INFO:colcon.colcon_core.shell:Creating package descriptor '/home/tranminhtu/RMITbot/lesson5_ws/install/rmitbot_description/share/rmitbot_description/package.dsv'
[0.527s] INFO:colcon.colcon_core.shell:Creating package script '/home/tranminhtu/RMITbot/lesson5_ws/install/rmitbot_description/share/rmitbot_description/package.sh'
[0.528s] INFO:colcon.colcon_core.shell:Creating package script '/home/tranminhtu/RMITbot/lesson5_ws/install/rmitbot_description/share/rmitbot_description/package.bash'
[0.528s] INFO:colcon.colcon_core.shell:Creating package script '/home/tranminhtu/RMITbot/lesson5_ws/install/rmitbot_description/share/rmitbot_description/package.zsh'
[0.529s] Level 1:colcon.colcon_core.environment:create_file_with_runtime_dependencies(/home/tranminhtu/RMITbot/lesson5_ws/install/rmitbot_description/share/colcon-core/packages/rmitbot_description)
[0.530s] Level 1:colcon.colcon_core.environment:create_environment_scripts_only(rmitbot_description)
[0.530s] Level 1:colcon.colcon_core.environment:checking '/home/tranminhtu/RMITbot/lesson5_ws/install/rmitbot_description' for CMake module files
[0.530s] Level 1:colcon.colcon_core.environment:checking '/home/tranminhtu/RMITbot/lesson5_ws/install/rmitbot_description' for CMake config files
[0.530s] Level 1:colcon.colcon_core.shell:create_environment_hook('rmitbot_description', 'cmake_prefix_path')
[0.531s] INFO:colcon.colcon_core.shell:Creating environment hook '/home/tranminhtu/RMITbot/lesson5_ws/install/rmitbot_description/share/rmitbot_description/hook/cmake_prefix_path.ps1'
[0.531s] INFO:colcon.colcon_core.shell:Creating environment descriptor '/home/tranminhtu/RMITbot/lesson5_ws/install/rmitbot_description/share/rmitbot_description/hook/cmake_prefix_path.dsv'
[0.532s] INFO:colcon.colcon_core.shell:Creating environment hook '/home/tranminhtu/RMITbot/lesson5_ws/install/rmitbot_description/share/rmitbot_description/hook/cmake_prefix_path.sh'
[0.532s] Level 1:colcon.colcon_core.environment:checking '/home/tranminhtu/RMITbot/lesson5_ws/install/rmitbot_description/bin'
[0.533s] Level 1:colcon.colcon_core.environment:checking '/home/tranminhtu/RMITbot/lesson5_ws/install/rmitbot_description/lib/pkgconfig/rmitbot_description.pc'
[0.533s] Level 1:colcon.colcon_core.environment:checking '/home/tranminhtu/RMITbot/lesson5_ws/install/rmitbot_description/lib/python3.12/site-packages'
[0.533s] Level 1:colcon.colcon_core.environment:checking '/home/tranminhtu/RMITbot/lesson5_ws/install/rmitbot_description/bin'
[0.533s] INFO:colcon.colcon_core.shell:Creating package script '/home/tranminhtu/RMITbot/lesson5_ws/install/rmitbot_description/share/rmitbot_description/package.ps1'
[0.534s] INFO:colcon.colcon_core.shell:Creating package descriptor '/home/tranminhtu/RMITbot/lesson5_ws/install/rmitbot_description/share/rmitbot_description/package.dsv'
[0.535s] INFO:colcon.colcon_core.shell:Creating package script '/home/tranminhtu/RMITbot/lesson5_ws/install/rmitbot_description/share/rmitbot_description/package.sh'
[0.535s] INFO:colcon.colcon_core.shell:Creating package script '/home/tranminhtu/RMITbot/lesson5_ws/install/rmitbot_description/share/rmitbot_description/package.bash'
[0.536s] INFO:colcon.colcon_core.shell:Creating package script '/home/tranminhtu/RMITbot/lesson5_ws/install/rmitbot_description/share/rmitbot_description/package.zsh'
[0.537s] Level 1:colcon.colcon_core.environment:create_file_with_runtime_dependencies(/home/tranminhtu/RMITbot/lesson5_ws/install/rmitbot_description/share/colcon-core/packages/rmitbot_description)
[0.544s] Level 1:colcon.colcon_core.environment:create_environment_scripts_only(rmitbot_localization)
[0.545s] Level 1:colcon.colcon_core.environment:checking '/home/tranminhtu/RMITbot/lesson5_ws/install/rmitbot_localization' for CMake module files
[0.547s] Level 1:colcon.colcon_core.environment:checking '/home/tranminhtu/RMITbot/lesson5_ws/install/rmitbot_localization' for CMake config files
[0.547s] Level 1:colcon.colcon_core.shell:create_environment_hook('rmitbot_localization', 'cmake_prefix_path')
[0.547s] INFO:colcon.colcon_core.shell:Creating environment hook '/home/tranminhtu/RMITbot/lesson5_ws/install/rmitbot_localization/share/rmitbot_localization/hook/cmake_prefix_path.ps1'
[0.549s] INFO:colcon.colcon_core.shell:Creating environment descriptor '/home/tranminhtu/RMITbot/lesson5_ws/install/rmitbot_localization/share/rmitbot_localization/hook/cmake_prefix_path.dsv'
[0.552s] INFO:colcon.colcon_core.shell:Creating environment hook '/home/tranminhtu/RMITbot/lesson5_ws/install/rmitbot_localization/share/rmitbot_localization/hook/cmake_prefix_path.sh'
[0.553s] DEBUG:colcon.colcon_core.event_handler.log_command:Invoked command in '/home/tranminhtu/RMITbot/lesson5_ws/build/rmitbot_localization' returned '0': CMAKE_PREFIX_PATH=${CMAKE_PREFIX_PATH}:/opt/ros/jazzy DEBUGINFOD_URLS=https://debuginfod.ubuntu.com /usr/bin/cmake --install /home/tranminhtu/RMITbot/lesson5_ws/build/rmitbot_localization
[0.554s] Level 1:colcon.colcon_core.environment:checking '/home/tranminhtu/RMITbot/lesson5_ws/install/rmitbot_localization/bin'
[0.554s] Level 1:colcon.colcon_core.environment:checking '/home/tranminhtu/RMITbot/lesson5_ws/install/rmitbot_localization/lib/pkgconfig/rmitbot_localization.pc'
[0.554s] Level 1:colcon.colcon_core.environment:checking '/home/tranminhtu/RMITbot/lesson5_ws/install/rmitbot_localization/lib/python3.12/site-packages'
[0.554s] Level 1:colcon.colcon_core.environment:checking '/home/tranminhtu/RMITbot/lesson5_ws/install/rmitbot_localization/bin'
[0.555s] INFO:colcon.colcon_core.shell:Creating package script '/home/tranminhtu/RMITbot/lesson5_ws/install/rmitbot_localization/share/rmitbot_localization/package.ps1'
[0.555s] INFO:colcon.colcon_core.shell:Creating package descriptor '/home/tranminhtu/RMITbot/lesson5_ws/install/rmitbot_localization/share/rmitbot_localization/package.dsv'
[0.556s] INFO:colcon.colcon_core.shell:Creating package script '/home/tranminhtu/RMITbot/lesson5_ws/install/rmitbot_localization/share/rmitbot_localization/package.sh'
[0.557s] INFO:colcon.colcon_core.shell:Creating package script '/home/tranminhtu/RMITbot/lesson5_ws/install/rmitbot_localization/share/rmitbot_localization/package.bash'
[0.557s] INFO:colcon.colcon_core.shell:Creating package script '/home/tranminhtu/RMITbot/lesson5_ws/install/rmitbot_localization/share/rmitbot_localization/package.zsh'
[0.558s] Level 1:colcon.colcon_core.environment:create_file_with_runtime_dependencies(/home/tranminhtu/RMITbot/lesson5_ws/install/rmitbot_localization/share/colcon-core/packages/rmitbot_localization)
[0.559s] Level 1:colcon.colcon_core.environment:create_environment_scripts_only(rmitbot_localization)
[0.559s] Level 1:colcon.colcon_core.environment:checking '/home/tranminhtu/RMITbot/lesson5_ws/install/rmitbot_localization' for CMake module files
[0.561s] Level 1:colcon.colcon_core.environment:checking '/home/tranminhtu/RMITbot/lesson5_ws/install/rmitbot_localization' for CMake config files
[0.564s] Level 1:colcon.colcon_core.shell:create_environment_hook('rmitbot_localization', 'cmake_prefix_path')
[0.565s] INFO:colcon.colcon_core.shell:Creating environment hook '/home/tranminhtu/RMITbot/lesson5_ws/install/rmitbot_localization/share/rmitbot_localization/hook/cmake_prefix_path.ps1'
[0.569s] INFO:colcon.colcon_core.shell:Creating environment descriptor '/home/tranminhtu/RMITbot/lesson5_ws/install/rmitbot_localization/share/rmitbot_localization/hook/cmake_prefix_path.dsv'
[0.571s] INFO:colcon.colcon_core.shell:Creating environment hook '/home/tranminhtu/RMITbot/lesson5_ws/install/rmitbot_localization/share/rmitbot_localization/hook/cmake_prefix_path.sh'
[0.575s] Level 1:colcon.colcon_core.environment:checking '/home/tranminhtu/RMITbot/lesson5_ws/install/rmitbot_localization/bin'
[0.575s] Level 1:colcon.colcon_core.environment:checking '/home/tranminhtu/RMITbot/lesson5_ws/install/rmitbot_localization/lib/pkgconfig/rmitbot_localization.pc'
[0.576s] Level 1:colcon.colcon_core.environment:checking '/home/tranminhtu/RMITbot/lesson5_ws/install/rmitbot_localization/lib/python3.12/site-packages'
[0.580s] Level 1:colcon.colcon_core.environment:checking '/home/tranminhtu/RMITbot/lesson5_ws/install/rmitbot_localization/bin'
[0.584s] INFO:colcon.colcon_core.shell:Creating package script '/home/tranminhtu/RMITbot/lesson5_ws/install/rmitbot_localization/share/rmitbot_localization/package.ps1'
[0.587s] INFO:colcon.colcon_core.shell:Creating package descriptor '/home/tranminhtu/RMITbot/lesson5_ws/install/rmitbot_localization/share/rmitbot_localization/package.dsv'
[0.587s] INFO:colcon.colcon_core.shell:Creating package script '/home/tranminhtu/RMITbot/lesson5_ws/install/rmitbot_localization/share/rmitbot_localization/package.sh'
[0.588s] INFO:colcon.colcon_core.shell:Creating package script '/home/tranminhtu/RMITbot/lesson5_ws/install/rmitbot_localization/share/rmitbot_localization/package.bash'
[0.588s] INFO:colcon.colcon_core.shell:Creating package script '/home/tranminhtu/RMITbot/lesson5_ws/install/rmitbot_localization/share/rmitbot_localization/package.zsh'
[0.589s] Level 1:colcon.colcon_core.environment:create_file_with_runtime_dependencies(/home/tranminhtu/RMITbot/lesson5_ws/install/rmitbot_localization/share/colcon-core/packages/rmitbot_localization)
[0.597s] Level 1:colcon.colcon_core.environment:create_environment_scripts_only(rmitbot_bringup)
[0.597s] Level 1:colcon.colcon_core.environment:checking '/home/tranminhtu/RMITbot/lesson5_ws/install/rmitbot_bringup' for CMake module files
[0.606s] DEBUG:colcon.colcon_core.event_handler.log_command:Invoked command in '/home/tranminhtu/RMITbot/lesson5_ws/build/rmitbot_bringup' returned '0': CMAKE_PREFIX_PATH=${CMAKE_PREFIX_PATH}:/opt/ros/jazzy DEBUGINFOD_URLS=https://debuginfod.ubuntu.com /usr/bin/cmake --install /home/tranminhtu/RMITbot/lesson5_ws/build/rmitbot_bringup
[0.606s] Level 1:colcon.colcon_core.environment:checking '/home/tranminhtu/RMITbot/lesson5_ws/install/rmitbot_bringup' for CMake config files
[0.607s] Level 1:colcon.colcon_core.shell:create_environment_hook('rmitbot_bringup', 'cmake_prefix_path')
[0.607s] INFO:colcon.colcon_core.shell:Creating environment hook '/home/tranminhtu/RMITbot/lesson5_ws/install/rmitbot_bringup/share/rmitbot_bringup/hook/cmake_prefix_path.ps1'
[0.607s] INFO:colcon.colcon_core.shell:Creating environment descriptor '/home/tranminhtu/RMITbot/lesson5_ws/install/rmitbot_bringup/share/rmitbot_bringup/hook/cmake_prefix_path.dsv'
[0.608s] INFO:colcon.colcon_core.shell:Creating environment hook '/home/tranminhtu/RMITbot/lesson5_ws/install/rmitbot_bringup/share/rmitbot_bringup/hook/cmake_prefix_path.sh'
[0.609s] Level 1:colcon.colcon_core.environment:checking '/home/tranminhtu/RMITbot/lesson5_ws/install/rmitbot_bringup/bin'
[0.609s] Level 1:colcon.colcon_core.environment:checking '/home/tranminhtu/RMITbot/lesson5_ws/install/rmitbot_bringup/lib/pkgconfig/rmitbot_bringup.pc'
[0.609s] Level 1:colcon.colcon_core.environment:checking '/home/tranminhtu/RMITbot/lesson5_ws/install/rmitbot_bringup/lib/python3.12/site-packages'
[0.609s] Level 1:colcon.colcon_core.environment:checking '/home/tranminhtu/RMITbot/lesson5_ws/install/rmitbot_bringup/bin'
[0.609s] INFO:colcon.colcon_core.shell:Creating package script '/home/tranminhtu/RMITbot/lesson5_ws/install/rmitbot_bringup/share/rmitbot_bringup/package.ps1'
[0.610s] INFO:colcon.colcon_core.shell:Creating package descriptor '/home/tranminhtu/RMITbot/lesson5_ws/install/rmitbot_bringup/share/rmitbot_bringup/package.dsv'
[0.610s] INFO:colcon.colcon_core.shell:Creating package script '/home/tranminhtu/RMITbot/lesson5_ws/install/rmitbot_bringup/share/rmitbot_bringup/package.sh'
[0.611s] INFO:colcon.colcon_core.shell:Creating package script '/home/tranminhtu/RMITbot/lesson5_ws/install/rmitbot_bringup/share/rmitbot_bringup/package.bash'
[0.611s] INFO:colcon.colcon_core.shell:Creating package script '/home/tranminhtu/RMITbot/lesson5_ws/install/rmitbot_bringup/share/rmitbot_bringup/package.zsh'
[0.612s] Level 1:colcon.colcon_core.environment:create_file_with_runtime_dependencies(/home/tranminhtu/RMITbot/lesson5_ws/install/rmitbot_bringup/share/colcon-core/packages/rmitbot_bringup)
[0.612s] Level 1:colcon.colcon_core.environment:create_environment_scripts_only(rmitbot_bringup)
[0.612s] Level 1:colcon.colcon_core.environment:checking '/home/tranminhtu/RMITbot/lesson5_ws/install/rmitbot_bringup' for CMake module files
[0.613s] Level 1:colcon.colcon_core.environment:checking '/home/tranminhtu/RMITbot/lesson5_ws/install/rmitbot_bringup' for CMake config files
[0.613s] Level 1:colcon.colcon_core.shell:create_environment_hook('rmitbot_bringup', 'cmake_prefix_path')
[0.613s] INFO:colcon.colcon_core.shell:Creating environment hook '/home/tranminhtu/RMITbot/lesson5_ws/install/rmitbot_bringup/share/rmitbot_bringup/hook/cmake_prefix_path.ps1'
[0.613s] INFO:colcon.colcon_core.shell:Creating environment descriptor '/home/tranminhtu/RMITbot/lesson5_ws/install/rmitbot_bringup/share/rmitbot_bringup/hook/cmake_prefix_path.dsv'
[0.614s] INFO:colcon.colcon_core.shell:Creating environment hook '/home/tranminhtu/RMITbot/lesson5_ws/install/rmitbot_bringup/share/rmitbot_bringup/hook/cmake_prefix_path.sh'
[0.614s] Level 1:colcon.colcon_core.environment:checking '/home/tranminhtu/RMITbot/lesson5_ws/install/rmitbot_bringup/bin'
[0.615s] Level 1:colcon.colcon_core.environment:checking '/home/tranminhtu/RMITbot/lesson5_ws/install/rmitbot_bringup/lib/pkgconfig/rmitbot_bringup.pc'
[0.615s] Level 1:colcon.colcon_core.environment:checking '/home/tranminhtu/RMITbot/lesson5_ws/install/rmitbot_bringup/lib/python3.12/site-packages'
[0.615s] Level 1:colcon.colcon_core.environment:checking '/home/tranminhtu/RMITbot/lesson5_ws/install/rmitbot_bringup/bin'
[0.615s] INFO:colcon.colcon_core.shell:Creating package script '/home/tranminhtu/RMITbot/lesson5_ws/install/rmitbot_bringup/share/rmitbot_bringup/package.ps1'
[0.616s] INFO:colcon.colcon_core.shell:Creating package descriptor '/home/tranminhtu/RMITbot/lesson5_ws/install/rmitbot_bringup/share/rmitbot_bringup/package.dsv'
[0.616s] INFO:colcon.colcon_core.shell:Creating package script '/home/tranminhtu/RMITbot/lesson5_ws/install/rmitbot_bringup/share/rmitbot_bringup/package.sh'
[0.617s] INFO:colcon.colcon_core.shell:Creating package script '/home/tranminhtu/RMITbot/lesson5_ws/install/rmitbot_bringup/share/rmitbot_bringup/package.bash'
[0.617s] INFO:colcon.colcon_core.shell:Creating package script '/home/tranminhtu/RMITbot/lesson5_ws/install/rmitbot_bringup/share/rmitbot_bringup/package.zsh'
[0.618s] Level 1:colcon.colcon_core.environment:create_file_with_runtime_dependencies(/home/tranminhtu/RMITbot/lesson5_ws/install/rmitbot_bringup/share/colcon-core/packages/rmitbot_bringup)
[0.620s] DEBUG:colcon.colcon_core.event_handler.log_command:Invoked command in '/home/tranminhtu/RMITbot/lesson5_ws/build/rmitbot_firmware' returned '0': CMAKE_PREFIX_PATH=${CMAKE_PREFIX_PATH}:/opt/ros/jazzy DEBUGINFOD_URLS=https://debuginfod.ubuntu.com /usr/bin/cmake --build /home/tranminhtu/RMITbot/lesson5_ws/build/rmitbot_firmware -- -j8 -l8
[0.622s] DEBUG:colcon.colcon_core.event_handler.log_command:Invoking command in '/home/tranminhtu/RMITbot/lesson5_ws/build/rmitbot_firmware': CMAKE_PREFIX_PATH=${CMAKE_PREFIX_PATH}:/opt/ros/jazzy DEBUGINFOD_URLS=https://debuginfod.ubuntu.com /usr/bin/cmake --install /home/tranminhtu/RMITbot/lesson5_ws/build/rmitbot_firmware
[0.653s] Level 1:colcon.colcon_core.environment:create_environment_scripts_only(rmitbot_firmware)
[0.653s] Level 1:colcon.colcon_core.environment:checking '/home/tranminhtu/RMITbot/lesson5_ws/install/rmitbot_firmware' for CMake module files
[0.654s] DEBUG:colcon.colcon_core.event_handler.log_command:Invoked command in '/home/tranminhtu/RMITbot/lesson5_ws/build/rmitbot_firmware' returned '0': CMAKE_PREFIX_PATH=${CMAKE_PREFIX_PATH}:/opt/ros/jazzy DEBUGINFOD_URLS=https://debuginfod.ubuntu.com /usr/bin/cmake --install /home/tranminhtu/RMITbot/lesson5_ws/build/rmitbot_firmware
[0.654s] Level 1:colcon.colcon_core.environment:checking '/home/tranminhtu/RMITbot/lesson5_ws/install/rmitbot_firmware' for CMake config files
[0.655s] Level 1:colcon.colcon_core.shell:create_environment_hook('rmitbot_firmware', 'cmake_prefix_path')
[0.655s] INFO:colcon.colcon_core.shell:Creating environment hook '/home/tranminhtu/RMITbot/lesson5_ws/install/rmitbot_firmware/share/rmitbot_firmware/hook/cmake_prefix_path.ps1'
[0.655s] INFO:colcon.colcon_core.shell:Creating environment descriptor '/home/tranminhtu/RMITbot/lesson5_ws/install/rmitbot_firmware/share/rmitbot_firmware/hook/cmake_prefix_path.dsv'
[0.656s] INFO:colcon.colcon_core.shell:Creating environment hook '/home/tranminhtu/RMITbot/lesson5_ws/install/rmitbot_firmware/share/rmitbot_firmware/hook/cmake_prefix_path.sh'
[0.657s] Level 1:colcon.colcon_core.environment:checking '/home/tranminhtu/RMITbot/lesson5_ws/install/rmitbot_firmware/lib'
[0.657s] Level 1:colcon.colcon_core.shell:create_environment_hook('rmitbot_firmware', 'ld_library_path_lib')
[0.657s] INFO:colcon.colcon_core.shell:Creating environment hook '/home/tranminhtu/RMITbot/lesson5_ws/install/rmitbot_firmware/share/rmitbot_firmware/hook/ld_library_path_lib.ps1'
[0.658s] INFO:colcon.colcon_core.shell:Creating environment descriptor '/home/tranminhtu/RMITbot/lesson5_ws/install/rmitbot_firmware/share/rmitbot_firmware/hook/ld_library_path_lib.dsv'
[0.658s] INFO:colcon.colcon_core.shell:Creating environment hook '/home/tranminhtu/RMITbot/lesson5_ws/install/rmitbot_firmware/share/rmitbot_firmware/hook/ld_library_path_lib.sh'
[0.659s] Level 1:colcon.colcon_core.environment:checking '/home/tranminhtu/RMITbot/lesson5_ws/install/rmitbot_firmware/bin'
[0.659s] Level 1:colcon.colcon_core.environment:checking '/home/tranminhtu/RMITbot/lesson5_ws/install/rmitbot_firmware/lib/pkgconfig/rmitbot_firmware.pc'
[0.659s] Level 1:colcon.colcon_core.environment:checking '/home/tranminhtu/RMITbot/lesson5_ws/install/rmitbot_firmware/lib/python3.12/site-packages'
[0.660s] Level 1:colcon.colcon_core.environment:checking '/home/tranminhtu/RMITbot/lesson5_ws/install/rmitbot_firmware/bin'
[0.660s] INFO:colcon.colcon_core.shell:Creating package script '/home/tranminhtu/RMITbot/lesson5_ws/install/rmitbot_firmware/share/rmitbot_firmware/package.ps1'
[0.660s] INFO:colcon.colcon_core.shell:Creating package descriptor '/home/tranminhtu/RMITbot/lesson5_ws/install/rmitbot_firmware/share/rmitbot_firmware/package.dsv'
[0.661s] INFO:colcon.colcon_core.shell:Creating package script '/home/tranminhtu/RMITbot/lesson5_ws/install/rmitbot_firmware/share/rmitbot_firmware/package.sh'
[0.661s] INFO:colcon.colcon_core.shell:Creating package script '/home/tranminhtu/RMITbot/lesson5_ws/install/rmitbot_firmware/share/rmitbot_firmware/package.bash'
[0.662s] INFO:colcon.colcon_core.shell:Creating package script '/home/tranminhtu/RMITbot/lesson5_ws/install/rmitbot_firmware/share/rmitbot_firmware/package.zsh'
[0.662s] Level 1:colcon.colcon_core.environment:create_file_with_runtime_dependencies(/home/tranminhtu/RMITbot/lesson5_ws/install/rmitbot_firmware/share/colcon-core/packages/rmitbot_firmware)
[0.663s] Level 1:colcon.colcon_core.environment:create_environment_scripts_only(rmitbot_firmware)
[0.664s] Level 1:colcon.colcon_core.environment:checking '/home/tranminhtu/RMITbot/lesson5_ws/install/rmitbot_firmware' for CMake module files
[0.665s] Level 1:colcon.colcon_core.environment:checking '/home/tranminhtu/RMITbot/lesson5_ws/install/rmitbot_firmware' for CMake config files
[0.665s] Level 1:colcon.colcon_core.shell:create_environment_hook('rmitbot_firmware', 'cmake_prefix_path')
[0.665s] INFO:colcon.colcon_core.shell:Creating environment hook '/home/tranminhtu/RMITbot/lesson5_ws/install/rmitbot_firmware/share/rmitbot_firmware/hook/cmake_prefix_path.ps1'
[0.666s] INFO:colcon.colcon_core.shell:Creating environment descriptor '/home/tranminhtu/RMITbot/lesson5_ws/install/rmitbot_firmware/share/rmitbot_firmware/hook/cmake_prefix_path.dsv'
[0.666s] INFO:colcon.colcon_core.shell:Creating environment hook '/home/tranminhtu/RMITbot/lesson5_ws/install/rmitbot_firmware/share/rmitbot_firmware/hook/cmake_prefix_path.sh'
[0.667s] Level 1:colcon.colcon_core.environment:checking '/home/tranminhtu/RMITbot/lesson5_ws/install/rmitbot_firmware/lib'
[0.667s] Level 1:colcon.colcon_core.shell:create_environment_hook('rmitbot_firmware', 'ld_library_path_lib')
[0.667s] INFO:colcon.colcon_core.shell:Creating environment hook '/home/tranminhtu/RMITbot/lesson5_ws/install/rmitbot_firmware/share/rmitbot_firmware/hook/ld_library_path_lib.ps1'
[0.668s] INFO:colcon.colcon_core.shell:Creating environment descriptor '/home/tranminhtu/RMITbot/lesson5_ws/install/rmitbot_firmware/share/rmitbot_firmware/hook/ld_library_path_lib.dsv'
[0.668s] INFO:colcon.colcon_core.shell:Creating environment hook '/home/tranminhtu/RMITbot/lesson5_ws/install/rmitbot_firmware/share/rmitbot_firmware/hook/ld_library_path_lib.sh'
[0.669s] Level 1:colcon.colcon_core.environment:checking '/home/tranminhtu/RMITbot/lesson5_ws/install/rmitbot_firmware/bin'
[0.669s] Level 1:colcon.colcon_core.environment:checking '/home/tranminhtu/RMITbot/lesson5_ws/install/rmitbot_firmware/lib/pkgconfig/rmitbot_firmware.pc'
[0.669s] Level 1:colcon.colcon_core.environment:checking '/home/tranminhtu/RMITbot/lesson5_ws/install/rmitbot_firmware/lib/python3.12/site-packages'
[0.670s] Level 1:colcon.colcon_core.environment:checking '/home/tranminhtu/RMITbot/lesson5_ws/install/rmitbot_firmware/bin'
[0.670s] INFO:colcon.colcon_core.shell:Creating package script '/home/tranminhtu/RMITbot/lesson5_ws/install/rmitbot_firmware/share/rmitbot_firmware/package.ps1'
[0.670s] INFO:colcon.colcon_core.shell:Creating package descriptor '/home/tranminhtu/RMITbot/lesson5_ws/install/rmitbot_firmware/share/rmitbot_firmware/package.dsv'
[0.671s] INFO:colcon.colcon_core.shell:Creating package script '/home/tranminhtu/RMITbot/lesson5_ws/install/rmitbot_firmware/share/rmitbot_firmware/package.sh'
[0.672s] INFO:colcon.colcon_core.shell:Creating package script '/home/tranminhtu/RMITbot/lesson5_ws/install/rmitbot_firmware/share/rmitbot_firmware/package.bash'
[0.672s] INFO:colcon.colcon_core.shell:Creating package script '/home/tranminhtu/RMITbot/lesson5_ws/install/rmitbot_firmware/share/rmitbot_firmware/package.zsh'
[0.673s] Level 1:colcon.colcon_core.environment:create_file_with_runtime_dependencies(/home/tranminhtu/RMITbot/lesson5_ws/install/rmitbot_firmware/share/colcon-core/packages/rmitbot_firmware)
[0.673s] DEBUG:colcon.colcon_parallel_executor.executor.parallel:closing loop
[0.673s] DEBUG:colcon.colcon_parallel_executor.executor.parallel:loop closed
[0.673s] DEBUG:colcon.colcon_parallel_executor.executor.parallel:run_until_complete finished with '0'
[0.674s] DEBUG:colcon.colcon_core.event_reactor:joining thread
[0.688s] INFO:colcon.colcon_core.plugin_system:Skipping extension 'colcon_notification.desktop_notification.terminal_notifier': Not used on non-Darwin systems
[0.688s] INFO:colcon.colcon_core.plugin_system:Skipping extension 'colcon_notification.desktop_notification.win32': Not used on non-Windows systems
[0.688s] INFO:colcon.colcon_notification.desktop_notification:Sending desktop notification using 'notify2'
[0.744s] DEBUG:colcon.colcon_core.event_reactor:joined thread
[0.745s] INFO:colcon.colcon_core.shell:Creating prefix script '/home/tranminhtu/RMITbot/lesson5_ws/install/local_setup.ps1'
[0.749s] INFO:colcon.colcon_core.shell:Creating prefix util module '/home/tranminhtu/RMITbot/lesson5_ws/install/_local_setup_util_ps1.py'
[0.752s] INFO:colcon.colcon_core.shell:Creating prefix chain script '/home/tranminhtu/RMITbot/lesson5_ws/install/setup.ps1'
[0.753s] INFO:colcon.colcon_core.shell:Creating prefix script '/home/tranminhtu/RMITbot/lesson5_ws/install/local_setup.sh'
[0.754s] INFO:colcon.colcon_core.shell:Creating prefix util module '/home/tranminhtu/RMITbot/lesson5_ws/install/_local_setup_util_sh.py'
[0.757s] INFO:colcon.colcon_core.shell:Creating prefix chain script '/home/tranminhtu/RMITbot/lesson5_ws/install/setup.sh'
[0.759s] INFO:colcon.colcon_core.shell:Creating prefix script '/home/tranminhtu/RMITbot/lesson5_ws/install/local_setup.bash'
[0.759s] INFO:colcon.colcon_core.shell:Creating prefix chain script '/home/tranminhtu/RMITbot/lesson5_ws/install/setup.bash'
[0.760s] INFO:colcon.colcon_core.shell:Creating prefix script '/home/tranminhtu/RMITbot/lesson5_ws/install/local_setup.zsh'
[0.761s] INFO:colcon.colcon_core.shell:Creating prefix chain script '/home/tranminhtu/RMITbot/lesson5_ws/install/setup.zsh'
