-- Install configuration: ""
-- Up-to-date: /home/tranminhtu/RMITbot/lesson5_ws/install/rmitbot_localization/share/rmitbot_localization/launch
-- Up-to-date: /home/tranminhtu/RMITbot/lesson5_ws/install/rmitbot_localization/share/rmitbot_localization/launch/local_localization.launch.py
-- Up-to-date: /home/tranminhtu/RMITbot/lesson5_ws/install/rmitbot_localization/share/rmitbot_localization/config
-- Up-to-date: /home/tranminhtu/RMITbot/lesson5_ws/install/rmitbot_localization/share/rmitbot_localization/config/ekf.yaml
-- Up-to-date: /home/tranminhtu/RMITbot/lesson5_ws/install/rmitbot_localization/share/ament_index/resource_index/package_run_dependencies/rmitbot_localization
-- Up-to-date: /home/tranminhtu/RMITbot/lesson5_ws/install/rmitbot_localization/share/ament_index/resource_index/parent_prefix_path/rmitbot_localization
-- Up-to-date: /home/tranminhtu/RMITbot/lesson5_ws/install/rmitbot_localization/share/rmitbot_localization/environment/ament_prefix_path.sh
-- Up-to-date: /home/tranminhtu/RMITbot/lesson5_ws/install/rmitbot_localization/share/rmitbot_localization/environment/ament_prefix_path.dsv
-- Up-to-date: /home/tranminhtu/RMITbot/lesson5_ws/install/rmitbot_localization/share/rmitbot_localization/environment/path.sh
-- Up-to-date: /home/tranminhtu/RMITbot/lesson5_ws/install/rmitbot_localization/share/rmitbot_localization/environment/path.dsv
-- Up-to-date: /home/tranminhtu/RMITbot/lesson5_ws/install/rmitbot_localization/share/rmitbot_localization/local_setup.bash
-- Up-to-date: /home/tranminhtu/RMITbot/lesson5_ws/install/rmitbot_localization/share/rmitbot_localization/local_setup.sh
-- Up-to-date: /home/tranminhtu/RMITbot/lesson5_ws/install/rmitbot_localization/share/rmitbot_localization/local_setup.zsh
-- Up-to-date: /home/tranminhtu/RMITbot/lesson5_ws/install/rmitbot_localization/share/rmitbot_localization/local_setup.dsv
-- Installing: /home/tranminhtu/RMITbot/lesson5_ws/install/rmitbot_localization/share/rmitbot_localization/package.dsv
-- Up-to-date: /home/tranminhtu/RMITbot/lesson5_ws/install/rmitbot_localization/share/ament_index/resource_index/packages/rmitbot_localization
-- Up-to-date: /home/tranminhtu/RMITbot/lesson5_ws/install/rmitbot_localization/share/rmitbot_localization/cmake/rmitbot_localizationConfig.cmake
-- Up-to-date: /home/tranminhtu/RMITbot/lesson5_ws/install/rmitbot_localization/share/rmitbot_localization/cmake/rmitbot_localizationConfig-version.cmake
-- Up-to-date: /home/tranminhtu/RMITbot/lesson5_ws/install/rmitbot_localization/share/rmitbot_localization/package.xml
