-- Install configuration: ""
-- Up-to-date: /home/vudinhso/RMIT_Bot/lesson5_ws/install/rmitbot_description/share/rmitbot_description/meshes
-- Up-to-date: /home/vudinhso/RMIT_Bot/lesson5_ws/install/rmitbot_description/share/rmitbot_description/meshes/wheel_left_link.STL
-- Up-to-date: /home/vudinhso/RMIT_Bot/lesson5_ws/install/rmitbot_description/share/rmitbot_description/meshes/base_link.STL
-- Up-to-date: /home/vudinhso/RMIT_Bot/lesson5_ws/install/rmitbot_description/share/rmitbot_description/meshes/caster_front_link.STL
-- Up-to-date: /home/vudinhso/RMIT_Bot/lesson5_ws/install/rmitbot_description/share/rmitbot_description/meshes/caster_rear_link.STL
-- Up-to-date: /home/vudinhso/RMIT_Bot/lesson5_ws/install/rmitbot_description/share/rmitbot_description/meshes/imu_link.STL
-- Up-to-date: /home/vudinhso/RMIT_Bot/lesson5_ws/install/rmitbot_description/share/rmitbot_description/meshes/wheel_right_link.STL
-- Up-to-date: /home/vudinhso/RMIT_Bot/lesson5_ws/install/rmitbot_description/share/rmitbot_description/urdf
-- Up-to-date: /home/vudinhso/RMIT_Bot/lesson5_ws/install/rmitbot_description/share/rmitbot_description/urdf/rmitbot_gazebo.xacro
-- Up-to-date: /home/vudinhso/RMIT_Bot/lesson5_ws/install/rmitbot_description/share/rmitbot_description/urdf/rmitbot_ros2_control.xacro
-- Up-to-date: /home/vudinhso/RMIT_Bot/lesson5_ws/install/rmitbot_description/share/rmitbot_description/urdf/rmitbot.urdf.xacro
-- Up-to-date: /home/vudinhso/RMIT_Bot/lesson5_ws/install/rmitbot_description/share/rmitbot_description/launch
-- Up-to-date: /home/vudinhso/RMIT_Bot/lesson5_ws/install/rmitbot_description/share/rmitbot_description/launch/gazebo.launch.py
-- Up-to-date: /home/vudinhso/RMIT_Bot/lesson5_ws/install/rmitbot_description/share/rmitbot_description/launch/display.launch.py
-- Up-to-date: /home/vudinhso/RMIT_Bot/lesson5_ws/install/rmitbot_description/share/rmitbot_description/rviz
-- Up-to-date: /home/vudinhso/RMIT_Bot/lesson5_ws/install/rmitbot_description/share/rmitbot_description/rviz/display.rviz
-- Up-to-date: /home/vudinhso/RMIT_Bot/lesson5_ws/install/rmitbot_description/share/ament_index/resource_index/package_run_dependencies/rmitbot_description
-- Up-to-date: /home/vudinhso/RMIT_Bot/lesson5_ws/install/rmitbot_description/share/ament_index/resource_index/parent_prefix_path/rmitbot_description
-- Up-to-date: /home/vudinhso/RMIT_Bot/lesson5_ws/install/rmitbot_description/share/rmitbot_description/environment/ament_prefix_path.sh
-- Up-to-date: /home/vudinhso/RMIT_Bot/lesson5_ws/install/rmitbot_description/share/rmitbot_description/environment/ament_prefix_path.dsv
-- Up-to-date: /home/vudinhso/RMIT_Bot/lesson5_ws/install/rmitbot_description/share/rmitbot_description/environment/path.sh
-- Up-to-date: /home/vudinhso/RMIT_Bot/lesson5_ws/install/rmitbot_description/share/rmitbot_description/environment/path.dsv
-- Up-to-date: /home/vudinhso/RMIT_Bot/lesson5_ws/install/rmitbot_description/share/rmitbot_description/local_setup.bash
-- Up-to-date: /home/vudinhso/RMIT_Bot/lesson5_ws/install/rmitbot_description/share/rmitbot_description/local_setup.sh
-- Up-to-date: /home/vudinhso/RMIT_Bot/lesson5_ws/install/rmitbot_description/share/rmitbot_description/local_setup.zsh
-- Up-to-date: /home/vudinhso/RMIT_Bot/lesson5_ws/install/rmitbot_description/share/rmitbot_description/local_setup.dsv
-- Installing: /home/vudinhso/RMIT_Bot/lesson5_ws/install/rmitbot_description/share/rmitbot_description/package.dsv
-- Up-to-date: /home/vudinhso/RMIT_Bot/lesson5_ws/install/rmitbot_description/share/ament_index/resource_index/packages/rmitbot_description
-- Up-to-date: /home/vudinhso/RMIT_Bot/lesson5_ws/install/rmitbot_description/share/rmitbot_description/cmake/rmitbot_descriptionConfig.cmake
-- Up-to-date: /home/vudinhso/RMIT_Bot/lesson5_ws/install/rmitbot_description/share/rmitbot_description/cmake/rmitbot_descriptionConfig-version.cmake
-- Up-to-date: /home/vudinhso/RMIT_Bot/lesson5_ws/install/rmitbot_description/share/rmitbot_description/package.xml
