[0.078s] Invoking command in '/home/tranminhtu/RMITbot/lesson5_ws/build/rmitbot_firmware': CMAKE_PREFIX_PATH=${CMAKE_PREFIX_PATH}:/opt/ros/jazzy DEBUGINFOD_URLS=https://debuginfod.ubuntu.com /usr/bin/cmake --build /home/tranminhtu/RMITbot/lesson5_ws/build/rmitbot_firmware -- -j8 -l8
[0.316s] [100%] Built target rmitbot_firmware
[0.403s] Invoked command in '/home/tranminhtu/RMITbot/lesson5_ws/build/rmitbot_firmware' returned '0': CMAKE_PREFIX_PATH=${CMAKE_PREFIX_PATH}:/opt/ros/jazzy DEBUGINFOD_URLS=https://debuginfod.ubuntu.com /usr/bin/cmake --build /home/tranminhtu/RMITbot/lesson5_ws/build/rmitbot_firmware -- -j8 -l8
[0.403s] Invoking command in '/home/tranminhtu/RMITbot/lesson5_ws/build/rmitbot_firmware': CMAKE_PREFIX_PATH=${CMAKE_PREFIX_PATH}:/opt/ros/jazzy DEBUGINFOD_URLS=https://debuginfod.ubuntu.com /usr/bin/cmake --install /home/tranminhtu/RMITbot/lesson5_ws/build/rmitbot_firmware
[0.412s] -- Install configuration: ""
[0.412s] -- Up-to-date: /home/tranminhtu/RMITbot/lesson5_ws/install/rmitbot_firmware/share/rmitbot_firmware/rmitbot_interface.xml
[0.412s] -- Up-to-date: /home/tranminhtu/RMITbot/lesson5_ws/install/rmitbot_firmware/lib/librmitbot_firmware.so
[0.412s] -- Up-to-date: /home/tranminhtu/RMITbot/lesson5_ws/install/rmitbot_firmware/include
[0.412s] -- Up-to-date: /home/tranminhtu/RMITbot/lesson5_ws/install/rmitbot_firmware/include/rmitbot_firmware
[0.413s] -- Up-to-date: /home/tranminhtu/RMITbot/lesson5_ws/install/rmitbot_firmware/include/rmitbot_firmware/rmitbot_interface.hpp
[0.413s] -- Up-to-date: /home/tranminhtu/RMITbot/lesson5_ws/install/rmitbot_firmware/share/rmitbot_firmware/launch
[0.413s] -- Up-to-date: /home/tranminhtu/RMITbot/lesson5_ws/install/rmitbot_firmware/share/rmitbot_firmware/launch/hardware_interface.launch.py
[0.413s] -- Up-to-date: /home/tranminhtu/RMITbot/lesson5_ws/install/rmitbot_firmware/share/rmitbot_firmware/environment/library_path.sh
[0.413s] -- Up-to-date: /home/tranminhtu/RMITbot/lesson5_ws/install/rmitbot_firmware/share/rmitbot_firmware/environment/library_path.dsv
[0.413s] -- Up-to-date: /home/tranminhtu/RMITbot/lesson5_ws/install/rmitbot_firmware/share/ament_index/resource_index/package_run_dependencies/rmitbot_firmware
[0.413s] -- Up-to-date: /home/tranminhtu/RMITbot/lesson5_ws/install/rmitbot_firmware/share/ament_index/resource_index/parent_prefix_path/rmitbot_firmware
[0.413s] -- Up-to-date: /home/tranminhtu/RMITbot/lesson5_ws/install/rmitbot_firmware/share/rmitbot_firmware/environment/ament_prefix_path.sh
[0.413s] -- Up-to-date: /home/tranminhtu/RMITbot/lesson5_ws/install/rmitbot_firmware/share/rmitbot_firmware/environment/ament_prefix_path.dsv
[0.413s] -- Up-to-date: /home/tranminhtu/RMITbot/lesson5_ws/install/rmitbot_firmware/share/rmitbot_firmware/environment/path.sh
[0.421s] -- Up-to-date: /home/tranminhtu/RMITbot/lesson5_ws/install/rmitbot_firmware/share/rmitbot_firmware/environment/path.dsv
[0.422s] -- Up-to-date: /home/tranminhtu/RMITbot/lesson5_ws/install/rmitbot_firmware/share/rmitbot_firmware/local_setup.bash
[0.423s] -- Up-to-date: /home/tranminhtu/RMITbot/lesson5_ws/install/rmitbot_firmware/share/rmitbot_firmware/local_setup.sh
[0.423s] -- Up-to-date: /home/tranminhtu/RMITbot/lesson5_ws/install/rmitbot_firmware/share/rmitbot_firmware/local_setup.zsh
[0.423s] -- Up-to-date: /home/tranminhtu/RMITbot/lesson5_ws/install/rmitbot_firmware/share/rmitbot_firmware/local_setup.dsv
[0.423s] -- Installing: /home/tranminhtu/RMITbot/lesson5_ws/install/rmitbot_firmware/share/rmitbot_firmware/package.dsv
[0.423s] -- Up-to-date: /home/tranminhtu/RMITbot/lesson5_ws/install/rmitbot_firmware/share/ament_index/resource_index/packages/rmitbot_firmware
[0.423s] -- Up-to-date: /home/tranminhtu/RMITbot/lesson5_ws/install/rmitbot_firmware/share/ament_index/resource_index/hardware_interface__pluginlib__plugin/rmitbot_firmware
[0.424s] -- Up-to-date: /home/tranminhtu/RMITbot/lesson5_ws/install/rmitbot_firmware/share/rmitbot_firmware/cmake/ament_cmake_export_include_directories-extras.cmake
[0.424s] -- Up-to-date: /home/tranminhtu/RMITbot/lesson5_ws/install/rmitbot_firmware/share/rmitbot_firmware/cmake/ament_cmake_export_libraries-extras.cmake
[0.424s] -- Up-to-date: /home/tranminhtu/RMITbot/lesson5_ws/install/rmitbot_firmware/share/rmitbot_firmware/cmake/ament_cmake_export_dependencies-extras.cmake
[0.424s] -- Up-to-date: /home/tranminhtu/RMITbot/lesson5_ws/install/rmitbot_firmware/share/rmitbot_firmware/cmake/rmitbot_firmwareConfig.cmake
[0.424s] -- Up-to-date: /home/tranminhtu/RMITbot/lesson5_ws/install/rmitbot_firmware/share/rmitbot_firmware/cmake/rmitbot_firmwareConfig-version.cmake
[0.425s] -- Up-to-date: /home/tranminhtu/RMITbot/lesson5_ws/install/rmitbot_firmware/share/rmitbot_firmware/package.xml
[0.426s] Invoked command in '/home/tranminhtu/RMITbot/lesson5_ws/build/rmitbot_firmware' returned '0': CMAKE_PREFIX_PATH=${CMAKE_PREFIX_PATH}:/opt/ros/jazzy DEBUGINFOD_URLS=https://debuginfod.ubuntu.com /usr/bin/cmake --install /home/tranminhtu/RMITbot/lesson5_ws/build/rmitbot_firmware
