[0.065s] Invoking command in '/home/vudinhso/RMIT_Bot/lesson5_ws/build/rmitbot_firmware': CMAKE_PREFIX_PATH=${CMAKE_PREFIX_PATH}:/opt/ros/jazzy DEBUGINFOD_URLS=https://debuginfod.ubuntu.com /usr/bin/cmake --build /home/vudinhso/RMIT_Bot/lesson5_ws/build/rmitbot_firmware -- -j4 -l4
[0.239s] [ 50%] [32mBuilding CXX object CMakeFiles/rmitbot_firmware.dir/src/rmitbot_interface.cpp.o[0m
[9.748s] [100%] [32m[1mLinking CXX shared library librmitbot_firmware.so[0m
[10.109s] [100%] Built target rmitbot_firmware
[10.154s] Invoked command in '/home/vudinhso/RMIT_Bot/lesson5_ws/build/rmitbot_firmware' returned '0': CMAKE_PREFIX_PATH=${CMAKE_PREFIX_PATH}:/opt/ros/jazzy DEBUGINFOD_URLS=https://debuginfod.ubuntu.com /usr/bin/cmake --build /home/vudinhso/RMIT_Bot/lesson5_ws/build/rmitbot_firmware -- -j4 -l4
[10.162s] Invoking command in '/home/vudinhso/RMIT_Bot/lesson5_ws/build/rmitbot_firmware': CMAKE_PREFIX_PATH=${CMAKE_PREFIX_PATH}:/opt/ros/jazzy DEBUGINFOD_URLS=https://debuginfod.ubuntu.com /usr/bin/cmake --install /home/vudinhso/RMIT_Bot/lesson5_ws/build/rmitbot_firmware
[10.201s] -- Install configuration: ""
[10.201s] -- Up-to-date: /home/vudinhso/RMIT_Bot/lesson5_ws/install/rmitbot_firmware/share/rmitbot_firmware/rmitbot_interface.xml
[10.201s] -- Installing: /home/vudinhso/RMIT_Bot/lesson5_ws/install/rmitbot_firmware/lib/librmitbot_firmware.so
[10.206s] -- Set non-toolchain portion of runtime path of "/home/vudinhso/RMIT_Bot/lesson5_ws/install/rmitbot_firmware/lib/librmitbot_firmware.so" to ""
[10.207s] -- Up-to-date: /home/vudinhso/RMIT_Bot/lesson5_ws/install/rmitbot_firmware/include
[10.207s] -- Up-to-date: /home/vudinhso/RMIT_Bot/lesson5_ws/install/rmitbot_firmware/include/rmitbot_firmware
[10.207s] -- Up-to-date: /home/vudinhso/RMIT_Bot/lesson5_ws/install/rmitbot_firmware/include/rmitbot_firmware/rmitbot_interface.hpp
[10.207s] -- Up-to-date: /home/vudinhso/RMIT_Bot/lesson5_ws/install/rmitbot_firmware/share/rmitbot_firmware/launch
[10.207s] -- Up-to-date: /home/vudinhso/RMIT_Bot/lesson5_ws/install/rmitbot_firmware/share/rmitbot_firmware/launch/hardware_interface.launch.py
[10.207s] -- Up-to-date: /home/vudinhso/RMIT_Bot/lesson5_ws/install/rmitbot_firmware/share/rmitbot_firmware/environment/library_path.sh
[10.212s] -- Up-to-date: /home/vudinhso/RMIT_Bot/lesson5_ws/install/rmitbot_firmware/share/rmitbot_firmware/environment/library_path.dsv
[10.215s] -- Up-to-date: /home/vudinhso/RMIT_Bot/lesson5_ws/install/rmitbot_firmware/share/ament_index/resource_index/package_run_dependencies/rmitbot_firmware
[10.216s] -- Up-to-date: /home/vudinhso/RMIT_Bot/lesson5_ws/install/rmitbot_firmware/share/ament_index/resource_index/parent_prefix_path/rmitbot_firmware
[10.217s] -- Up-to-date: /home/vudinhso/RMIT_Bot/lesson5_ws/install/rmitbot_firmware/share/rmitbot_firmware/environment/ament_prefix_path.sh
[10.217s] -- Up-to-date: /home/vudinhso/RMIT_Bot/lesson5_ws/install/rmitbot_firmware/share/rmitbot_firmware/environment/ament_prefix_path.dsv
[10.217s] -- Up-to-date: /home/vudinhso/RMIT_Bot/lesson5_ws/install/rmitbot_firmware/share/rmitbot_firmware/environment/path.sh
[10.217s] -- Up-to-date: /home/vudinhso/RMIT_Bot/lesson5_ws/install/rmitbot_firmware/share/rmitbot_firmware/environment/path.dsv
[10.217s] -- Up-to-date: /home/vudinhso/RMIT_Bot/lesson5_ws/install/rmitbot_firmware/share/rmitbot_firmware/local_setup.bash
[10.217s] -- Up-to-date: /home/vudinhso/RMIT_Bot/lesson5_ws/install/rmitbot_firmware/share/rmitbot_firmware/local_setup.sh
[10.217s] -- Up-to-date: /home/vudinhso/RMIT_Bot/lesson5_ws/install/rmitbot_firmware/share/rmitbot_firmware/local_setup.zsh
[10.217s] -- Up-to-date: /home/vudinhso/RMIT_Bot/lesson5_ws/install/rmitbot_firmware/share/rmitbot_firmware/local_setup.dsv
[10.217s] -- Installing: /home/vudinhso/RMIT_Bot/lesson5_ws/install/rmitbot_firmware/share/rmitbot_firmware/package.dsv
[10.221s] -- Up-to-date: /home/vudinhso/RMIT_Bot/lesson5_ws/install/rmitbot_firmware/share/ament_index/resource_index/packages/rmitbot_firmware
[10.221s] -- Up-to-date: /home/vudinhso/RMIT_Bot/lesson5_ws/install/rmitbot_firmware/share/ament_index/resource_index/hardware_interface__pluginlib__plugin/rmitbot_firmware
[10.221s] -- Up-to-date: /home/vudinhso/RMIT_Bot/lesson5_ws/install/rmitbot_firmware/share/rmitbot_firmware/cmake/ament_cmake_export_include_directories-extras.cmake
[10.221s] -- Up-to-date: /home/vudinhso/RMIT_Bot/lesson5_ws/install/rmitbot_firmware/share/rmitbot_firmware/cmake/ament_cmake_export_libraries-extras.cmake
[10.222s] -- Up-to-date: /home/vudinhso/RMIT_Bot/lesson5_ws/install/rmitbot_firmware/share/rmitbot_firmware/cmake/ament_cmake_export_dependencies-extras.cmake
[10.222s] -- Up-to-date: /home/vudinhso/RMIT_Bot/lesson5_ws/install/rmitbot_firmware/share/rmitbot_firmware/cmake/rmitbot_firmwareConfig.cmake
[10.222s] -- Up-to-date: /home/vudinhso/RMIT_Bot/lesson5_ws/install/rmitbot_firmware/share/rmitbot_firmware/cmake/rmitbot_firmwareConfig-version.cmake
[10.222s] -- Up-to-date: /home/vudinhso/RMIT_Bot/lesson5_ws/install/rmitbot_firmware/share/rmitbot_firmware/package.xml
[10.228s] Invoked command in '/home/vudinhso/RMIT_Bot/lesson5_ws/build/rmitbot_firmware' returned '0': CMAKE_PREFIX_PATH=${CMAKE_PREFIX_PATH}:/opt/ros/jazzy DEBUGINFOD_URLS=https://debuginfod.ubuntu.com /usr/bin/cmake --install /home/vudinhso/RMIT_Bot/lesson5_ws/build/rmitbot_firmware
