[0.044s] Invoking command in '/home/vudinhso/RMIT_Bot/lesson5_ws/build/rmitbot_firmware': CMAKE_PREFIX_PATH=${CMAKE_PREFIX_PATH}:/opt/ros/jazzy DEBUGINFOD_URLS=https://debuginfod.ubuntu.com /usr/bin/cmake --build /home/vudinhso/RMIT_Bot/lesson5_ws/build/rmitbot_firmware -- -j4 -l4
[0.259s] [ 50%] [32mBuilding CXX object CMakeFiles/rmitbot_firmware.dir/src/rmitbot_interface.cpp.o[0m
[7.321s] [100%] [32m[1mLinking CXX shared library librmitbot_firmware.so[0m
[7.650s] [100%] Built target rmitbot_firmware
[7.676s] Invoked command in '/home/vudinhso/RMIT_Bot/lesson5_ws/build/rmitbot_firmware' returned '0': CMAKE_PREFIX_PATH=${CMAKE_PREFIX_PATH}:/opt/ros/jazzy DEBUGINFOD_URLS=https://debuginfod.ubuntu.com /usr/bin/cmake --build /home/vudinhso/RMIT_Bot/lesson5_ws/build/rmitbot_firmware -- -j4 -l4
[7.677s] Invoking command in '/home/vudinhso/RMIT_Bot/lesson5_ws/build/rmitbot_firmware': CMAKE_PREFIX_PATH=${CMAKE_PREFIX_PATH}:/opt/ros/jazzy DEBUGINFOD_URLS=https://debuginfod.ubuntu.com /usr/bin/cmake --install /home/vudinhso/RMIT_Bot/lesson5_ws/build/rmitbot_firmware
[7.701s] -- Install configuration: ""
[7.702s] -- Up-to-date: /home/vudinhso/RMIT_Bot/lesson5_ws/install/rmitbot_firmware/share/rmitbot_firmware/rmitbot_interface.xml
[7.702s] -- Installing: /home/vudinhso/RMIT_Bot/lesson5_ws/install/rmitbot_firmware/lib/librmitbot_firmware.so
[7.705s] -- Set non-toolchain portion of runtime path of "/home/vudinhso/RMIT_Bot/lesson5_ws/install/rmitbot_firmware/lib/librmitbot_firmware.so" to ""
[7.706s] -- Up-to-date: /home/vudinhso/RMIT_Bot/lesson5_ws/install/rmitbot_firmware/include
[7.706s] -- Up-to-date: /home/vudinhso/RMIT_Bot/lesson5_ws/install/rmitbot_firmware/include/rmitbot_firmware
[7.707s] -- Up-to-date: /home/vudinhso/RMIT_Bot/lesson5_ws/install/rmitbot_firmware/include/rmitbot_firmware/rmitbot_interface.hpp
[7.708s] -- Up-to-date: /home/vudinhso/RMIT_Bot/lesson5_ws/install/rmitbot_firmware/share/rmitbot_firmware/launch
[7.709s] -- Up-to-date: /home/vudinhso/RMIT_Bot/lesson5_ws/install/rmitbot_firmware/share/rmitbot_firmware/launch/hardware_interface.launch.py
[7.710s] -- Up-to-date: /home/vudinhso/RMIT_Bot/lesson5_ws/install/rmitbot_firmware/share/rmitbot_firmware/environment/library_path.sh
[7.710s] -- Up-to-date: /home/vudinhso/RMIT_Bot/lesson5_ws/install/rmitbot_firmware/share/rmitbot_firmware/environment/library_path.dsv
[7.711s] -- Up-to-date: /home/vudinhso/RMIT_Bot/lesson5_ws/install/rmitbot_firmware/share/ament_index/resource_index/package_run_dependencies/rmitbot_firmware
[7.711s] -- Up-to-date: /home/vudinhso/RMIT_Bot/lesson5_ws/install/rmitbot_firmware/share/ament_index/resource_index/parent_prefix_path/rmitbot_firmware
[7.714s] -- Up-to-date: /home/vudinhso/RMIT_Bot/lesson5_ws/install/rmitbot_firmware/share/rmitbot_firmware/environment/ament_prefix_path.sh
[7.715s] -- Up-to-date: /home/vudinhso/RMIT_Bot/lesson5_ws/install/rmitbot_firmware/share/rmitbot_firmware/environment/ament_prefix_path.dsv
[7.715s] -- Up-to-date: /home/vudinhso/RMIT_Bot/lesson5_ws/install/rmitbot_firmware/share/rmitbot_firmware/environment/path.sh
[7.715s] -- Up-to-date: /home/vudinhso/RMIT_Bot/lesson5_ws/install/rmitbot_firmware/share/rmitbot_firmware/environment/path.dsv
[7.715s] -- Up-to-date: /home/vudinhso/RMIT_Bot/lesson5_ws/install/rmitbot_firmware/share/rmitbot_firmware/local_setup.bash
[7.717s] -- Up-to-date: /home/vudinhso/RMIT_Bot/lesson5_ws/install/rmitbot_firmware/share/rmitbot_firmware/local_setup.sh
[7.718s] -- Up-to-date: /home/vudinhso/RMIT_Bot/lesson5_ws/install/rmitbot_firmware/share/rmitbot_firmware/local_setup.zsh
[7.718s] -- Up-to-date: /home/vudinhso/RMIT_Bot/lesson5_ws/install/rmitbot_firmware/share/rmitbot_firmware/local_setup.dsv
[7.718s] -- Installing: /home/vudinhso/RMIT_Bot/lesson5_ws/install/rmitbot_firmware/share/rmitbot_firmware/package.dsv
[7.719s] -- Up-to-date: /home/vudinhso/RMIT_Bot/lesson5_ws/install/rmitbot_firmware/share/ament_index/resource_index/packages/rmitbot_firmware
[7.719s] -- Up-to-date: /home/vudinhso/RMIT_Bot/lesson5_ws/install/rmitbot_firmware/share/ament_index/resource_index/hardware_interface__pluginlib__plugin/rmitbot_firmware
[7.721s] -- Up-to-date: /home/vudinhso/RMIT_Bot/lesson5_ws/install/rmitbot_firmware/share/rmitbot_firmware/cmake/ament_cmake_export_include_directories-extras.cmake
[7.721s] -- Up-to-date: /home/vudinhso/RMIT_Bot/lesson5_ws/install/rmitbot_firmware/share/rmitbot_firmware/cmake/ament_cmake_export_libraries-extras.cmake
[7.721s] -- Up-to-date: /home/vudinhso/RMIT_Bot/lesson5_ws/install/rmitbot_firmware/share/rmitbot_firmware/cmake/ament_cmake_export_dependencies-extras.cmake
[7.721s] -- Up-to-date: /home/vudinhso/RMIT_Bot/lesson5_ws/install/rmitbot_firmware/share/rmitbot_firmware/cmake/rmitbot_firmwareConfig.cmake
[7.721s] -- Up-to-date: /home/vudinhso/RMIT_Bot/lesson5_ws/install/rmitbot_firmware/share/rmitbot_firmware/cmake/rmitbot_firmwareConfig-version.cmake
[7.722s] -- Up-to-date: /home/vudinhso/RMIT_Bot/lesson5_ws/install/rmitbot_firmware/share/rmitbot_firmware/package.xml
[7.722s] Invoked command in '/home/vudinhso/RMIT_Bot/lesson5_ws/build/rmitbot_firmware' returned '0': CMAKE_PREFIX_PATH=${CMAKE_PREFIX_PATH}:/opt/ros/jazzy DEBUGINFOD_URLS=https://debuginfod.ubuntu.com /usr/bin/cmake --install /home/vudinhso/RMIT_Bot/lesson5_ws/build/rmitbot_firmware
