[ 50%] [32mBuilding CXX object CMakeFiles/rmitbot_firmware.dir/src/rmitbot_interface.cpp.o[0m
[100%] [32m[1mLinking CXX shared library librmitbot_firmware.so[0m
[100%] Built target rmitbot_firmware
-- Install configuration: ""
-- Up-to-date: /home/vudinhso/RMIT_Bot/lesson5_ws/install/rmitbot_firmware/share/rmitbot_firmware/rmitbot_interface.xml
-- Installing: /home/vudinhso/RMIT_Bot/lesson5_ws/install/rmitbot_firmware/lib/librmitbot_firmware.so
-- Set non-toolchain portion of runtime path of "/home/vudinhso/RMIT_Bot/lesson5_ws/install/rmitbot_firmware/lib/librmitbot_firmware.so" to ""
-- Up-to-date: /home/vudinhso/RMIT_Bot/lesson5_ws/install/rmitbot_firmware/include
-- Up-to-date: /home/vudinhso/RMIT_Bot/lesson5_ws/install/rmitbot_firmware/include/rmitbot_firmware
-- Installing: /home/vudinhso/RMIT_Bot/lesson5_ws/install/rmitbot_firmware/include/rmitbot_firmware/rmitbot_interface.hpp
-- Up-to-date: /home/vudinhso/RMIT_Bot/lesson5_ws/install/rmitbot_firmware/share/rmitbot_firmware/launch
-- Installing: /home/vudinhso/RMIT_Bot/lesson5_ws/install/rmitbot_firmware/share/rmitbot_firmware/launch/hardware_interface.launch.py
-- Up-to-date: /home/vudinhso/RMIT_Bot/lesson5_ws/install/rmitbot_firmware/share/rmitbot_firmware/environment/library_path.sh
-- Up-to-date: /home/vudinhso/RMIT_Bot/lesson5_ws/install/rmitbot_firmware/share/rmitbot_firmware/environment/library_path.dsv
-- Up-to-date: /home/vudinhso/RMIT_Bot/lesson5_ws/install/rmitbot_firmware/share/ament_index/resource_index/package_run_dependencies/rmitbot_firmware
-- Up-to-date: /home/vudinhso/RMIT_Bot/lesson5_ws/install/rmitbot_firmware/share/ament_index/resource_index/parent_prefix_path/rmitbot_firmware
-- Up-to-date: /home/vudinhso/RMIT_Bot/lesson5_ws/install/rmitbot_firmware/share/rmitbot_firmware/environment/ament_prefix_path.sh
-- Up-to-date: /home/vudinhso/RMIT_Bot/lesson5_ws/install/rmitbot_firmware/share/rmitbot_firmware/environment/ament_prefix_path.dsv
-- Up-to-date: /home/vudinhso/RMIT_Bot/lesson5_ws/install/rmitbot_firmware/share/rmitbot_firmware/environment/path.sh
-- Up-to-date: /home/vudinhso/RMIT_Bot/lesson5_ws/install/rmitbot_firmware/share/rmitbot_firmware/environment/path.dsv
-- Up-to-date: /home/vudinhso/RMIT_Bot/lesson5_ws/install/rmitbot_firmware/share/rmitbot_firmware/local_setup.bash
-- Up-to-date: /home/vudinhso/RMIT_Bot/lesson5_ws/install/rmitbot_firmware/share/rmitbot_firmware/local_setup.sh
-- Up-to-date: /home/vudinhso/RMIT_Bot/lesson5_ws/install/rmitbot_firmware/share/rmitbot_firmware/local_setup.zsh
-- Up-to-date: /home/vudinhso/RMIT_Bot/lesson5_ws/install/rmitbot_firmware/share/rmitbot_firmware/local_setup.dsv
-- Installing: /home/vudinhso/RMIT_Bot/lesson5_ws/install/rmitbot_firmware/share/rmitbot_firmware/package.dsv
-- Up-to-date: /home/vudinhso/RMIT_Bot/lesson5_ws/install/rmitbot_firmware/share/ament_index/resource_index/packages/rmitbot_firmware
-- Up-to-date: /home/vudinhso/RMIT_Bot/lesson5_ws/install/rmitbot_firmware/share/ament_index/resource_index/hardware_interface__pluginlib__plugin/rmitbot_firmware
-- Up-to-date: /home/vudinhso/RMIT_Bot/lesson5_ws/install/rmitbot_firmware/share/rmitbot_firmware/cmake/ament_cmake_export_include_directories-extras.cmake
-- Up-to-date: /home/vudinhso/RMIT_Bot/lesson5_ws/install/rmitbot_firmware/share/rmitbot_firmware/cmake/ament_cmake_export_libraries-extras.cmake
-- Up-to-date: /home/vudinhso/RMIT_Bot/lesson5_ws/install/rmitbot_firmware/share/rmitbot_firmware/cmake/ament_cmake_export_dependencies-extras.cmake
-- Up-to-date: /home/vudinhso/RMIT_Bot/lesson5_ws/install/rmitbot_firmware/share/rmitbot_firmware/cmake/rmitbot_firmwareConfig.cmake
-- Up-to-date: /home/vudinhso/RMIT_Bot/lesson5_ws/install/rmitbot_firmware/share/rmitbot_firmware/cmake/rmitbot_firmwareConfig-version.cmake
-- Up-to-date: /home/vudinhso/RMIT_Bot/lesson5_ws/install/rmitbot_firmware/share/rmitbot_firmware/package.xml
