[0.104s] DEBUG:colcon:Command line arguments: ['/usr/bin/colcon', 'build']
[0.104s] DEBUG:colcon:Parsed command line arguments: Namespace(log_base=None, log_level=None, verb_name='build', build_base='build', install_base='install', merge_install=False, symlink_install=False, test_result_base=None, continue_on_error=False, executor='parallel', parallel_workers=8, event_handlers=None, ignore_user_meta=False, metas=['./colcon.meta'], base_paths=['.'], packages_ignore=None, packages_ignore_regex=None, paths=None, packages_up_to=None, packages_up_to_regex=None, packages_above=None, packages_above_and_dependencies=None, packages_above_depth=None, packages_select_by_dep=None, packages_skip_by_dep=None, packages_skip_up_to=None, packages_select_build_failed=False, packages_skip_build_finished=False, packages_select_test_failures=False, packages_skip_test_passed=False, packages_select=None, packages_skip=None, packages_select_regex=None, packages_skip_regex=None, packages_start=None, packages_end=None, allow_overriding=[], cmake_args=None, cmake_target=None, cmake_target_skip_unavailable=False, cmake_clean_cache=False, cmake_clean_first=False, cmake_force_configure=False, ament_cmake_args=None, catkin_cmake_args=None, catkin_skip_building_tests=False, mixin_files=None, mixin=None, verb_parser=<colcon_mixin.mixin.mixin_argument.MixinArgumentDecorator object at 0x76118c898d70>, verb_extension=<colcon_core.verb.build.BuildVerb object at 0x76118c9b5070>, main=<bound method BuildVerb.main of <colcon_core.verb.build.BuildVerb object at 0x76118c9b5070>>, mixin_verb=('build',))
[0.139s] Level 1:colcon.colcon_core.package_discovery:discover_packages(colcon_meta) check parameters
[0.139s] Level 1:colcon.colcon_core.package_discovery:discover_packages(recursive) check parameters
[0.139s] Level 1:colcon.colcon_core.package_discovery:discover_packages(ignore) check parameters
[0.139s] Level 1:colcon.colcon_core.package_discovery:discover_packages(path) check parameters
[0.139s] Level 1:colcon.colcon_core.package_discovery:discover_packages(colcon_meta) discover
[0.139s] Level 1:colcon.colcon_core.package_discovery:discover_packages(recursive) discover
[0.139s] INFO:colcon.colcon_core.package_discovery:Crawling recursively for packages in '/home/tranminhtu/RMITbot/lesson5_ws'
[0.140s] Level 1:colcon.colcon_core.package_identification:_identify(.) by extensions ['ignore', 'ignore_ament_install']
[0.140s] Level 1:colcon.colcon_core.package_identification:_identify(.) by extension 'ignore'
[0.140s] Level 1:colcon.colcon_core.package_identification:_identify(.) by extension 'ignore_ament_install'
[0.140s] Level 1:colcon.colcon_core.package_identification:_identify(.) by extensions ['colcon_pkg']
[0.140s] Level 1:colcon.colcon_core.package_identification:_identify(.) by extension 'colcon_pkg'
[0.140s] Level 1:colcon.colcon_core.package_identification:_identify(.) by extensions ['colcon_meta']
[0.140s] Level 1:colcon.colcon_core.package_identification:_identify(.) by extension 'colcon_meta'
[0.140s] Level 1:colcon.colcon_core.package_identification:_identify(.) by extensions ['ros']
[0.140s] Level 1:colcon.colcon_core.package_identification:_identify(.) by extension 'ros'
[0.162s] Level 1:colcon.colcon_core.package_identification:_identify(.) by extensions ['cmake', 'python']
[0.162s] Level 1:colcon.colcon_core.package_identification:_identify(.) by extension 'cmake'
[0.162s] Level 1:colcon.colcon_core.package_identification:_identify(.) by extension 'python'
[0.162s] Level 1:colcon.colcon_core.package_identification:_identify(.) by extensions ['python_setup_py']
[0.162s] Level 1:colcon.colcon_core.package_identification:_identify(.) by extension 'python_setup_py'
[0.162s] Level 1:colcon.colcon_core.package_identification:_identify(build) by extensions ['ignore', 'ignore_ament_install']
[0.162s] Level 1:colcon.colcon_core.package_identification:_identify(build) by extension 'ignore'
[0.162s] Level 1:colcon.colcon_core.package_identification:_identify(build) ignored
[0.162s] Level 1:colcon.colcon_core.package_identification:_identify(install) by extensions ['ignore', 'ignore_ament_install']
[0.162s] Level 1:colcon.colcon_core.package_identification:_identify(install) by extension 'ignore'
[0.163s] Level 1:colcon.colcon_core.package_identification:_identify(install) ignored
[0.163s] Level 1:colcon.colcon_core.package_identification:_identify(log) by extensions ['ignore', 'ignore_ament_install']
[0.163s] Level 1:colcon.colcon_core.package_identification:_identify(log) by extension 'ignore'
[0.163s] Level 1:colcon.colcon_core.package_identification:_identify(log) ignored
[0.163s] Level 1:colcon.colcon_core.package_identification:_identify(src) by extensions ['ignore', 'ignore_ament_install']
[0.163s] Level 1:colcon.colcon_core.package_identification:_identify(src) by extension 'ignore'
[0.163s] Level 1:colcon.colcon_core.package_identification:_identify(src) by extension 'ignore_ament_install'
[0.163s] Level 1:colcon.colcon_core.package_identification:_identify(src) by extensions ['colcon_pkg']
[0.163s] Level 1:colcon.colcon_core.package_identification:_identify(src) by extension 'colcon_pkg'
[0.163s] Level 1:colcon.colcon_core.package_identification:_identify(src) by extensions ['colcon_meta']
[0.163s] Level 1:colcon.colcon_core.package_identification:_identify(src) by extension 'colcon_meta'
[0.163s] Level 1:colcon.colcon_core.package_identification:_identify(src) by extensions ['ros']
[0.163s] Level 1:colcon.colcon_core.package_identification:_identify(src) by extension 'ros'
[0.163s] Level 1:colcon.colcon_core.package_identification:_identify(src) by extensions ['cmake', 'python']
[0.163s] Level 1:colcon.colcon_core.package_identification:_identify(src) by extension 'cmake'
[0.163s] Level 1:colcon.colcon_core.package_identification:_identify(src) by extension 'python'
[0.164s] Level 1:colcon.colcon_core.package_identification:_identify(src) by extensions ['python_setup_py']
[0.164s] Level 1:colcon.colcon_core.package_identification:_identify(src) by extension 'python_setup_py'
[0.164s] Level 1:colcon.colcon_core.package_identification:_identify(src/rmitbot_bringup) by extensions ['ignore', 'ignore_ament_install']
[0.164s] Level 1:colcon.colcon_core.package_identification:_identify(src/rmitbot_bringup) by extension 'ignore'
[0.164s] Level 1:colcon.colcon_core.package_identification:_identify(src/rmitbot_bringup) by extension 'ignore_ament_install'
[0.164s] Level 1:colcon.colcon_core.package_identification:_identify(src/rmitbot_bringup) by extensions ['colcon_pkg']
[0.164s] Level 1:colcon.colcon_core.package_identification:_identify(src/rmitbot_bringup) by extension 'colcon_pkg'
[0.164s] Level 1:colcon.colcon_core.package_identification:_identify(src/rmitbot_bringup) by extensions ['colcon_meta']
[0.164s] Level 1:colcon.colcon_core.package_identification:_identify(src/rmitbot_bringup) by extension 'colcon_meta'
[0.164s] Level 1:colcon.colcon_core.package_identification:_identify(src/rmitbot_bringup) by extensions ['ros']
[0.164s] Level 1:colcon.colcon_core.package_identification:_identify(src/rmitbot_bringup) by extension 'ros'
[0.167s] DEBUG:colcon.colcon_core.package_identification:Package 'src/rmitbot_bringup' with type 'ros.ament_cmake' and name 'rmitbot_bringup'
[0.167s] Level 1:colcon.colcon_core.package_identification:_identify(src/rmitbot_controller) by extensions ['ignore', 'ignore_ament_install']
[0.167s] Level 1:colcon.colcon_core.package_identification:_identify(src/rmitbot_controller) by extension 'ignore'
[0.167s] Level 1:colcon.colcon_core.package_identification:_identify(src/rmitbot_controller) by extension 'ignore_ament_install'
[0.167s] Level 1:colcon.colcon_core.package_identification:_identify(src/rmitbot_controller) by extensions ['colcon_pkg']
[0.167s] Level 1:colcon.colcon_core.package_identification:_identify(src/rmitbot_controller) by extension 'colcon_pkg'
[0.167s] Level 1:colcon.colcon_core.package_identification:_identify(src/rmitbot_controller) by extensions ['colcon_meta']
[0.167s] Level 1:colcon.colcon_core.package_identification:_identify(src/rmitbot_controller) by extension 'colcon_meta'
[0.167s] Level 1:colcon.colcon_core.package_identification:_identify(src/rmitbot_controller) by extensions ['ros']
[0.167s] Level 1:colcon.colcon_core.package_identification:_identify(src/rmitbot_controller) by extension 'ros'
[0.167s] DEBUG:colcon.colcon_core.package_identification:Package 'src/rmitbot_controller' with type 'ros.ament_cmake' and name 'rmitbot_controller'
[0.168s] Level 1:colcon.colcon_core.package_identification:_identify(src/rmitbot_description) by extensions ['ignore', 'ignore_ament_install']
[0.168s] Level 1:colcon.colcon_core.package_identification:_identify(src/rmitbot_description) by extension 'ignore'
[0.168s] Level 1:colcon.colcon_core.package_identification:_identify(src/rmitbot_description) by extension 'ignore_ament_install'
[0.168s] Level 1:colcon.colcon_core.package_identification:_identify(src/rmitbot_description) by extensions ['colcon_pkg']
[0.168s] Level 1:colcon.colcon_core.package_identification:_identify(src/rmitbot_description) by extension 'colcon_pkg'
[0.168s] Level 1:colcon.colcon_core.package_identification:_identify(src/rmitbot_description) by extensions ['colcon_meta']
[0.168s] Level 1:colcon.colcon_core.package_identification:_identify(src/rmitbot_description) by extension 'colcon_meta'
[0.168s] Level 1:colcon.colcon_core.package_identification:_identify(src/rmitbot_description) by extensions ['ros']
[0.168s] Level 1:colcon.colcon_core.package_identification:_identify(src/rmitbot_description) by extension 'ros'
[0.168s] DEBUG:colcon.colcon_core.package_identification:Package 'src/rmitbot_description' with type 'ros.ament_cmake' and name 'rmitbot_description'
[0.168s] Level 1:colcon.colcon_core.package_identification:_identify(src/rmitbot_firmware) by extensions ['ignore', 'ignore_ament_install']
[0.168s] Level 1:colcon.colcon_core.package_identification:_identify(src/rmitbot_firmware) by extension 'ignore'
[0.168s] Level 1:colcon.colcon_core.package_identification:_identify(src/rmitbot_firmware) by extension 'ignore_ament_install'
[0.168s] Level 1:colcon.colcon_core.package_identification:_identify(src/rmitbot_firmware) by extensions ['colcon_pkg']
[0.168s] Level 1:colcon.colcon_core.package_identification:_identify(src/rmitbot_firmware) by extension 'colcon_pkg'
[0.169s] Level 1:colcon.colcon_core.package_identification:_identify(src/rmitbot_firmware) by extensions ['colcon_meta']
[0.169s] Level 1:colcon.colcon_core.package_identification:_identify(src/rmitbot_firmware) by extension 'colcon_meta'
[0.169s] Level 1:colcon.colcon_core.package_identification:_identify(src/rmitbot_firmware) by extensions ['ros']
[0.169s] Level 1:colcon.colcon_core.package_identification:_identify(src/rmitbot_firmware) by extension 'ros'
[0.169s] DEBUG:colcon.colcon_core.package_identification:Package 'src/rmitbot_firmware' with type 'ros.ament_cmake' and name 'rmitbot_firmware'
[0.169s] Level 1:colcon.colcon_core.package_identification:_identify(src/rmitbot_localization) by extensions ['ignore', 'ignore_ament_install']
[0.169s] Level 1:colcon.colcon_core.package_identification:_identify(src/rmitbot_localization) by extension 'ignore'
[0.169s] Level 1:colcon.colcon_core.package_identification:_identify(src/rmitbot_localization) by extension 'ignore_ament_install'
[0.169s] Level 1:colcon.colcon_core.package_identification:_identify(src/rmitbot_localization) by extensions ['colcon_pkg']
[0.170s] Level 1:colcon.colcon_core.package_identification:_identify(src/rmitbot_localization) by extension 'colcon_pkg'
[0.170s] Level 1:colcon.colcon_core.package_identification:_identify(src/rmitbot_localization) by extensions ['colcon_meta']
[0.170s] Level 1:colcon.colcon_core.package_identification:_identify(src/rmitbot_localization) by extension 'colcon_meta'
[0.170s] Level 1:colcon.colcon_core.package_identification:_identify(src/rmitbot_localization) by extensions ['ros']
[0.170s] Level 1:colcon.colcon_core.package_identification:_identify(src/rmitbot_localization) by extension 'ros'
[0.170s] DEBUG:colcon.colcon_core.package_identification:Package 'src/rmitbot_localization' with type 'ros.ament_cmake' and name 'rmitbot_localization'
[0.170s] Level 1:colcon.colcon_core.package_discovery:discover_packages(recursive) using defaults
[0.170s] Level 1:colcon.colcon_core.package_discovery:discover_packages(ignore) discover
[0.170s] Level 1:colcon.colcon_core.package_discovery:discover_packages(ignore) using defaults
[0.170s] Level 1:colcon.colcon_core.package_discovery:discover_packages(path) discover
[0.170s] Level 1:colcon.colcon_core.package_discovery:discover_packages(path) using defaults
[0.185s] Level 1:colcon.colcon_core.package_discovery:discover_packages(prefix_path) check parameters
[0.185s] Level 1:colcon.colcon_core.package_discovery:discover_packages(prefix_path) discover
[0.187s] DEBUG:colcon.colcon_installed_package_information.package_discovery:Found 5 installed packages in /home/tranminhtu/RMITbot/lesson5_ws/install
[0.189s] DEBUG:colcon.colcon_installed_package_information.package_discovery:Found 383 installed packages in /opt/ros/jazzy
[0.190s] Level 1:colcon.colcon_core.package_discovery:discover_packages(prefix_path) using defaults
[0.287s] Level 5:colcon.colcon_core.verb:set package 'rmitbot_bringup' build argument 'cmake_args' from command line to 'None'
[0.287s] Level 5:colcon.colcon_core.verb:set package 'rmitbot_bringup' build argument 'cmake_target' from command line to 'None'
[0.287s] Level 5:colcon.colcon_core.verb:set package 'rmitbot_bringup' build argument 'cmake_target_skip_unavailable' from command line to 'False'
[0.287s] Level 5:colcon.colcon_core.verb:set package 'rmitbot_bringup' build argument 'cmake_clean_cache' from command line to 'False'
[0.287s] Level 5:colcon.colcon_core.verb:set package 'rmitbot_bringup' build argument 'cmake_clean_first' from command line to 'False'
[0.287s] Level 5:colcon.colcon_core.verb:set package 'rmitbot_bringup' build argument 'cmake_force_configure' from command line to 'False'
[0.287s] Level 5:colcon.colcon_core.verb:set package 'rmitbot_bringup' build argument 'ament_cmake_args' from command line to 'None'
[0.287s] Level 5:colcon.colcon_core.verb:set package 'rmitbot_bringup' build argument 'catkin_cmake_args' from command line to 'None'
[0.287s] Level 5:colcon.colcon_core.verb:set package 'rmitbot_bringup' build argument 'catkin_skip_building_tests' from command line to 'False'
[0.288s] DEBUG:colcon.colcon_core.verb:Building package 'rmitbot_bringup' with the following arguments: {'ament_cmake_args': None, 'build_base': '/home/tranminhtu/RMITbot/lesson5_ws/build/rmitbot_bringup', 'catkin_cmake_args': None, 'catkin_skip_building_tests': False, 'cmake_args': None, 'cmake_clean_cache': False, 'cmake_clean_first': False, 'cmake_force_configure': False, 'cmake_target': None, 'cmake_target_skip_unavailable': False, 'install_base': '/home/tranminhtu/RMITbot/lesson5_ws/install/rmitbot_bringup', 'merge_install': False, 'path': '/home/tranminhtu/RMITbot/lesson5_ws/src/rmitbot_bringup', 'symlink_install': False, 'test_result_base': None}
[0.288s] Level 5:colcon.colcon_core.verb:set package 'rmitbot_controller' build argument 'cmake_args' from command line to 'None'
[0.288s] Level 5:colcon.colcon_core.verb:set package 'rmitbot_controller' build argument 'cmake_target' from command line to 'None'
[0.288s] Level 5:colcon.colcon_core.verb:set package 'rmitbot_controller' build argument 'cmake_target_skip_unavailable' from command line to 'False'
[0.288s] Level 5:colcon.colcon_core.verb:set package 'rmitbot_controller' build argument 'cmake_clean_cache' from command line to 'False'
[0.288s] Level 5:colcon.colcon_core.verb:set package 'rmitbot_controller' build argument 'cmake_clean_first' from command line to 'False'
[0.288s] Level 5:colcon.colcon_core.verb:set package 'rmitbot_controller' build argument 'cmake_force_configure' from command line to 'False'
[0.288s] Level 5:colcon.colcon_core.verb:set package 'rmitbot_controller' build argument 'ament_cmake_args' from command line to 'None'
[0.288s] Level 5:colcon.colcon_core.verb:set package 'rmitbot_controller' build argument 'catkin_cmake_args' from command line to 'None'
[0.288s] Level 5:colcon.colcon_core.verb:set package 'rmitbot_controller' build argument 'catkin_skip_building_tests' from command line to 'False'
[0.288s] DEBUG:colcon.colcon_core.verb:Building package 'rmitbot_controller' with the following arguments: {'ament_cmake_args': None, 'build_base': '/home/tranminhtu/RMITbot/lesson5_ws/build/rmitbot_controller', 'catkin_cmake_args': None, 'catkin_skip_building_tests': False, 'cmake_args': None, 'cmake_clean_cache': False, 'cmake_clean_first': False, 'cmake_force_configure': False, 'cmake_target': None, 'cmake_target_skip_unavailable': False, 'install_base': '/home/tranminhtu/RMITbot/lesson5_ws/install/rmitbot_controller', 'merge_install': False, 'path': '/home/tranminhtu/RMITbot/lesson5_ws/src/rmitbot_controller', 'symlink_install': False, 'test_result_base': None}
[0.288s] Level 5:colcon.colcon_core.verb:set package 'rmitbot_description' build argument 'cmake_args' from command line to 'None'
[0.288s] Level 5:colcon.colcon_core.verb:set package 'rmitbot_description' build argument 'cmake_target' from command line to 'None'
[0.288s] Level 5:colcon.colcon_core.verb:set package 'rmitbot_description' build argument 'cmake_target_skip_unavailable' from command line to 'False'
[0.288s] Level 5:colcon.colcon_core.verb:set package 'rmitbot_description' build argument 'cmake_clean_cache' from command line to 'False'
[0.288s] Level 5:colcon.colcon_core.verb:set package 'rmitbot_description' build argument 'cmake_clean_first' from command line to 'False'
[0.288s] Level 5:colcon.colcon_core.verb:set package 'rmitbot_description' build argument 'cmake_force_configure' from command line to 'False'
[0.288s] Level 5:colcon.colcon_core.verb:set package 'rmitbot_description' build argument 'ament_cmake_args' from command line to 'None'
[0.289s] Level 5:colcon.colcon_core.verb:set package 'rmitbot_description' build argument 'catkin_cmake_args' from command line to 'None'
[0.289s] Level 5:colcon.colcon_core.verb:set package 'rmitbot_description' build argument 'catkin_skip_building_tests' from command line to 'False'
[0.289s] DEBUG:colcon.colcon_core.verb:Building package 'rmitbot_description' with the following arguments: {'ament_cmake_args': None, 'build_base': '/home/tranminhtu/RMITbot/lesson5_ws/build/rmitbot_description', 'catkin_cmake_args': None, 'catkin_skip_building_tests': False, 'cmake_args': None, 'cmake_clean_cache': False, 'cmake_clean_first': False, 'cmake_force_configure': False, 'cmake_target': None, 'cmake_target_skip_unavailable': False, 'install_base': '/home/tranminhtu/RMITbot/lesson5_ws/install/rmitbot_description', 'merge_install': False, 'path': '/home/tranminhtu/RMITbot/lesson5_ws/src/rmitbot_description', 'symlink_install': False, 'test_result_base': None}
[0.289s] Level 5:colcon.colcon_core.verb:set package 'rmitbot_firmware' build argument 'cmake_args' from command line to 'None'
[0.289s] Level 5:colcon.colcon_core.verb:set package 'rmitbot_firmware' build argument 'cmake_target' from command line to 'None'
[0.289s] Level 5:colcon.colcon_core.verb:set package 'rmitbot_firmware' build argument 'cmake_target_skip_unavailable' from command line to 'False'
[0.289s] Level 5:colcon.colcon_core.verb:set package 'rmitbot_firmware' build argument 'cmake_clean_cache' from command line to 'False'
[0.289s] Level 5:colcon.colcon_core.verb:set package 'rmitbot_firmware' build argument 'cmake_clean_first' from command line to 'False'
[0.289s] Level 5:colcon.colcon_core.verb:set package 'rmitbot_firmware' build argument 'cmake_force_configure' from command line to 'False'
[0.289s] Level 5:colcon.colcon_core.verb:set package 'rmitbot_firmware' build argument 'ament_cmake_args' from command line to 'None'
[0.289s] Level 5:colcon.colcon_core.verb:set package 'rmitbot_firmware' build argument 'catkin_cmake_args' from command line to 'None'
[0.289s] Level 5:colcon.colcon_core.verb:set package 'rmitbot_firmware' build argument 'catkin_skip_building_tests' from command line to 'False'
[0.289s] DEBUG:colcon.colcon_core.verb:Building package 'rmitbot_firmware' with the following arguments: {'ament_cmake_args': None, 'build_base': '/home/tranminhtu/RMITbot/lesson5_ws/build/rmitbot_firmware', 'catkin_cmake_args': None, 'catkin_skip_building_tests': False, 'cmake_args': None, 'cmake_clean_cache': False, 'cmake_clean_first': False, 'cmake_force_configure': False, 'cmake_target': None, 'cmake_target_skip_unavailable': False, 'install_base': '/home/tranminhtu/RMITbot/lesson5_ws/install/rmitbot_firmware', 'merge_install': False, 'path': '/home/tranminhtu/RMITbot/lesson5_ws/src/rmitbot_firmware', 'symlink_install': False, 'test_result_base': None}
[0.289s] Level 5:colcon.colcon_core.verb:set package 'rmitbot_localization' build argument 'cmake_args' from command line to 'None'
[0.289s] Level 5:colcon.colcon_core.verb:set package 'rmitbot_localization' build argument 'cmake_target' from command line to 'None'
[0.289s] Level 5:colcon.colcon_core.verb:set package 'rmitbot_localization' build argument 'cmake_target_skip_unavailable' from command line to 'False'
[0.289s] Level 5:colcon.colcon_core.verb:set package 'rmitbot_localization' build argument 'cmake_clean_cache' from command line to 'False'
[0.289s] Level 5:colcon.colcon_core.verb:set package 'rmitbot_localization' build argument 'cmake_clean_first' from command line to 'False'
[0.289s] Level 5:colcon.colcon_core.verb:set package 'rmitbot_localization' build argument 'cmake_force_configure' from command line to 'False'
[0.289s] Level 5:colcon.colcon_core.verb:set package 'rmitbot_localization' build argument 'ament_cmake_args' from command line to 'None'
[0.289s] Level 5:colcon.colcon_core.verb:set package 'rmitbot_localization' build argument 'catkin_cmake_args' from command line to 'None'
[0.289s] Level 5:colcon.colcon_core.verb:set package 'rmitbot_localization' build argument 'catkin_skip_building_tests' from command line to 'False'
[0.289s] DEBUG:colcon.colcon_core.verb:Building package 'rmitbot_localization' with the following arguments: {'ament_cmake_args': None, 'build_base': '/home/tranminhtu/RMITbot/lesson5_ws/build/rmitbot_localization', 'catkin_cmake_args': None, 'catkin_skip_building_tests': False, 'cmake_args': None, 'cmake_clean_cache': False, 'cmake_clean_first': False, 'cmake_force_configure': False, 'cmake_target': None, 'cmake_target_skip_unavailable': False, 'install_base': '/home/tranminhtu/RMITbot/lesson5_ws/install/rmitbot_localization', 'merge_install': False, 'path': '/home/tranminhtu/RMITbot/lesson5_ws/src/rmitbot_localization', 'symlink_install': False, 'test_result_base': None}
[0.289s] INFO:colcon.colcon_core.executor:Executing jobs using 'parallel' executor
[0.290s] DEBUG:colcon.colcon_parallel_executor.executor.parallel:run_until_complete
[0.290s] INFO:colcon.colcon_ros.task.ament_cmake.build:Building ROS package in '/home/tranminhtu/RMITbot/lesson5_ws/src/rmitbot_bringup' with build type 'ament_cmake'
[0.290s] INFO:colcon.colcon_cmake.task.cmake.build:Building CMake package in '/home/tranminhtu/RMITbot/lesson5_ws/src/rmitbot_bringup'
[0.294s] INFO:colcon.colcon_core.plugin_system:Skipping extension 'colcon_core.shell.bat': Not used on non-Windows systems
[0.294s] INFO:colcon.colcon_core.shell:Skip shell extension 'powershell' for command environment: Not usable outside of PowerShell
[0.294s] DEBUG:colcon.colcon_core.shell:Skip shell extension 'dsv' for command environment
[0.299s] INFO:colcon.colcon_ros.task.ament_cmake.build:Building ROS package in '/home/tranminhtu/RMITbot/lesson5_ws/src/rmitbot_controller' with build type 'ament_cmake'
[0.299s] INFO:colcon.colcon_cmake.task.cmake.build:Building CMake package in '/home/tranminhtu/RMITbot/lesson5_ws/src/rmitbot_controller'
[0.299s] INFO:colcon.colcon_core.shell:Skip shell extension 'powershell' for command environment: Not usable outside of PowerShell
[0.299s] DEBUG:colcon.colcon_core.shell:Skip shell extension 'dsv' for command environment
[0.303s] INFO:colcon.colcon_ros.task.ament_cmake.build:Building ROS package in '/home/tranminhtu/RMITbot/lesson5_ws/src/rmitbot_description' with build type 'ament_cmake'
[0.304s] INFO:colcon.colcon_cmake.task.cmake.build:Building CMake package in '/home/tranminhtu/RMITbot/lesson5_ws/src/rmitbot_description'
[0.304s] INFO:colcon.colcon_core.shell:Skip shell extension 'powershell' for command environment: Not usable outside of PowerShell
[0.304s] DEBUG:colcon.colcon_core.shell:Skip shell extension 'dsv' for command environment
[0.308s] INFO:colcon.colcon_ros.task.ament_cmake.build:Building ROS package in '/home/tranminhtu/RMITbot/lesson5_ws/src/rmitbot_firmware' with build type 'ament_cmake'
[0.308s] INFO:colcon.colcon_cmake.task.cmake.build:Building CMake package in '/home/tranminhtu/RMITbot/lesson5_ws/src/rmitbot_firmware'
[0.308s] INFO:colcon.colcon_core.shell:Skip shell extension 'powershell' for command environment: Not usable outside of PowerShell
[0.308s] DEBUG:colcon.colcon_core.shell:Skip shell extension 'dsv' for command environment
[0.312s] INFO:colcon.colcon_ros.task.ament_cmake.build:Building ROS package in '/home/tranminhtu/RMITbot/lesson5_ws/src/rmitbot_localization' with build type 'ament_cmake'
[0.312s] INFO:colcon.colcon_cmake.task.cmake.build:Building CMake package in '/home/tranminhtu/RMITbot/lesson5_ws/src/rmitbot_localization'
[0.312s] INFO:colcon.colcon_core.shell:Skip shell extension 'powershell' for command environment: Not usable outside of PowerShell
[0.312s] DEBUG:colcon.colcon_core.shell:Skip shell extension 'dsv' for command environment
[0.325s] DEBUG:colcon.colcon_core.event_handler.log_command:Invoking command in '/home/tranminhtu/RMITbot/lesson5_ws/build/rmitbot_bringup': CMAKE_PREFIX_PATH=${CMAKE_PREFIX_PATH}:/opt/ros/jazzy DEBUGINFOD_URLS=https://debuginfod.ubuntu.com /usr/bin/cmake --build /home/tranminhtu/RMITbot/lesson5_ws/build/rmitbot_bringup -- -j8 -l8
[0.330s] DEBUG:colcon.colcon_core.event_handler.log_command:Invoking command in '/home/tranminhtu/RMITbot/lesson5_ws/build/rmitbot_controller': CMAKE_PREFIX_PATH=${CMAKE_PREFIX_PATH}:/opt/ros/jazzy DEBUGINFOD_URLS=https://debuginfod.ubuntu.com /usr/bin/cmake --build /home/tranminhtu/RMITbot/lesson5_ws/build/rmitbot_controller -- -j8 -l8
[0.332s] DEBUG:colcon.colcon_core.event_handler.log_command:Invoking command in '/home/tranminhtu/RMITbot/lesson5_ws/build/rmitbot_description': CMAKE_PREFIX_PATH=${CMAKE_PREFIX_PATH}:/opt/ros/jazzy DEBUGINFOD_URLS=https://debuginfod.ubuntu.com /usr/bin/cmake --build /home/tranminhtu/RMITbot/lesson5_ws/build/rmitbot_description -- -j8 -l8
[0.338s] DEBUG:colcon.colcon_core.event_handler.log_command:Invoking command in '/home/tranminhtu/RMITbot/lesson5_ws/build/rmitbot_firmware': CMAKE_PREFIX_PATH=${CMAKE_PREFIX_PATH}:/opt/ros/jazzy DEBUGINFOD_URLS=https://debuginfod.ubuntu.com /usr/bin/cmake --build /home/tranminhtu/RMITbot/lesson5_ws/build/rmitbot_firmware -- -j8 -l8
[0.357s] DEBUG:colcon.colcon_core.event_handler.log_command:Invoking command in '/home/tranminhtu/RMITbot/lesson5_ws/build/rmitbot_localization': CMAKE_PREFIX_PATH=${CMAKE_PREFIX_PATH}:/opt/ros/jazzy DEBUGINFOD_URLS=https://debuginfod.ubuntu.com /usr/bin/cmake --build /home/tranminhtu/RMITbot/lesson5_ws/build/rmitbot_localization -- -j8 -l8
[0.392s] DEBUG:colcon.colcon_core.event_handler.log_command:Invoked command in '/home/tranminhtu/RMITbot/lesson5_ws/build/rmitbot_bringup' returned '0': CMAKE_PREFIX_PATH=${CMAKE_PREFIX_PATH}:/opt/ros/jazzy DEBUGINFOD_URLS=https://debuginfod.ubuntu.com /usr/bin/cmake --build /home/tranminhtu/RMITbot/lesson5_ws/build/rmitbot_bringup -- -j8 -l8
[0.407s] DEBUG:colcon.colcon_core.event_handler.log_command:Invoking command in '/home/tranminhtu/RMITbot/lesson5_ws/build/rmitbot_bringup': CMAKE_PREFIX_PATH=${CMAKE_PREFIX_PATH}:/opt/ros/jazzy DEBUGINFOD_URLS=https://debuginfod.ubuntu.com /usr/bin/cmake --install /home/tranminhtu/RMITbot/lesson5_ws/build/rmitbot_bringup
[0.409s] DEBUG:colcon.colcon_core.event_handler.log_command:Invoked command in '/home/tranminhtu/RMITbot/lesson5_ws/build/rmitbot_controller' returned '0': CMAKE_PREFIX_PATH=${CMAKE_PREFIX_PATH}:/opt/ros/jazzy DEBUGINFOD_URLS=https://debuginfod.ubuntu.com /usr/bin/cmake --build /home/tranminhtu/RMITbot/lesson5_ws/build/rmitbot_controller -- -j8 -l8
[0.410s] DEBUG:colcon.colcon_core.event_handler.log_command:Invoking command in '/home/tranminhtu/RMITbot/lesson5_ws/build/rmitbot_controller': CMAKE_PREFIX_PATH=${CMAKE_PREFIX_PATH}:/opt/ros/jazzy DEBUGINFOD_URLS=https://debuginfod.ubuntu.com /usr/bin/cmake --install /home/tranminhtu/RMITbot/lesson5_ws/build/rmitbot_controller
[0.412s] DEBUG:colcon.colcon_core.event_handler.log_command:Invoked command in '/home/tranminhtu/RMITbot/lesson5_ws/build/rmitbot_description' returned '0': CMAKE_PREFIX_PATH=${CMAKE_PREFIX_PATH}:/opt/ros/jazzy DEBUGINFOD_URLS=https://debuginfod.ubuntu.com /usr/bin/cmake --build /home/tranminhtu/RMITbot/lesson5_ws/build/rmitbot_description -- -j8 -l8
[0.417s] DEBUG:colcon.colcon_core.event_handler.log_command:Invoking command in '/home/tranminhtu/RMITbot/lesson5_ws/build/rmitbot_description': CMAKE_PREFIX_PATH=${CMAKE_PREFIX_PATH}:/opt/ros/jazzy DEBUGINFOD_URLS=https://debuginfod.ubuntu.com /usr/bin/cmake --install /home/tranminhtu/RMITbot/lesson5_ws/build/rmitbot_description
[0.423s] DEBUG:colcon.colcon_core.event_handler.log_command:Invoked command in '/home/tranminhtu/RMITbot/lesson5_ws/build/rmitbot_localization' returned '0': CMAKE_PREFIX_PATH=${CMAKE_PREFIX_PATH}:/opt/ros/jazzy DEBUGINFOD_URLS=https://debuginfod.ubuntu.com /usr/bin/cmake --build /home/tranminhtu/RMITbot/lesson5_ws/build/rmitbot_localization -- -j8 -l8
[0.425s] DEBUG:colcon.colcon_core.event_handler.log_command:Invoking command in '/home/tranminhtu/RMITbot/lesson5_ws/build/rmitbot_localization': CMAKE_PREFIX_PATH=${CMAKE_PREFIX_PATH}:/opt/ros/jazzy DEBUGINFOD_URLS=https://debuginfod.ubuntu.com /usr/bin/cmake --install /home/tranminhtu/RMITbot/lesson5_ws/build/rmitbot_localization
[0.426s] Level 1:colcon.colcon_core.environment:create_environment_scripts_only(rmitbot_bringup)
[0.426s] DEBUG:colcon.colcon_core.event_handler.log_command:Invoked command in '/home/tranminhtu/RMITbot/lesson5_ws/build/rmitbot_bringup' returned '0': CMAKE_PREFIX_PATH=${CMAKE_PREFIX_PATH}:/opt/ros/jazzy DEBUGINFOD_URLS=https://debuginfod.ubuntu.com /usr/bin/cmake --install /home/tranminhtu/RMITbot/lesson5_ws/build/rmitbot_bringup
[0.443s] Level 1:colcon.colcon_core.environment:checking '/home/tranminhtu/RMITbot/lesson5_ws/install/rmitbot_bringup' for CMake module files
[0.443s] Level 1:colcon.colcon_core.environment:checking '/home/tranminhtu/RMITbot/lesson5_ws/install/rmitbot_bringup' for CMake config files
[0.443s] Level 1:colcon.colcon_core.shell:create_environment_hook('rmitbot_bringup', 'cmake_prefix_path')
[0.444s] INFO:colcon.colcon_core.shell:Creating environment hook '/home/tranminhtu/RMITbot/lesson5_ws/install/rmitbot_bringup/share/rmitbot_bringup/hook/cmake_prefix_path.ps1'
[0.444s] INFO:colcon.colcon_core.shell:Creating environment descriptor '/home/tranminhtu/RMITbot/lesson5_ws/install/rmitbot_bringup/share/rmitbot_bringup/hook/cmake_prefix_path.dsv'
[0.445s] INFO:colcon.colcon_core.shell:Creating environment hook '/home/tranminhtu/RMITbot/lesson5_ws/install/rmitbot_bringup/share/rmitbot_bringup/hook/cmake_prefix_path.sh'
[0.445s] Level 1:colcon.colcon_core.environment:checking '/home/tranminhtu/RMITbot/lesson5_ws/install/rmitbot_bringup/bin'
[0.445s] Level 1:colcon.colcon_core.environment:checking '/home/tranminhtu/RMITbot/lesson5_ws/install/rmitbot_bringup/lib/pkgconfig/rmitbot_bringup.pc'
[0.446s] Level 1:colcon.colcon_core.environment:checking '/home/tranminhtu/RMITbot/lesson5_ws/install/rmitbot_bringup/lib/python3.12/site-packages'
[0.446s] Level 1:colcon.colcon_core.environment:checking '/home/tranminhtu/RMITbot/lesson5_ws/install/rmitbot_bringup/bin'
[0.446s] INFO:colcon.colcon_core.shell:Creating package script '/home/tranminhtu/RMITbot/lesson5_ws/install/rmitbot_bringup/share/rmitbot_bringup/package.ps1'
[0.447s] INFO:colcon.colcon_core.shell:Creating package descriptor '/home/tranminhtu/RMITbot/lesson5_ws/install/rmitbot_bringup/share/rmitbot_bringup/package.dsv'
[0.447s] INFO:colcon.colcon_core.shell:Creating package script '/home/tranminhtu/RMITbot/lesson5_ws/install/rmitbot_bringup/share/rmitbot_bringup/package.sh'
[0.448s] INFO:colcon.colcon_core.shell:Creating package script '/home/tranminhtu/RMITbot/lesson5_ws/install/rmitbot_bringup/share/rmitbot_bringup/package.bash'
[0.449s] INFO:colcon.colcon_core.shell:Creating package script '/home/tranminhtu/RMITbot/lesson5_ws/install/rmitbot_bringup/share/rmitbot_bringup/package.zsh'
[0.450s] Level 1:colcon.colcon_core.environment:create_file_with_runtime_dependencies(/home/tranminhtu/RMITbot/lesson5_ws/install/rmitbot_bringup/share/colcon-core/packages/rmitbot_bringup)
[0.451s] Level 1:colcon.colcon_core.environment:create_environment_scripts_only(rmitbot_bringup)
[0.451s] Level 1:colcon.colcon_core.environment:checking '/home/tranminhtu/RMITbot/lesson5_ws/install/rmitbot_bringup' for CMake module files
[0.451s] Level 1:colcon.colcon_core.environment:checking '/home/tranminhtu/RMITbot/lesson5_ws/install/rmitbot_bringup' for CMake config files
[0.452s] Level 1:colcon.colcon_core.shell:create_environment_hook('rmitbot_bringup', 'cmake_prefix_path')
[0.452s] INFO:colcon.colcon_core.shell:Creating environment hook '/home/tranminhtu/RMITbot/lesson5_ws/install/rmitbot_bringup/share/rmitbot_bringup/hook/cmake_prefix_path.ps1'
[0.452s] INFO:colcon.colcon_core.shell:Creating environment descriptor '/home/tranminhtu/RMITbot/lesson5_ws/install/rmitbot_bringup/share/rmitbot_bringup/hook/cmake_prefix_path.dsv'
[0.453s] INFO:colcon.colcon_core.shell:Creating environment hook '/home/tranminhtu/RMITbot/lesson5_ws/install/rmitbot_bringup/share/rmitbot_bringup/hook/cmake_prefix_path.sh'
[0.453s] Level 1:colcon.colcon_core.environment:checking '/home/tranminhtu/RMITbot/lesson5_ws/install/rmitbot_bringup/bin'
[0.453s] Level 1:colcon.colcon_core.environment:checking '/home/tranminhtu/RMITbot/lesson5_ws/install/rmitbot_bringup/lib/pkgconfig/rmitbot_bringup.pc'
[0.454s] Level 1:colcon.colcon_core.environment:checking '/home/tranminhtu/RMITbot/lesson5_ws/install/rmitbot_bringup/lib/python3.12/site-packages'
[0.454s] Level 1:colcon.colcon_core.environment:checking '/home/tranminhtu/RMITbot/lesson5_ws/install/rmitbot_bringup/bin'
[0.454s] INFO:colcon.colcon_core.shell:Creating package script '/home/tranminhtu/RMITbot/lesson5_ws/install/rmitbot_bringup/share/rmitbot_bringup/package.ps1'
[0.454s] INFO:colcon.colcon_core.shell:Creating package descriptor '/home/tranminhtu/RMITbot/lesson5_ws/install/rmitbot_bringup/share/rmitbot_bringup/package.dsv'
[0.455s] INFO:colcon.colcon_core.shell:Creating package script '/home/tranminhtu/RMITbot/lesson5_ws/install/rmitbot_bringup/share/rmitbot_bringup/package.sh'
[0.455s] INFO:colcon.colcon_core.shell:Creating package script '/home/tranminhtu/RMITbot/lesson5_ws/install/rmitbot_bringup/share/rmitbot_bringup/package.bash'
[0.455s] INFO:colcon.colcon_core.shell:Creating package script '/home/tranminhtu/RMITbot/lesson5_ws/install/rmitbot_bringup/share/rmitbot_bringup/package.zsh'
[0.456s] Level 1:colcon.colcon_core.environment:create_file_with_runtime_dependencies(/home/tranminhtu/RMITbot/lesson5_ws/install/rmitbot_bringup/share/colcon-core/packages/rmitbot_bringup)
[0.459s] Level 1:colcon.colcon_core.environment:create_environment_scripts_only(rmitbot_description)
[0.459s] Level 1:colcon.colcon_core.environment:checking '/home/tranminhtu/RMITbot/lesson5_ws/install/rmitbot_description' for CMake module files
[0.459s] Level 1:colcon.colcon_core.environment:checking '/home/tranminhtu/RMITbot/lesson5_ws/install/rmitbot_description' for CMake config files
[0.460s] DEBUG:colcon.colcon_core.event_handler.log_command:Invoked command in '/home/tranminhtu/RMITbot/lesson5_ws/build/rmitbot_description' returned '0': CMAKE_PREFIX_PATH=${CMAKE_PREFIX_PATH}:/opt/ros/jazzy DEBUGINFOD_URLS=https://debuginfod.ubuntu.com /usr/bin/cmake --install /home/tranminhtu/RMITbot/lesson5_ws/build/rmitbot_description
[0.460s] Level 1:colcon.colcon_core.shell:create_environment_hook('rmitbot_description', 'cmake_prefix_path')
[0.461s] INFO:colcon.colcon_core.shell:Creating environment hook '/home/tranminhtu/RMITbot/lesson5_ws/install/rmitbot_description/share/rmitbot_description/hook/cmake_prefix_path.ps1'
[0.462s] INFO:colcon.colcon_core.shell:Creating environment descriptor '/home/tranminhtu/RMITbot/lesson5_ws/install/rmitbot_description/share/rmitbot_description/hook/cmake_prefix_path.dsv'
[0.462s] INFO:colcon.colcon_core.shell:Creating environment hook '/home/tranminhtu/RMITbot/lesson5_ws/install/rmitbot_description/share/rmitbot_description/hook/cmake_prefix_path.sh'
[0.463s] Level 1:colcon.colcon_core.environment:checking '/home/tranminhtu/RMITbot/lesson5_ws/install/rmitbot_description/bin'
[0.464s] Level 1:colcon.colcon_core.environment:checking '/home/tranminhtu/RMITbot/lesson5_ws/install/rmitbot_description/lib/pkgconfig/rmitbot_description.pc'
[0.464s] Level 1:colcon.colcon_core.environment:checking '/home/tranminhtu/RMITbot/lesson5_ws/install/rmitbot_description/lib/python3.12/site-packages'
[0.464s] Level 1:colcon.colcon_core.environment:checking '/home/tranminhtu/RMITbot/lesson5_ws/install/rmitbot_description/bin'
[0.464s] INFO:colcon.colcon_core.shell:Creating package script '/home/tranminhtu/RMITbot/lesson5_ws/install/rmitbot_description/share/rmitbot_description/package.ps1'
[0.465s] INFO:colcon.colcon_core.shell:Creating package descriptor '/home/tranminhtu/RMITbot/lesson5_ws/install/rmitbot_description/share/rmitbot_description/package.dsv'
[0.466s] INFO:colcon.colcon_core.shell:Creating package script '/home/tranminhtu/RMITbot/lesson5_ws/install/rmitbot_description/share/rmitbot_description/package.sh'
[0.467s] INFO:colcon.colcon_core.shell:Creating package script '/home/tranminhtu/RMITbot/lesson5_ws/install/rmitbot_description/share/rmitbot_description/package.bash'
[0.467s] INFO:colcon.colcon_core.shell:Creating package script '/home/tranminhtu/RMITbot/lesson5_ws/install/rmitbot_description/share/rmitbot_description/package.zsh'
[0.468s] Level 1:colcon.colcon_core.environment:create_file_with_runtime_dependencies(/home/tranminhtu/RMITbot/lesson5_ws/install/rmitbot_description/share/colcon-core/packages/rmitbot_description)
[0.468s] Level 1:colcon.colcon_core.environment:create_environment_scripts_only(rmitbot_description)
[0.468s] Level 1:colcon.colcon_core.environment:checking '/home/tranminhtu/RMITbot/lesson5_ws/install/rmitbot_description' for CMake module files
[0.469s] Level 1:colcon.colcon_core.environment:checking '/home/tranminhtu/RMITbot/lesson5_ws/install/rmitbot_description' for CMake config files
[0.469s] Level 1:colcon.colcon_core.shell:create_environment_hook('rmitbot_description', 'cmake_prefix_path')
[0.469s] INFO:colcon.colcon_core.shell:Creating environment hook '/home/tranminhtu/RMITbot/lesson5_ws/install/rmitbot_description/share/rmitbot_description/hook/cmake_prefix_path.ps1'
[0.470s] INFO:colcon.colcon_core.shell:Creating environment descriptor '/home/tranminhtu/RMITbot/lesson5_ws/install/rmitbot_description/share/rmitbot_description/hook/cmake_prefix_path.dsv'
[0.470s] INFO:colcon.colcon_core.shell:Creating environment hook '/home/tranminhtu/RMITbot/lesson5_ws/install/rmitbot_description/share/rmitbot_description/hook/cmake_prefix_path.sh'
[0.471s] Level 1:colcon.colcon_core.environment:checking '/home/tranminhtu/RMITbot/lesson5_ws/install/rmitbot_description/bin'
[0.471s] Level 1:colcon.colcon_core.environment:checking '/home/tranminhtu/RMITbot/lesson5_ws/install/rmitbot_description/lib/pkgconfig/rmitbot_description.pc'
[0.472s] Level 1:colcon.colcon_core.environment:checking '/home/tranminhtu/RMITbot/lesson5_ws/install/rmitbot_description/lib/python3.12/site-packages'
[0.472s] Level 1:colcon.colcon_core.environment:checking '/home/tranminhtu/RMITbot/lesson5_ws/install/rmitbot_description/bin'
[0.472s] INFO:colcon.colcon_core.shell:Creating package script '/home/tranminhtu/RMITbot/lesson5_ws/install/rmitbot_description/share/rmitbot_description/package.ps1'
[0.473s] INFO:colcon.colcon_core.shell:Creating package descriptor '/home/tranminhtu/RMITbot/lesson5_ws/install/rmitbot_description/share/rmitbot_description/package.dsv'
[0.473s] INFO:colcon.colcon_core.shell:Creating package script '/home/tranminhtu/RMITbot/lesson5_ws/install/rmitbot_description/share/rmitbot_description/package.sh'
[0.474s] INFO:colcon.colcon_core.shell:Creating package script '/home/tranminhtu/RMITbot/lesson5_ws/install/rmitbot_description/share/rmitbot_description/package.bash'
[0.474s] INFO:colcon.colcon_core.shell:Creating package script '/home/tranminhtu/RMITbot/lesson5_ws/install/rmitbot_description/share/rmitbot_description/package.zsh'
[0.474s] Level 1:colcon.colcon_core.environment:create_file_with_runtime_dependencies(/home/tranminhtu/RMITbot/lesson5_ws/install/rmitbot_description/share/colcon-core/packages/rmitbot_description)
[0.475s] Level 1:colcon.colcon_core.environment:create_environment_scripts_only(rmitbot_controller)
[0.475s] Level 1:colcon.colcon_core.environment:checking '/home/tranminhtu/RMITbot/lesson5_ws/install/rmitbot_controller' for CMake module files
[0.477s] DEBUG:colcon.colcon_core.event_handler.log_command:Invoked command in '/home/tranminhtu/RMITbot/lesson5_ws/build/rmitbot_controller' returned '0': CMAKE_PREFIX_PATH=${CMAKE_PREFIX_PATH}:/opt/ros/jazzy DEBUGINFOD_URLS=https://debuginfod.ubuntu.com /usr/bin/cmake --install /home/tranminhtu/RMITbot/lesson5_ws/build/rmitbot_controller
[0.477s] Level 1:colcon.colcon_core.environment:checking '/home/tranminhtu/RMITbot/lesson5_ws/install/rmitbot_controller' for CMake config files
[0.477s] Level 1:colcon.colcon_core.shell:create_environment_hook('rmitbot_controller', 'cmake_prefix_path')
[0.477s] INFO:colcon.colcon_core.shell:Creating environment hook '/home/tranminhtu/RMITbot/lesson5_ws/install/rmitbot_controller/share/rmitbot_controller/hook/cmake_prefix_path.ps1'
[0.478s] INFO:colcon.colcon_core.shell:Creating environment descriptor '/home/tranminhtu/RMITbot/lesson5_ws/install/rmitbot_controller/share/rmitbot_controller/hook/cmake_prefix_path.dsv'
[0.478s] INFO:colcon.colcon_core.shell:Creating environment hook '/home/tranminhtu/RMITbot/lesson5_ws/install/rmitbot_controller/share/rmitbot_controller/hook/cmake_prefix_path.sh'
[0.479s] Level 1:colcon.colcon_core.environment:checking '/home/tranminhtu/RMITbot/lesson5_ws/install/rmitbot_controller/bin'
[0.479s] Level 1:colcon.colcon_core.environment:checking '/home/tranminhtu/RMITbot/lesson5_ws/install/rmitbot_controller/lib/pkgconfig/rmitbot_controller.pc'
[0.479s] Level 1:colcon.colcon_core.environment:checking '/home/tranminhtu/RMITbot/lesson5_ws/install/rmitbot_controller/lib/python3.12/site-packages'
[0.479s] Level 1:colcon.colcon_core.environment:checking '/home/tranminhtu/RMITbot/lesson5_ws/install/rmitbot_controller/bin'
[0.479s] INFO:colcon.colcon_core.shell:Creating package script '/home/tranminhtu/RMITbot/lesson5_ws/install/rmitbot_controller/share/rmitbot_controller/package.ps1'
[0.480s] INFO:colcon.colcon_core.shell:Creating package descriptor '/home/tranminhtu/RMITbot/lesson5_ws/install/rmitbot_controller/share/rmitbot_controller/package.dsv'
[0.480s] INFO:colcon.colcon_core.shell:Creating package script '/home/tranminhtu/RMITbot/lesson5_ws/install/rmitbot_controller/share/rmitbot_controller/package.sh'
[0.481s] INFO:colcon.colcon_core.shell:Creating package script '/home/tranminhtu/RMITbot/lesson5_ws/install/rmitbot_controller/share/rmitbot_controller/package.bash'
[0.481s] INFO:colcon.colcon_core.shell:Creating package script '/home/tranminhtu/RMITbot/lesson5_ws/install/rmitbot_controller/share/rmitbot_controller/package.zsh'
[0.481s] Level 1:colcon.colcon_core.environment:create_file_with_runtime_dependencies(/home/tranminhtu/RMITbot/lesson5_ws/install/rmitbot_controller/share/colcon-core/packages/rmitbot_controller)
[0.482s] Level 1:colcon.colcon_core.environment:create_environment_scripts_only(rmitbot_controller)
[0.482s] Level 1:colcon.colcon_core.environment:checking '/home/tranminhtu/RMITbot/lesson5_ws/install/rmitbot_controller' for CMake module files
[0.483s] Level 1:colcon.colcon_core.environment:checking '/home/tranminhtu/RMITbot/lesson5_ws/install/rmitbot_controller' for CMake config files
[0.483s] Level 1:colcon.colcon_core.shell:create_environment_hook('rmitbot_controller', 'cmake_prefix_path')
[0.483s] INFO:colcon.colcon_core.shell:Creating environment hook '/home/tranminhtu/RMITbot/lesson5_ws/install/rmitbot_controller/share/rmitbot_controller/hook/cmake_prefix_path.ps1'
[0.484s] INFO:colcon.colcon_core.shell:Creating environment descriptor '/home/tranminhtu/RMITbot/lesson5_ws/install/rmitbot_controller/share/rmitbot_controller/hook/cmake_prefix_path.dsv'
[0.485s] INFO:colcon.colcon_core.shell:Creating environment hook '/home/tranminhtu/RMITbot/lesson5_ws/install/rmitbot_controller/share/rmitbot_controller/hook/cmake_prefix_path.sh'
[0.485s] Level 1:colcon.colcon_core.environment:checking '/home/tranminhtu/RMITbot/lesson5_ws/install/rmitbot_controller/bin'
[0.485s] Level 1:colcon.colcon_core.environment:checking '/home/tranminhtu/RMITbot/lesson5_ws/install/rmitbot_controller/lib/pkgconfig/rmitbot_controller.pc'
[0.486s] Level 1:colcon.colcon_core.environment:checking '/home/tranminhtu/RMITbot/lesson5_ws/install/rmitbot_controller/lib/python3.12/site-packages'
[0.486s] Level 1:colcon.colcon_core.environment:checking '/home/tranminhtu/RMITbot/lesson5_ws/install/rmitbot_controller/bin'
[0.486s] INFO:colcon.colcon_core.shell:Creating package script '/home/tranminhtu/RMITbot/lesson5_ws/install/rmitbot_controller/share/rmitbot_controller/package.ps1'
[0.486s] INFO:colcon.colcon_core.shell:Creating package descriptor '/home/tranminhtu/RMITbot/lesson5_ws/install/rmitbot_controller/share/rmitbot_controller/package.dsv'
[0.487s] INFO:colcon.colcon_core.shell:Creating package script '/home/tranminhtu/RMITbot/lesson5_ws/install/rmitbot_controller/share/rmitbot_controller/package.sh'
[0.488s] INFO:colcon.colcon_core.shell:Creating package script '/home/tranminhtu/RMITbot/lesson5_ws/install/rmitbot_controller/share/rmitbot_controller/package.bash'
[0.488s] INFO:colcon.colcon_core.shell:Creating package script '/home/tranminhtu/RMITbot/lesson5_ws/install/rmitbot_controller/share/rmitbot_controller/package.zsh'
[0.488s] Level 1:colcon.colcon_core.environment:create_file_with_runtime_dependencies(/home/tranminhtu/RMITbot/lesson5_ws/install/rmitbot_controller/share/colcon-core/packages/rmitbot_controller)
[0.489s] Level 1:colcon.colcon_core.environment:create_environment_scripts_only(rmitbot_localization)
[0.489s] Level 1:colcon.colcon_core.environment:checking '/home/tranminhtu/RMITbot/lesson5_ws/install/rmitbot_localization' for CMake module files
[0.491s] Level 1:colcon.colcon_core.environment:checking '/home/tranminhtu/RMITbot/lesson5_ws/install/rmitbot_localization' for CMake config files
[0.491s] Level 1:colcon.colcon_core.shell:create_environment_hook('rmitbot_localization', 'cmake_prefix_path')
[0.491s] INFO:colcon.colcon_core.shell:Creating environment hook '/home/tranminhtu/RMITbot/lesson5_ws/install/rmitbot_localization/share/rmitbot_localization/hook/cmake_prefix_path.ps1'
[0.492s] INFO:colcon.colcon_core.shell:Creating environment descriptor '/home/tranminhtu/RMITbot/lesson5_ws/install/rmitbot_localization/share/rmitbot_localization/hook/cmake_prefix_path.dsv'
[0.493s] DEBUG:colcon.colcon_core.event_handler.log_command:Invoked command in '/home/tranminhtu/RMITbot/lesson5_ws/build/rmitbot_localization' returned '0': CMAKE_PREFIX_PATH=${CMAKE_PREFIX_PATH}:/opt/ros/jazzy DEBUGINFOD_URLS=https://debuginfod.ubuntu.com /usr/bin/cmake --install /home/tranminhtu/RMITbot/lesson5_ws/build/rmitbot_localization
[0.493s] INFO:colcon.colcon_core.shell:Creating environment hook '/home/tranminhtu/RMITbot/lesson5_ws/install/rmitbot_localization/share/rmitbot_localization/hook/cmake_prefix_path.sh'
[0.494s] Level 1:colcon.colcon_core.environment:checking '/home/tranminhtu/RMITbot/lesson5_ws/install/rmitbot_localization/bin'
[0.494s] Level 1:colcon.colcon_core.environment:checking '/home/tranminhtu/RMITbot/lesson5_ws/install/rmitbot_localization/lib/pkgconfig/rmitbot_localization.pc'
[0.494s] Level 1:colcon.colcon_core.environment:checking '/home/tranminhtu/RMITbot/lesson5_ws/install/rmitbot_localization/lib/python3.12/site-packages'
[0.495s] Level 1:colcon.colcon_core.environment:checking '/home/tranminhtu/RMITbot/lesson5_ws/install/rmitbot_localization/bin'
[0.495s] INFO:colcon.colcon_core.shell:Creating package script '/home/tranminhtu/RMITbot/lesson5_ws/install/rmitbot_localization/share/rmitbot_localization/package.ps1'
[0.495s] INFO:colcon.colcon_core.shell:Creating package descriptor '/home/tranminhtu/RMITbot/lesson5_ws/install/rmitbot_localization/share/rmitbot_localization/package.dsv'
[0.496s] INFO:colcon.colcon_core.shell:Creating package script '/home/tranminhtu/RMITbot/lesson5_ws/install/rmitbot_localization/share/rmitbot_localization/package.sh'
[0.496s] INFO:colcon.colcon_core.shell:Creating package script '/home/tranminhtu/RMITbot/lesson5_ws/install/rmitbot_localization/share/rmitbot_localization/package.bash'
[0.497s] INFO:colcon.colcon_core.shell:Creating package script '/home/tranminhtu/RMITbot/lesson5_ws/install/rmitbot_localization/share/rmitbot_localization/package.zsh'
[0.497s] Level 1:colcon.colcon_core.environment:create_file_with_runtime_dependencies(/home/tranminhtu/RMITbot/lesson5_ws/install/rmitbot_localization/share/colcon-core/packages/rmitbot_localization)
[0.498s] Level 1:colcon.colcon_core.environment:create_environment_scripts_only(rmitbot_localization)
[0.498s] Level 1:colcon.colcon_core.environment:checking '/home/tranminhtu/RMITbot/lesson5_ws/install/rmitbot_localization' for CMake module files
[0.498s] Level 1:colcon.colcon_core.environment:checking '/home/tranminhtu/RMITbot/lesson5_ws/install/rmitbot_localization' for CMake config files
[0.499s] Level 1:colcon.colcon_core.shell:create_environment_hook('rmitbot_localization', 'cmake_prefix_path')
[0.499s] INFO:colcon.colcon_core.shell:Creating environment hook '/home/tranminhtu/RMITbot/lesson5_ws/install/rmitbot_localization/share/rmitbot_localization/hook/cmake_prefix_path.ps1'
[0.499s] INFO:colcon.colcon_core.shell:Creating environment descriptor '/home/tranminhtu/RMITbot/lesson5_ws/install/rmitbot_localization/share/rmitbot_localization/hook/cmake_prefix_path.dsv'
[0.500s] INFO:colcon.colcon_core.shell:Creating environment hook '/home/tranminhtu/RMITbot/lesson5_ws/install/rmitbot_localization/share/rmitbot_localization/hook/cmake_prefix_path.sh'
[0.500s] Level 1:colcon.colcon_core.environment:checking '/home/tranminhtu/RMITbot/lesson5_ws/install/rmitbot_localization/bin'
[0.500s] Level 1:colcon.colcon_core.environment:checking '/home/tranminhtu/RMITbot/lesson5_ws/install/rmitbot_localization/lib/pkgconfig/rmitbot_localization.pc'
[0.500s] Level 1:colcon.colcon_core.environment:checking '/home/tranminhtu/RMITbot/lesson5_ws/install/rmitbot_localization/lib/python3.12/site-packages'
[0.501s] Level 1:colcon.colcon_core.environment:checking '/home/tranminhtu/RMITbot/lesson5_ws/install/rmitbot_localization/bin'
[0.501s] INFO:colcon.colcon_core.shell:Creating package script '/home/tranminhtu/RMITbot/lesson5_ws/install/rmitbot_localization/share/rmitbot_localization/package.ps1'
[0.501s] INFO:colcon.colcon_core.shell:Creating package descriptor '/home/tranminhtu/RMITbot/lesson5_ws/install/rmitbot_localization/share/rmitbot_localization/package.dsv'
[0.502s] INFO:colcon.colcon_core.shell:Creating package script '/home/tranminhtu/RMITbot/lesson5_ws/install/rmitbot_localization/share/rmitbot_localization/package.sh'
[0.502s] INFO:colcon.colcon_core.shell:Creating package script '/home/tranminhtu/RMITbot/lesson5_ws/install/rmitbot_localization/share/rmitbot_localization/package.bash'
[0.502s] INFO:colcon.colcon_core.shell:Creating package script '/home/tranminhtu/RMITbot/lesson5_ws/install/rmitbot_localization/share/rmitbot_localization/package.zsh'
[0.503s] Level 1:colcon.colcon_core.environment:create_file_with_runtime_dependencies(/home/tranminhtu/RMITbot/lesson5_ws/install/rmitbot_localization/share/colcon-core/packages/rmitbot_localization)
[0.506s] DEBUG:colcon.colcon_core.event_handler.log_command:Invoked command in '/home/tranminhtu/RMITbot/lesson5_ws/build/rmitbot_firmware' returned '0': CMAKE_PREFIX_PATH=${CMAKE_PREFIX_PATH}:/opt/ros/jazzy DEBUGINFOD_URLS=https://debuginfod.ubuntu.com /usr/bin/cmake --build /home/tranminhtu/RMITbot/lesson5_ws/build/rmitbot_firmware -- -j8 -l8
[0.506s] DEBUG:colcon.colcon_core.event_handler.log_command:Invoking command in '/home/tranminhtu/RMITbot/lesson5_ws/build/rmitbot_firmware': CMAKE_PREFIX_PATH=${CMAKE_PREFIX_PATH}:/opt/ros/jazzy DEBUGINFOD_URLS=https://debuginfod.ubuntu.com /usr/bin/cmake --install /home/tranminhtu/RMITbot/lesson5_ws/build/rmitbot_firmware
[0.523s] Level 1:colcon.colcon_core.environment:create_environment_scripts_only(rmitbot_firmware)
[0.523s] Level 1:colcon.colcon_core.environment:checking '/home/tranminhtu/RMITbot/lesson5_ws/install/rmitbot_firmware' for CMake module files
[0.524s] DEBUG:colcon.colcon_core.event_handler.log_command:Invoked command in '/home/tranminhtu/RMITbot/lesson5_ws/build/rmitbot_firmware' returned '0': CMAKE_PREFIX_PATH=${CMAKE_PREFIX_PATH}:/opt/ros/jazzy DEBUGINFOD_URLS=https://debuginfod.ubuntu.com /usr/bin/cmake --install /home/tranminhtu/RMITbot/lesson5_ws/build/rmitbot_firmware
[0.525s] Level 1:colcon.colcon_core.environment:checking '/home/tranminhtu/RMITbot/lesson5_ws/install/rmitbot_firmware' for CMake config files
[0.525s] Level 1:colcon.colcon_core.shell:create_environment_hook('rmitbot_firmware', 'cmake_prefix_path')
[0.525s] INFO:colcon.colcon_core.shell:Creating environment hook '/home/tranminhtu/RMITbot/lesson5_ws/install/rmitbot_firmware/share/rmitbot_firmware/hook/cmake_prefix_path.ps1'
[0.526s] INFO:colcon.colcon_core.shell:Creating environment descriptor '/home/tranminhtu/RMITbot/lesson5_ws/install/rmitbot_firmware/share/rmitbot_firmware/hook/cmake_prefix_path.dsv'
[0.526s] INFO:colcon.colcon_core.shell:Creating environment hook '/home/tranminhtu/RMITbot/lesson5_ws/install/rmitbot_firmware/share/rmitbot_firmware/hook/cmake_prefix_path.sh'
[0.527s] Level 1:colcon.colcon_core.environment:checking '/home/tranminhtu/RMITbot/lesson5_ws/install/rmitbot_firmware/lib'
[0.527s] Level 1:colcon.colcon_core.shell:create_environment_hook('rmitbot_firmware', 'ld_library_path_lib')
[0.527s] INFO:colcon.colcon_core.shell:Creating environment hook '/home/tranminhtu/RMITbot/lesson5_ws/install/rmitbot_firmware/share/rmitbot_firmware/hook/ld_library_path_lib.ps1'
[0.528s] INFO:colcon.colcon_core.shell:Creating environment descriptor '/home/tranminhtu/RMITbot/lesson5_ws/install/rmitbot_firmware/share/rmitbot_firmware/hook/ld_library_path_lib.dsv'
[0.528s] INFO:colcon.colcon_core.shell:Creating environment hook '/home/tranminhtu/RMITbot/lesson5_ws/install/rmitbot_firmware/share/rmitbot_firmware/hook/ld_library_path_lib.sh'
[0.528s] Level 1:colcon.colcon_core.environment:checking '/home/tranminhtu/RMITbot/lesson5_ws/install/rmitbot_firmware/bin'
[0.528s] Level 1:colcon.colcon_core.environment:checking '/home/tranminhtu/RMITbot/lesson5_ws/install/rmitbot_firmware/lib/pkgconfig/rmitbot_firmware.pc'
[0.529s] Level 1:colcon.colcon_core.environment:checking '/home/tranminhtu/RMITbot/lesson5_ws/install/rmitbot_firmware/lib/python3.12/site-packages'
[0.529s] Level 1:colcon.colcon_core.environment:checking '/home/tranminhtu/RMITbot/lesson5_ws/install/rmitbot_firmware/bin'
[0.529s] INFO:colcon.colcon_core.shell:Creating package script '/home/tranminhtu/RMITbot/lesson5_ws/install/rmitbot_firmware/share/rmitbot_firmware/package.ps1'
[0.529s] INFO:colcon.colcon_core.shell:Creating package descriptor '/home/tranminhtu/RMITbot/lesson5_ws/install/rmitbot_firmware/share/rmitbot_firmware/package.dsv'
[0.530s] INFO:colcon.colcon_core.shell:Creating package script '/home/tranminhtu/RMITbot/lesson5_ws/install/rmitbot_firmware/share/rmitbot_firmware/package.sh'
[0.530s] INFO:colcon.colcon_core.shell:Creating package script '/home/tranminhtu/RMITbot/lesson5_ws/install/rmitbot_firmware/share/rmitbot_firmware/package.bash'
[0.531s] INFO:colcon.colcon_core.shell:Creating package script '/home/tranminhtu/RMITbot/lesson5_ws/install/rmitbot_firmware/share/rmitbot_firmware/package.zsh'
[0.531s] Level 1:colcon.colcon_core.environment:create_file_with_runtime_dependencies(/home/tranminhtu/RMITbot/lesson5_ws/install/rmitbot_firmware/share/colcon-core/packages/rmitbot_firmware)
[0.532s] Level 1:colcon.colcon_core.environment:create_environment_scripts_only(rmitbot_firmware)
[0.532s] Level 1:colcon.colcon_core.environment:checking '/home/tranminhtu/RMITbot/lesson5_ws/install/rmitbot_firmware' for CMake module files
[0.532s] Level 1:colcon.colcon_core.environment:checking '/home/tranminhtu/RMITbot/lesson5_ws/install/rmitbot_firmware' for CMake config files
[0.533s] Level 1:colcon.colcon_core.shell:create_environment_hook('rmitbot_firmware', 'cmake_prefix_path')
[0.533s] INFO:colcon.colcon_core.shell:Creating environment hook '/home/tranminhtu/RMITbot/lesson5_ws/install/rmitbot_firmware/share/rmitbot_firmware/hook/cmake_prefix_path.ps1'
[0.534s] INFO:colcon.colcon_core.shell:Creating environment descriptor '/home/tranminhtu/RMITbot/lesson5_ws/install/rmitbot_firmware/share/rmitbot_firmware/hook/cmake_prefix_path.dsv'
[0.534s] INFO:colcon.colcon_core.shell:Creating environment hook '/home/tranminhtu/RMITbot/lesson5_ws/install/rmitbot_firmware/share/rmitbot_firmware/hook/cmake_prefix_path.sh'
[0.535s] Level 1:colcon.colcon_core.environment:checking '/home/tranminhtu/RMITbot/lesson5_ws/install/rmitbot_firmware/lib'
[0.535s] Level 1:colcon.colcon_core.shell:create_environment_hook('rmitbot_firmware', 'ld_library_path_lib')
[0.535s] INFO:colcon.colcon_core.shell:Creating environment hook '/home/tranminhtu/RMITbot/lesson5_ws/install/rmitbot_firmware/share/rmitbot_firmware/hook/ld_library_path_lib.ps1'
[0.536s] INFO:colcon.colcon_core.shell:Creating environment descriptor '/home/tranminhtu/RMITbot/lesson5_ws/install/rmitbot_firmware/share/rmitbot_firmware/hook/ld_library_path_lib.dsv'
[0.539s] INFO:colcon.colcon_core.shell:Creating environment hook '/home/tranminhtu/RMITbot/lesson5_ws/install/rmitbot_firmware/share/rmitbot_firmware/hook/ld_library_path_lib.sh'
[0.539s] Level 1:colcon.colcon_core.environment:checking '/home/tranminhtu/RMITbot/lesson5_ws/install/rmitbot_firmware/bin'
[0.539s] Level 1:colcon.colcon_core.environment:checking '/home/tranminhtu/RMITbot/lesson5_ws/install/rmitbot_firmware/lib/pkgconfig/rmitbot_firmware.pc'
[0.540s] Level 1:colcon.colcon_core.environment:checking '/home/tranminhtu/RMITbot/lesson5_ws/install/rmitbot_firmware/lib/python3.12/site-packages'
[0.540s] Level 1:colcon.colcon_core.environment:checking '/home/tranminhtu/RMITbot/lesson5_ws/install/rmitbot_firmware/bin'
[0.540s] INFO:colcon.colcon_core.shell:Creating package script '/home/tranminhtu/RMITbot/lesson5_ws/install/rmitbot_firmware/share/rmitbot_firmware/package.ps1'
[0.541s] INFO:colcon.colcon_core.shell:Creating package descriptor '/home/tranminhtu/RMITbot/lesson5_ws/install/rmitbot_firmware/share/rmitbot_firmware/package.dsv'
[0.541s] INFO:colcon.colcon_core.shell:Creating package script '/home/tranminhtu/RMITbot/lesson5_ws/install/rmitbot_firmware/share/rmitbot_firmware/package.sh'
[0.541s] INFO:colcon.colcon_core.shell:Creating package script '/home/tranminhtu/RMITbot/lesson5_ws/install/rmitbot_firmware/share/rmitbot_firmware/package.bash'
[0.542s] INFO:colcon.colcon_core.shell:Creating package script '/home/tranminhtu/RMITbot/lesson5_ws/install/rmitbot_firmware/share/rmitbot_firmware/package.zsh'
[0.542s] Level 1:colcon.colcon_core.environment:create_file_with_runtime_dependencies(/home/tranminhtu/RMITbot/lesson5_ws/install/rmitbot_firmware/share/colcon-core/packages/rmitbot_firmware)
[0.542s] DEBUG:colcon.colcon_parallel_executor.executor.parallel:closing loop
[0.543s] DEBUG:colcon.colcon_parallel_executor.executor.parallel:loop closed
[0.543s] DEBUG:colcon.colcon_parallel_executor.executor.parallel:run_until_complete finished with '0'
[0.543s] DEBUG:colcon.colcon_core.event_reactor:joining thread
[0.555s] INFO:colcon.colcon_core.plugin_system:Skipping extension 'colcon_notification.desktop_notification.terminal_notifier': Not used on non-Darwin systems
[0.555s] INFO:colcon.colcon_core.plugin_system:Skipping extension 'colcon_notification.desktop_notification.win32': Not used on non-Windows systems
[0.555s] INFO:colcon.colcon_notification.desktop_notification:Sending desktop notification using 'notify2'
[0.568s] DEBUG:colcon.colcon_core.event_reactor:joined thread
[0.568s] INFO:colcon.colcon_core.shell:Creating prefix script '/home/tranminhtu/RMITbot/lesson5_ws/install/local_setup.ps1'
[0.569s] INFO:colcon.colcon_core.shell:Creating prefix util module '/home/tranminhtu/RMITbot/lesson5_ws/install/_local_setup_util_ps1.py'
[0.570s] INFO:colcon.colcon_core.shell:Creating prefix chain script '/home/tranminhtu/RMITbot/lesson5_ws/install/setup.ps1'
[0.571s] INFO:colcon.colcon_core.shell:Creating prefix script '/home/tranminhtu/RMITbot/lesson5_ws/install/local_setup.sh'
[0.572s] INFO:colcon.colcon_core.shell:Creating prefix util module '/home/tranminhtu/RMITbot/lesson5_ws/install/_local_setup_util_sh.py'
[0.572s] INFO:colcon.colcon_core.shell:Creating prefix chain script '/home/tranminhtu/RMITbot/lesson5_ws/install/setup.sh'
[0.574s] INFO:colcon.colcon_core.shell:Creating prefix script '/home/tranminhtu/RMITbot/lesson5_ws/install/local_setup.bash'
[0.574s] INFO:colcon.colcon_core.shell:Creating prefix chain script '/home/tranminhtu/RMITbot/lesson5_ws/install/setup.bash'
[0.576s] INFO:colcon.colcon_core.shell:Creating prefix script '/home/tranminhtu/RMITbot/lesson5_ws/install/local_setup.zsh'
[0.576s] INFO:colcon.colcon_core.shell:Creating prefix chain script '/home/tranminhtu/RMITbot/lesson5_ws/install/setup.zsh'
