[0.162s] DEBUG:colcon:Command line arguments: ['/usr/bin/colcon', 'build']
[0.162s] DEBUG:colcon:Parsed command line arguments: Namespace(log_base=None, log_level=None, verb_name='build', build_base='build', install_base='install', merge_install=False, symlink_install=False, test_result_base=None, continue_on_error=False, executor='parallel', parallel_workers=4, event_handlers=None, ignore_user_meta=False, metas=['./colcon.meta'], base_paths=['.'], packages_ignore=None, packages_ignore_regex=None, paths=None, packages_up_to=None, packages_up_to_regex=None, packages_above=None, packages_above_and_dependencies=None, packages_above_depth=None, packages_select_by_dep=None, packages_skip_by_dep=None, packages_skip_up_to=None, packages_select_build_failed=False, packages_skip_build_finished=False, packages_select_test_failures=False, packages_skip_test_passed=False, packages_select=None, packages_skip=None, packages_select_regex=None, packages_skip_regex=None, packages_start=None, packages_end=None, allow_overriding=[], cmake_args=None, cmake_target=None, cmake_target_skip_unavailable=False, cmake_clean_cache=False, cmake_clean_first=False, cmake_force_configure=False, ament_cmake_args=None, catkin_cmake_args=None, catkin_skip_building_tests=False, mixin_files=None, mixin=None, verb_parser=<colcon_mixin.mixin.mixin_argument.MixinArgumentDecorator object at 0x7ac423394ec0>, verb_extension=<colcon_core.verb.build.BuildVerb object at 0x7ac423394c50>, main=<bound method BuildVerb.main of <colcon_core.verb.build.BuildVerb object at 0x7ac423394c50>>, mixin_verb=('build',))
[0.222s] Level 1:colcon.colcon_core.package_discovery:discover_packages(colcon_meta) check parameters
[0.222s] Level 1:colcon.colcon_core.package_discovery:discover_packages(recursive) check parameters
[0.222s] Level 1:colcon.colcon_core.package_discovery:discover_packages(ignore) check parameters
[0.222s] Level 1:colcon.colcon_core.package_discovery:discover_packages(path) check parameters
[0.222s] Level 1:colcon.colcon_core.package_discovery:discover_packages(colcon_meta) discover
[0.222s] Level 1:colcon.colcon_core.package_discovery:discover_packages(recursive) discover
[0.222s] INFO:colcon.colcon_core.package_discovery:Crawling recursively for packages in '/home/vudinhso/RMIT_Bot/lesson5_ws'
[0.223s] Level 1:colcon.colcon_core.package_identification:_identify(.) by extensions ['ignore', 'ignore_ament_install']
[0.223s] Level 1:colcon.colcon_core.package_identification:_identify(.) by extension 'ignore'
[0.223s] Level 1:colcon.colcon_core.package_identification:_identify(.) by extension 'ignore_ament_install'
[0.223s] Level 1:colcon.colcon_core.package_identification:_identify(.) by extensions ['colcon_pkg']
[0.223s] Level 1:colcon.colcon_core.package_identification:_identify(.) by extension 'colcon_pkg'
[0.223s] Level 1:colcon.colcon_core.package_identification:_identify(.) by extensions ['colcon_meta']
[0.223s] Level 1:colcon.colcon_core.package_identification:_identify(.) by extension 'colcon_meta'
[0.223s] Level 1:colcon.colcon_core.package_identification:_identify(.) by extensions ['ros']
[0.223s] Level 1:colcon.colcon_core.package_identification:_identify(.) by extension 'ros'
[0.267s] Level 1:colcon.colcon_core.package_identification:_identify(.) by extensions ['cmake', 'python']
[0.267s] Level 1:colcon.colcon_core.package_identification:_identify(.) by extension 'cmake'
[0.267s] Level 1:colcon.colcon_core.package_identification:_identify(.) by extension 'python'
[0.267s] Level 1:colcon.colcon_core.package_identification:_identify(.) by extensions ['python_setup_py']
[0.267s] Level 1:colcon.colcon_core.package_identification:_identify(.) by extension 'python_setup_py'
[0.267s] Level 1:colcon.colcon_core.package_identification:_identify(build) by extensions ['ignore', 'ignore_ament_install']
[0.267s] Level 1:colcon.colcon_core.package_identification:_identify(build) by extension 'ignore'
[0.267s] Level 1:colcon.colcon_core.package_identification:_identify(build) ignored
[0.267s] Level 1:colcon.colcon_core.package_identification:_identify(install) by extensions ['ignore', 'ignore_ament_install']
[0.267s] Level 1:colcon.colcon_core.package_identification:_identify(install) by extension 'ignore'
[0.268s] Level 1:colcon.colcon_core.package_identification:_identify(install) ignored
[0.268s] Level 1:colcon.colcon_core.package_identification:_identify(log) by extensions ['ignore', 'ignore_ament_install']
[0.268s] Level 1:colcon.colcon_core.package_identification:_identify(log) by extension 'ignore'
[0.268s] Level 1:colcon.colcon_core.package_identification:_identify(log) ignored
[0.268s] Level 1:colcon.colcon_core.package_identification:_identify(src) by extensions ['ignore', 'ignore_ament_install']
[0.268s] Level 1:colcon.colcon_core.package_identification:_identify(src) by extension 'ignore'
[0.268s] Level 1:colcon.colcon_core.package_identification:_identify(src) by extension 'ignore_ament_install'
[0.268s] Level 1:colcon.colcon_core.package_identification:_identify(src) by extensions ['colcon_pkg']
[0.268s] Level 1:colcon.colcon_core.package_identification:_identify(src) by extension 'colcon_pkg'
[0.268s] Level 1:colcon.colcon_core.package_identification:_identify(src) by extensions ['colcon_meta']
[0.268s] Level 1:colcon.colcon_core.package_identification:_identify(src) by extension 'colcon_meta'
[0.268s] Level 1:colcon.colcon_core.package_identification:_identify(src) by extensions ['ros']
[0.268s] Level 1:colcon.colcon_core.package_identification:_identify(src) by extension 'ros'
[0.268s] Level 1:colcon.colcon_core.package_identification:_identify(src) by extensions ['cmake', 'python']
[0.268s] Level 1:colcon.colcon_core.package_identification:_identify(src) by extension 'cmake'
[0.269s] Level 1:colcon.colcon_core.package_identification:_identify(src) by extension 'python'
[0.269s] Level 1:colcon.colcon_core.package_identification:_identify(src) by extensions ['python_setup_py']
[0.269s] Level 1:colcon.colcon_core.package_identification:_identify(src) by extension 'python_setup_py'
[0.269s] Level 1:colcon.colcon_core.package_identification:_identify(src/rmitbot_bringup) by extensions ['ignore', 'ignore_ament_install']
[0.269s] Level 1:colcon.colcon_core.package_identification:_identify(src/rmitbot_bringup) by extension 'ignore'
[0.269s] Level 1:colcon.colcon_core.package_identification:_identify(src/rmitbot_bringup) by extension 'ignore_ament_install'
[0.269s] Level 1:colcon.colcon_core.package_identification:_identify(src/rmitbot_bringup) by extensions ['colcon_pkg']
[0.269s] Level 1:colcon.colcon_core.package_identification:_identify(src/rmitbot_bringup) by extension 'colcon_pkg'
[0.269s] Level 1:colcon.colcon_core.package_identification:_identify(src/rmitbot_bringup) by extensions ['colcon_meta']
[0.269s] Level 1:colcon.colcon_core.package_identification:_identify(src/rmitbot_bringup) by extension 'colcon_meta'
[0.269s] Level 1:colcon.colcon_core.package_identification:_identify(src/rmitbot_bringup) by extensions ['ros']
[0.269s] Level 1:colcon.colcon_core.package_identification:_identify(src/rmitbot_bringup) by extension 'ros'
[0.274s] DEBUG:colcon.colcon_core.package_identification:Package 'src/rmitbot_bringup' with type 'ros.ament_cmake' and name 'rmitbot_bringup'
[0.274s] Level 1:colcon.colcon_core.package_identification:_identify(src/rmitbot_controller) by extensions ['ignore', 'ignore_ament_install']
[0.274s] Level 1:colcon.colcon_core.package_identification:_identify(src/rmitbot_controller) by extension 'ignore'
[0.274s] Level 1:colcon.colcon_core.package_identification:_identify(src/rmitbot_controller) by extension 'ignore_ament_install'
[0.275s] Level 1:colcon.colcon_core.package_identification:_identify(src/rmitbot_controller) by extensions ['colcon_pkg']
[0.275s] Level 1:colcon.colcon_core.package_identification:_identify(src/rmitbot_controller) by extension 'colcon_pkg'
[0.275s] Level 1:colcon.colcon_core.package_identification:_identify(src/rmitbot_controller) by extensions ['colcon_meta']
[0.275s] Level 1:colcon.colcon_core.package_identification:_identify(src/rmitbot_controller) by extension 'colcon_meta'
[0.275s] Level 1:colcon.colcon_core.package_identification:_identify(src/rmitbot_controller) by extensions ['ros']
[0.275s] Level 1:colcon.colcon_core.package_identification:_identify(src/rmitbot_controller) by extension 'ros'
[0.276s] DEBUG:colcon.colcon_core.package_identification:Package 'src/rmitbot_controller' with type 'ros.ament_cmake' and name 'rmitbot_controller'
[0.276s] Level 1:colcon.colcon_core.package_identification:_identify(src/rmitbot_description) by extensions ['ignore', 'ignore_ament_install']
[0.276s] Level 1:colcon.colcon_core.package_identification:_identify(src/rmitbot_description) by extension 'ignore'
[0.277s] Level 1:colcon.colcon_core.package_identification:_identify(src/rmitbot_description) by extension 'ignore_ament_install'
[0.277s] Level 1:colcon.colcon_core.package_identification:_identify(src/rmitbot_description) by extensions ['colcon_pkg']
[0.277s] Level 1:colcon.colcon_core.package_identification:_identify(src/rmitbot_description) by extension 'colcon_pkg'
[0.277s] Level 1:colcon.colcon_core.package_identification:_identify(src/rmitbot_description) by extensions ['colcon_meta']
[0.277s] Level 1:colcon.colcon_core.package_identification:_identify(src/rmitbot_description) by extension 'colcon_meta'
[0.277s] Level 1:colcon.colcon_core.package_identification:_identify(src/rmitbot_description) by extensions ['ros']
[0.277s] Level 1:colcon.colcon_core.package_identification:_identify(src/rmitbot_description) by extension 'ros'
[0.277s] DEBUG:colcon.colcon_core.package_identification:Package 'src/rmitbot_description' with type 'ros.ament_cmake' and name 'rmitbot_description'
[0.278s] Level 1:colcon.colcon_core.package_identification:_identify(src/rmitbot_firmware) by extensions ['ignore', 'ignore_ament_install']
[0.278s] Level 1:colcon.colcon_core.package_identification:_identify(src/rmitbot_firmware) by extension 'ignore'
[0.278s] Level 1:colcon.colcon_core.package_identification:_identify(src/rmitbot_firmware) by extension 'ignore_ament_install'
[0.278s] Level 1:colcon.colcon_core.package_identification:_identify(src/rmitbot_firmware) by extensions ['colcon_pkg']
[0.278s] Level 1:colcon.colcon_core.package_identification:_identify(src/rmitbot_firmware) by extension 'colcon_pkg'
[0.278s] Level 1:colcon.colcon_core.package_identification:_identify(src/rmitbot_firmware) by extensions ['colcon_meta']
[0.278s] Level 1:colcon.colcon_core.package_identification:_identify(src/rmitbot_firmware) by extension 'colcon_meta'
[0.278s] Level 1:colcon.colcon_core.package_identification:_identify(src/rmitbot_firmware) by extensions ['ros']
[0.278s] Level 1:colcon.colcon_core.package_identification:_identify(src/rmitbot_firmware) by extension 'ros'
[0.279s] DEBUG:colcon.colcon_core.package_identification:Package 'src/rmitbot_firmware' with type 'ros.ament_cmake' and name 'rmitbot_firmware'
[0.279s] Level 1:colcon.colcon_core.package_identification:_identify(src/rmitbot_localization) by extensions ['ignore', 'ignore_ament_install']
[0.279s] Level 1:colcon.colcon_core.package_identification:_identify(src/rmitbot_localization) by extension 'ignore'
[0.279s] Level 1:colcon.colcon_core.package_identification:_identify(src/rmitbot_localization) by extension 'ignore_ament_install'
[0.279s] Level 1:colcon.colcon_core.package_identification:_identify(src/rmitbot_localization) by extensions ['colcon_pkg']
[0.279s] Level 1:colcon.colcon_core.package_identification:_identify(src/rmitbot_localization) by extension 'colcon_pkg'
[0.279s] Level 1:colcon.colcon_core.package_identification:_identify(src/rmitbot_localization) by extensions ['colcon_meta']
[0.279s] Level 1:colcon.colcon_core.package_identification:_identify(src/rmitbot_localization) by extension 'colcon_meta'
[0.279s] Level 1:colcon.colcon_core.package_identification:_identify(src/rmitbot_localization) by extensions ['ros']
[0.280s] Level 1:colcon.colcon_core.package_identification:_identify(src/rmitbot_localization) by extension 'ros'
[0.280s] DEBUG:colcon.colcon_core.package_identification:Package 'src/rmitbot_localization' with type 'ros.ament_cmake' and name 'rmitbot_localization'
[0.280s] Level 1:colcon.colcon_core.package_discovery:discover_packages(recursive) using defaults
[0.280s] Level 1:colcon.colcon_core.package_discovery:discover_packages(ignore) discover
[0.280s] Level 1:colcon.colcon_core.package_discovery:discover_packages(ignore) using defaults
[0.280s] Level 1:colcon.colcon_core.package_discovery:discover_packages(path) discover
[0.280s] Level 1:colcon.colcon_core.package_discovery:discover_packages(path) using defaults
[0.307s] Level 1:colcon.colcon_core.package_discovery:discover_packages(prefix_path) check parameters
[0.307s] Level 1:colcon.colcon_core.package_discovery:discover_packages(prefix_path) discover
[0.311s] DEBUG:colcon.colcon_installed_package_information.package_discovery:Found 5 installed packages in /home/vudinhso/RMIT_Bot/lesson5_ws/install
[0.313s] DEBUG:colcon.colcon_installed_package_information.package_discovery:Found 386 installed packages in /opt/ros/jazzy
[0.316s] Level 1:colcon.colcon_core.package_discovery:discover_packages(prefix_path) using defaults
[0.408s] Level 5:colcon.colcon_core.verb:set package 'rmitbot_bringup' build argument 'cmake_args' from command line to 'None'
[0.408s] Level 5:colcon.colcon_core.verb:set package 'rmitbot_bringup' build argument 'cmake_target' from command line to 'None'
[0.408s] Level 5:colcon.colcon_core.verb:set package 'rmitbot_bringup' build argument 'cmake_target_skip_unavailable' from command line to 'False'
[0.408s] Level 5:colcon.colcon_core.verb:set package 'rmitbot_bringup' build argument 'cmake_clean_cache' from command line to 'False'
[0.408s] Level 5:colcon.colcon_core.verb:set package 'rmitbot_bringup' build argument 'cmake_clean_first' from command line to 'False'
[0.408s] Level 5:colcon.colcon_core.verb:set package 'rmitbot_bringup' build argument 'cmake_force_configure' from command line to 'False'
[0.408s] Level 5:colcon.colcon_core.verb:set package 'rmitbot_bringup' build argument 'ament_cmake_args' from command line to 'None'
[0.408s] Level 5:colcon.colcon_core.verb:set package 'rmitbot_bringup' build argument 'catkin_cmake_args' from command line to 'None'
[0.408s] Level 5:colcon.colcon_core.verb:set package 'rmitbot_bringup' build argument 'catkin_skip_building_tests' from command line to 'False'
[0.408s] DEBUG:colcon.colcon_core.verb:Building package 'rmitbot_bringup' with the following arguments: {'ament_cmake_args': None, 'build_base': '/home/vudinhso/RMIT_Bot/lesson5_ws/build/rmitbot_bringup', 'catkin_cmake_args': None, 'catkin_skip_building_tests': False, 'cmake_args': None, 'cmake_clean_cache': False, 'cmake_clean_first': False, 'cmake_force_configure': False, 'cmake_target': None, 'cmake_target_skip_unavailable': False, 'install_base': '/home/vudinhso/RMIT_Bot/lesson5_ws/install/rmitbot_bringup', 'merge_install': False, 'path': '/home/vudinhso/RMIT_Bot/lesson5_ws/src/rmitbot_bringup', 'symlink_install': False, 'test_result_base': None}
[0.409s] Level 5:colcon.colcon_core.verb:set package 'rmitbot_controller' build argument 'cmake_args' from command line to 'None'
[0.409s] Level 5:colcon.colcon_core.verb:set package 'rmitbot_controller' build argument 'cmake_target' from command line to 'None'
[0.409s] Level 5:colcon.colcon_core.verb:set package 'rmitbot_controller' build argument 'cmake_target_skip_unavailable' from command line to 'False'
[0.409s] Level 5:colcon.colcon_core.verb:set package 'rmitbot_controller' build argument 'cmake_clean_cache' from command line to 'False'
[0.409s] Level 5:colcon.colcon_core.verb:set package 'rmitbot_controller' build argument 'cmake_clean_first' from command line to 'False'
[0.409s] Level 5:colcon.colcon_core.verb:set package 'rmitbot_controller' build argument 'cmake_force_configure' from command line to 'False'
[0.409s] Level 5:colcon.colcon_core.verb:set package 'rmitbot_controller' build argument 'ament_cmake_args' from command line to 'None'
[0.409s] Level 5:colcon.colcon_core.verb:set package 'rmitbot_controller' build argument 'catkin_cmake_args' from command line to 'None'
[0.409s] Level 5:colcon.colcon_core.verb:set package 'rmitbot_controller' build argument 'catkin_skip_building_tests' from command line to 'False'
[0.409s] DEBUG:colcon.colcon_core.verb:Building package 'rmitbot_controller' with the following arguments: {'ament_cmake_args': None, 'build_base': '/home/vudinhso/RMIT_Bot/lesson5_ws/build/rmitbot_controller', 'catkin_cmake_args': None, 'catkin_skip_building_tests': False, 'cmake_args': None, 'cmake_clean_cache': False, 'cmake_clean_first': False, 'cmake_force_configure': False, 'cmake_target': None, 'cmake_target_skip_unavailable': False, 'install_base': '/home/vudinhso/RMIT_Bot/lesson5_ws/install/rmitbot_controller', 'merge_install': False, 'path': '/home/vudinhso/RMIT_Bot/lesson5_ws/src/rmitbot_controller', 'symlink_install': False, 'test_result_base': None}
[0.409s] Level 5:colcon.colcon_core.verb:set package 'rmitbot_description' build argument 'cmake_args' from command line to 'None'
[0.409s] Level 5:colcon.colcon_core.verb:set package 'rmitbot_description' build argument 'cmake_target' from command line to 'None'
[0.409s] Level 5:colcon.colcon_core.verb:set package 'rmitbot_description' build argument 'cmake_target_skip_unavailable' from command line to 'False'
[0.409s] Level 5:colcon.colcon_core.verb:set package 'rmitbot_description' build argument 'cmake_clean_cache' from command line to 'False'
[0.409s] Level 5:colcon.colcon_core.verb:set package 'rmitbot_description' build argument 'cmake_clean_first' from command line to 'False'
[0.409s] Level 5:colcon.colcon_core.verb:set package 'rmitbot_description' build argument 'cmake_force_configure' from command line to 'False'
[0.409s] Level 5:colcon.colcon_core.verb:set package 'rmitbot_description' build argument 'ament_cmake_args' from command line to 'None'
[0.409s] Level 5:colcon.colcon_core.verb:set package 'rmitbot_description' build argument 'catkin_cmake_args' from command line to 'None'
[0.409s] Level 5:colcon.colcon_core.verb:set package 'rmitbot_description' build argument 'catkin_skip_building_tests' from command line to 'False'
[0.409s] DEBUG:colcon.colcon_core.verb:Building package 'rmitbot_description' with the following arguments: {'ament_cmake_args': None, 'build_base': '/home/vudinhso/RMIT_Bot/lesson5_ws/build/rmitbot_description', 'catkin_cmake_args': None, 'catkin_skip_building_tests': False, 'cmake_args': None, 'cmake_clean_cache': False, 'cmake_clean_first': False, 'cmake_force_configure': False, 'cmake_target': None, 'cmake_target_skip_unavailable': False, 'install_base': '/home/vudinhso/RMIT_Bot/lesson5_ws/install/rmitbot_description', 'merge_install': False, 'path': '/home/vudinhso/RMIT_Bot/lesson5_ws/src/rmitbot_description', 'symlink_install': False, 'test_result_base': None}
[0.410s] Level 5:colcon.colcon_core.verb:set package 'rmitbot_firmware' build argument 'cmake_args' from command line to 'None'
[0.410s] Level 5:colcon.colcon_core.verb:set package 'rmitbot_firmware' build argument 'cmake_target' from command line to 'None'
[0.410s] Level 5:colcon.colcon_core.verb:set package 'rmitbot_firmware' build argument 'cmake_target_skip_unavailable' from command line to 'False'
[0.410s] Level 5:colcon.colcon_core.verb:set package 'rmitbot_firmware' build argument 'cmake_clean_cache' from command line to 'False'
[0.410s] Level 5:colcon.colcon_core.verb:set package 'rmitbot_firmware' build argument 'cmake_clean_first' from command line to 'False'
[0.410s] Level 5:colcon.colcon_core.verb:set package 'rmitbot_firmware' build argument 'cmake_force_configure' from command line to 'False'
[0.410s] Level 5:colcon.colcon_core.verb:set package 'rmitbot_firmware' build argument 'ament_cmake_args' from command line to 'None'
[0.410s] Level 5:colcon.colcon_core.verb:set package 'rmitbot_firmware' build argument 'catkin_cmake_args' from command line to 'None'
[0.410s] Level 5:colcon.colcon_core.verb:set package 'rmitbot_firmware' build argument 'catkin_skip_building_tests' from command line to 'False'
[0.410s] DEBUG:colcon.colcon_core.verb:Building package 'rmitbot_firmware' with the following arguments: {'ament_cmake_args': None, 'build_base': '/home/vudinhso/RMIT_Bot/lesson5_ws/build/rmitbot_firmware', 'catkin_cmake_args': None, 'catkin_skip_building_tests': False, 'cmake_args': None, 'cmake_clean_cache': False, 'cmake_clean_first': False, 'cmake_force_configure': False, 'cmake_target': None, 'cmake_target_skip_unavailable': False, 'install_base': '/home/vudinhso/RMIT_Bot/lesson5_ws/install/rmitbot_firmware', 'merge_install': False, 'path': '/home/vudinhso/RMIT_Bot/lesson5_ws/src/rmitbot_firmware', 'symlink_install': False, 'test_result_base': None}
[0.410s] Level 5:colcon.colcon_core.verb:set package 'rmitbot_localization' build argument 'cmake_args' from command line to 'None'
[0.410s] Level 5:colcon.colcon_core.verb:set package 'rmitbot_localization' build argument 'cmake_target' from command line to 'None'
[0.410s] Level 5:colcon.colcon_core.verb:set package 'rmitbot_localization' build argument 'cmake_target_skip_unavailable' from command line to 'False'
[0.410s] Level 5:colcon.colcon_core.verb:set package 'rmitbot_localization' build argument 'cmake_clean_cache' from command line to 'False'
[0.410s] Level 5:colcon.colcon_core.verb:set package 'rmitbot_localization' build argument 'cmake_clean_first' from command line to 'False'
[0.410s] Level 5:colcon.colcon_core.verb:set package 'rmitbot_localization' build argument 'cmake_force_configure' from command line to 'False'
[0.410s] Level 5:colcon.colcon_core.verb:set package 'rmitbot_localization' build argument 'ament_cmake_args' from command line to 'None'
[0.411s] Level 5:colcon.colcon_core.verb:set package 'rmitbot_localization' build argument 'catkin_cmake_args' from command line to 'None'
[0.411s] Level 5:colcon.colcon_core.verb:set package 'rmitbot_localization' build argument 'catkin_skip_building_tests' from command line to 'False'
[0.411s] DEBUG:colcon.colcon_core.verb:Building package 'rmitbot_localization' with the following arguments: {'ament_cmake_args': None, 'build_base': '/home/vudinhso/RMIT_Bot/lesson5_ws/build/rmitbot_localization', 'catkin_cmake_args': None, 'catkin_skip_building_tests': False, 'cmake_args': None, 'cmake_clean_cache': False, 'cmake_clean_first': False, 'cmake_force_configure': False, 'cmake_target': None, 'cmake_target_skip_unavailable': False, 'install_base': '/home/vudinhso/RMIT_Bot/lesson5_ws/install/rmitbot_localization', 'merge_install': False, 'path': '/home/vudinhso/RMIT_Bot/lesson5_ws/src/rmitbot_localization', 'symlink_install': False, 'test_result_base': None}
[0.411s] INFO:colcon.colcon_core.executor:Executing jobs using 'parallel' executor
[0.412s] DEBUG:colcon.colcon_parallel_executor.executor.parallel:run_until_complete
[0.413s] INFO:colcon.colcon_ros.task.ament_cmake.build:Building ROS package in '/home/vudinhso/RMIT_Bot/lesson5_ws/src/rmitbot_bringup' with build type 'ament_cmake'
[0.413s] INFO:colcon.colcon_cmake.task.cmake.build:Building CMake package in '/home/vudinhso/RMIT_Bot/lesson5_ws/src/rmitbot_bringup'
[0.416s] INFO:colcon.colcon_core.plugin_system:Skipping extension 'colcon_core.shell.bat': Not used on non-Windows systems
[0.416s] INFO:colcon.colcon_core.shell:Skip shell extension 'powershell' for command environment: Not usable outside of PowerShell
[0.416s] DEBUG:colcon.colcon_core.shell:Skip shell extension 'dsv' for command environment
[0.425s] INFO:colcon.colcon_ros.task.ament_cmake.build:Building ROS package in '/home/vudinhso/RMIT_Bot/lesson5_ws/src/rmitbot_controller' with build type 'ament_cmake'
[0.426s] INFO:colcon.colcon_cmake.task.cmake.build:Building CMake package in '/home/vudinhso/RMIT_Bot/lesson5_ws/src/rmitbot_controller'
[0.426s] INFO:colcon.colcon_core.shell:Skip shell extension 'powershell' for command environment: Not usable outside of PowerShell
[0.426s] DEBUG:colcon.colcon_core.shell:Skip shell extension 'dsv' for command environment
[0.435s] INFO:colcon.colcon_ros.task.ament_cmake.build:Building ROS package in '/home/vudinhso/RMIT_Bot/lesson5_ws/src/rmitbot_description' with build type 'ament_cmake'
[0.436s] INFO:colcon.colcon_cmake.task.cmake.build:Building CMake package in '/home/vudinhso/RMIT_Bot/lesson5_ws/src/rmitbot_description'
[0.436s] INFO:colcon.colcon_core.shell:Skip shell extension 'powershell' for command environment: Not usable outside of PowerShell
[0.436s] DEBUG:colcon.colcon_core.shell:Skip shell extension 'dsv' for command environment
[0.447s] INFO:colcon.colcon_ros.task.ament_cmake.build:Building ROS package in '/home/vudinhso/RMIT_Bot/lesson5_ws/src/rmitbot_firmware' with build type 'ament_cmake'
[0.447s] INFO:colcon.colcon_cmake.task.cmake.build:Building CMake package in '/home/vudinhso/RMIT_Bot/lesson5_ws/src/rmitbot_firmware'
[0.448s] INFO:colcon.colcon_core.shell:Skip shell extension 'powershell' for command environment: Not usable outside of PowerShell
[0.448s] DEBUG:colcon.colcon_core.shell:Skip shell extension 'dsv' for command environment
[0.464s] DEBUG:colcon.colcon_core.event_handler.log_command:Invoking command in '/home/vudinhso/RMIT_Bot/lesson5_ws/build/rmitbot_bringup': CMAKE_PREFIX_PATH=${CMAKE_PREFIX_PATH}:/opt/ros/jazzy DEBUGINFOD_URLS=https://debuginfod.ubuntu.com /usr/bin/cmake --build /home/vudinhso/RMIT_Bot/lesson5_ws/build/rmitbot_bringup -- -j4 -l4
[0.475s] DEBUG:colcon.colcon_core.event_handler.log_command:Invoking command in '/home/vudinhso/RMIT_Bot/lesson5_ws/build/rmitbot_controller': CMAKE_PREFIX_PATH=${CMAKE_PREFIX_PATH}:/opt/ros/jazzy DEBUGINFOD_URLS=https://debuginfod.ubuntu.com /usr/bin/cmake --build /home/vudinhso/RMIT_Bot/lesson5_ws/build/rmitbot_controller -- -j4 -l4
[0.485s] DEBUG:colcon.colcon_core.event_handler.log_command:Invoking command in '/home/vudinhso/RMIT_Bot/lesson5_ws/build/rmitbot_description': CMAKE_PREFIX_PATH=${CMAKE_PREFIX_PATH}:/opt/ros/jazzy DEBUGINFOD_URLS=https://debuginfod.ubuntu.com /usr/bin/cmake --build /home/vudinhso/RMIT_Bot/lesson5_ws/build/rmitbot_description -- -j4 -l4
[0.498s] DEBUG:colcon.colcon_core.event_handler.log_command:Invoking command in '/home/vudinhso/RMIT_Bot/lesson5_ws/build/rmitbot_firmware': CMAKE_PREFIX_PATH=${CMAKE_PREFIX_PATH}:/opt/ros/jazzy DEBUGINFOD_URLS=https://debuginfod.ubuntu.com /usr/bin/cmake --build /home/vudinhso/RMIT_Bot/lesson5_ws/build/rmitbot_firmware -- -j4 -l4
[0.631s] DEBUG:colcon.colcon_core.event_handler.log_command:Invoked command in '/home/vudinhso/RMIT_Bot/lesson5_ws/build/rmitbot_bringup' returned '0': CMAKE_PREFIX_PATH=${CMAKE_PREFIX_PATH}:/opt/ros/jazzy DEBUGINFOD_URLS=https://debuginfod.ubuntu.com /usr/bin/cmake --build /home/vudinhso/RMIT_Bot/lesson5_ws/build/rmitbot_bringup -- -j4 -l4
[0.694s] DEBUG:colcon.colcon_core.event_handler.log_command:Invoking command in '/home/vudinhso/RMIT_Bot/lesson5_ws/build/rmitbot_bringup': CMAKE_PREFIX_PATH=${CMAKE_PREFIX_PATH}:/opt/ros/jazzy DEBUGINFOD_URLS=https://debuginfod.ubuntu.com /usr/bin/cmake --install /home/vudinhso/RMIT_Bot/lesson5_ws/build/rmitbot_bringup
[0.708s] DEBUG:colcon.colcon_core.event_handler.log_command:Invoked command in '/home/vudinhso/RMIT_Bot/lesson5_ws/build/rmitbot_controller' returned '0': CMAKE_PREFIX_PATH=${CMAKE_PREFIX_PATH}:/opt/ros/jazzy DEBUGINFOD_URLS=https://debuginfod.ubuntu.com /usr/bin/cmake --build /home/vudinhso/RMIT_Bot/lesson5_ws/build/rmitbot_controller -- -j4 -l4
[0.709s] DEBUG:colcon.colcon_core.event_handler.log_command:Invoking command in '/home/vudinhso/RMIT_Bot/lesson5_ws/build/rmitbot_controller': CMAKE_PREFIX_PATH=${CMAKE_PREFIX_PATH}:/opt/ros/jazzy DEBUGINFOD_URLS=https://debuginfod.ubuntu.com /usr/bin/cmake --install /home/vudinhso/RMIT_Bot/lesson5_ws/build/rmitbot_controller
[0.726s] DEBUG:colcon.colcon_core.event_handler.log_command:Invoked command in '/home/vudinhso/RMIT_Bot/lesson5_ws/build/rmitbot_description' returned '0': CMAKE_PREFIX_PATH=${CMAKE_PREFIX_PATH}:/opt/ros/jazzy DEBUGINFOD_URLS=https://debuginfod.ubuntu.com /usr/bin/cmake --build /home/vudinhso/RMIT_Bot/lesson5_ws/build/rmitbot_description -- -j4 -l4
[0.730s] DEBUG:colcon.colcon_core.event_handler.log_command:Invoking command in '/home/vudinhso/RMIT_Bot/lesson5_ws/build/rmitbot_description': CMAKE_PREFIX_PATH=${CMAKE_PREFIX_PATH}:/opt/ros/jazzy DEBUGINFOD_URLS=https://debuginfod.ubuntu.com /usr/bin/cmake --install /home/vudinhso/RMIT_Bot/lesson5_ws/build/rmitbot_description
[0.758s] Level 1:colcon.colcon_core.environment:create_environment_scripts_only(rmitbot_bringup)
[0.760s] DEBUG:colcon.colcon_core.event_handler.log_command:Invoked command in '/home/vudinhso/RMIT_Bot/lesson5_ws/build/rmitbot_bringup' returned '0': CMAKE_PREFIX_PATH=${CMAKE_PREFIX_PATH}:/opt/ros/jazzy DEBUGINFOD_URLS=https://debuginfod.ubuntu.com /usr/bin/cmake --install /home/vudinhso/RMIT_Bot/lesson5_ws/build/rmitbot_bringup
[0.770s] Level 1:colcon.colcon_core.environment:checking '/home/vudinhso/RMIT_Bot/lesson5_ws/install/rmitbot_bringup' for CMake module files
[0.778s] Level 1:colcon.colcon_core.environment:checking '/home/vudinhso/RMIT_Bot/lesson5_ws/install/rmitbot_bringup' for CMake config files
[0.779s] Level 1:colcon.colcon_core.shell:create_environment_hook('rmitbot_bringup', 'cmake_prefix_path')
[0.779s] INFO:colcon.colcon_core.shell:Creating environment hook '/home/vudinhso/RMIT_Bot/lesson5_ws/install/rmitbot_bringup/share/rmitbot_bringup/hook/cmake_prefix_path.ps1'
[0.780s] INFO:colcon.colcon_core.shell:Creating environment descriptor '/home/vudinhso/RMIT_Bot/lesson5_ws/install/rmitbot_bringup/share/rmitbot_bringup/hook/cmake_prefix_path.dsv'
[0.790s] INFO:colcon.colcon_core.shell:Creating environment hook '/home/vudinhso/RMIT_Bot/lesson5_ws/install/rmitbot_bringup/share/rmitbot_bringup/hook/cmake_prefix_path.sh'
[0.793s] Level 1:colcon.colcon_core.environment:checking '/home/vudinhso/RMIT_Bot/lesson5_ws/install/rmitbot_bringup/bin'
[0.793s] Level 1:colcon.colcon_core.environment:checking '/home/vudinhso/RMIT_Bot/lesson5_ws/install/rmitbot_bringup/lib/pkgconfig/rmitbot_bringup.pc'
[0.806s] Level 1:colcon.colcon_core.environment:checking '/home/vudinhso/RMIT_Bot/lesson5_ws/install/rmitbot_bringup/lib/python3.12/site-packages'
[0.824s] Level 1:colcon.colcon_core.environment:checking '/home/vudinhso/RMIT_Bot/lesson5_ws/install/rmitbot_bringup/bin'
[0.824s] INFO:colcon.colcon_core.shell:Creating package script '/home/vudinhso/RMIT_Bot/lesson5_ws/install/rmitbot_bringup/share/rmitbot_bringup/package.ps1'
[0.839s] INFO:colcon.colcon_core.shell:Creating package descriptor '/home/vudinhso/RMIT_Bot/lesson5_ws/install/rmitbot_bringup/share/rmitbot_bringup/package.dsv'
[0.840s] INFO:colcon.colcon_core.shell:Creating package script '/home/vudinhso/RMIT_Bot/lesson5_ws/install/rmitbot_bringup/share/rmitbot_bringup/package.sh'
[0.850s] INFO:colcon.colcon_core.shell:Creating package script '/home/vudinhso/RMIT_Bot/lesson5_ws/install/rmitbot_bringup/share/rmitbot_bringup/package.bash'
[0.862s] INFO:colcon.colcon_core.shell:Creating package script '/home/vudinhso/RMIT_Bot/lesson5_ws/install/rmitbot_bringup/share/rmitbot_bringup/package.zsh'
[0.867s] Level 1:colcon.colcon_core.environment:create_file_with_runtime_dependencies(/home/vudinhso/RMIT_Bot/lesson5_ws/install/rmitbot_bringup/share/colcon-core/packages/rmitbot_bringup)
[0.873s] Level 1:colcon.colcon_core.environment:create_environment_scripts_only(rmitbot_bringup)
[0.874s] Level 1:colcon.colcon_core.environment:checking '/home/vudinhso/RMIT_Bot/lesson5_ws/install/rmitbot_bringup' for CMake module files
[0.875s] Level 1:colcon.colcon_core.environment:checking '/home/vudinhso/RMIT_Bot/lesson5_ws/install/rmitbot_bringup' for CMake config files
[0.885s] Level 1:colcon.colcon_core.shell:create_environment_hook('rmitbot_bringup', 'cmake_prefix_path')
[0.886s] INFO:colcon.colcon_core.shell:Creating environment hook '/home/vudinhso/RMIT_Bot/lesson5_ws/install/rmitbot_bringup/share/rmitbot_bringup/hook/cmake_prefix_path.ps1'
[0.907s] INFO:colcon.colcon_core.shell:Creating environment descriptor '/home/vudinhso/RMIT_Bot/lesson5_ws/install/rmitbot_bringup/share/rmitbot_bringup/hook/cmake_prefix_path.dsv'
[0.908s] INFO:colcon.colcon_core.shell:Creating environment hook '/home/vudinhso/RMIT_Bot/lesson5_ws/install/rmitbot_bringup/share/rmitbot_bringup/hook/cmake_prefix_path.sh'
[0.919s] Level 1:colcon.colcon_core.environment:checking '/home/vudinhso/RMIT_Bot/lesson5_ws/install/rmitbot_bringup/bin'
[0.919s] Level 1:colcon.colcon_core.environment:checking '/home/vudinhso/RMIT_Bot/lesson5_ws/install/rmitbot_bringup/lib/pkgconfig/rmitbot_bringup.pc'
[0.920s] Level 1:colcon.colcon_core.environment:checking '/home/vudinhso/RMIT_Bot/lesson5_ws/install/rmitbot_bringup/lib/python3.12/site-packages'
[0.921s] Level 1:colcon.colcon_core.environment:checking '/home/vudinhso/RMIT_Bot/lesson5_ws/install/rmitbot_bringup/bin'
[0.930s] INFO:colcon.colcon_core.shell:Creating package script '/home/vudinhso/RMIT_Bot/lesson5_ws/install/rmitbot_bringup/share/rmitbot_bringup/package.ps1'
[0.933s] INFO:colcon.colcon_core.shell:Creating package descriptor '/home/vudinhso/RMIT_Bot/lesson5_ws/install/rmitbot_bringup/share/rmitbot_bringup/package.dsv'
[0.940s] INFO:colcon.colcon_core.shell:Creating package script '/home/vudinhso/RMIT_Bot/lesson5_ws/install/rmitbot_bringup/share/rmitbot_bringup/package.sh'
[0.941s] INFO:colcon.colcon_core.shell:Creating package script '/home/vudinhso/RMIT_Bot/lesson5_ws/install/rmitbot_bringup/share/rmitbot_bringup/package.bash'
[0.945s] INFO:colcon.colcon_core.shell:Creating package script '/home/vudinhso/RMIT_Bot/lesson5_ws/install/rmitbot_bringup/share/rmitbot_bringup/package.zsh'
[0.946s] Level 1:colcon.colcon_core.environment:create_file_with_runtime_dependencies(/home/vudinhso/RMIT_Bot/lesson5_ws/install/rmitbot_bringup/share/colcon-core/packages/rmitbot_bringup)
[0.958s] INFO:colcon.colcon_ros.task.ament_cmake.build:Building ROS package in '/home/vudinhso/RMIT_Bot/lesson5_ws/src/rmitbot_localization' with build type 'ament_cmake'
[0.959s] INFO:colcon.colcon_cmake.task.cmake.build:Building CMake package in '/home/vudinhso/RMIT_Bot/lesson5_ws/src/rmitbot_localization'
[0.959s] INFO:colcon.colcon_core.shell:Skip shell extension 'powershell' for command environment: Not usable outside of PowerShell
[0.959s] DEBUG:colcon.colcon_core.shell:Skip shell extension 'dsv' for command environment
[1.002s] Level 1:colcon.colcon_core.environment:create_environment_scripts_only(rmitbot_description)
[1.010s] Level 1:colcon.colcon_core.environment:checking '/home/vudinhso/RMIT_Bot/lesson5_ws/install/rmitbot_description' for CMake module files
[1.011s] Level 1:colcon.colcon_core.environment:checking '/home/vudinhso/RMIT_Bot/lesson5_ws/install/rmitbot_description' for CMake config files
[1.012s] Level 1:colcon.colcon_core.shell:create_environment_hook('rmitbot_description', 'cmake_prefix_path')
[1.014s] INFO:colcon.colcon_core.shell:Creating environment hook '/home/vudinhso/RMIT_Bot/lesson5_ws/install/rmitbot_description/share/rmitbot_description/hook/cmake_prefix_path.ps1'
[1.009s] DEBUG:colcon.colcon_core.event_handler.log_command:Invoked command in '/home/vudinhso/RMIT_Bot/lesson5_ws/build/rmitbot_description' returned '0': CMAKE_PREFIX_PATH=${CMAKE_PREFIX_PATH}:/opt/ros/jazzy DEBUGINFOD_URLS=https://debuginfod.ubuntu.com /usr/bin/cmake --install /home/vudinhso/RMIT_Bot/lesson5_ws/build/rmitbot_description
[1.015s] INFO:colcon.colcon_core.shell:Creating environment descriptor '/home/vudinhso/RMIT_Bot/lesson5_ws/install/rmitbot_description/share/rmitbot_description/hook/cmake_prefix_path.dsv'
[1.016s] INFO:colcon.colcon_core.shell:Creating environment hook '/home/vudinhso/RMIT_Bot/lesson5_ws/install/rmitbot_description/share/rmitbot_description/hook/cmake_prefix_path.sh'
[1.021s] Level 1:colcon.colcon_core.environment:checking '/home/vudinhso/RMIT_Bot/lesson5_ws/install/rmitbot_description/bin'
[1.021s] Level 1:colcon.colcon_core.environment:checking '/home/vudinhso/RMIT_Bot/lesson5_ws/install/rmitbot_description/lib/pkgconfig/rmitbot_description.pc'
[1.024s] Level 1:colcon.colcon_core.environment:checking '/home/vudinhso/RMIT_Bot/lesson5_ws/install/rmitbot_description/lib/python3.12/site-packages'
[1.025s] Level 1:colcon.colcon_core.environment:checking '/home/vudinhso/RMIT_Bot/lesson5_ws/install/rmitbot_description/bin'
[1.025s] INFO:colcon.colcon_core.shell:Creating package script '/home/vudinhso/RMIT_Bot/lesson5_ws/install/rmitbot_description/share/rmitbot_description/package.ps1'
[1.026s] INFO:colcon.colcon_core.shell:Creating package descriptor '/home/vudinhso/RMIT_Bot/lesson5_ws/install/rmitbot_description/share/rmitbot_description/package.dsv'
[1.027s] INFO:colcon.colcon_core.shell:Creating package script '/home/vudinhso/RMIT_Bot/lesson5_ws/install/rmitbot_description/share/rmitbot_description/package.sh'
[1.031s] INFO:colcon.colcon_core.shell:Creating package script '/home/vudinhso/RMIT_Bot/lesson5_ws/install/rmitbot_description/share/rmitbot_description/package.bash'
[1.032s] INFO:colcon.colcon_core.shell:Creating package script '/home/vudinhso/RMIT_Bot/lesson5_ws/install/rmitbot_description/share/rmitbot_description/package.zsh'
[1.034s] Level 1:colcon.colcon_core.environment:create_file_with_runtime_dependencies(/home/vudinhso/RMIT_Bot/lesson5_ws/install/rmitbot_description/share/colcon-core/packages/rmitbot_description)
[1.035s] Level 1:colcon.colcon_core.environment:create_environment_scripts_only(rmitbot_description)
[1.036s] Level 1:colcon.colcon_core.environment:checking '/home/vudinhso/RMIT_Bot/lesson5_ws/install/rmitbot_description' for CMake module files
[1.039s] Level 1:colcon.colcon_core.environment:checking '/home/vudinhso/RMIT_Bot/lesson5_ws/install/rmitbot_description' for CMake config files
[1.039s] Level 1:colcon.colcon_core.shell:create_environment_hook('rmitbot_description', 'cmake_prefix_path')
[1.039s] INFO:colcon.colcon_core.shell:Creating environment hook '/home/vudinhso/RMIT_Bot/lesson5_ws/install/rmitbot_description/share/rmitbot_description/hook/cmake_prefix_path.ps1'
[1.040s] INFO:colcon.colcon_core.shell:Creating environment descriptor '/home/vudinhso/RMIT_Bot/lesson5_ws/install/rmitbot_description/share/rmitbot_description/hook/cmake_prefix_path.dsv'
[1.041s] INFO:colcon.colcon_core.shell:Creating environment hook '/home/vudinhso/RMIT_Bot/lesson5_ws/install/rmitbot_description/share/rmitbot_description/hook/cmake_prefix_path.sh'
[1.042s] Level 1:colcon.colcon_core.environment:checking '/home/vudinhso/RMIT_Bot/lesson5_ws/install/rmitbot_description/bin'
[1.042s] Level 1:colcon.colcon_core.environment:checking '/home/vudinhso/RMIT_Bot/lesson5_ws/install/rmitbot_description/lib/pkgconfig/rmitbot_description.pc'
[1.043s] Level 1:colcon.colcon_core.environment:checking '/home/vudinhso/RMIT_Bot/lesson5_ws/install/rmitbot_description/lib/python3.12/site-packages'
[1.043s] Level 1:colcon.colcon_core.environment:checking '/home/vudinhso/RMIT_Bot/lesson5_ws/install/rmitbot_description/bin'
[1.044s] INFO:colcon.colcon_core.shell:Creating package script '/home/vudinhso/RMIT_Bot/lesson5_ws/install/rmitbot_description/share/rmitbot_description/package.ps1'
[1.045s] INFO:colcon.colcon_core.shell:Creating package descriptor '/home/vudinhso/RMIT_Bot/lesson5_ws/install/rmitbot_description/share/rmitbot_description/package.dsv'
[1.046s] INFO:colcon.colcon_core.shell:Creating package script '/home/vudinhso/RMIT_Bot/lesson5_ws/install/rmitbot_description/share/rmitbot_description/package.sh'
[1.047s] INFO:colcon.colcon_core.shell:Creating package script '/home/vudinhso/RMIT_Bot/lesson5_ws/install/rmitbot_description/share/rmitbot_description/package.bash'
[1.050s] INFO:colcon.colcon_core.shell:Creating package script '/home/vudinhso/RMIT_Bot/lesson5_ws/install/rmitbot_description/share/rmitbot_description/package.zsh'
[1.054s] Level 1:colcon.colcon_core.environment:create_file_with_runtime_dependencies(/home/vudinhso/RMIT_Bot/lesson5_ws/install/rmitbot_description/share/colcon-core/packages/rmitbot_description)
[1.055s] Level 1:colcon.colcon_core.environment:create_environment_scripts_only(rmitbot_controller)
[1.056s] Level 1:colcon.colcon_core.environment:checking '/home/vudinhso/RMIT_Bot/lesson5_ws/install/rmitbot_controller' for CMake module files
[1.057s] Level 1:colcon.colcon_core.environment:checking '/home/vudinhso/RMIT_Bot/lesson5_ws/install/rmitbot_controller' for CMake config files
[1.057s] Level 1:colcon.colcon_core.shell:create_environment_hook('rmitbot_controller', 'cmake_prefix_path')
[1.058s] INFO:colcon.colcon_core.shell:Creating environment hook '/home/vudinhso/RMIT_Bot/lesson5_ws/install/rmitbot_controller/share/rmitbot_controller/hook/cmake_prefix_path.ps1'
[1.061s] INFO:colcon.colcon_core.shell:Creating environment descriptor '/home/vudinhso/RMIT_Bot/lesson5_ws/install/rmitbot_controller/share/rmitbot_controller/hook/cmake_prefix_path.dsv'
[1.063s] DEBUG:colcon.colcon_core.event_handler.log_command:Invoked command in '/home/vudinhso/RMIT_Bot/lesson5_ws/build/rmitbot_controller' returned '0': CMAKE_PREFIX_PATH=${CMAKE_PREFIX_PATH}:/opt/ros/jazzy DEBUGINFOD_URLS=https://debuginfod.ubuntu.com /usr/bin/cmake --install /home/vudinhso/RMIT_Bot/lesson5_ws/build/rmitbot_controller
[1.064s] INFO:colcon.colcon_core.shell:Creating environment hook '/home/vudinhso/RMIT_Bot/lesson5_ws/install/rmitbot_controller/share/rmitbot_controller/hook/cmake_prefix_path.sh'
[1.066s] Level 1:colcon.colcon_core.environment:checking '/home/vudinhso/RMIT_Bot/lesson5_ws/install/rmitbot_controller/bin'
[1.066s] Level 1:colcon.colcon_core.environment:checking '/home/vudinhso/RMIT_Bot/lesson5_ws/install/rmitbot_controller/lib/pkgconfig/rmitbot_controller.pc'
[1.067s] Level 1:colcon.colcon_core.environment:checking '/home/vudinhso/RMIT_Bot/lesson5_ws/install/rmitbot_controller/lib/python3.12/site-packages'
[1.067s] Level 1:colcon.colcon_core.environment:checking '/home/vudinhso/RMIT_Bot/lesson5_ws/install/rmitbot_controller/bin'
[1.067s] INFO:colcon.colcon_core.shell:Creating package script '/home/vudinhso/RMIT_Bot/lesson5_ws/install/rmitbot_controller/share/rmitbot_controller/package.ps1'
[1.068s] INFO:colcon.colcon_core.shell:Creating package descriptor '/home/vudinhso/RMIT_Bot/lesson5_ws/install/rmitbot_controller/share/rmitbot_controller/package.dsv'
[1.070s] INFO:colcon.colcon_core.shell:Creating package script '/home/vudinhso/RMIT_Bot/lesson5_ws/install/rmitbot_controller/share/rmitbot_controller/package.sh'
[1.071s] INFO:colcon.colcon_core.shell:Creating package script '/home/vudinhso/RMIT_Bot/lesson5_ws/install/rmitbot_controller/share/rmitbot_controller/package.bash'
[1.072s] INFO:colcon.colcon_core.shell:Creating package script '/home/vudinhso/RMIT_Bot/lesson5_ws/install/rmitbot_controller/share/rmitbot_controller/package.zsh'
[1.073s] Level 1:colcon.colcon_core.environment:create_file_with_runtime_dependencies(/home/vudinhso/RMIT_Bot/lesson5_ws/install/rmitbot_controller/share/colcon-core/packages/rmitbot_controller)
[1.075s] Level 1:colcon.colcon_core.environment:create_environment_scripts_only(rmitbot_controller)
[1.075s] Level 1:colcon.colcon_core.environment:checking '/home/vudinhso/RMIT_Bot/lesson5_ws/install/rmitbot_controller' for CMake module files
[1.080s] Level 1:colcon.colcon_core.environment:checking '/home/vudinhso/RMIT_Bot/lesson5_ws/install/rmitbot_controller' for CMake config files
[1.080s] Level 1:colcon.colcon_core.shell:create_environment_hook('rmitbot_controller', 'cmake_prefix_path')
[1.081s] INFO:colcon.colcon_core.shell:Creating environment hook '/home/vudinhso/RMIT_Bot/lesson5_ws/install/rmitbot_controller/share/rmitbot_controller/hook/cmake_prefix_path.ps1'
[1.082s] INFO:colcon.colcon_core.shell:Creating environment descriptor '/home/vudinhso/RMIT_Bot/lesson5_ws/install/rmitbot_controller/share/rmitbot_controller/hook/cmake_prefix_path.dsv'
[1.083s] INFO:colcon.colcon_core.shell:Creating environment hook '/home/vudinhso/RMIT_Bot/lesson5_ws/install/rmitbot_controller/share/rmitbot_controller/hook/cmake_prefix_path.sh'
[1.084s] Level 1:colcon.colcon_core.environment:checking '/home/vudinhso/RMIT_Bot/lesson5_ws/install/rmitbot_controller/bin'
[1.084s] Level 1:colcon.colcon_core.environment:checking '/home/vudinhso/RMIT_Bot/lesson5_ws/install/rmitbot_controller/lib/pkgconfig/rmitbot_controller.pc'
[1.084s] Level 1:colcon.colcon_core.environment:checking '/home/vudinhso/RMIT_Bot/lesson5_ws/install/rmitbot_controller/lib/python3.12/site-packages'
[1.085s] Level 1:colcon.colcon_core.environment:checking '/home/vudinhso/RMIT_Bot/lesson5_ws/install/rmitbot_controller/bin'
[1.085s] INFO:colcon.colcon_core.shell:Creating package script '/home/vudinhso/RMIT_Bot/lesson5_ws/install/rmitbot_controller/share/rmitbot_controller/package.ps1'
[1.086s] INFO:colcon.colcon_core.shell:Creating package descriptor '/home/vudinhso/RMIT_Bot/lesson5_ws/install/rmitbot_controller/share/rmitbot_controller/package.dsv'
[1.088s] INFO:colcon.colcon_core.shell:Creating package script '/home/vudinhso/RMIT_Bot/lesson5_ws/install/rmitbot_controller/share/rmitbot_controller/package.sh'
[1.090s] INFO:colcon.colcon_core.shell:Creating package script '/home/vudinhso/RMIT_Bot/lesson5_ws/install/rmitbot_controller/share/rmitbot_controller/package.bash'
[1.090s] INFO:colcon.colcon_core.shell:Creating package script '/home/vudinhso/RMIT_Bot/lesson5_ws/install/rmitbot_controller/share/rmitbot_controller/package.zsh'
[1.091s] Level 1:colcon.colcon_core.environment:create_file_with_runtime_dependencies(/home/vudinhso/RMIT_Bot/lesson5_ws/install/rmitbot_controller/share/colcon-core/packages/rmitbot_controller)
[1.109s] DEBUG:colcon.colcon_core.event_handler.log_command:Invoking command in '/home/vudinhso/RMIT_Bot/lesson5_ws/build/rmitbot_localization': CMAKE_PREFIX_PATH=${CMAKE_PREFIX_PATH}:/opt/ros/jazzy DEBUGINFOD_URLS=https://debuginfod.ubuntu.com /usr/bin/cmake --build /home/vudinhso/RMIT_Bot/lesson5_ws/build/rmitbot_localization -- -j4 -l4
[1.311s] DEBUG:colcon.colcon_core.event_handler.log_command:Invoked command in '/home/vudinhso/RMIT_Bot/lesson5_ws/build/rmitbot_localization' returned '0': CMAKE_PREFIX_PATH=${CMAKE_PREFIX_PATH}:/opt/ros/jazzy DEBUGINFOD_URLS=https://debuginfod.ubuntu.com /usr/bin/cmake --build /home/vudinhso/RMIT_Bot/lesson5_ws/build/rmitbot_localization -- -j4 -l4
[1.315s] DEBUG:colcon.colcon_core.event_handler.log_command:Invoking command in '/home/vudinhso/RMIT_Bot/lesson5_ws/build/rmitbot_localization': CMAKE_PREFIX_PATH=${CMAKE_PREFIX_PATH}:/opt/ros/jazzy DEBUGINFOD_URLS=https://debuginfod.ubuntu.com /usr/bin/cmake --install /home/vudinhso/RMIT_Bot/lesson5_ws/build/rmitbot_localization
[1.361s] Level 1:colcon.colcon_core.environment:create_environment_scripts_only(rmitbot_localization)
[1.361s] Level 1:colcon.colcon_core.environment:checking '/home/vudinhso/RMIT_Bot/lesson5_ws/install/rmitbot_localization' for CMake module files
[1.365s] DEBUG:colcon.colcon_core.event_handler.log_command:Invoked command in '/home/vudinhso/RMIT_Bot/lesson5_ws/build/rmitbot_localization' returned '0': CMAKE_PREFIX_PATH=${CMAKE_PREFIX_PATH}:/opt/ros/jazzy DEBUGINFOD_URLS=https://debuginfod.ubuntu.com /usr/bin/cmake --install /home/vudinhso/RMIT_Bot/lesson5_ws/build/rmitbot_localization
[1.368s] Level 1:colcon.colcon_core.environment:checking '/home/vudinhso/RMIT_Bot/lesson5_ws/install/rmitbot_localization' for CMake config files
[1.368s] Level 1:colcon.colcon_core.shell:create_environment_hook('rmitbot_localization', 'cmake_prefix_path')
[1.368s] INFO:colcon.colcon_core.shell:Creating environment hook '/home/vudinhso/RMIT_Bot/lesson5_ws/install/rmitbot_localization/share/rmitbot_localization/hook/cmake_prefix_path.ps1'
[1.376s] INFO:colcon.colcon_core.shell:Creating environment descriptor '/home/vudinhso/RMIT_Bot/lesson5_ws/install/rmitbot_localization/share/rmitbot_localization/hook/cmake_prefix_path.dsv'
[1.380s] INFO:colcon.colcon_core.shell:Creating environment hook '/home/vudinhso/RMIT_Bot/lesson5_ws/install/rmitbot_localization/share/rmitbot_localization/hook/cmake_prefix_path.sh'
[1.386s] Level 1:colcon.colcon_core.environment:checking '/home/vudinhso/RMIT_Bot/lesson5_ws/install/rmitbot_localization/bin'
[1.386s] Level 1:colcon.colcon_core.environment:checking '/home/vudinhso/RMIT_Bot/lesson5_ws/install/rmitbot_localization/lib/pkgconfig/rmitbot_localization.pc'
[1.388s] Level 1:colcon.colcon_core.environment:checking '/home/vudinhso/RMIT_Bot/lesson5_ws/install/rmitbot_localization/lib/python3.12/site-packages'
[1.389s] Level 1:colcon.colcon_core.environment:checking '/home/vudinhso/RMIT_Bot/lesson5_ws/install/rmitbot_localization/bin'
[1.389s] INFO:colcon.colcon_core.shell:Creating package script '/home/vudinhso/RMIT_Bot/lesson5_ws/install/rmitbot_localization/share/rmitbot_localization/package.ps1'
[1.391s] INFO:colcon.colcon_core.shell:Creating package descriptor '/home/vudinhso/RMIT_Bot/lesson5_ws/install/rmitbot_localization/share/rmitbot_localization/package.dsv'
[1.402s] INFO:colcon.colcon_core.shell:Creating package script '/home/vudinhso/RMIT_Bot/lesson5_ws/install/rmitbot_localization/share/rmitbot_localization/package.sh'
[1.408s] INFO:colcon.colcon_core.shell:Creating package script '/home/vudinhso/RMIT_Bot/lesson5_ws/install/rmitbot_localization/share/rmitbot_localization/package.bash'
[1.409s] INFO:colcon.colcon_core.shell:Creating package script '/home/vudinhso/RMIT_Bot/lesson5_ws/install/rmitbot_localization/share/rmitbot_localization/package.zsh'
[1.410s] Level 1:colcon.colcon_core.environment:create_file_with_runtime_dependencies(/home/vudinhso/RMIT_Bot/lesson5_ws/install/rmitbot_localization/share/colcon-core/packages/rmitbot_localization)
[1.414s] Level 1:colcon.colcon_core.environment:create_environment_scripts_only(rmitbot_localization)
[1.414s] Level 1:colcon.colcon_core.environment:checking '/home/vudinhso/RMIT_Bot/lesson5_ws/install/rmitbot_localization' for CMake module files
[1.417s] Level 1:colcon.colcon_core.environment:checking '/home/vudinhso/RMIT_Bot/lesson5_ws/install/rmitbot_localization' for CMake config files
[1.417s] Level 1:colcon.colcon_core.shell:create_environment_hook('rmitbot_localization', 'cmake_prefix_path')
[1.423s] INFO:colcon.colcon_core.shell:Creating environment hook '/home/vudinhso/RMIT_Bot/lesson5_ws/install/rmitbot_localization/share/rmitbot_localization/hook/cmake_prefix_path.ps1'
[1.425s] INFO:colcon.colcon_core.shell:Creating environment descriptor '/home/vudinhso/RMIT_Bot/lesson5_ws/install/rmitbot_localization/share/rmitbot_localization/hook/cmake_prefix_path.dsv'
[1.432s] INFO:colcon.colcon_core.shell:Creating environment hook '/home/vudinhso/RMIT_Bot/lesson5_ws/install/rmitbot_localization/share/rmitbot_localization/hook/cmake_prefix_path.sh'
[1.444s] Level 1:colcon.colcon_core.environment:checking '/home/vudinhso/RMIT_Bot/lesson5_ws/install/rmitbot_localization/bin'
[1.444s] Level 1:colcon.colcon_core.environment:checking '/home/vudinhso/RMIT_Bot/lesson5_ws/install/rmitbot_localization/lib/pkgconfig/rmitbot_localization.pc'
[1.451s] Level 1:colcon.colcon_core.environment:checking '/home/vudinhso/RMIT_Bot/lesson5_ws/install/rmitbot_localization/lib/python3.12/site-packages'
[1.451s] Level 1:colcon.colcon_core.environment:checking '/home/vudinhso/RMIT_Bot/lesson5_ws/install/rmitbot_localization/bin'
[1.454s] INFO:colcon.colcon_core.shell:Creating package script '/home/vudinhso/RMIT_Bot/lesson5_ws/install/rmitbot_localization/share/rmitbot_localization/package.ps1'
[1.459s] INFO:colcon.colcon_core.shell:Creating package descriptor '/home/vudinhso/RMIT_Bot/lesson5_ws/install/rmitbot_localization/share/rmitbot_localization/package.dsv'
[1.467s] INFO:colcon.colcon_core.shell:Creating package script '/home/vudinhso/RMIT_Bot/lesson5_ws/install/rmitbot_localization/share/rmitbot_localization/package.sh'
[1.471s] INFO:colcon.colcon_core.shell:Creating package script '/home/vudinhso/RMIT_Bot/lesson5_ws/install/rmitbot_localization/share/rmitbot_localization/package.bash'
[1.476s] INFO:colcon.colcon_core.shell:Creating package script '/home/vudinhso/RMIT_Bot/lesson5_ws/install/rmitbot_localization/share/rmitbot_localization/package.zsh'
[1.477s] Level 1:colcon.colcon_core.environment:create_file_with_runtime_dependencies(/home/vudinhso/RMIT_Bot/lesson5_ws/install/rmitbot_localization/share/colcon-core/packages/rmitbot_localization)
[10.937s] DEBUG:colcon.colcon_core.event_handler.log_command:Invoked command in '/home/vudinhso/RMIT_Bot/lesson5_ws/build/rmitbot_firmware' returned '0': CMAKE_PREFIX_PATH=${CMAKE_PREFIX_PATH}:/opt/ros/jazzy DEBUGINFOD_URLS=https://debuginfod.ubuntu.com /usr/bin/cmake --build /home/vudinhso/RMIT_Bot/lesson5_ws/build/rmitbot_firmware -- -j4 -l4
[10.943s] DEBUG:colcon.colcon_core.event_handler.log_command:Invoking command in '/home/vudinhso/RMIT_Bot/lesson5_ws/build/rmitbot_firmware': CMAKE_PREFIX_PATH=${CMAKE_PREFIX_PATH}:/opt/ros/jazzy DEBUGINFOD_URLS=https://debuginfod.ubuntu.com /usr/bin/cmake --install /home/vudinhso/RMIT_Bot/lesson5_ws/build/rmitbot_firmware
[10.982s] Level 1:colcon.colcon_core.environment:create_environment_scripts_only(rmitbot_firmware)
[10.983s] Level 1:colcon.colcon_core.environment:checking '/home/vudinhso/RMIT_Bot/lesson5_ws/install/rmitbot_firmware' for CMake module files
[10.983s] Level 1:colcon.colcon_core.environment:checking '/home/vudinhso/RMIT_Bot/lesson5_ws/install/rmitbot_firmware' for CMake config files
[10.984s] Level 1:colcon.colcon_core.shell:create_environment_hook('rmitbot_firmware', 'cmake_prefix_path')
[10.984s] INFO:colcon.colcon_core.shell:Creating environment hook '/home/vudinhso/RMIT_Bot/lesson5_ws/install/rmitbot_firmware/share/rmitbot_firmware/hook/cmake_prefix_path.ps1'
[10.985s] DEBUG:colcon.colcon_core.event_handler.log_command:Invoked command in '/home/vudinhso/RMIT_Bot/lesson5_ws/build/rmitbot_firmware' returned '0': CMAKE_PREFIX_PATH=${CMAKE_PREFIX_PATH}:/opt/ros/jazzy DEBUGINFOD_URLS=https://debuginfod.ubuntu.com /usr/bin/cmake --install /home/vudinhso/RMIT_Bot/lesson5_ws/build/rmitbot_firmware
[10.986s] INFO:colcon.colcon_core.shell:Creating environment descriptor '/home/vudinhso/RMIT_Bot/lesson5_ws/install/rmitbot_firmware/share/rmitbot_firmware/hook/cmake_prefix_path.dsv'
[10.987s] INFO:colcon.colcon_core.shell:Creating environment hook '/home/vudinhso/RMIT_Bot/lesson5_ws/install/rmitbot_firmware/share/rmitbot_firmware/hook/cmake_prefix_path.sh'
[10.988s] Level 1:colcon.colcon_core.environment:checking '/home/vudinhso/RMIT_Bot/lesson5_ws/install/rmitbot_firmware/lib'
[10.989s] Level 1:colcon.colcon_core.shell:create_environment_hook('rmitbot_firmware', 'ld_library_path_lib')
[10.989s] INFO:colcon.colcon_core.shell:Creating environment hook '/home/vudinhso/RMIT_Bot/lesson5_ws/install/rmitbot_firmware/share/rmitbot_firmware/hook/ld_library_path_lib.ps1'
[10.991s] INFO:colcon.colcon_core.shell:Creating environment descriptor '/home/vudinhso/RMIT_Bot/lesson5_ws/install/rmitbot_firmware/share/rmitbot_firmware/hook/ld_library_path_lib.dsv'
[10.992s] INFO:colcon.colcon_core.shell:Creating environment hook '/home/vudinhso/RMIT_Bot/lesson5_ws/install/rmitbot_firmware/share/rmitbot_firmware/hook/ld_library_path_lib.sh'
[10.993s] Level 1:colcon.colcon_core.environment:checking '/home/vudinhso/RMIT_Bot/lesson5_ws/install/rmitbot_firmware/bin'
[10.993s] Level 1:colcon.colcon_core.environment:checking '/home/vudinhso/RMIT_Bot/lesson5_ws/install/rmitbot_firmware/lib/pkgconfig/rmitbot_firmware.pc'
[10.993s] Level 1:colcon.colcon_core.environment:checking '/home/vudinhso/RMIT_Bot/lesson5_ws/install/rmitbot_firmware/lib/python3.12/site-packages'
[10.994s] Level 1:colcon.colcon_core.environment:checking '/home/vudinhso/RMIT_Bot/lesson5_ws/install/rmitbot_firmware/bin'
[10.994s] INFO:colcon.colcon_core.shell:Creating package script '/home/vudinhso/RMIT_Bot/lesson5_ws/install/rmitbot_firmware/share/rmitbot_firmware/package.ps1'
[10.995s] INFO:colcon.colcon_core.shell:Creating package descriptor '/home/vudinhso/RMIT_Bot/lesson5_ws/install/rmitbot_firmware/share/rmitbot_firmware/package.dsv'
[10.996s] INFO:colcon.colcon_core.shell:Creating package script '/home/vudinhso/RMIT_Bot/lesson5_ws/install/rmitbot_firmware/share/rmitbot_firmware/package.sh'
[10.997s] INFO:colcon.colcon_core.shell:Creating package script '/home/vudinhso/RMIT_Bot/lesson5_ws/install/rmitbot_firmware/share/rmitbot_firmware/package.bash'
[10.997s] INFO:colcon.colcon_core.shell:Creating package script '/home/vudinhso/RMIT_Bot/lesson5_ws/install/rmitbot_firmware/share/rmitbot_firmware/package.zsh'
[10.998s] Level 1:colcon.colcon_core.environment:create_file_with_runtime_dependencies(/home/vudinhso/RMIT_Bot/lesson5_ws/install/rmitbot_firmware/share/colcon-core/packages/rmitbot_firmware)
[10.999s] Level 1:colcon.colcon_core.environment:create_environment_scripts_only(rmitbot_firmware)
[10.999s] Level 1:colcon.colcon_core.environment:checking '/home/vudinhso/RMIT_Bot/lesson5_ws/install/rmitbot_firmware' for CMake module files
[11.000s] Level 1:colcon.colcon_core.environment:checking '/home/vudinhso/RMIT_Bot/lesson5_ws/install/rmitbot_firmware' for CMake config files
[11.001s] Level 1:colcon.colcon_core.shell:create_environment_hook('rmitbot_firmware', 'cmake_prefix_path')
[11.001s] INFO:colcon.colcon_core.shell:Creating environment hook '/home/vudinhso/RMIT_Bot/lesson5_ws/install/rmitbot_firmware/share/rmitbot_firmware/hook/cmake_prefix_path.ps1'
[11.002s] INFO:colcon.colcon_core.shell:Creating environment descriptor '/home/vudinhso/RMIT_Bot/lesson5_ws/install/rmitbot_firmware/share/rmitbot_firmware/hook/cmake_prefix_path.dsv'
[11.003s] INFO:colcon.colcon_core.shell:Creating environment hook '/home/vudinhso/RMIT_Bot/lesson5_ws/install/rmitbot_firmware/share/rmitbot_firmware/hook/cmake_prefix_path.sh'
[11.005s] Level 1:colcon.colcon_core.environment:checking '/home/vudinhso/RMIT_Bot/lesson5_ws/install/rmitbot_firmware/lib'
[11.005s] Level 1:colcon.colcon_core.shell:create_environment_hook('rmitbot_firmware', 'ld_library_path_lib')
[11.005s] INFO:colcon.colcon_core.shell:Creating environment hook '/home/vudinhso/RMIT_Bot/lesson5_ws/install/rmitbot_firmware/share/rmitbot_firmware/hook/ld_library_path_lib.ps1'
[11.006s] INFO:colcon.colcon_core.shell:Creating environment descriptor '/home/vudinhso/RMIT_Bot/lesson5_ws/install/rmitbot_firmware/share/rmitbot_firmware/hook/ld_library_path_lib.dsv'
[11.008s] INFO:colcon.colcon_core.shell:Creating environment hook '/home/vudinhso/RMIT_Bot/lesson5_ws/install/rmitbot_firmware/share/rmitbot_firmware/hook/ld_library_path_lib.sh'
[11.009s] Level 1:colcon.colcon_core.environment:checking '/home/vudinhso/RMIT_Bot/lesson5_ws/install/rmitbot_firmware/bin'
[11.009s] Level 1:colcon.colcon_core.environment:checking '/home/vudinhso/RMIT_Bot/lesson5_ws/install/rmitbot_firmware/lib/pkgconfig/rmitbot_firmware.pc'
[11.010s] Level 1:colcon.colcon_core.environment:checking '/home/vudinhso/RMIT_Bot/lesson5_ws/install/rmitbot_firmware/lib/python3.12/site-packages'
[11.010s] Level 1:colcon.colcon_core.environment:checking '/home/vudinhso/RMIT_Bot/lesson5_ws/install/rmitbot_firmware/bin'
[11.010s] INFO:colcon.colcon_core.shell:Creating package script '/home/vudinhso/RMIT_Bot/lesson5_ws/install/rmitbot_firmware/share/rmitbot_firmware/package.ps1'
[11.011s] INFO:colcon.colcon_core.shell:Creating package descriptor '/home/vudinhso/RMIT_Bot/lesson5_ws/install/rmitbot_firmware/share/rmitbot_firmware/package.dsv'
[11.012s] INFO:colcon.colcon_core.shell:Creating package script '/home/vudinhso/RMIT_Bot/lesson5_ws/install/rmitbot_firmware/share/rmitbot_firmware/package.sh'
[11.013s] INFO:colcon.colcon_core.shell:Creating package script '/home/vudinhso/RMIT_Bot/lesson5_ws/install/rmitbot_firmware/share/rmitbot_firmware/package.bash'
[11.013s] INFO:colcon.colcon_core.shell:Creating package script '/home/vudinhso/RMIT_Bot/lesson5_ws/install/rmitbot_firmware/share/rmitbot_firmware/package.zsh'
[11.014s] Level 1:colcon.colcon_core.environment:create_file_with_runtime_dependencies(/home/vudinhso/RMIT_Bot/lesson5_ws/install/rmitbot_firmware/share/colcon-core/packages/rmitbot_firmware)
[11.015s] DEBUG:colcon.colcon_parallel_executor.executor.parallel:closing loop
[11.016s] DEBUG:colcon.colcon_parallel_executor.executor.parallel:loop closed
[11.017s] DEBUG:colcon.colcon_parallel_executor.executor.parallel:run_until_complete finished with '0'
[11.017s] DEBUG:colcon.colcon_core.event_reactor:joining thread
[11.031s] INFO:colcon.colcon_core.plugin_system:Skipping extension 'colcon_notification.desktop_notification.terminal_notifier': Not used on non-Darwin systems
[11.031s] INFO:colcon.colcon_core.plugin_system:Skipping extension 'colcon_notification.desktop_notification.win32': Not used on non-Windows systems
[11.031s] INFO:colcon.colcon_notification.desktop_notification:Sending desktop notification using 'notify2'
[11.060s] DEBUG:colcon.colcon_core.event_reactor:joined thread
[11.060s] INFO:colcon.colcon_core.shell:Creating prefix script '/home/vudinhso/RMIT_Bot/lesson5_ws/install/local_setup.ps1'
[11.062s] INFO:colcon.colcon_core.shell:Creating prefix util module '/home/vudinhso/RMIT_Bot/lesson5_ws/install/_local_setup_util_ps1.py'
[11.067s] INFO:colcon.colcon_core.shell:Creating prefix chain script '/home/vudinhso/RMIT_Bot/lesson5_ws/install/setup.ps1'
[11.071s] INFO:colcon.colcon_core.shell:Creating prefix script '/home/vudinhso/RMIT_Bot/lesson5_ws/install/local_setup.sh'
[11.072s] INFO:colcon.colcon_core.shell:Creating prefix util module '/home/vudinhso/RMIT_Bot/lesson5_ws/install/_local_setup_util_sh.py'
[11.077s] INFO:colcon.colcon_core.shell:Creating prefix chain script '/home/vudinhso/RMIT_Bot/lesson5_ws/install/setup.sh'
[11.081s] INFO:colcon.colcon_core.shell:Creating prefix script '/home/vudinhso/RMIT_Bot/lesson5_ws/install/local_setup.bash'
[11.082s] INFO:colcon.colcon_core.shell:Creating prefix chain script '/home/vudinhso/RMIT_Bot/lesson5_ws/install/setup.bash'
[11.089s] INFO:colcon.colcon_core.shell:Creating prefix script '/home/vudinhso/RMIT_Bot/lesson5_ws/install/local_setup.zsh'
[11.090s] INFO:colcon.colcon_core.shell:Creating prefix chain script '/home/vudinhso/RMIT_Bot/lesson5_ws/install/setup.zsh'
