[ 50%] [32mBuilding CXX object CMakeFiles/rmitbot_firmware.dir/src/rmitbot_interface.cpp.o[0m
[01m[K/home/tranminhtu/RMITbot/lesson5_ws/src/rmitbot_firmware/src/rmitbot_interface.cpp:[m[K In member function ‘[01m[Kvirtual rmitbot_firmware::CallbackReturn rmitbot_firmware::RmitbotInterface::[01;32m[Kon_init[m[K(const hardware_interface::HardwareInfo&)[m[K’:
[01m[K/home/tranminhtu/RMITbot/lesson5_ws/src/rmitbot_firmware/src/rmitbot_interface.cpp:46:31:[m[K [01;31m[Kerror: [m[Kno matching function for call to ‘[01m[Kstd::vector<double, std::allocator<double> >::reserve(std::vector<hardware_interface::ComponentInfo>::size_type, double)[m[K’
   46 |     [01;31m[Kvelocity_commands_.reserve(info_.joints.size(), 0.0)[m[K;
      |     [01;31m[K~~~~~~~~~~~~~~~~~~~~~~~~~~^~~~~~~~~~~~~~~~~~~~~~~~~~[m[K
In file included from [01m[K/usr/include/c++/13/vector:72[m[K,
                 from [01m[K/opt/ros/jazzy/include/rclcpp/rclcpp/copy_all_parameter_values.hpp:19[m[K,
                 from [01m[K/opt/ros/jazzy/include/rclcpp/rclcpp/rclcpp.hpp:171[m[K,
                 from [01m[K/home/tranminhtu/RMITbot/lesson5_ws/src/rmitbot_firmware/include/rmitbot_firmware/rmitbot_interface.hpp:6[m[K,
                 from [01m[K/home/tranminhtu/RMITbot/lesson5_ws/src/rmitbot_firmware/src/rmitbot_interface.cpp:1[m[K:
[01m[K/usr/include/c++/13/bits/vector.tcc:67:5:[m[K [01;36m[Knote: [m[Kcandidate: ‘[01m[Kvoid std::vector<_Tp, _Alloc>::[01;32m[Kreserve[m[K(size_type) [35m[K[with _Tp = double; _Alloc = std::allocator<double>; size_type = long unsigned int][m[K[m[K’
   67 |     [01;36m[Kvector<_Tp, _Alloc>[m[K::
      |     [01;36m[K^~~~~~~~~~~~~~~~~~~[m[K
[01m[K/usr/include/c++/13/bits/vector.tcc:67:5:[m[K [01;36m[Knote: [m[K  candidate expects 1 argument, 2 provided
[01m[K/home/tranminhtu/RMITbot/lesson5_ws/src/rmitbot_firmware/src/rmitbot_interface.cpp:47:29:[m[K [01;31m[Kerror: [m[Kno matching function for call to ‘[01m[Kstd::vector<double, std::allocator<double> >::reserve(std::vector<hardware_interface::ComponentInfo>::size_type, double)[m[K’
   47 |     [01;31m[Kposition_states_.reserve(info_.joints.size(), 0.0)[m[K;
      |     [01;31m[K~~~~~~~~~~~~~~~~~~~~~~~~^~~~~~~~~~~~~~~~~~~~~~~~~~[m[K
[01m[K/usr/include/c++/13/bits/vector.tcc:67:5:[m[K [01;36m[Knote: [m[Kcandidate: ‘[01m[Kvoid std::vector<_Tp, _Alloc>::[01;32m[Kreserve[m[K(size_type) [35m[K[with _Tp = double; _Alloc = std::allocator<double>; size_type = long unsigned int][m[K[m[K’
   67 |     [01;36m[Kvector<_Tp, _Alloc>[m[K::
      |     [01;36m[K^~~~~~~~~~~~~~~~~~~[m[K
[01m[K/usr/include/c++/13/bits/vector.tcc:67:5:[m[K [01;36m[Knote: [m[K  candidate expects 1 argument, 2 provided
[01m[K/home/tranminhtu/RMITbot/lesson5_ws/src/rmitbot_firmware/src/rmitbot_interface.cpp:48:29:[m[K [01;31m[Kerror: [m[Kno matching function for call to ‘[01m[Kstd::vector<double, std::allocator<double> >::reserve(std::vector<hardware_interface::ComponentInfo>::size_type, double)[m[K’
   48 |     [01;31m[Kvelocity_states_.reserve(info_.joints.size(), 0.0)[m[K;
      |     [01;31m[K~~~~~~~~~~~~~~~~~~~~~~~~^~~~~~~~~~~~~~~~~~~~~~~~~~[m[K
[01m[K/usr/include/c++/13/bits/vector.tcc:67:5:[m[K [01;36m[Knote: [m[Kcandidate: ‘[01m[Kvoid std::vector<_Tp, _Alloc>::[01;32m[Kreserve[m[K(size_type) [35m[K[with _Tp = double; _Alloc = std::allocator<double>; size_type = long unsigned int][m[K[m[K’
   67 |     [01;36m[Kvector<_Tp, _Alloc>[m[K::
      |     [01;36m[K^~~~~~~~~~~~~~~~~~~[m[K
[01m[K/usr/include/c++/13/bits/vector.tcc:67:5:[m[K [01;36m[Knote: [m[K  candidate expects 1 argument, 2 provided
gmake[2]: *** [CMakeFiles/rmitbot_firmware.dir/build.make:76: CMakeFiles/rmitbot_firmware.dir/src/rmitbot_interface.cpp.o] Error 1
gmake[1]: *** [CMakeFiles/Makefile2:137: CMakeFiles/rmitbot_firmware.dir/all] Error 2
gmake: *** [Makefile:146: all] Error 2
