[0.017s] Invoking command in '/home/vudinhso/RMIT_Bot/lesson5_ws/build/rmitbot_firmware': CMAKE_PREFIX_PATH=${CMAKE_PREFIX_PATH}:/opt/ros/jazzy DEBUGINFOD_URLS=https://debuginfod.ubuntu.com /usr/bin/cmake /home/vudinhso/RMIT_Bot/lesson5_ws/src/rmitbot_firmware -DCMAKE_INSTALL_PREFIX=/home/vudinhso/RMIT_Bot/lesson5_ws/install/rmitbot_firmware
[0.272s] -- The C compiler identification is GNU 13.3.0
[0.457s] -- The CXX compiler identification is GNU 13.3.0
[0.481s] -- Detecting C compiler ABI info
[0.615s] -- Detecting C compiler ABI info - done
[0.629s] -- Check for working C compiler: /usr/bin/cc - skipped
[0.631s] -- Detecting C compile features
[0.631s] -- Detecting C compile features - done
[0.641s] -- Detecting CXX compiler ABI info
[0.768s] -- Detecting CXX compiler ABI info - done
[0.777s] -- Check for working CXX compiler: /usr/bin/c++ - skipped
[0.778s] -- Detecting CXX compile features
[0.778s] -- Detecting CXX compile features - done
[0.791s] -- Found ament_cmake: 2.5.3 (/opt/ros/jazzy/share/ament_cmake/cmake)
[1.012s] -- Found Python3: /usr/bin/python3 (found version "3.12.3") found components: Interpreter 
[1.175s] -- Found ament_lint_auto: 0.17.2 (/opt/ros/jazzy/share/ament_lint_auto/cmake)
[1.345s] -- Added test 'lint_cmake' to check CMake code style
[1.347s] -- Added test 'xmllint' to check XML markup files
[1.350s] -- Configuring done (1.3s)
[1.357s] -- Generating done (0.0s)
[1.359s] -- Build files have been written to: /home/vudinhso/RMIT_Bot/lesson5_ws/build/rmitbot_firmware
[1.371s] Invoked command in '/home/vudinhso/RMIT_Bot/lesson5_ws/build/rmitbot_firmware' returned '0': CMAKE_PREFIX_PATH=${CMAKE_PREFIX_PATH}:/opt/ros/jazzy DEBUGINFOD_URLS=https://debuginfod.ubuntu.com /usr/bin/cmake /home/vudinhso/RMIT_Bot/lesson5_ws/src/rmitbot_firmware -DCMAKE_INSTALL_PREFIX=/home/vudinhso/RMIT_Bot/lesson5_ws/install/rmitbot_firmware
[1.372s] Invoking command in '/home/vudinhso/RMIT_Bot/lesson5_ws/build/rmitbot_firmware': CMAKE_PREFIX_PATH=${CMAKE_PREFIX_PATH}:/opt/ros/jazzy DEBUGINFOD_URLS=https://debuginfod.ubuntu.com /usr/bin/cmake --build /home/vudinhso/RMIT_Bot/lesson5_ws/build/rmitbot_firmware -- -j4 -l4
[1.430s] Invoked command in '/home/vudinhso/RMIT_Bot/lesson5_ws/build/rmitbot_firmware' returned '0': CMAKE_PREFIX_PATH=${CMAKE_PREFIX_PATH}:/opt/ros/jazzy DEBUGINFOD_URLS=https://debuginfod.ubuntu.com /usr/bin/cmake --build /home/vudinhso/RMIT_Bot/lesson5_ws/build/rmitbot_firmware -- -j4 -l4
[1.431s] Invoking command in '/home/vudinhso/RMIT_Bot/lesson5_ws/build/rmitbot_firmware': CMAKE_PREFIX_PATH=${CMAKE_PREFIX_PATH}:/opt/ros/jazzy DEBUGINFOD_URLS=https://debuginfod.ubuntu.com /usr/bin/cmake --install /home/vudinhso/RMIT_Bot/lesson5_ws/build/rmitbot_firmware
[1.442s] -- Install configuration: ""
[1.443s] -- Installing: /home/vudinhso/RMIT_Bot/lesson5_ws/install/rmitbot_firmware/share/ament_index/resource_index/package_run_dependencies/rmitbot_firmware
[1.443s] -- Installing: /home/vudinhso/RMIT_Bot/lesson5_ws/install/rmitbot_firmware/share/ament_index/resource_index/parent_prefix_path/rmitbot_firmware
[1.443s] -- Installing: /home/vudinhso/RMIT_Bot/lesson5_ws/install/rmitbot_firmware/share/rmitbot_firmware/environment/ament_prefix_path.sh
[1.443s] -- Installing: /home/vudinhso/RMIT_Bot/lesson5_ws/install/rmitbot_firmware/share/rmitbot_firmware/environment/ament_prefix_path.dsv
[1.443s] -- Installing: /home/vudinhso/RMIT_Bot/lesson5_ws/install/rmitbot_firmware/share/rmitbot_firmware/environment/path.sh
[1.443s] -- Installing: /home/vudinhso/RMIT_Bot/lesson5_ws/install/rmitbot_firmware/share/rmitbot_firmware/environment/path.dsv
[1.443s] -- Installing: /home/vudinhso/RMIT_Bot/lesson5_ws/install/rmitbot_firmware/share/rmitbot_firmware/local_setup.bash
[1.444s] -- Installing: /home/vudinhso/RMIT_Bot/lesson5_ws/install/rmitbot_firmware/share/rmitbot_firmware/local_setup.sh
[1.444s] -- Installing: /home/vudinhso/RMIT_Bot/lesson5_ws/install/rmitbot_firmware/share/rmitbot_firmware/local_setup.zsh
[1.444s] -- Installing: /home/vudinhso/RMIT_Bot/lesson5_ws/install/rmitbot_firmware/share/rmitbot_firmware/local_setup.dsv
[1.444s] -- Installing: /home/vudinhso/RMIT_Bot/lesson5_ws/install/rmitbot_firmware/share/rmitbot_firmware/package.dsv
[1.444s] -- Installing: /home/vudinhso/RMIT_Bot/lesson5_ws/install/rmitbot_firmware/share/ament_index/resource_index/packages/rmitbot_firmware
[1.444s] -- Installing: /home/vudinhso/RMIT_Bot/lesson5_ws/install/rmitbot_firmware/share/rmitbot_firmware/cmake/rmitbot_firmwareConfig.cmake
[1.444s] -- Installing: /home/vudinhso/RMIT_Bot/lesson5_ws/install/rmitbot_firmware/share/rmitbot_firmware/cmake/rmitbot_firmwareConfig-version.cmake
[1.444s] -- Installing: /home/vudinhso/RMIT_Bot/lesson5_ws/install/rmitbot_firmware/share/rmitbot_firmware/package.xml
[1.446s] Invoked command in '/home/vudinhso/RMIT_Bot/lesson5_ws/build/rmitbot_firmware' returned '0': CMAKE_PREFIX_PATH=${CMAKE_PREFIX_PATH}:/opt/ros/jazzy DEBUGINFOD_URLS=https://debuginfod.ubuntu.com /usr/bin/cmake --install /home/vudinhso/RMIT_Bot/lesson5_ws/build/rmitbot_firmware
