[0.020s] Invoking command in '/home/tranminhtu/RMITbot/lesson5_ws/build/rmitbot_description': CMAKE_PREFIX_PATH=${CMAKE_PREFIX_PATH}:/opt/ros/jazzy DEBUGINFOD_URLS=https://debuginfod.ubuntu.com /usr/bin/cmake /home/tranminhtu/RMITbot/lesson5_ws/src/rmitbot_description -DCMAKE_INSTALL_PREFIX=/home/tranminhtu/RMITbot/lesson5_ws/install/rmitbot_description
[0.083s] -- The C compiler identification is GNU 13.3.0
[0.142s] -- The CXX compiler identification is GNU 13.3.0
[0.158s] -- Detecting C compiler ABI info
[0.246s] -- Detecting C compiler ABI info - done
[0.254s] -- Check for working C compiler: /usr/bin/cc - skipped
[0.254s] -- Detecting C compile features
[0.255s] -- Detecting C compile features - done
[0.265s] -- Detecting CXX compiler ABI info
[0.377s] -- Detecting CXX compiler ABI info - done
[0.392s] -- Check for working CXX compiler: /usr/bin/c++ - skipped
[0.393s] -- Detecting CXX compile features
[0.393s] -- Detecting CXX compile features - done
[0.399s] -- Found ament_cmake: 2.5.4 (/opt/ros/jazzy/share/ament_cmake/cmake)
[0.557s] -- Found Python3: /usr/bin/python3 (found version "3.12.3") found components: Interpreter 
[0.680s] -- Found urdf: 2.10.0 (/opt/ros/jazzy/share/urdf/cmake)
[0.729s] -- Found TinyXML2 via Config file: /usr/lib/x86_64-linux-gnu/cmake/tinyxml2
[0.836s] -- Configuring done (0.8s)
[0.838s] -- Generating done (0.0s)
[0.843s] -- Build files have been written to: /home/tranminhtu/RMITbot/lesson5_ws/build/rmitbot_description
[0.864s] Invoked command in '/home/tranminhtu/RMITbot/lesson5_ws/build/rmitbot_description' returned '0': CMAKE_PREFIX_PATH=${CMAKE_PREFIX_PATH}:/opt/ros/jazzy DEBUGINFOD_URLS=https://debuginfod.ubuntu.com /usr/bin/cmake /home/tranminhtu/RMITbot/lesson5_ws/src/rmitbot_description -DCMAKE_INSTALL_PREFIX=/home/tranminhtu/RMITbot/lesson5_ws/install/rmitbot_description
[0.865s] Invoking command in '/home/tranminhtu/RMITbot/lesson5_ws/build/rmitbot_description': CMAKE_PREFIX_PATH=${CMAKE_PREFIX_PATH}:/opt/ros/jazzy DEBUGINFOD_URLS=https://debuginfod.ubuntu.com /usr/bin/cmake --build /home/tranminhtu/RMITbot/lesson5_ws/build/rmitbot_description -- -j8 -l8
[0.913s] Invoked command in '/home/tranminhtu/RMITbot/lesson5_ws/build/rmitbot_description' returned '0': CMAKE_PREFIX_PATH=${CMAKE_PREFIX_PATH}:/opt/ros/jazzy DEBUGINFOD_URLS=https://debuginfod.ubuntu.com /usr/bin/cmake --build /home/tranminhtu/RMITbot/lesson5_ws/build/rmitbot_description -- -j8 -l8
[0.914s] Invoking command in '/home/tranminhtu/RMITbot/lesson5_ws/build/rmitbot_description': CMAKE_PREFIX_PATH=${CMAKE_PREFIX_PATH}:/opt/ros/jazzy DEBUGINFOD_URLS=https://debuginfod.ubuntu.com /usr/bin/cmake --install /home/tranminhtu/RMITbot/lesson5_ws/build/rmitbot_description
[0.921s] -- Install configuration: ""
[0.921s] -- Installing: /home/tranminhtu/RMITbot/lesson5_ws/install/rmitbot_description/share/rmitbot_description/meshes
[0.921s] -- Installing: /home/tranminhtu/RMITbot/lesson5_ws/install/rmitbot_description/share/rmitbot_description/meshes/wheel_left_link.STL
[0.921s] -- Installing: /home/tranminhtu/RMITbot/lesson5_ws/install/rmitbot_description/share/rmitbot_description/meshes/wheel_right_link.STL
[0.922s] -- Installing: /home/tranminhtu/RMITbot/lesson5_ws/install/rmitbot_description/share/rmitbot_description/meshes/caster_front_link.STL
[0.922s] -- Installing: /home/tranminhtu/RMITbot/lesson5_ws/install/rmitbot_description/share/rmitbot_description/meshes/caster_rear_link.STL
[0.923s] -- Installing: /home/tranminhtu/RMITbot/lesson5_ws/install/rmitbot_description/share/rmitbot_description/meshes/base_link.STL
[0.937s] -- Installing: /home/tranminhtu/RMITbot/lesson5_ws/install/rmitbot_description/share/rmitbot_description/meshes/imu_link.STL
[0.937s] -- Installing: /home/tranminhtu/RMITbot/lesson5_ws/install/rmitbot_description/share/rmitbot_description/urdf
[0.938s] -- Installing: /home/tranminhtu/RMITbot/lesson5_ws/install/rmitbot_description/share/rmitbot_description/urdf/rmitbot_platform.xacro
[0.938s] -- Installing: /home/tranminhtu/RMITbot/lesson5_ws/install/rmitbot_description/share/rmitbot_description/urdf/rmitbot_gazebo.xacro
[0.939s] -- Installing: /home/tranminhtu/RMITbot/lesson5_ws/install/rmitbot_description/share/rmitbot_description/urdf/rmitbot_imu.xacro
[0.939s] -- Installing: /home/tranminhtu/RMITbot/lesson5_ws/install/rmitbot_description/share/rmitbot_description/urdf/rmitbot_ros2_control.xacro
[0.939s] -- Installing: /home/tranminhtu/RMITbot/lesson5_ws/install/rmitbot_description/share/rmitbot_description/urdf/rmitbot.urdf.xacro
[0.939s] -- Installing: /home/tranminhtu/RMITbot/lesson5_ws/install/rmitbot_description/share/rmitbot_description/launch
[0.939s] -- Installing: /home/tranminhtu/RMITbot/lesson5_ws/install/rmitbot_description/share/rmitbot_description/launch/gazebo.launch.py
[0.939s] -- Installing: /home/tranminhtu/RMITbot/lesson5_ws/install/rmitbot_description/share/rmitbot_description/launch/display.launch.py
[0.939s] -- Installing: /home/tranminhtu/RMITbot/lesson5_ws/install/rmitbot_description/share/rmitbot_description/rviz
[0.940s] -- Installing: /home/tranminhtu/RMITbot/lesson5_ws/install/rmitbot_description/share/rmitbot_description/rviz/display.rviz
[0.940s] -- Installing: /home/tranminhtu/RMITbot/lesson5_ws/install/rmitbot_description/share/ament_index/resource_index/package_run_dependencies/rmitbot_description
[0.940s] -- Installing: /home/tranminhtu/RMITbot/lesson5_ws/install/rmitbot_description/share/ament_index/resource_index/parent_prefix_path/rmitbot_description
[0.940s] -- Installing: /home/tranminhtu/RMITbot/lesson5_ws/install/rmitbot_description/share/rmitbot_description/environment/ament_prefix_path.sh
[0.941s] -- Installing: /home/tranminhtu/RMITbot/lesson5_ws/install/rmitbot_description/share/rmitbot_description/environment/ament_prefix_path.dsv
[0.941s] -- Installing: /home/tranminhtu/RMITbot/lesson5_ws/install/rmitbot_description/share/rmitbot_description/environment/path.sh
[0.941s] -- Installing: /home/tranminhtu/RMITbot/lesson5_ws/install/rmitbot_description/share/rmitbot_description/environment/path.dsv
[0.941s] -- Installing: /home/tranminhtu/RMITbot/lesson5_ws/install/rmitbot_description/share/rmitbot_description/local_setup.bash
[0.941s] -- Installing: /home/tranminhtu/RMITbot/lesson5_ws/install/rmitbot_description/share/rmitbot_description/local_setup.sh
[0.941s] -- Installing: /home/tranminhtu/RMITbot/lesson5_ws/install/rmitbot_description/share/rmitbot_description/local_setup.zsh
[0.941s] -- Installing: /home/tranminhtu/RMITbot/lesson5_ws/install/rmitbot_description/share/rmitbot_description/local_setup.dsv
[0.941s] -- Installing: /home/tranminhtu/RMITbot/lesson5_ws/install/rmitbot_description/share/rmitbot_description/package.dsv
[0.941s] -- Installing: /home/tranminhtu/RMITbot/lesson5_ws/install/rmitbot_description/share/ament_index/resource_index/packages/rmitbot_description
[0.941s] -- Installing: /home/tranminhtu/RMITbot/lesson5_ws/install/rmitbot_description/share/rmitbot_description/cmake/rmitbot_descriptionConfig.cmake
[0.942s] -- Installing: /home/tranminhtu/RMITbot/lesson5_ws/install/rmitbot_description/share/rmitbot_description/cmake/rmitbot_descriptionConfig-version.cmake
[0.942s] -- Installing: /home/tranminhtu/RMITbot/lesson5_ws/install/rmitbot_description/share/rmitbot_description/package.xml
[0.942s] Invoked command in '/home/tranminhtu/RMITbot/lesson5_ws/build/rmitbot_description' returned '0': CMAKE_PREFIX_PATH=${CMAKE_PREFIX_PATH}:/opt/ros/jazzy DEBUGINFOD_URLS=https://debuginfod.ubuntu.com /usr/bin/cmake --install /home/tranminhtu/RMITbot/lesson5_ws/build/rmitbot_description
