[0.110s] DEBUG:colcon:Command line arguments: ['/usr/bin/colcon', 'build']
[0.110s] DEBUG:colcon:Parsed command line arguments: Namespace(log_base=None, log_level=None, verb_name='build', build_base='build', install_base='install', merge_install=False, symlink_install=False, test_result_base=None, continue_on_error=False, executor='parallel', parallel_workers=4, event_handlers=None, ignore_user_meta=False, metas=['./colcon.meta'], base_paths=['.'], packages_ignore=None, packages_ignore_regex=None, paths=None, packages_up_to=None, packages_up_to_regex=None, packages_above=None, packages_above_and_dependencies=None, packages_above_depth=None, packages_select_by_dep=None, packages_skip_by_dep=None, packages_skip_up_to=None, packages_select_build_failed=False, packages_skip_build_finished=False, packages_select_test_failures=False, packages_skip_test_passed=False, packages_select=None, packages_skip=None, packages_select_regex=None, packages_skip_regex=None, packages_start=None, packages_end=None, allow_overriding=[], cmake_args=None, cmake_target=None, cmake_target_skip_unavailable=False, cmake_clean_cache=False, cmake_clean_first=False, cmake_force_configure=False, ament_cmake_args=None, catkin_cmake_args=None, catkin_skip_building_tests=False, mixin_files=None, mixin=None, verb_parser=<colcon_mixin.mixin.mixin_argument.MixinArgumentDecorator object at 0x77b2dba88ef0>, verb_extension=<colcon_core.verb.build.BuildVerb object at 0x77b2dba88c50>, main=<bound method BuildVerb.main of <colcon_core.verb.build.BuildVerb object at 0x77b2dba88c50>>, mixin_verb=('build',))
[0.147s] Level 1:colcon.colcon_core.package_discovery:discover_packages(colcon_meta) check parameters
[0.147s] Level 1:colcon.colcon_core.package_discovery:discover_packages(recursive) check parameters
[0.147s] Level 1:colcon.colcon_core.package_discovery:discover_packages(ignore) check parameters
[0.147s] Level 1:colcon.colcon_core.package_discovery:discover_packages(path) check parameters
[0.147s] Level 1:colcon.colcon_core.package_discovery:discover_packages(colcon_meta) discover
[0.147s] Level 1:colcon.colcon_core.package_discovery:discover_packages(recursive) discover
[0.147s] INFO:colcon.colcon_core.package_discovery:Crawling recursively for packages in '/home/vudinhso/RMIT_Bot/lesson5_ws'
[0.147s] Level 1:colcon.colcon_core.package_identification:_identify(.) by extensions ['ignore', 'ignore_ament_install']
[0.148s] Level 1:colcon.colcon_core.package_identification:_identify(.) by extension 'ignore'
[0.148s] Level 1:colcon.colcon_core.package_identification:_identify(.) by extension 'ignore_ament_install'
[0.148s] Level 1:colcon.colcon_core.package_identification:_identify(.) by extensions ['colcon_pkg']
[0.148s] Level 1:colcon.colcon_core.package_identification:_identify(.) by extension 'colcon_pkg'
[0.148s] Level 1:colcon.colcon_core.package_identification:_identify(.) by extensions ['colcon_meta']
[0.148s] Level 1:colcon.colcon_core.package_identification:_identify(.) by extension 'colcon_meta'
[0.148s] Level 1:colcon.colcon_core.package_identification:_identify(.) by extensions ['ros']
[0.148s] Level 1:colcon.colcon_core.package_identification:_identify(.) by extension 'ros'
[0.171s] Level 1:colcon.colcon_core.package_identification:_identify(.) by extensions ['cmake', 'python']
[0.171s] Level 1:colcon.colcon_core.package_identification:_identify(.) by extension 'cmake'
[0.171s] Level 1:colcon.colcon_core.package_identification:_identify(.) by extension 'python'
[0.171s] Level 1:colcon.colcon_core.package_identification:_identify(.) by extensions ['python_setup_py']
[0.171s] Level 1:colcon.colcon_core.package_identification:_identify(.) by extension 'python_setup_py'
[0.171s] Level 1:colcon.colcon_core.package_identification:_identify(build) by extensions ['ignore', 'ignore_ament_install']
[0.171s] Level 1:colcon.colcon_core.package_identification:_identify(build) by extension 'ignore'
[0.171s] Level 1:colcon.colcon_core.package_identification:_identify(build) ignored
[0.172s] Level 1:colcon.colcon_core.package_identification:_identify(install) by extensions ['ignore', 'ignore_ament_install']
[0.172s] Level 1:colcon.colcon_core.package_identification:_identify(install) by extension 'ignore'
[0.172s] Level 1:colcon.colcon_core.package_identification:_identify(install) ignored
[0.172s] Level 1:colcon.colcon_core.package_identification:_identify(log) by extensions ['ignore', 'ignore_ament_install']
[0.172s] Level 1:colcon.colcon_core.package_identification:_identify(log) by extension 'ignore'
[0.172s] Level 1:colcon.colcon_core.package_identification:_identify(log) ignored
[0.172s] Level 1:colcon.colcon_core.package_identification:_identify(src) by extensions ['ignore', 'ignore_ament_install']
[0.172s] Level 1:colcon.colcon_core.package_identification:_identify(src) by extension 'ignore'
[0.172s] Level 1:colcon.colcon_core.package_identification:_identify(src) by extension 'ignore_ament_install'
[0.172s] Level 1:colcon.colcon_core.package_identification:_identify(src) by extensions ['colcon_pkg']
[0.172s] Level 1:colcon.colcon_core.package_identification:_identify(src) by extension 'colcon_pkg'
[0.172s] Level 1:colcon.colcon_core.package_identification:_identify(src) by extensions ['colcon_meta']
[0.172s] Level 1:colcon.colcon_core.package_identification:_identify(src) by extension 'colcon_meta'
[0.172s] Level 1:colcon.colcon_core.package_identification:_identify(src) by extensions ['ros']
[0.172s] Level 1:colcon.colcon_core.package_identification:_identify(src) by extension 'ros'
[0.173s] Level 1:colcon.colcon_core.package_identification:_identify(src) by extensions ['cmake', 'python']
[0.173s] Level 1:colcon.colcon_core.package_identification:_identify(src) by extension 'cmake'
[0.173s] Level 1:colcon.colcon_core.package_identification:_identify(src) by extension 'python'
[0.173s] Level 1:colcon.colcon_core.package_identification:_identify(src) by extensions ['python_setup_py']
[0.173s] Level 1:colcon.colcon_core.package_identification:_identify(src) by extension 'python_setup_py'
[0.173s] Level 1:colcon.colcon_core.package_identification:_identify(src/rmitbot_bringup) by extensions ['ignore', 'ignore_ament_install']
[0.173s] Level 1:colcon.colcon_core.package_identification:_identify(src/rmitbot_bringup) by extension 'ignore'
[0.173s] Level 1:colcon.colcon_core.package_identification:_identify(src/rmitbot_bringup) by extension 'ignore_ament_install'
[0.173s] Level 1:colcon.colcon_core.package_identification:_identify(src/rmitbot_bringup) by extensions ['colcon_pkg']
[0.173s] Level 1:colcon.colcon_core.package_identification:_identify(src/rmitbot_bringup) by extension 'colcon_pkg'
[0.173s] Level 1:colcon.colcon_core.package_identification:_identify(src/rmitbot_bringup) by extensions ['colcon_meta']
[0.173s] Level 1:colcon.colcon_core.package_identification:_identify(src/rmitbot_bringup) by extension 'colcon_meta'
[0.173s] Level 1:colcon.colcon_core.package_identification:_identify(src/rmitbot_bringup) by extensions ['ros']
[0.173s] Level 1:colcon.colcon_core.package_identification:_identify(src/rmitbot_bringup) by extension 'ros'
[0.175s] DEBUG:colcon.colcon_core.package_identification:Package 'src/rmitbot_bringup' with type 'ros.ament_cmake' and name 'rmitbot_bringup'
[0.176s] Level 1:colcon.colcon_core.package_identification:_identify(src/rmitbot_controller) by extensions ['ignore', 'ignore_ament_install']
[0.176s] Level 1:colcon.colcon_core.package_identification:_identify(src/rmitbot_controller) by extension 'ignore'
[0.176s] Level 1:colcon.colcon_core.package_identification:_identify(src/rmitbot_controller) by extension 'ignore_ament_install'
[0.176s] Level 1:colcon.colcon_core.package_identification:_identify(src/rmitbot_controller) by extensions ['colcon_pkg']
[0.176s] Level 1:colcon.colcon_core.package_identification:_identify(src/rmitbot_controller) by extension 'colcon_pkg'
[0.176s] Level 1:colcon.colcon_core.package_identification:_identify(src/rmitbot_controller) by extensions ['colcon_meta']
[0.176s] Level 1:colcon.colcon_core.package_identification:_identify(src/rmitbot_controller) by extension 'colcon_meta'
[0.176s] Level 1:colcon.colcon_core.package_identification:_identify(src/rmitbot_controller) by extensions ['ros']
[0.176s] Level 1:colcon.colcon_core.package_identification:_identify(src/rmitbot_controller) by extension 'ros'
[0.176s] DEBUG:colcon.colcon_core.package_identification:Package 'src/rmitbot_controller' with type 'ros.ament_cmake' and name 'rmitbot_controller'
[0.176s] Level 1:colcon.colcon_core.package_identification:_identify(src/rmitbot_description) by extensions ['ignore', 'ignore_ament_install']
[0.176s] Level 1:colcon.colcon_core.package_identification:_identify(src/rmitbot_description) by extension 'ignore'
[0.177s] Level 1:colcon.colcon_core.package_identification:_identify(src/rmitbot_description) by extension 'ignore_ament_install'
[0.177s] Level 1:colcon.colcon_core.package_identification:_identify(src/rmitbot_description) by extensions ['colcon_pkg']
[0.177s] Level 1:colcon.colcon_core.package_identification:_identify(src/rmitbot_description) by extension 'colcon_pkg'
[0.177s] Level 1:colcon.colcon_core.package_identification:_identify(src/rmitbot_description) by extensions ['colcon_meta']
[0.177s] Level 1:colcon.colcon_core.package_identification:_identify(src/rmitbot_description) by extension 'colcon_meta'
[0.177s] Level 1:colcon.colcon_core.package_identification:_identify(src/rmitbot_description) by extensions ['ros']
[0.177s] Level 1:colcon.colcon_core.package_identification:_identify(src/rmitbot_description) by extension 'ros'
[0.177s] DEBUG:colcon.colcon_core.package_identification:Package 'src/rmitbot_description' with type 'ros.ament_cmake' and name 'rmitbot_description'
[0.177s] Level 1:colcon.colcon_core.package_identification:_identify(src/rmitbot_firmware) by extensions ['ignore', 'ignore_ament_install']
[0.177s] Level 1:colcon.colcon_core.package_identification:_identify(src/rmitbot_firmware) by extension 'ignore'
[0.177s] Level 1:colcon.colcon_core.package_identification:_identify(src/rmitbot_firmware) by extension 'ignore_ament_install'
[0.177s] Level 1:colcon.colcon_core.package_identification:_identify(src/rmitbot_firmware) by extensions ['colcon_pkg']
[0.177s] Level 1:colcon.colcon_core.package_identification:_identify(src/rmitbot_firmware) by extension 'colcon_pkg'
[0.177s] Level 1:colcon.colcon_core.package_identification:_identify(src/rmitbot_firmware) by extensions ['colcon_meta']
[0.177s] Level 1:colcon.colcon_core.package_identification:_identify(src/rmitbot_firmware) by extension 'colcon_meta'
[0.177s] Level 1:colcon.colcon_core.package_identification:_identify(src/rmitbot_firmware) by extensions ['ros']
[0.177s] Level 1:colcon.colcon_core.package_identification:_identify(src/rmitbot_firmware) by extension 'ros'
[0.178s] DEBUG:colcon.colcon_core.package_identification:Package 'src/rmitbot_firmware' with type 'ros.ament_cmake' and name 'rmitbot_firmware'
[0.178s] Level 1:colcon.colcon_core.package_identification:_identify(src/rmitbot_localization) by extensions ['ignore', 'ignore_ament_install']
[0.178s] Level 1:colcon.colcon_core.package_identification:_identify(src/rmitbot_localization) by extension 'ignore'
[0.178s] Level 1:colcon.colcon_core.package_identification:_identify(src/rmitbot_localization) by extension 'ignore_ament_install'
[0.178s] Level 1:colcon.colcon_core.package_identification:_identify(src/rmitbot_localization) by extensions ['colcon_pkg']
[0.178s] Level 1:colcon.colcon_core.package_identification:_identify(src/rmitbot_localization) by extension 'colcon_pkg'
[0.178s] Level 1:colcon.colcon_core.package_identification:_identify(src/rmitbot_localization) by extensions ['colcon_meta']
[0.178s] Level 1:colcon.colcon_core.package_identification:_identify(src/rmitbot_localization) by extension 'colcon_meta'
[0.178s] Level 1:colcon.colcon_core.package_identification:_identify(src/rmitbot_localization) by extensions ['ros']
[0.178s] Level 1:colcon.colcon_core.package_identification:_identify(src/rmitbot_localization) by extension 'ros'
[0.179s] DEBUG:colcon.colcon_core.package_identification:Package 'src/rmitbot_localization' with type 'ros.ament_cmake' and name 'rmitbot_localization'
[0.179s] Level 1:colcon.colcon_core.package_discovery:discover_packages(recursive) using defaults
[0.179s] Level 1:colcon.colcon_core.package_discovery:discover_packages(ignore) discover
[0.179s] Level 1:colcon.colcon_core.package_discovery:discover_packages(ignore) using defaults
[0.179s] Level 1:colcon.colcon_core.package_discovery:discover_packages(path) discover
[0.179s] Level 1:colcon.colcon_core.package_discovery:discover_packages(path) using defaults
[0.196s] Level 1:colcon.colcon_core.package_discovery:discover_packages(prefix_path) check parameters
[0.196s] Level 1:colcon.colcon_core.package_discovery:discover_packages(prefix_path) discover
[0.198s] DEBUG:colcon.colcon_installed_package_information.package_discovery:Found 5 installed packages in /home/vudinhso/RMIT_Bot/lesson5_ws/install
[0.200s] DEBUG:colcon.colcon_installed_package_information.package_discovery:Found 386 installed packages in /opt/ros/jazzy
[0.201s] Level 1:colcon.colcon_core.package_discovery:discover_packages(prefix_path) using defaults
[0.244s] Level 5:colcon.colcon_core.verb:set package 'rmitbot_bringup' build argument 'cmake_args' from command line to 'None'
[0.244s] Level 5:colcon.colcon_core.verb:set package 'rmitbot_bringup' build argument 'cmake_target' from command line to 'None'
[0.244s] Level 5:colcon.colcon_core.verb:set package 'rmitbot_bringup' build argument 'cmake_target_skip_unavailable' from command line to 'False'
[0.244s] Level 5:colcon.colcon_core.verb:set package 'rmitbot_bringup' build argument 'cmake_clean_cache' from command line to 'False'
[0.245s] Level 5:colcon.colcon_core.verb:set package 'rmitbot_bringup' build argument 'cmake_clean_first' from command line to 'False'
[0.245s] Level 5:colcon.colcon_core.verb:set package 'rmitbot_bringup' build argument 'cmake_force_configure' from command line to 'False'
[0.245s] Level 5:colcon.colcon_core.verb:set package 'rmitbot_bringup' build argument 'ament_cmake_args' from command line to 'None'
[0.245s] Level 5:colcon.colcon_core.verb:set package 'rmitbot_bringup' build argument 'catkin_cmake_args' from command line to 'None'
[0.245s] Level 5:colcon.colcon_core.verb:set package 'rmitbot_bringup' build argument 'catkin_skip_building_tests' from command line to 'False'
[0.245s] DEBUG:colcon.colcon_core.verb:Building package 'rmitbot_bringup' with the following arguments: {'ament_cmake_args': None, 'build_base': '/home/vudinhso/RMIT_Bot/lesson5_ws/build/rmitbot_bringup', 'catkin_cmake_args': None, 'catkin_skip_building_tests': False, 'cmake_args': None, 'cmake_clean_cache': False, 'cmake_clean_first': False, 'cmake_force_configure': False, 'cmake_target': None, 'cmake_target_skip_unavailable': False, 'install_base': '/home/vudinhso/RMIT_Bot/lesson5_ws/install/rmitbot_bringup', 'merge_install': False, 'path': '/home/vudinhso/RMIT_Bot/lesson5_ws/src/rmitbot_bringup', 'symlink_install': False, 'test_result_base': None}
[0.245s] Level 5:colcon.colcon_core.verb:set package 'rmitbot_controller' build argument 'cmake_args' from command line to 'None'
[0.245s] Level 5:colcon.colcon_core.verb:set package 'rmitbot_controller' build argument 'cmake_target' from command line to 'None'
[0.245s] Level 5:colcon.colcon_core.verb:set package 'rmitbot_controller' build argument 'cmake_target_skip_unavailable' from command line to 'False'
[0.245s] Level 5:colcon.colcon_core.verb:set package 'rmitbot_controller' build argument 'cmake_clean_cache' from command line to 'False'
[0.245s] Level 5:colcon.colcon_core.verb:set package 'rmitbot_controller' build argument 'cmake_clean_first' from command line to 'False'
[0.245s] Level 5:colcon.colcon_core.verb:set package 'rmitbot_controller' build argument 'cmake_force_configure' from command line to 'False'
[0.245s] Level 5:colcon.colcon_core.verb:set package 'rmitbot_controller' build argument 'ament_cmake_args' from command line to 'None'
[0.245s] Level 5:colcon.colcon_core.verb:set package 'rmitbot_controller' build argument 'catkin_cmake_args' from command line to 'None'
[0.245s] Level 5:colcon.colcon_core.verb:set package 'rmitbot_controller' build argument 'catkin_skip_building_tests' from command line to 'False'
[0.245s] DEBUG:colcon.colcon_core.verb:Building package 'rmitbot_controller' with the following arguments: {'ament_cmake_args': None, 'build_base': '/home/vudinhso/RMIT_Bot/lesson5_ws/build/rmitbot_controller', 'catkin_cmake_args': None, 'catkin_skip_building_tests': False, 'cmake_args': None, 'cmake_clean_cache': False, 'cmake_clean_first': False, 'cmake_force_configure': False, 'cmake_target': None, 'cmake_target_skip_unavailable': False, 'install_base': '/home/vudinhso/RMIT_Bot/lesson5_ws/install/rmitbot_controller', 'merge_install': False, 'path': '/home/vudinhso/RMIT_Bot/lesson5_ws/src/rmitbot_controller', 'symlink_install': False, 'test_result_base': None}
[0.245s] Level 5:colcon.colcon_core.verb:set package 'rmitbot_description' build argument 'cmake_args' from command line to 'None'
[0.245s] Level 5:colcon.colcon_core.verb:set package 'rmitbot_description' build argument 'cmake_target' from command line to 'None'
[0.245s] Level 5:colcon.colcon_core.verb:set package 'rmitbot_description' build argument 'cmake_target_skip_unavailable' from command line to 'False'
[0.245s] Level 5:colcon.colcon_core.verb:set package 'rmitbot_description' build argument 'cmake_clean_cache' from command line to 'False'
[0.245s] Level 5:colcon.colcon_core.verb:set package 'rmitbot_description' build argument 'cmake_clean_first' from command line to 'False'
[0.245s] Level 5:colcon.colcon_core.verb:set package 'rmitbot_description' build argument 'cmake_force_configure' from command line to 'False'
[0.245s] Level 5:colcon.colcon_core.verb:set package 'rmitbot_description' build argument 'ament_cmake_args' from command line to 'None'
[0.245s] Level 5:colcon.colcon_core.verb:set package 'rmitbot_description' build argument 'catkin_cmake_args' from command line to 'None'
[0.245s] Level 5:colcon.colcon_core.verb:set package 'rmitbot_description' build argument 'catkin_skip_building_tests' from command line to 'False'
[0.245s] DEBUG:colcon.colcon_core.verb:Building package 'rmitbot_description' with the following arguments: {'ament_cmake_args': None, 'build_base': '/home/vudinhso/RMIT_Bot/lesson5_ws/build/rmitbot_description', 'catkin_cmake_args': None, 'catkin_skip_building_tests': False, 'cmake_args': None, 'cmake_clean_cache': False, 'cmake_clean_first': False, 'cmake_force_configure': False, 'cmake_target': None, 'cmake_target_skip_unavailable': False, 'install_base': '/home/vudinhso/RMIT_Bot/lesson5_ws/install/rmitbot_description', 'merge_install': False, 'path': '/home/vudinhso/RMIT_Bot/lesson5_ws/src/rmitbot_description', 'symlink_install': False, 'test_result_base': None}
[0.246s] Level 5:colcon.colcon_core.verb:set package 'rmitbot_firmware' build argument 'cmake_args' from command line to 'None'
[0.246s] Level 5:colcon.colcon_core.verb:set package 'rmitbot_firmware' build argument 'cmake_target' from command line to 'None'
[0.246s] Level 5:colcon.colcon_core.verb:set package 'rmitbot_firmware' build argument 'cmake_target_skip_unavailable' from command line to 'False'
[0.246s] Level 5:colcon.colcon_core.verb:set package 'rmitbot_firmware' build argument 'cmake_clean_cache' from command line to 'False'
[0.246s] Level 5:colcon.colcon_core.verb:set package 'rmitbot_firmware' build argument 'cmake_clean_first' from command line to 'False'
[0.246s] Level 5:colcon.colcon_core.verb:set package 'rmitbot_firmware' build argument 'cmake_force_configure' from command line to 'False'
[0.246s] Level 5:colcon.colcon_core.verb:set package 'rmitbot_firmware' build argument 'ament_cmake_args' from command line to 'None'
[0.246s] Level 5:colcon.colcon_core.verb:set package 'rmitbot_firmware' build argument 'catkin_cmake_args' from command line to 'None'
[0.246s] Level 5:colcon.colcon_core.verb:set package 'rmitbot_firmware' build argument 'catkin_skip_building_tests' from command line to 'False'
[0.246s] DEBUG:colcon.colcon_core.verb:Building package 'rmitbot_firmware' with the following arguments: {'ament_cmake_args': None, 'build_base': '/home/vudinhso/RMIT_Bot/lesson5_ws/build/rmitbot_firmware', 'catkin_cmake_args': None, 'catkin_skip_building_tests': False, 'cmake_args': None, 'cmake_clean_cache': False, 'cmake_clean_first': False, 'cmake_force_configure': False, 'cmake_target': None, 'cmake_target_skip_unavailable': False, 'install_base': '/home/vudinhso/RMIT_Bot/lesson5_ws/install/rmitbot_firmware', 'merge_install': False, 'path': '/home/vudinhso/RMIT_Bot/lesson5_ws/src/rmitbot_firmware', 'symlink_install': False, 'test_result_base': None}
[0.246s] Level 5:colcon.colcon_core.verb:set package 'rmitbot_localization' build argument 'cmake_args' from command line to 'None'
[0.246s] Level 5:colcon.colcon_core.verb:set package 'rmitbot_localization' build argument 'cmake_target' from command line to 'None'
[0.246s] Level 5:colcon.colcon_core.verb:set package 'rmitbot_localization' build argument 'cmake_target_skip_unavailable' from command line to 'False'
[0.246s] Level 5:colcon.colcon_core.verb:set package 'rmitbot_localization' build argument 'cmake_clean_cache' from command line to 'False'
[0.246s] Level 5:colcon.colcon_core.verb:set package 'rmitbot_localization' build argument 'cmake_clean_first' from command line to 'False'
[0.246s] Level 5:colcon.colcon_core.verb:set package 'rmitbot_localization' build argument 'cmake_force_configure' from command line to 'False'
[0.246s] Level 5:colcon.colcon_core.verb:set package 'rmitbot_localization' build argument 'ament_cmake_args' from command line to 'None'
[0.246s] Level 5:colcon.colcon_core.verb:set package 'rmitbot_localization' build argument 'catkin_cmake_args' from command line to 'None'
[0.246s] Level 5:colcon.colcon_core.verb:set package 'rmitbot_localization' build argument 'catkin_skip_building_tests' from command line to 'False'
[0.246s] DEBUG:colcon.colcon_core.verb:Building package 'rmitbot_localization' with the following arguments: {'ament_cmake_args': None, 'build_base': '/home/vudinhso/RMIT_Bot/lesson5_ws/build/rmitbot_localization', 'catkin_cmake_args': None, 'catkin_skip_building_tests': False, 'cmake_args': None, 'cmake_clean_cache': False, 'cmake_clean_first': False, 'cmake_force_configure': False, 'cmake_target': None, 'cmake_target_skip_unavailable': False, 'install_base': '/home/vudinhso/RMIT_Bot/lesson5_ws/install/rmitbot_localization', 'merge_install': False, 'path': '/home/vudinhso/RMIT_Bot/lesson5_ws/src/rmitbot_localization', 'symlink_install': False, 'test_result_base': None}
[0.246s] INFO:colcon.colcon_core.executor:Executing jobs using 'parallel' executor
[0.247s] DEBUG:colcon.colcon_parallel_executor.executor.parallel:run_until_complete
[0.247s] INFO:colcon.colcon_ros.task.ament_cmake.build:Building ROS package in '/home/vudinhso/RMIT_Bot/lesson5_ws/src/rmitbot_bringup' with build type 'ament_cmake'
[0.247s] INFO:colcon.colcon_cmake.task.cmake.build:Building CMake package in '/home/vudinhso/RMIT_Bot/lesson5_ws/src/rmitbot_bringup'
[0.249s] INFO:colcon.colcon_core.plugin_system:Skipping extension 'colcon_core.shell.bat': Not used on non-Windows systems
[0.250s] INFO:colcon.colcon_core.shell:Skip shell extension 'powershell' for command environment: Not usable outside of PowerShell
[0.250s] DEBUG:colcon.colcon_core.shell:Skip shell extension 'dsv' for command environment
[0.254s] INFO:colcon.colcon_ros.task.ament_cmake.build:Building ROS package in '/home/vudinhso/RMIT_Bot/lesson5_ws/src/rmitbot_controller' with build type 'ament_cmake'
[0.255s] INFO:colcon.colcon_cmake.task.cmake.build:Building CMake package in '/home/vudinhso/RMIT_Bot/lesson5_ws/src/rmitbot_controller'
[0.255s] INFO:colcon.colcon_core.shell:Skip shell extension 'powershell' for command environment: Not usable outside of PowerShell
[0.255s] DEBUG:colcon.colcon_core.shell:Skip shell extension 'dsv' for command environment
[0.260s] INFO:colcon.colcon_ros.task.ament_cmake.build:Building ROS package in '/home/vudinhso/RMIT_Bot/lesson5_ws/src/rmitbot_description' with build type 'ament_cmake'
[0.260s] INFO:colcon.colcon_cmake.task.cmake.build:Building CMake package in '/home/vudinhso/RMIT_Bot/lesson5_ws/src/rmitbot_description'
[0.261s] INFO:colcon.colcon_core.shell:Skip shell extension 'powershell' for command environment: Not usable outside of PowerShell
[0.261s] DEBUG:colcon.colcon_core.shell:Skip shell extension 'dsv' for command environment
[0.267s] INFO:colcon.colcon_ros.task.ament_cmake.build:Building ROS package in '/home/vudinhso/RMIT_Bot/lesson5_ws/src/rmitbot_firmware' with build type 'ament_cmake'
[0.267s] INFO:colcon.colcon_cmake.task.cmake.build:Building CMake package in '/home/vudinhso/RMIT_Bot/lesson5_ws/src/rmitbot_firmware'
[0.268s] INFO:colcon.colcon_core.shell:Skip shell extension 'powershell' for command environment: Not usable outside of PowerShell
[0.268s] DEBUG:colcon.colcon_core.shell:Skip shell extension 'dsv' for command environment
[0.280s] DEBUG:colcon.colcon_core.event_handler.log_command:Invoking command in '/home/vudinhso/RMIT_Bot/lesson5_ws/build/rmitbot_bringup': CMAKE_PREFIX_PATH=${CMAKE_PREFIX_PATH}:/opt/ros/jazzy DEBUGINFOD_URLS=https://debuginfod.ubuntu.com /usr/bin/cmake --build /home/vudinhso/RMIT_Bot/lesson5_ws/build/rmitbot_bringup -- -j4 -l4
[0.284s] DEBUG:colcon.colcon_core.event_handler.log_command:Invoking command in '/home/vudinhso/RMIT_Bot/lesson5_ws/build/rmitbot_controller': CMAKE_PREFIX_PATH=${CMAKE_PREFIX_PATH}:/opt/ros/jazzy DEBUGINFOD_URLS=https://debuginfod.ubuntu.com /usr/bin/cmake --build /home/vudinhso/RMIT_Bot/lesson5_ws/build/rmitbot_controller -- -j4 -l4
[0.291s] DEBUG:colcon.colcon_core.event_handler.log_command:Invoking command in '/home/vudinhso/RMIT_Bot/lesson5_ws/build/rmitbot_description': CMAKE_PREFIX_PATH=${CMAKE_PREFIX_PATH}:/opt/ros/jazzy DEBUGINFOD_URLS=https://debuginfod.ubuntu.com /usr/bin/cmake --build /home/vudinhso/RMIT_Bot/lesson5_ws/build/rmitbot_description -- -j4 -l4
[0.300s] DEBUG:colcon.colcon_core.event_handler.log_command:Invoking command in '/home/vudinhso/RMIT_Bot/lesson5_ws/build/rmitbot_firmware': CMAKE_PREFIX_PATH=${CMAKE_PREFIX_PATH}:/opt/ros/jazzy DEBUGINFOD_URLS=https://debuginfod.ubuntu.com /usr/bin/cmake --build /home/vudinhso/RMIT_Bot/lesson5_ws/build/rmitbot_firmware -- -j4 -l4
[0.383s] DEBUG:colcon.colcon_core.event_handler.log_command:Invoked command in '/home/vudinhso/RMIT_Bot/lesson5_ws/build/rmitbot_bringup' returned '0': CMAKE_PREFIX_PATH=${CMAKE_PREFIX_PATH}:/opt/ros/jazzy DEBUGINFOD_URLS=https://debuginfod.ubuntu.com /usr/bin/cmake --build /home/vudinhso/RMIT_Bot/lesson5_ws/build/rmitbot_bringup -- -j4 -l4
[0.399s] DEBUG:colcon.colcon_core.event_handler.log_command:Invoking command in '/home/vudinhso/RMIT_Bot/lesson5_ws/build/rmitbot_bringup': CMAKE_PREFIX_PATH=${CMAKE_PREFIX_PATH}:/opt/ros/jazzy DEBUGINFOD_URLS=https://debuginfod.ubuntu.com /usr/bin/cmake --install /home/vudinhso/RMIT_Bot/lesson5_ws/build/rmitbot_bringup
[0.403s] DEBUG:colcon.colcon_core.event_handler.log_command:Invoked command in '/home/vudinhso/RMIT_Bot/lesson5_ws/build/rmitbot_controller' returned '0': CMAKE_PREFIX_PATH=${CMAKE_PREFIX_PATH}:/opt/ros/jazzy DEBUGINFOD_URLS=https://debuginfod.ubuntu.com /usr/bin/cmake --build /home/vudinhso/RMIT_Bot/lesson5_ws/build/rmitbot_controller -- -j4 -l4
[0.403s] DEBUG:colcon.colcon_core.event_handler.log_command:Invoking command in '/home/vudinhso/RMIT_Bot/lesson5_ws/build/rmitbot_controller': CMAKE_PREFIX_PATH=${CMAKE_PREFIX_PATH}:/opt/ros/jazzy DEBUGINFOD_URLS=https://debuginfod.ubuntu.com /usr/bin/cmake --install /home/vudinhso/RMIT_Bot/lesson5_ws/build/rmitbot_controller
[0.416s] DEBUG:colcon.colcon_core.event_handler.log_command:Invoked command in '/home/vudinhso/RMIT_Bot/lesson5_ws/build/rmitbot_description' returned '0': CMAKE_PREFIX_PATH=${CMAKE_PREFIX_PATH}:/opt/ros/jazzy DEBUGINFOD_URLS=https://debuginfod.ubuntu.com /usr/bin/cmake --build /home/vudinhso/RMIT_Bot/lesson5_ws/build/rmitbot_description -- -j4 -l4
[0.417s] DEBUG:colcon.colcon_core.event_handler.log_command:Invoking command in '/home/vudinhso/RMIT_Bot/lesson5_ws/build/rmitbot_description': CMAKE_PREFIX_PATH=${CMAKE_PREFIX_PATH}:/opt/ros/jazzy DEBUGINFOD_URLS=https://debuginfod.ubuntu.com /usr/bin/cmake --install /home/vudinhso/RMIT_Bot/lesson5_ws/build/rmitbot_description
[0.424s] Level 1:colcon.colcon_core.environment:create_environment_scripts_only(rmitbot_bringup)
[0.425s] DEBUG:colcon.colcon_core.event_handler.log_command:Invoked command in '/home/vudinhso/RMIT_Bot/lesson5_ws/build/rmitbot_bringup' returned '0': CMAKE_PREFIX_PATH=${CMAKE_PREFIX_PATH}:/opt/ros/jazzy DEBUGINFOD_URLS=https://debuginfod.ubuntu.com /usr/bin/cmake --install /home/vudinhso/RMIT_Bot/lesson5_ws/build/rmitbot_bringup
[0.430s] Level 1:colcon.colcon_core.environment:checking '/home/vudinhso/RMIT_Bot/lesson5_ws/install/rmitbot_bringup' for CMake module files
[0.431s] Level 1:colcon.colcon_core.environment:checking '/home/vudinhso/RMIT_Bot/lesson5_ws/install/rmitbot_bringup' for CMake config files
[0.431s] Level 1:colcon.colcon_core.shell:create_environment_hook('rmitbot_bringup', 'cmake_prefix_path')
[0.432s] INFO:colcon.colcon_core.shell:Creating environment hook '/home/vudinhso/RMIT_Bot/lesson5_ws/install/rmitbot_bringup/share/rmitbot_bringup/hook/cmake_prefix_path.ps1'
[0.442s] INFO:colcon.colcon_core.shell:Creating environment descriptor '/home/vudinhso/RMIT_Bot/lesson5_ws/install/rmitbot_bringup/share/rmitbot_bringup/hook/cmake_prefix_path.dsv'
[0.443s] INFO:colcon.colcon_core.shell:Creating environment hook '/home/vudinhso/RMIT_Bot/lesson5_ws/install/rmitbot_bringup/share/rmitbot_bringup/hook/cmake_prefix_path.sh'
[0.444s] Level 1:colcon.colcon_core.environment:checking '/home/vudinhso/RMIT_Bot/lesson5_ws/install/rmitbot_bringup/bin'
[0.444s] Level 1:colcon.colcon_core.environment:checking '/home/vudinhso/RMIT_Bot/lesson5_ws/install/rmitbot_bringup/lib/pkgconfig/rmitbot_bringup.pc'
[0.444s] Level 1:colcon.colcon_core.environment:checking '/home/vudinhso/RMIT_Bot/lesson5_ws/install/rmitbot_bringup/lib/python3.12/site-packages'
[0.444s] Level 1:colcon.colcon_core.environment:checking '/home/vudinhso/RMIT_Bot/lesson5_ws/install/rmitbot_bringup/bin'
[0.444s] INFO:colcon.colcon_core.shell:Creating package script '/home/vudinhso/RMIT_Bot/lesson5_ws/install/rmitbot_bringup/share/rmitbot_bringup/package.ps1'
[0.445s] INFO:colcon.colcon_core.shell:Creating package descriptor '/home/vudinhso/RMIT_Bot/lesson5_ws/install/rmitbot_bringup/share/rmitbot_bringup/package.dsv'
[0.446s] INFO:colcon.colcon_core.shell:Creating package script '/home/vudinhso/RMIT_Bot/lesson5_ws/install/rmitbot_bringup/share/rmitbot_bringup/package.sh'
[0.448s] INFO:colcon.colcon_core.shell:Creating package script '/home/vudinhso/RMIT_Bot/lesson5_ws/install/rmitbot_bringup/share/rmitbot_bringup/package.bash'
[0.449s] INFO:colcon.colcon_core.shell:Creating package script '/home/vudinhso/RMIT_Bot/lesson5_ws/install/rmitbot_bringup/share/rmitbot_bringup/package.zsh'
[0.451s] Level 1:colcon.colcon_core.environment:create_file_with_runtime_dependencies(/home/vudinhso/RMIT_Bot/lesson5_ws/install/rmitbot_bringup/share/colcon-core/packages/rmitbot_bringup)
[0.453s] Level 1:colcon.colcon_core.environment:create_environment_scripts_only(rmitbot_bringup)
[0.453s] Level 1:colcon.colcon_core.environment:checking '/home/vudinhso/RMIT_Bot/lesson5_ws/install/rmitbot_bringup' for CMake module files
[0.453s] Level 1:colcon.colcon_core.environment:checking '/home/vudinhso/RMIT_Bot/lesson5_ws/install/rmitbot_bringup' for CMake config files
[0.453s] Level 1:colcon.colcon_core.shell:create_environment_hook('rmitbot_bringup', 'cmake_prefix_path')
[0.454s] INFO:colcon.colcon_core.shell:Creating environment hook '/home/vudinhso/RMIT_Bot/lesson5_ws/install/rmitbot_bringup/share/rmitbot_bringup/hook/cmake_prefix_path.ps1'
[0.454s] INFO:colcon.colcon_core.shell:Creating environment descriptor '/home/vudinhso/RMIT_Bot/lesson5_ws/install/rmitbot_bringup/share/rmitbot_bringup/hook/cmake_prefix_path.dsv'
[0.454s] INFO:colcon.colcon_core.shell:Creating environment hook '/home/vudinhso/RMIT_Bot/lesson5_ws/install/rmitbot_bringup/share/rmitbot_bringup/hook/cmake_prefix_path.sh'
[0.455s] Level 1:colcon.colcon_core.environment:checking '/home/vudinhso/RMIT_Bot/lesson5_ws/install/rmitbot_bringup/bin'
[0.455s] Level 1:colcon.colcon_core.environment:checking '/home/vudinhso/RMIT_Bot/lesson5_ws/install/rmitbot_bringup/lib/pkgconfig/rmitbot_bringup.pc'
[0.455s] Level 1:colcon.colcon_core.environment:checking '/home/vudinhso/RMIT_Bot/lesson5_ws/install/rmitbot_bringup/lib/python3.12/site-packages'
[0.456s] Level 1:colcon.colcon_core.environment:checking '/home/vudinhso/RMIT_Bot/lesson5_ws/install/rmitbot_bringup/bin'
[0.456s] INFO:colcon.colcon_core.shell:Creating package script '/home/vudinhso/RMIT_Bot/lesson5_ws/install/rmitbot_bringup/share/rmitbot_bringup/package.ps1'
[0.457s] INFO:colcon.colcon_core.shell:Creating package descriptor '/home/vudinhso/RMIT_Bot/lesson5_ws/install/rmitbot_bringup/share/rmitbot_bringup/package.dsv'
[0.457s] INFO:colcon.colcon_core.shell:Creating package script '/home/vudinhso/RMIT_Bot/lesson5_ws/install/rmitbot_bringup/share/rmitbot_bringup/package.sh'
[0.458s] INFO:colcon.colcon_core.shell:Creating package script '/home/vudinhso/RMIT_Bot/lesson5_ws/install/rmitbot_bringup/share/rmitbot_bringup/package.bash'
[0.458s] INFO:colcon.colcon_core.shell:Creating package script '/home/vudinhso/RMIT_Bot/lesson5_ws/install/rmitbot_bringup/share/rmitbot_bringup/package.zsh'
[0.459s] Level 1:colcon.colcon_core.environment:create_file_with_runtime_dependencies(/home/vudinhso/RMIT_Bot/lesson5_ws/install/rmitbot_bringup/share/colcon-core/packages/rmitbot_bringup)
[0.459s] INFO:colcon.colcon_ros.task.ament_cmake.build:Building ROS package in '/home/vudinhso/RMIT_Bot/lesson5_ws/src/rmitbot_localization' with build type 'ament_cmake'
[0.459s] INFO:colcon.colcon_cmake.task.cmake.build:Building CMake package in '/home/vudinhso/RMIT_Bot/lesson5_ws/src/rmitbot_localization'
[0.459s] INFO:colcon.colcon_core.shell:Skip shell extension 'powershell' for command environment: Not usable outside of PowerShell
[0.459s] DEBUG:colcon.colcon_core.shell:Skip shell extension 'dsv' for command environment
[0.466s] Level 1:colcon.colcon_core.environment:create_environment_scripts_only(rmitbot_controller)
[0.466s] Level 1:colcon.colcon_core.environment:checking '/home/vudinhso/RMIT_Bot/lesson5_ws/install/rmitbot_controller' for CMake module files
[0.467s] Level 1:colcon.colcon_core.environment:checking '/home/vudinhso/RMIT_Bot/lesson5_ws/install/rmitbot_controller' for CMake config files
[0.467s] Level 1:colcon.colcon_core.shell:create_environment_hook('rmitbot_controller', 'cmake_prefix_path')
[0.467s] INFO:colcon.colcon_core.shell:Creating environment hook '/home/vudinhso/RMIT_Bot/lesson5_ws/install/rmitbot_controller/share/rmitbot_controller/hook/cmake_prefix_path.ps1'
[0.468s] INFO:colcon.colcon_core.shell:Creating environment descriptor '/home/vudinhso/RMIT_Bot/lesson5_ws/install/rmitbot_controller/share/rmitbot_controller/hook/cmake_prefix_path.dsv'
[0.468s] DEBUG:colcon.colcon_core.event_handler.log_command:Invoked command in '/home/vudinhso/RMIT_Bot/lesson5_ws/build/rmitbot_controller' returned '0': CMAKE_PREFIX_PATH=${CMAKE_PREFIX_PATH}:/opt/ros/jazzy DEBUGINFOD_URLS=https://debuginfod.ubuntu.com /usr/bin/cmake --install /home/vudinhso/RMIT_Bot/lesson5_ws/build/rmitbot_controller
[0.469s] INFO:colcon.colcon_core.shell:Creating environment hook '/home/vudinhso/RMIT_Bot/lesson5_ws/install/rmitbot_controller/share/rmitbot_controller/hook/cmake_prefix_path.sh'
[0.470s] Level 1:colcon.colcon_core.environment:checking '/home/vudinhso/RMIT_Bot/lesson5_ws/install/rmitbot_controller/bin'
[0.470s] Level 1:colcon.colcon_core.environment:checking '/home/vudinhso/RMIT_Bot/lesson5_ws/install/rmitbot_controller/lib/pkgconfig/rmitbot_controller.pc'
[0.470s] Level 1:colcon.colcon_core.environment:checking '/home/vudinhso/RMIT_Bot/lesson5_ws/install/rmitbot_controller/lib/python3.12/site-packages'
[0.470s] Level 1:colcon.colcon_core.environment:checking '/home/vudinhso/RMIT_Bot/lesson5_ws/install/rmitbot_controller/bin'
[0.471s] INFO:colcon.colcon_core.shell:Creating package script '/home/vudinhso/RMIT_Bot/lesson5_ws/install/rmitbot_controller/share/rmitbot_controller/package.ps1'
[0.471s] INFO:colcon.colcon_core.shell:Creating package descriptor '/home/vudinhso/RMIT_Bot/lesson5_ws/install/rmitbot_controller/share/rmitbot_controller/package.dsv'
[0.472s] INFO:colcon.colcon_core.shell:Creating package script '/home/vudinhso/RMIT_Bot/lesson5_ws/install/rmitbot_controller/share/rmitbot_controller/package.sh'
[0.473s] INFO:colcon.colcon_core.shell:Creating package script '/home/vudinhso/RMIT_Bot/lesson5_ws/install/rmitbot_controller/share/rmitbot_controller/package.bash'
[0.473s] INFO:colcon.colcon_core.shell:Creating package script '/home/vudinhso/RMIT_Bot/lesson5_ws/install/rmitbot_controller/share/rmitbot_controller/package.zsh'
[0.474s] Level 1:colcon.colcon_core.environment:create_file_with_runtime_dependencies(/home/vudinhso/RMIT_Bot/lesson5_ws/install/rmitbot_controller/share/colcon-core/packages/rmitbot_controller)
[0.475s] Level 1:colcon.colcon_core.environment:create_environment_scripts_only(rmitbot_controller)
[0.475s] Level 1:colcon.colcon_core.environment:checking '/home/vudinhso/RMIT_Bot/lesson5_ws/install/rmitbot_controller' for CMake module files
[0.476s] Level 1:colcon.colcon_core.environment:checking '/home/vudinhso/RMIT_Bot/lesson5_ws/install/rmitbot_controller' for CMake config files
[0.476s] Level 1:colcon.colcon_core.shell:create_environment_hook('rmitbot_controller', 'cmake_prefix_path')
[0.476s] INFO:colcon.colcon_core.shell:Creating environment hook '/home/vudinhso/RMIT_Bot/lesson5_ws/install/rmitbot_controller/share/rmitbot_controller/hook/cmake_prefix_path.ps1'
[0.477s] INFO:colcon.colcon_core.shell:Creating environment descriptor '/home/vudinhso/RMIT_Bot/lesson5_ws/install/rmitbot_controller/share/rmitbot_controller/hook/cmake_prefix_path.dsv'
[0.477s] INFO:colcon.colcon_core.shell:Creating environment hook '/home/vudinhso/RMIT_Bot/lesson5_ws/install/rmitbot_controller/share/rmitbot_controller/hook/cmake_prefix_path.sh'
[0.478s] Level 1:colcon.colcon_core.environment:checking '/home/vudinhso/RMIT_Bot/lesson5_ws/install/rmitbot_controller/bin'
[0.478s] Level 1:colcon.colcon_core.environment:checking '/home/vudinhso/RMIT_Bot/lesson5_ws/install/rmitbot_controller/lib/pkgconfig/rmitbot_controller.pc'
[0.478s] Level 1:colcon.colcon_core.environment:checking '/home/vudinhso/RMIT_Bot/lesson5_ws/install/rmitbot_controller/lib/python3.12/site-packages'
[0.478s] Level 1:colcon.colcon_core.environment:checking '/home/vudinhso/RMIT_Bot/lesson5_ws/install/rmitbot_controller/bin'
[0.479s] INFO:colcon.colcon_core.shell:Creating package script '/home/vudinhso/RMIT_Bot/lesson5_ws/install/rmitbot_controller/share/rmitbot_controller/package.ps1'
[0.479s] INFO:colcon.colcon_core.shell:Creating package descriptor '/home/vudinhso/RMIT_Bot/lesson5_ws/install/rmitbot_controller/share/rmitbot_controller/package.dsv'
[0.480s] INFO:colcon.colcon_core.shell:Creating package script '/home/vudinhso/RMIT_Bot/lesson5_ws/install/rmitbot_controller/share/rmitbot_controller/package.sh'
[0.480s] INFO:colcon.colcon_core.shell:Creating package script '/home/vudinhso/RMIT_Bot/lesson5_ws/install/rmitbot_controller/share/rmitbot_controller/package.bash'
[0.481s] INFO:colcon.colcon_core.shell:Creating package script '/home/vudinhso/RMIT_Bot/lesson5_ws/install/rmitbot_controller/share/rmitbot_controller/package.zsh'
[0.481s] Level 1:colcon.colcon_core.environment:create_file_with_runtime_dependencies(/home/vudinhso/RMIT_Bot/lesson5_ws/install/rmitbot_controller/share/colcon-core/packages/rmitbot_controller)
[0.483s] Level 1:colcon.colcon_core.environment:create_environment_scripts_only(rmitbot_description)
[0.483s] Level 1:colcon.colcon_core.environment:checking '/home/vudinhso/RMIT_Bot/lesson5_ws/install/rmitbot_description' for CMake module files
[0.484s] Level 1:colcon.colcon_core.environment:checking '/home/vudinhso/RMIT_Bot/lesson5_ws/install/rmitbot_description' for CMake config files
[0.484s] Level 1:colcon.colcon_core.shell:create_environment_hook('rmitbot_description', 'cmake_prefix_path')
[0.484s] INFO:colcon.colcon_core.shell:Creating environment hook '/home/vudinhso/RMIT_Bot/lesson5_ws/install/rmitbot_description/share/rmitbot_description/hook/cmake_prefix_path.ps1'
[0.485s] INFO:colcon.colcon_core.shell:Creating environment descriptor '/home/vudinhso/RMIT_Bot/lesson5_ws/install/rmitbot_description/share/rmitbot_description/hook/cmake_prefix_path.dsv'
[0.483s] DEBUG:colcon.colcon_core.event_handler.log_command:Invoked command in '/home/vudinhso/RMIT_Bot/lesson5_ws/build/rmitbot_description' returned '0': CMAKE_PREFIX_PATH=${CMAKE_PREFIX_PATH}:/opt/ros/jazzy DEBUGINFOD_URLS=https://debuginfod.ubuntu.com /usr/bin/cmake --install /home/vudinhso/RMIT_Bot/lesson5_ws/build/rmitbot_description
[0.485s] INFO:colcon.colcon_core.shell:Creating environment hook '/home/vudinhso/RMIT_Bot/lesson5_ws/install/rmitbot_description/share/rmitbot_description/hook/cmake_prefix_path.sh'
[0.486s] Level 1:colcon.colcon_core.environment:checking '/home/vudinhso/RMIT_Bot/lesson5_ws/install/rmitbot_description/bin'
[0.486s] Level 1:colcon.colcon_core.environment:checking '/home/vudinhso/RMIT_Bot/lesson5_ws/install/rmitbot_description/lib/pkgconfig/rmitbot_description.pc'
[0.486s] Level 1:colcon.colcon_core.environment:checking '/home/vudinhso/RMIT_Bot/lesson5_ws/install/rmitbot_description/lib/python3.12/site-packages'
[0.486s] Level 1:colcon.colcon_core.environment:checking '/home/vudinhso/RMIT_Bot/lesson5_ws/install/rmitbot_description/bin'
[0.487s] INFO:colcon.colcon_core.shell:Creating package script '/home/vudinhso/RMIT_Bot/lesson5_ws/install/rmitbot_description/share/rmitbot_description/package.ps1'
[0.487s] INFO:colcon.colcon_core.shell:Creating package descriptor '/home/vudinhso/RMIT_Bot/lesson5_ws/install/rmitbot_description/share/rmitbot_description/package.dsv'
[0.488s] INFO:colcon.colcon_core.shell:Creating package script '/home/vudinhso/RMIT_Bot/lesson5_ws/install/rmitbot_description/share/rmitbot_description/package.sh'
[0.489s] INFO:colcon.colcon_core.shell:Creating package script '/home/vudinhso/RMIT_Bot/lesson5_ws/install/rmitbot_description/share/rmitbot_description/package.bash'
[0.490s] INFO:colcon.colcon_core.shell:Creating package script '/home/vudinhso/RMIT_Bot/lesson5_ws/install/rmitbot_description/share/rmitbot_description/package.zsh'
[0.490s] Level 1:colcon.colcon_core.environment:create_file_with_runtime_dependencies(/home/vudinhso/RMIT_Bot/lesson5_ws/install/rmitbot_description/share/colcon-core/packages/rmitbot_description)
[0.491s] Level 1:colcon.colcon_core.environment:create_environment_scripts_only(rmitbot_description)
[0.491s] Level 1:colcon.colcon_core.environment:checking '/home/vudinhso/RMIT_Bot/lesson5_ws/install/rmitbot_description' for CMake module files
[0.492s] Level 1:colcon.colcon_core.environment:checking '/home/vudinhso/RMIT_Bot/lesson5_ws/install/rmitbot_description' for CMake config files
[0.492s] Level 1:colcon.colcon_core.shell:create_environment_hook('rmitbot_description', 'cmake_prefix_path')
[0.492s] INFO:colcon.colcon_core.shell:Creating environment hook '/home/vudinhso/RMIT_Bot/lesson5_ws/install/rmitbot_description/share/rmitbot_description/hook/cmake_prefix_path.ps1'
[0.492s] INFO:colcon.colcon_core.shell:Creating environment descriptor '/home/vudinhso/RMIT_Bot/lesson5_ws/install/rmitbot_description/share/rmitbot_description/hook/cmake_prefix_path.dsv'
[0.493s] INFO:colcon.colcon_core.shell:Creating environment hook '/home/vudinhso/RMIT_Bot/lesson5_ws/install/rmitbot_description/share/rmitbot_description/hook/cmake_prefix_path.sh'
[0.493s] Level 1:colcon.colcon_core.environment:checking '/home/vudinhso/RMIT_Bot/lesson5_ws/install/rmitbot_description/bin'
[0.494s] Level 1:colcon.colcon_core.environment:checking '/home/vudinhso/RMIT_Bot/lesson5_ws/install/rmitbot_description/lib/pkgconfig/rmitbot_description.pc'
[0.494s] Level 1:colcon.colcon_core.environment:checking '/home/vudinhso/RMIT_Bot/lesson5_ws/install/rmitbot_description/lib/python3.12/site-packages'
[0.494s] Level 1:colcon.colcon_core.environment:checking '/home/vudinhso/RMIT_Bot/lesson5_ws/install/rmitbot_description/bin'
[0.494s] INFO:colcon.colcon_core.shell:Creating package script '/home/vudinhso/RMIT_Bot/lesson5_ws/install/rmitbot_description/share/rmitbot_description/package.ps1'
[0.495s] INFO:colcon.colcon_core.shell:Creating package descriptor '/home/vudinhso/RMIT_Bot/lesson5_ws/install/rmitbot_description/share/rmitbot_description/package.dsv'
[0.495s] INFO:colcon.colcon_core.shell:Creating package script '/home/vudinhso/RMIT_Bot/lesson5_ws/install/rmitbot_description/share/rmitbot_description/package.sh'
[0.495s] INFO:colcon.colcon_core.shell:Creating package script '/home/vudinhso/RMIT_Bot/lesson5_ws/install/rmitbot_description/share/rmitbot_description/package.bash'
[0.496s] INFO:colcon.colcon_core.shell:Creating package script '/home/vudinhso/RMIT_Bot/lesson5_ws/install/rmitbot_description/share/rmitbot_description/package.zsh'
[0.496s] Level 1:colcon.colcon_core.environment:create_file_with_runtime_dependencies(/home/vudinhso/RMIT_Bot/lesson5_ws/install/rmitbot_description/share/colcon-core/packages/rmitbot_description)
[0.499s] DEBUG:colcon.colcon_core.event_handler.log_command:Invoking command in '/home/vudinhso/RMIT_Bot/lesson5_ws/build/rmitbot_localization': CMAKE_PREFIX_PATH=${CMAKE_PREFIX_PATH}:/opt/ros/jazzy DEBUGINFOD_URLS=https://debuginfod.ubuntu.com /usr/bin/cmake --build /home/vudinhso/RMIT_Bot/lesson5_ws/build/rmitbot_localization -- -j4 -l4
[0.569s] DEBUG:colcon.colcon_core.event_handler.log_command:Invoked command in '/home/vudinhso/RMIT_Bot/lesson5_ws/build/rmitbot_localization' returned '0': CMAKE_PREFIX_PATH=${CMAKE_PREFIX_PATH}:/opt/ros/jazzy DEBUGINFOD_URLS=https://debuginfod.ubuntu.com /usr/bin/cmake --build /home/vudinhso/RMIT_Bot/lesson5_ws/build/rmitbot_localization -- -j4 -l4
[0.570s] DEBUG:colcon.colcon_core.event_handler.log_command:Invoking command in '/home/vudinhso/RMIT_Bot/lesson5_ws/build/rmitbot_localization': CMAKE_PREFIX_PATH=${CMAKE_PREFIX_PATH}:/opt/ros/jazzy DEBUGINFOD_URLS=https://debuginfod.ubuntu.com /usr/bin/cmake --install /home/vudinhso/RMIT_Bot/lesson5_ws/build/rmitbot_localization
[0.596s] Level 1:colcon.colcon_core.environment:create_environment_scripts_only(rmitbot_localization)
[0.596s] Level 1:colcon.colcon_core.environment:checking '/home/vudinhso/RMIT_Bot/lesson5_ws/install/rmitbot_localization' for CMake module files
[0.597s] Level 1:colcon.colcon_core.environment:checking '/home/vudinhso/RMIT_Bot/lesson5_ws/install/rmitbot_localization' for CMake config files
[0.597s] Level 1:colcon.colcon_core.shell:create_environment_hook('rmitbot_localization', 'cmake_prefix_path')
[0.597s] INFO:colcon.colcon_core.shell:Creating environment hook '/home/vudinhso/RMIT_Bot/lesson5_ws/install/rmitbot_localization/share/rmitbot_localization/hook/cmake_prefix_path.ps1'
[0.598s] INFO:colcon.colcon_core.shell:Creating environment descriptor '/home/vudinhso/RMIT_Bot/lesson5_ws/install/rmitbot_localization/share/rmitbot_localization/hook/cmake_prefix_path.dsv'
[0.601s] INFO:colcon.colcon_core.shell:Creating environment hook '/home/vudinhso/RMIT_Bot/lesson5_ws/install/rmitbot_localization/share/rmitbot_localization/hook/cmake_prefix_path.sh'
[0.600s] DEBUG:colcon.colcon_core.event_handler.log_command:Invoked command in '/home/vudinhso/RMIT_Bot/lesson5_ws/build/rmitbot_localization' returned '0': CMAKE_PREFIX_PATH=${CMAKE_PREFIX_PATH}:/opt/ros/jazzy DEBUGINFOD_URLS=https://debuginfod.ubuntu.com /usr/bin/cmake --install /home/vudinhso/RMIT_Bot/lesson5_ws/build/rmitbot_localization
[0.603s] Level 1:colcon.colcon_core.environment:checking '/home/vudinhso/RMIT_Bot/lesson5_ws/install/rmitbot_localization/bin'
[0.603s] Level 1:colcon.colcon_core.environment:checking '/home/vudinhso/RMIT_Bot/lesson5_ws/install/rmitbot_localization/lib/pkgconfig/rmitbot_localization.pc'
[0.603s] Level 1:colcon.colcon_core.environment:checking '/home/vudinhso/RMIT_Bot/lesson5_ws/install/rmitbot_localization/lib/python3.12/site-packages'
[0.604s] Level 1:colcon.colcon_core.environment:checking '/home/vudinhso/RMIT_Bot/lesson5_ws/install/rmitbot_localization/bin'
[0.604s] INFO:colcon.colcon_core.shell:Creating package script '/home/vudinhso/RMIT_Bot/lesson5_ws/install/rmitbot_localization/share/rmitbot_localization/package.ps1'
[0.605s] INFO:colcon.colcon_core.shell:Creating package descriptor '/home/vudinhso/RMIT_Bot/lesson5_ws/install/rmitbot_localization/share/rmitbot_localization/package.dsv'
[0.607s] INFO:colcon.colcon_core.shell:Creating package script '/home/vudinhso/RMIT_Bot/lesson5_ws/install/rmitbot_localization/share/rmitbot_localization/package.sh'
[0.611s] INFO:colcon.colcon_core.shell:Creating package script '/home/vudinhso/RMIT_Bot/lesson5_ws/install/rmitbot_localization/share/rmitbot_localization/package.bash'
[0.612s] INFO:colcon.colcon_core.shell:Creating package script '/home/vudinhso/RMIT_Bot/lesson5_ws/install/rmitbot_localization/share/rmitbot_localization/package.zsh'
[0.613s] Level 1:colcon.colcon_core.environment:create_file_with_runtime_dependencies(/home/vudinhso/RMIT_Bot/lesson5_ws/install/rmitbot_localization/share/colcon-core/packages/rmitbot_localization)
[0.616s] Level 1:colcon.colcon_core.environment:create_environment_scripts_only(rmitbot_localization)
[0.616s] Level 1:colcon.colcon_core.environment:checking '/home/vudinhso/RMIT_Bot/lesson5_ws/install/rmitbot_localization' for CMake module files
[0.616s] Level 1:colcon.colcon_core.environment:checking '/home/vudinhso/RMIT_Bot/lesson5_ws/install/rmitbot_localization' for CMake config files
[0.616s] Level 1:colcon.colcon_core.shell:create_environment_hook('rmitbot_localization', 'cmake_prefix_path')
[0.617s] INFO:colcon.colcon_core.shell:Creating environment hook '/home/vudinhso/RMIT_Bot/lesson5_ws/install/rmitbot_localization/share/rmitbot_localization/hook/cmake_prefix_path.ps1'
[0.619s] INFO:colcon.colcon_core.shell:Creating environment descriptor '/home/vudinhso/RMIT_Bot/lesson5_ws/install/rmitbot_localization/share/rmitbot_localization/hook/cmake_prefix_path.dsv'
[0.624s] INFO:colcon.colcon_core.shell:Creating environment hook '/home/vudinhso/RMIT_Bot/lesson5_ws/install/rmitbot_localization/share/rmitbot_localization/hook/cmake_prefix_path.sh'
[0.626s] Level 1:colcon.colcon_core.environment:checking '/home/vudinhso/RMIT_Bot/lesson5_ws/install/rmitbot_localization/bin'
[0.626s] Level 1:colcon.colcon_core.environment:checking '/home/vudinhso/RMIT_Bot/lesson5_ws/install/rmitbot_localization/lib/pkgconfig/rmitbot_localization.pc'
[0.626s] Level 1:colcon.colcon_core.environment:checking '/home/vudinhso/RMIT_Bot/lesson5_ws/install/rmitbot_localization/lib/python3.12/site-packages'
[0.626s] Level 1:colcon.colcon_core.environment:checking '/home/vudinhso/RMIT_Bot/lesson5_ws/install/rmitbot_localization/bin'
[0.626s] INFO:colcon.colcon_core.shell:Creating package script '/home/vudinhso/RMIT_Bot/lesson5_ws/install/rmitbot_localization/share/rmitbot_localization/package.ps1'
[0.627s] INFO:colcon.colcon_core.shell:Creating package descriptor '/home/vudinhso/RMIT_Bot/lesson5_ws/install/rmitbot_localization/share/rmitbot_localization/package.dsv'
[0.627s] INFO:colcon.colcon_core.shell:Creating package script '/home/vudinhso/RMIT_Bot/lesson5_ws/install/rmitbot_localization/share/rmitbot_localization/package.sh'
[0.628s] INFO:colcon.colcon_core.shell:Creating package script '/home/vudinhso/RMIT_Bot/lesson5_ws/install/rmitbot_localization/share/rmitbot_localization/package.bash'
[0.628s] INFO:colcon.colcon_core.shell:Creating package script '/home/vudinhso/RMIT_Bot/lesson5_ws/install/rmitbot_localization/share/rmitbot_localization/package.zsh'
[0.629s] Level 1:colcon.colcon_core.environment:create_file_with_runtime_dependencies(/home/vudinhso/RMIT_Bot/lesson5_ws/install/rmitbot_localization/share/colcon-core/packages/rmitbot_localization)
[6.638s] DEBUG:colcon.colcon_core.event_handler.log_command:Invoked command in '/home/vudinhso/RMIT_Bot/lesson5_ws/build/rmitbot_firmware' returned '0': CMAKE_PREFIX_PATH=${CMAKE_PREFIX_PATH}:/opt/ros/jazzy DEBUGINFOD_URLS=https://debuginfod.ubuntu.com /usr/bin/cmake --build /home/vudinhso/RMIT_Bot/lesson5_ws/build/rmitbot_firmware -- -j4 -l4
[6.640s] DEBUG:colcon.colcon_core.event_handler.log_command:Invoking command in '/home/vudinhso/RMIT_Bot/lesson5_ws/build/rmitbot_firmware': CMAKE_PREFIX_PATH=${CMAKE_PREFIX_PATH}:/opt/ros/jazzy DEBUGINFOD_URLS=https://debuginfod.ubuntu.com /usr/bin/cmake --install /home/vudinhso/RMIT_Bot/lesson5_ws/build/rmitbot_firmware
[6.660s] Level 1:colcon.colcon_core.environment:create_environment_scripts_only(rmitbot_firmware)
[6.660s] Level 1:colcon.colcon_core.environment:checking '/home/vudinhso/RMIT_Bot/lesson5_ws/install/rmitbot_firmware' for CMake module files
[6.661s] DEBUG:colcon.colcon_core.event_handler.log_command:Invoked command in '/home/vudinhso/RMIT_Bot/lesson5_ws/build/rmitbot_firmware' returned '0': CMAKE_PREFIX_PATH=${CMAKE_PREFIX_PATH}:/opt/ros/jazzy DEBUGINFOD_URLS=https://debuginfod.ubuntu.com /usr/bin/cmake --install /home/vudinhso/RMIT_Bot/lesson5_ws/build/rmitbot_firmware
[6.661s] Level 1:colcon.colcon_core.environment:checking '/home/vudinhso/RMIT_Bot/lesson5_ws/install/rmitbot_firmware' for CMake config files
[6.661s] Level 1:colcon.colcon_core.shell:create_environment_hook('rmitbot_firmware', 'cmake_prefix_path')
[6.662s] INFO:colcon.colcon_core.shell:Creating environment hook '/home/vudinhso/RMIT_Bot/lesson5_ws/install/rmitbot_firmware/share/rmitbot_firmware/hook/cmake_prefix_path.ps1'
[6.662s] INFO:colcon.colcon_core.shell:Creating environment descriptor '/home/vudinhso/RMIT_Bot/lesson5_ws/install/rmitbot_firmware/share/rmitbot_firmware/hook/cmake_prefix_path.dsv'
[6.662s] INFO:colcon.colcon_core.shell:Creating environment hook '/home/vudinhso/RMIT_Bot/lesson5_ws/install/rmitbot_firmware/share/rmitbot_firmware/hook/cmake_prefix_path.sh'
[6.663s] Level 1:colcon.colcon_core.environment:checking '/home/vudinhso/RMIT_Bot/lesson5_ws/install/rmitbot_firmware/lib'
[6.663s] Level 1:colcon.colcon_core.shell:create_environment_hook('rmitbot_firmware', 'ld_library_path_lib')
[6.664s] INFO:colcon.colcon_core.shell:Creating environment hook '/home/vudinhso/RMIT_Bot/lesson5_ws/install/rmitbot_firmware/share/rmitbot_firmware/hook/ld_library_path_lib.ps1'
[6.664s] INFO:colcon.colcon_core.shell:Creating environment descriptor '/home/vudinhso/RMIT_Bot/lesson5_ws/install/rmitbot_firmware/share/rmitbot_firmware/hook/ld_library_path_lib.dsv'
[6.664s] INFO:colcon.colcon_core.shell:Creating environment hook '/home/vudinhso/RMIT_Bot/lesson5_ws/install/rmitbot_firmware/share/rmitbot_firmware/hook/ld_library_path_lib.sh'
[6.665s] Level 1:colcon.colcon_core.environment:checking '/home/vudinhso/RMIT_Bot/lesson5_ws/install/rmitbot_firmware/bin'
[6.665s] Level 1:colcon.colcon_core.environment:checking '/home/vudinhso/RMIT_Bot/lesson5_ws/install/rmitbot_firmware/lib/pkgconfig/rmitbot_firmware.pc'
[6.665s] Level 1:colcon.colcon_core.environment:checking '/home/vudinhso/RMIT_Bot/lesson5_ws/install/rmitbot_firmware/lib/python3.12/site-packages'
[6.665s] Level 1:colcon.colcon_core.environment:checking '/home/vudinhso/RMIT_Bot/lesson5_ws/install/rmitbot_firmware/bin'
[6.666s] INFO:colcon.colcon_core.shell:Creating package script '/home/vudinhso/RMIT_Bot/lesson5_ws/install/rmitbot_firmware/share/rmitbot_firmware/package.ps1'
[6.666s] INFO:colcon.colcon_core.shell:Creating package descriptor '/home/vudinhso/RMIT_Bot/lesson5_ws/install/rmitbot_firmware/share/rmitbot_firmware/package.dsv'
[6.667s] INFO:colcon.colcon_core.shell:Creating package script '/home/vudinhso/RMIT_Bot/lesson5_ws/install/rmitbot_firmware/share/rmitbot_firmware/package.sh'
[6.667s] INFO:colcon.colcon_core.shell:Creating package script '/home/vudinhso/RMIT_Bot/lesson5_ws/install/rmitbot_firmware/share/rmitbot_firmware/package.bash'
[6.667s] INFO:colcon.colcon_core.shell:Creating package script '/home/vudinhso/RMIT_Bot/lesson5_ws/install/rmitbot_firmware/share/rmitbot_firmware/package.zsh'
[6.668s] Level 1:colcon.colcon_core.environment:create_file_with_runtime_dependencies(/home/vudinhso/RMIT_Bot/lesson5_ws/install/rmitbot_firmware/share/colcon-core/packages/rmitbot_firmware)
[6.668s] Level 1:colcon.colcon_core.environment:create_environment_scripts_only(rmitbot_firmware)
[6.668s] Level 1:colcon.colcon_core.environment:checking '/home/vudinhso/RMIT_Bot/lesson5_ws/install/rmitbot_firmware' for CMake module files
[6.669s] Level 1:colcon.colcon_core.environment:checking '/home/vudinhso/RMIT_Bot/lesson5_ws/install/rmitbot_firmware' for CMake config files
[6.669s] Level 1:colcon.colcon_core.shell:create_environment_hook('rmitbot_firmware', 'cmake_prefix_path')
[6.669s] INFO:colcon.colcon_core.shell:Creating environment hook '/home/vudinhso/RMIT_Bot/lesson5_ws/install/rmitbot_firmware/share/rmitbot_firmware/hook/cmake_prefix_path.ps1'
[6.669s] INFO:colcon.colcon_core.shell:Creating environment descriptor '/home/vudinhso/RMIT_Bot/lesson5_ws/install/rmitbot_firmware/share/rmitbot_firmware/hook/cmake_prefix_path.dsv'
[6.670s] INFO:colcon.colcon_core.shell:Creating environment hook '/home/vudinhso/RMIT_Bot/lesson5_ws/install/rmitbot_firmware/share/rmitbot_firmware/hook/cmake_prefix_path.sh'
[6.670s] Level 1:colcon.colcon_core.environment:checking '/home/vudinhso/RMIT_Bot/lesson5_ws/install/rmitbot_firmware/lib'
[6.670s] Level 1:colcon.colcon_core.shell:create_environment_hook('rmitbot_firmware', 'ld_library_path_lib')
[6.671s] INFO:colcon.colcon_core.shell:Creating environment hook '/home/vudinhso/RMIT_Bot/lesson5_ws/install/rmitbot_firmware/share/rmitbot_firmware/hook/ld_library_path_lib.ps1'
[6.671s] INFO:colcon.colcon_core.shell:Creating environment descriptor '/home/vudinhso/RMIT_Bot/lesson5_ws/install/rmitbot_firmware/share/rmitbot_firmware/hook/ld_library_path_lib.dsv'
[6.672s] INFO:colcon.colcon_core.shell:Creating environment hook '/home/vudinhso/RMIT_Bot/lesson5_ws/install/rmitbot_firmware/share/rmitbot_firmware/hook/ld_library_path_lib.sh'
[6.672s] Level 1:colcon.colcon_core.environment:checking '/home/vudinhso/RMIT_Bot/lesson5_ws/install/rmitbot_firmware/bin'
[6.673s] Level 1:colcon.colcon_core.environment:checking '/home/vudinhso/RMIT_Bot/lesson5_ws/install/rmitbot_firmware/lib/pkgconfig/rmitbot_firmware.pc'
[6.674s] Level 1:colcon.colcon_core.environment:checking '/home/vudinhso/RMIT_Bot/lesson5_ws/install/rmitbot_firmware/lib/python3.12/site-packages'
[6.674s] Level 1:colcon.colcon_core.environment:checking '/home/vudinhso/RMIT_Bot/lesson5_ws/install/rmitbot_firmware/bin'
[6.674s] INFO:colcon.colcon_core.shell:Creating package script '/home/vudinhso/RMIT_Bot/lesson5_ws/install/rmitbot_firmware/share/rmitbot_firmware/package.ps1'
[6.675s] INFO:colcon.colcon_core.shell:Creating package descriptor '/home/vudinhso/RMIT_Bot/lesson5_ws/install/rmitbot_firmware/share/rmitbot_firmware/package.dsv'
[6.676s] INFO:colcon.colcon_core.shell:Creating package script '/home/vudinhso/RMIT_Bot/lesson5_ws/install/rmitbot_firmware/share/rmitbot_firmware/package.sh'
[6.676s] INFO:colcon.colcon_core.shell:Creating package script '/home/vudinhso/RMIT_Bot/lesson5_ws/install/rmitbot_firmware/share/rmitbot_firmware/package.bash'
[6.676s] INFO:colcon.colcon_core.shell:Creating package script '/home/vudinhso/RMIT_Bot/lesson5_ws/install/rmitbot_firmware/share/rmitbot_firmware/package.zsh'
[6.677s] Level 1:colcon.colcon_core.environment:create_file_with_runtime_dependencies(/home/vudinhso/RMIT_Bot/lesson5_ws/install/rmitbot_firmware/share/colcon-core/packages/rmitbot_firmware)
[6.677s] DEBUG:colcon.colcon_parallel_executor.executor.parallel:closing loop
[6.678s] DEBUG:colcon.colcon_parallel_executor.executor.parallel:loop closed
[6.678s] DEBUG:colcon.colcon_parallel_executor.executor.parallel:run_until_complete finished with '0'
[6.678s] DEBUG:colcon.colcon_core.event_reactor:joining thread
[6.686s] INFO:colcon.colcon_core.plugin_system:Skipping extension 'colcon_notification.desktop_notification.terminal_notifier': Not used on non-Darwin systems
[6.686s] INFO:colcon.colcon_core.plugin_system:Skipping extension 'colcon_notification.desktop_notification.win32': Not used on non-Windows systems
[6.686s] INFO:colcon.colcon_notification.desktop_notification:Sending desktop notification using 'notify2'
[6.707s] DEBUG:colcon.colcon_core.event_reactor:joined thread
[6.707s] INFO:colcon.colcon_core.shell:Creating prefix script '/home/vudinhso/RMIT_Bot/lesson5_ws/install/local_setup.ps1'
[6.708s] INFO:colcon.colcon_core.shell:Creating prefix util module '/home/vudinhso/RMIT_Bot/lesson5_ws/install/_local_setup_util_ps1.py'
[6.709s] INFO:colcon.colcon_core.shell:Creating prefix chain script '/home/vudinhso/RMIT_Bot/lesson5_ws/install/setup.ps1'
[6.710s] INFO:colcon.colcon_core.shell:Creating prefix script '/home/vudinhso/RMIT_Bot/lesson5_ws/install/local_setup.sh'
[6.711s] INFO:colcon.colcon_core.shell:Creating prefix util module '/home/vudinhso/RMIT_Bot/lesson5_ws/install/_local_setup_util_sh.py'
[6.712s] INFO:colcon.colcon_core.shell:Creating prefix chain script '/home/vudinhso/RMIT_Bot/lesson5_ws/install/setup.sh'
[6.714s] INFO:colcon.colcon_core.shell:Creating prefix script '/home/vudinhso/RMIT_Bot/lesson5_ws/install/local_setup.bash'
[6.714s] INFO:colcon.colcon_core.shell:Creating prefix chain script '/home/vudinhso/RMIT_Bot/lesson5_ws/install/setup.bash'
[6.716s] INFO:colcon.colcon_core.shell:Creating prefix script '/home/vudinhso/RMIT_Bot/lesson5_ws/install/local_setup.zsh'
[6.716s] INFO:colcon.colcon_core.shell:Creating prefix chain script '/home/vudinhso/RMIT_Bot/lesson5_ws/install/setup.zsh'
