[0.051s] Invoking command in '/home/tranminhtu/RMITbot/lesson5_ws/build/rmitbot_bringup': CMAKE_PREFIX_PATH=${CMAKE_PREFIX_PATH}:/opt/ros/jazzy DEBUGINFOD_URLS=https://debuginfod.ubuntu.com /usr/bin/cmake --build /home/tranminhtu/RMITbot/lesson5_ws/build/rmitbot_bringup -- -j8 -l8
[0.127s] Invoked command in '/home/tranminhtu/RMITbot/lesson5_ws/build/rmitbot_bringup' returned '0': CMAKE_PREFIX_PATH=${CMAKE_PREFIX_PATH}:/opt/ros/jazzy DEBUGINFOD_URLS=https://debuginfod.ubuntu.com /usr/bin/cmake --build /home/tranminhtu/RMITbot/lesson5_ws/build/rmitbot_bringup -- -j8 -l8
[0.170s] Invoking command in '/home/tranminhtu/RMITbot/lesson5_ws/build/rmitbot_bringup': CMAKE_PREFIX_PATH=${CMAKE_PREFIX_PATH}:/opt/ros/jazzy DEBUGINFOD_URLS=https://debuginfod.ubuntu.com /usr/bin/cmake --install /home/tranminhtu/RMITbot/lesson5_ws/build/rmitbot_bringup
[0.174s] -- Install configuration: ""
[0.174s] -- Up-to-date: /home/tranminhtu/RMITbot/lesson5_ws/install/rmitbot_bringup/share/rmitbot_bringup/launch
[0.175s] -- Up-to-date: /home/tranminhtu/RMITbot/lesson5_ws/install/rmitbot_bringup/share/rmitbot_bringup/launch/simrobot.launch.py
[0.175s] -- Up-to-date: /home/tranminhtu/RMITbot/lesson5_ws/install/rmitbot_bringup/share/rmitbot_bringup/launch/realrobot.launch.py
[0.175s] -- Up-to-date: /home/tranminhtu/RMITbot/lesson5_ws/install/rmitbot_bringup/share/ament_index/resource_index/package_run_dependencies/rmitbot_bringup
[0.175s] -- Up-to-date: /home/tranminhtu/RMITbot/lesson5_ws/install/rmitbot_bringup/share/ament_index/resource_index/parent_prefix_path/rmitbot_bringup
[0.175s] -- Up-to-date: /home/tranminhtu/RMITbot/lesson5_ws/install/rmitbot_bringup/share/rmitbot_bringup/environment/ament_prefix_path.sh
[0.175s] -- Up-to-date: /home/tranminhtu/RMITbot/lesson5_ws/install/rmitbot_bringup/share/rmitbot_bringup/environment/ament_prefix_path.dsv
[0.175s] -- Up-to-date: /home/tranminhtu/RMITbot/lesson5_ws/install/rmitbot_bringup/share/rmitbot_bringup/environment/path.sh
[0.175s] -- Up-to-date: /home/tranminhtu/RMITbot/lesson5_ws/install/rmitbot_bringup/share/rmitbot_bringup/environment/path.dsv
[0.175s] -- Up-to-date: /home/tranminhtu/RMITbot/lesson5_ws/install/rmitbot_bringup/share/rmitbot_bringup/local_setup.bash
[0.175s] -- Up-to-date: /home/tranminhtu/RMITbot/lesson5_ws/install/rmitbot_bringup/share/rmitbot_bringup/local_setup.sh
[0.176s] -- Up-to-date: /home/tranminhtu/RMITbot/lesson5_ws/install/rmitbot_bringup/share/rmitbot_bringup/local_setup.zsh
[0.176s] -- Up-to-date: /home/tranminhtu/RMITbot/lesson5_ws/install/rmitbot_bringup/share/rmitbot_bringup/local_setup.dsv
[0.176s] -- Installing: /home/tranminhtu/RMITbot/lesson5_ws/install/rmitbot_bringup/share/rmitbot_bringup/package.dsv
[0.182s] -- Up-to-date: /home/tranminhtu/RMITbot/lesson5_ws/install/rmitbot_bringup/share/ament_index/resource_index/packages/rmitbot_bringup
[0.195s] -- Up-to-date: /home/tranminhtu/RMITbot/lesson5_ws/install/rmitbot_bringup/share/rmitbot_bringup/cmake/rmitbot_bringupConfig.cmake
[0.195s] -- Up-to-date: /home/tranminhtu/RMITbot/lesson5_ws/install/rmitbot_bringup/share/rmitbot_bringup/cmake/rmitbot_bringupConfig-version.cmake
[0.195s] -- Up-to-date: /home/tranminhtu/RMITbot/lesson5_ws/install/rmitbot_bringup/share/rmitbot_bringup/package.xml
[0.197s] Invoked command in '/home/tranminhtu/RMITbot/lesson5_ws/build/rmitbot_bringup' returned '0': CMAKE_PREFIX_PATH=${CMAKE_PREFIX_PATH}:/opt/ros/jazzy DEBUGINFOD_URLS=https://debuginfod.ubuntu.com /usr/bin/cmake --install /home/tranminhtu/RMITbot/lesson5_ws/build/rmitbot_bringup
