[0.080s] DEBUG:colcon:Command line arguments: ['/usr/bin/colcon', 'build']
[0.081s] DEBUG:colcon:Parsed command line arguments: Namespace(log_base=None, log_level=None, verb_name='build', build_base='build', install_base='install', merge_install=False, symlink_install=False, test_result_base=None, continue_on_error=False, executor='parallel', parallel_workers=8, event_handlers=None, ignore_user_meta=False, metas=['./colcon.meta'], base_paths=['.'], packages_ignore=None, packages_ignore_regex=None, paths=None, packages_up_to=None, packages_up_to_regex=None, packages_above=None, packages_above_and_dependencies=None, packages_above_depth=None, packages_select_by_dep=None, packages_skip_by_dep=None, packages_skip_up_to=None, packages_select_build_failed=False, packages_skip_build_finished=False, packages_select_test_failures=False, packages_skip_test_passed=False, packages_select=None, packages_skip=None, packages_select_regex=None, packages_skip_regex=None, packages_start=None, packages_end=None, allow_overriding=[], cmake_args=None, cmake_target=None, cmake_target_skip_unavailable=False, cmake_clean_cache=False, cmake_clean_first=False, cmake_force_configure=False, ament_cmake_args=None, catkin_cmake_args=None, catkin_skip_building_tests=False, mixin_files=None, mixin=None, verb_parser=<colcon_mixin.mixin.mixin_argument.MixinArgumentDecorator object at 0x79a481d399a0>, verb_extension=<colcon_core.verb.build.BuildVerb object at 0x79a481db1250>, main=<bound method BuildVerb.main of <colcon_core.verb.build.BuildVerb object at 0x79a481db1250>>, mixin_verb=('build',))
[0.108s] Level 1:colcon.colcon_core.package_discovery:discover_packages(colcon_meta) check parameters
[0.110s] Level 1:colcon.colcon_core.package_discovery:discover_packages(recursive) check parameters
[0.110s] Level 1:colcon.colcon_core.package_discovery:discover_packages(ignore) check parameters
[0.110s] Level 1:colcon.colcon_core.package_discovery:discover_packages(path) check parameters
[0.110s] Level 1:colcon.colcon_core.package_discovery:discover_packages(colcon_meta) discover
[0.110s] Level 1:colcon.colcon_core.package_discovery:discover_packages(recursive) discover
[0.110s] INFO:colcon.colcon_core.package_discovery:Crawling recursively for packages in '/home/tranminhtu/RMITbot/lesson5_ws'
[0.111s] Level 1:colcon.colcon_core.package_identification:_identify(.) by extensions ['ignore', 'ignore_ament_install']
[0.111s] Level 1:colcon.colcon_core.package_identification:_identify(.) by extension 'ignore'
[0.111s] Level 1:colcon.colcon_core.package_identification:_identify(.) by extension 'ignore_ament_install'
[0.111s] Level 1:colcon.colcon_core.package_identification:_identify(.) by extensions ['colcon_pkg']
[0.111s] Level 1:colcon.colcon_core.package_identification:_identify(.) by extension 'colcon_pkg'
[0.111s] Level 1:colcon.colcon_core.package_identification:_identify(.) by extensions ['colcon_meta']
[0.111s] Level 1:colcon.colcon_core.package_identification:_identify(.) by extension 'colcon_meta'
[0.111s] Level 1:colcon.colcon_core.package_identification:_identify(.) by extensions ['ros']
[0.111s] Level 1:colcon.colcon_core.package_identification:_identify(.) by extension 'ros'
[0.129s] Level 1:colcon.colcon_core.package_identification:_identify(.) by extensions ['cmake', 'python']
[0.130s] Level 1:colcon.colcon_core.package_identification:_identify(.) by extension 'cmake'
[0.130s] Level 1:colcon.colcon_core.package_identification:_identify(.) by extension 'python'
[0.130s] Level 1:colcon.colcon_core.package_identification:_identify(.) by extensions ['python_setup_py']
[0.132s] Level 1:colcon.colcon_core.package_identification:_identify(.) by extension 'python_setup_py'
[0.132s] Level 1:colcon.colcon_core.package_identification:_identify(build) by extensions ['ignore', 'ignore_ament_install']
[0.132s] Level 1:colcon.colcon_core.package_identification:_identify(build) by extension 'ignore'
[0.132s] Level 1:colcon.colcon_core.package_identification:_identify(build) ignored
[0.133s] Level 1:colcon.colcon_core.package_identification:_identify(install) by extensions ['ignore', 'ignore_ament_install']
[0.133s] Level 1:colcon.colcon_core.package_identification:_identify(install) by extension 'ignore'
[0.133s] Level 1:colcon.colcon_core.package_identification:_identify(install) ignored
[0.133s] Level 1:colcon.colcon_core.package_identification:_identify(log) by extensions ['ignore', 'ignore_ament_install']
[0.133s] Level 1:colcon.colcon_core.package_identification:_identify(log) by extension 'ignore'
[0.133s] Level 1:colcon.colcon_core.package_identification:_identify(log) ignored
[0.133s] Level 1:colcon.colcon_core.package_identification:_identify(src) by extensions ['ignore', 'ignore_ament_install']
[0.133s] Level 1:colcon.colcon_core.package_identification:_identify(src) by extension 'ignore'
[0.133s] Level 1:colcon.colcon_core.package_identification:_identify(src) by extension 'ignore_ament_install'
[0.133s] Level 1:colcon.colcon_core.package_identification:_identify(src) by extensions ['colcon_pkg']
[0.133s] Level 1:colcon.colcon_core.package_identification:_identify(src) by extension 'colcon_pkg'
[0.133s] Level 1:colcon.colcon_core.package_identification:_identify(src) by extensions ['colcon_meta']
[0.133s] Level 1:colcon.colcon_core.package_identification:_identify(src) by extension 'colcon_meta'
[0.133s] Level 1:colcon.colcon_core.package_identification:_identify(src) by extensions ['ros']
[0.133s] Level 1:colcon.colcon_core.package_identification:_identify(src) by extension 'ros'
[0.133s] Level 1:colcon.colcon_core.package_identification:_identify(src) by extensions ['cmake', 'python']
[0.134s] Level 1:colcon.colcon_core.package_identification:_identify(src) by extension 'cmake'
[0.134s] Level 1:colcon.colcon_core.package_identification:_identify(src) by extension 'python'
[0.134s] Level 1:colcon.colcon_core.package_identification:_identify(src) by extensions ['python_setup_py']
[0.134s] Level 1:colcon.colcon_core.package_identification:_identify(src) by extension 'python_setup_py'
[0.134s] Level 1:colcon.colcon_core.package_identification:_identify(src/rmitbot_bringup) by extensions ['ignore', 'ignore_ament_install']
[0.134s] Level 1:colcon.colcon_core.package_identification:_identify(src/rmitbot_bringup) by extension 'ignore'
[0.134s] Level 1:colcon.colcon_core.package_identification:_identify(src/rmitbot_bringup) by extension 'ignore_ament_install'
[0.134s] Level 1:colcon.colcon_core.package_identification:_identify(src/rmitbot_bringup) by extensions ['colcon_pkg']
[0.134s] Level 1:colcon.colcon_core.package_identification:_identify(src/rmitbot_bringup) by extension 'colcon_pkg'
[0.134s] Level 1:colcon.colcon_core.package_identification:_identify(src/rmitbot_bringup) by extensions ['colcon_meta']
[0.134s] Level 1:colcon.colcon_core.package_identification:_identify(src/rmitbot_bringup) by extension 'colcon_meta'
[0.134s] Level 1:colcon.colcon_core.package_identification:_identify(src/rmitbot_bringup) by extensions ['ros']
[0.134s] Level 1:colcon.colcon_core.package_identification:_identify(src/rmitbot_bringup) by extension 'ros'
[0.136s] DEBUG:colcon.colcon_core.package_identification:Package 'src/rmitbot_bringup' with type 'ros.ament_cmake' and name 'rmitbot_bringup'
[0.136s] Level 1:colcon.colcon_core.package_identification:_identify(src/rmitbot_controller) by extensions ['ignore', 'ignore_ament_install']
[0.136s] Level 1:colcon.colcon_core.package_identification:_identify(src/rmitbot_controller) by extension 'ignore'
[0.136s] Level 1:colcon.colcon_core.package_identification:_identify(src/rmitbot_controller) by extension 'ignore_ament_install'
[0.137s] Level 1:colcon.colcon_core.package_identification:_identify(src/rmitbot_controller) by extensions ['colcon_pkg']
[0.137s] Level 1:colcon.colcon_core.package_identification:_identify(src/rmitbot_controller) by extension 'colcon_pkg'
[0.137s] Level 1:colcon.colcon_core.package_identification:_identify(src/rmitbot_controller) by extensions ['colcon_meta']
[0.137s] Level 1:colcon.colcon_core.package_identification:_identify(src/rmitbot_controller) by extension 'colcon_meta'
[0.137s] Level 1:colcon.colcon_core.package_identification:_identify(src/rmitbot_controller) by extensions ['ros']
[0.137s] Level 1:colcon.colcon_core.package_identification:_identify(src/rmitbot_controller) by extension 'ros'
[0.137s] DEBUG:colcon.colcon_core.package_identification:Package 'src/rmitbot_controller' with type 'ros.ament_cmake' and name 'rmitbot_controller'
[0.137s] Level 1:colcon.colcon_core.package_identification:_identify(src/rmitbot_description) by extensions ['ignore', 'ignore_ament_install']
[0.137s] Level 1:colcon.colcon_core.package_identification:_identify(src/rmitbot_description) by extension 'ignore'
[0.137s] Level 1:colcon.colcon_core.package_identification:_identify(src/rmitbot_description) by extension 'ignore_ament_install'
[0.137s] Level 1:colcon.colcon_core.package_identification:_identify(src/rmitbot_description) by extensions ['colcon_pkg']
[0.137s] Level 1:colcon.colcon_core.package_identification:_identify(src/rmitbot_description) by extension 'colcon_pkg'
[0.137s] Level 1:colcon.colcon_core.package_identification:_identify(src/rmitbot_description) by extensions ['colcon_meta']
[0.137s] Level 1:colcon.colcon_core.package_identification:_identify(src/rmitbot_description) by extension 'colcon_meta'
[0.137s] Level 1:colcon.colcon_core.package_identification:_identify(src/rmitbot_description) by extensions ['ros']
[0.137s] Level 1:colcon.colcon_core.package_identification:_identify(src/rmitbot_description) by extension 'ros'
[0.138s] DEBUG:colcon.colcon_core.package_identification:Package 'src/rmitbot_description' with type 'ros.ament_cmake' and name 'rmitbot_description'
[0.138s] Level 1:colcon.colcon_core.package_identification:_identify(src/rmitbot_firmware) by extensions ['ignore', 'ignore_ament_install']
[0.138s] Level 1:colcon.colcon_core.package_identification:_identify(src/rmitbot_firmware) by extension 'ignore'
[0.138s] Level 1:colcon.colcon_core.package_identification:_identify(src/rmitbot_firmware) by extension 'ignore_ament_install'
[0.138s] Level 1:colcon.colcon_core.package_identification:_identify(src/rmitbot_firmware) by extensions ['colcon_pkg']
[0.138s] Level 1:colcon.colcon_core.package_identification:_identify(src/rmitbot_firmware) by extension 'colcon_pkg'
[0.138s] Level 1:colcon.colcon_core.package_identification:_identify(src/rmitbot_firmware) by extensions ['colcon_meta']
[0.138s] Level 1:colcon.colcon_core.package_identification:_identify(src/rmitbot_firmware) by extension 'colcon_meta'
[0.138s] Level 1:colcon.colcon_core.package_identification:_identify(src/rmitbot_firmware) by extensions ['ros']
[0.138s] Level 1:colcon.colcon_core.package_identification:_identify(src/rmitbot_firmware) by extension 'ros'
[0.139s] DEBUG:colcon.colcon_core.package_identification:Package 'src/rmitbot_firmware' with type 'ros.ament_cmake' and name 'rmitbot_firmware'
[0.139s] Level 1:colcon.colcon_core.package_identification:_identify(src/rmitbot_localization) by extensions ['ignore', 'ignore_ament_install']
[0.139s] Level 1:colcon.colcon_core.package_identification:_identify(src/rmitbot_localization) by extension 'ignore'
[0.139s] Level 1:colcon.colcon_core.package_identification:_identify(src/rmitbot_localization) by extension 'ignore_ament_install'
[0.139s] Level 1:colcon.colcon_core.package_identification:_identify(src/rmitbot_localization) by extensions ['colcon_pkg']
[0.139s] Level 1:colcon.colcon_core.package_identification:_identify(src/rmitbot_localization) by extension 'colcon_pkg'
[0.139s] Level 1:colcon.colcon_core.package_identification:_identify(src/rmitbot_localization) by extensions ['colcon_meta']
[0.139s] Level 1:colcon.colcon_core.package_identification:_identify(src/rmitbot_localization) by extension 'colcon_meta'
[0.140s] Level 1:colcon.colcon_core.package_identification:_identify(src/rmitbot_localization) by extensions ['ros']
[0.140s] Level 1:colcon.colcon_core.package_identification:_identify(src/rmitbot_localization) by extension 'ros'
[0.140s] DEBUG:colcon.colcon_core.package_identification:Package 'src/rmitbot_localization' with type 'ros.ament_cmake' and name 'rmitbot_localization'
[0.140s] Level 1:colcon.colcon_core.package_discovery:discover_packages(recursive) using defaults
[0.141s] Level 1:colcon.colcon_core.package_discovery:discover_packages(ignore) discover
[0.141s] Level 1:colcon.colcon_core.package_discovery:discover_packages(ignore) using defaults
[0.141s] Level 1:colcon.colcon_core.package_discovery:discover_packages(path) discover
[0.141s] Level 1:colcon.colcon_core.package_discovery:discover_packages(path) using defaults
[0.155s] Level 1:colcon.colcon_core.package_discovery:discover_packages(prefix_path) check parameters
[0.155s] Level 1:colcon.colcon_core.package_discovery:discover_packages(prefix_path) discover
[0.156s] DEBUG:colcon.colcon_installed_package_information.package_discovery:Found 5 installed packages in /home/tranminhtu/RMITbot/lesson5_ws/install
[0.157s] DEBUG:colcon.colcon_installed_package_information.package_discovery:Found 5 installed packages in /home/tranminhtu/RMITbot/ros2_4wheelsdrive/install
[0.159s] DEBUG:colcon.colcon_installed_package_information.package_discovery:Found 383 installed packages in /opt/ros/jazzy
[0.161s] Level 1:colcon.colcon_core.package_discovery:discover_packages(prefix_path) using defaults
[0.193s] Level 5:colcon.colcon_core.verb:set package 'rmitbot_bringup' build argument 'cmake_args' from command line to 'None'
[0.193s] Level 5:colcon.colcon_core.verb:set package 'rmitbot_bringup' build argument 'cmake_target' from command line to 'None'
[0.193s] Level 5:colcon.colcon_core.verb:set package 'rmitbot_bringup' build argument 'cmake_target_skip_unavailable' from command line to 'False'
[0.194s] Level 5:colcon.colcon_core.verb:set package 'rmitbot_bringup' build argument 'cmake_clean_cache' from command line to 'False'
[0.194s] Level 5:colcon.colcon_core.verb:set package 'rmitbot_bringup' build argument 'cmake_clean_first' from command line to 'False'
[0.194s] Level 5:colcon.colcon_core.verb:set package 'rmitbot_bringup' build argument 'cmake_force_configure' from command line to 'False'
[0.194s] Level 5:colcon.colcon_core.verb:set package 'rmitbot_bringup' build argument 'ament_cmake_args' from command line to 'None'
[0.194s] Level 5:colcon.colcon_core.verb:set package 'rmitbot_bringup' build argument 'catkin_cmake_args' from command line to 'None'
[0.194s] Level 5:colcon.colcon_core.verb:set package 'rmitbot_bringup' build argument 'catkin_skip_building_tests' from command line to 'False'
[0.194s] DEBUG:colcon.colcon_core.verb:Building package 'rmitbot_bringup' with the following arguments: {'ament_cmake_args': None, 'build_base': '/home/tranminhtu/RMITbot/lesson5_ws/build/rmitbot_bringup', 'catkin_cmake_args': None, 'catkin_skip_building_tests': False, 'cmake_args': None, 'cmake_clean_cache': False, 'cmake_clean_first': False, 'cmake_force_configure': False, 'cmake_target': None, 'cmake_target_skip_unavailable': False, 'install_base': '/home/tranminhtu/RMITbot/lesson5_ws/install/rmitbot_bringup', 'merge_install': False, 'path': '/home/tranminhtu/RMITbot/lesson5_ws/src/rmitbot_bringup', 'symlink_install': False, 'test_result_base': None}
[0.195s] Level 5:colcon.colcon_core.verb:set package 'rmitbot_controller' build argument 'cmake_args' from command line to 'None'
[0.195s] Level 5:colcon.colcon_core.verb:set package 'rmitbot_controller' build argument 'cmake_target' from command line to 'None'
[0.195s] Level 5:colcon.colcon_core.verb:set package 'rmitbot_controller' build argument 'cmake_target_skip_unavailable' from command line to 'False'
[0.195s] Level 5:colcon.colcon_core.verb:set package 'rmitbot_controller' build argument 'cmake_clean_cache' from command line to 'False'
[0.195s] Level 5:colcon.colcon_core.verb:set package 'rmitbot_controller' build argument 'cmake_clean_first' from command line to 'False'
[0.195s] Level 5:colcon.colcon_core.verb:set package 'rmitbot_controller' build argument 'cmake_force_configure' from command line to 'False'
[0.195s] Level 5:colcon.colcon_core.verb:set package 'rmitbot_controller' build argument 'ament_cmake_args' from command line to 'None'
[0.195s] Level 5:colcon.colcon_core.verb:set package 'rmitbot_controller' build argument 'catkin_cmake_args' from command line to 'None'
[0.195s] Level 5:colcon.colcon_core.verb:set package 'rmitbot_controller' build argument 'catkin_skip_building_tests' from command line to 'False'
[0.195s] DEBUG:colcon.colcon_core.verb:Building package 'rmitbot_controller' with the following arguments: {'ament_cmake_args': None, 'build_base': '/home/tranminhtu/RMITbot/lesson5_ws/build/rmitbot_controller', 'catkin_cmake_args': None, 'catkin_skip_building_tests': False, 'cmake_args': None, 'cmake_clean_cache': False, 'cmake_clean_first': False, 'cmake_force_configure': False, 'cmake_target': None, 'cmake_target_skip_unavailable': False, 'install_base': '/home/tranminhtu/RMITbot/lesson5_ws/install/rmitbot_controller', 'merge_install': False, 'path': '/home/tranminhtu/RMITbot/lesson5_ws/src/rmitbot_controller', 'symlink_install': False, 'test_result_base': None}
[0.195s] Level 5:colcon.colcon_core.verb:set package 'rmitbot_description' build argument 'cmake_args' from command line to 'None'
[0.195s] Level 5:colcon.colcon_core.verb:set package 'rmitbot_description' build argument 'cmake_target' from command line to 'None'
[0.195s] Level 5:colcon.colcon_core.verb:set package 'rmitbot_description' build argument 'cmake_target_skip_unavailable' from command line to 'False'
[0.195s] Level 5:colcon.colcon_core.verb:set package 'rmitbot_description' build argument 'cmake_clean_cache' from command line to 'False'
[0.195s] Level 5:colcon.colcon_core.verb:set package 'rmitbot_description' build argument 'cmake_clean_first' from command line to 'False'
[0.195s] Level 5:colcon.colcon_core.verb:set package 'rmitbot_description' build argument 'cmake_force_configure' from command line to 'False'
[0.195s] Level 5:colcon.colcon_core.verb:set package 'rmitbot_description' build argument 'ament_cmake_args' from command line to 'None'
[0.195s] Level 5:colcon.colcon_core.verb:set package 'rmitbot_description' build argument 'catkin_cmake_args' from command line to 'None'
[0.195s] Level 5:colcon.colcon_core.verb:set package 'rmitbot_description' build argument 'catkin_skip_building_tests' from command line to 'False'
[0.195s] DEBUG:colcon.colcon_core.verb:Building package 'rmitbot_description' with the following arguments: {'ament_cmake_args': None, 'build_base': '/home/tranminhtu/RMITbot/lesson5_ws/build/rmitbot_description', 'catkin_cmake_args': None, 'catkin_skip_building_tests': False, 'cmake_args': None, 'cmake_clean_cache': False, 'cmake_clean_first': False, 'cmake_force_configure': False, 'cmake_target': None, 'cmake_target_skip_unavailable': False, 'install_base': '/home/tranminhtu/RMITbot/lesson5_ws/install/rmitbot_description', 'merge_install': False, 'path': '/home/tranminhtu/RMITbot/lesson5_ws/src/rmitbot_description', 'symlink_install': False, 'test_result_base': None}
[0.196s] Level 5:colcon.colcon_core.verb:set package 'rmitbot_firmware' build argument 'cmake_args' from command line to 'None'
[0.196s] Level 5:colcon.colcon_core.verb:set package 'rmitbot_firmware' build argument 'cmake_target' from command line to 'None'
[0.196s] Level 5:colcon.colcon_core.verb:set package 'rmitbot_firmware' build argument 'cmake_target_skip_unavailable' from command line to 'False'
[0.196s] Level 5:colcon.colcon_core.verb:set package 'rmitbot_firmware' build argument 'cmake_clean_cache' from command line to 'False'
[0.196s] Level 5:colcon.colcon_core.verb:set package 'rmitbot_firmware' build argument 'cmake_clean_first' from command line to 'False'
[0.196s] Level 5:colcon.colcon_core.verb:set package 'rmitbot_firmware' build argument 'cmake_force_configure' from command line to 'False'
[0.196s] Level 5:colcon.colcon_core.verb:set package 'rmitbot_firmware' build argument 'ament_cmake_args' from command line to 'None'
[0.196s] Level 5:colcon.colcon_core.verb:set package 'rmitbot_firmware' build argument 'catkin_cmake_args' from command line to 'None'
[0.196s] Level 5:colcon.colcon_core.verb:set package 'rmitbot_firmware' build argument 'catkin_skip_building_tests' from command line to 'False'
[0.196s] DEBUG:colcon.colcon_core.verb:Building package 'rmitbot_firmware' with the following arguments: {'ament_cmake_args': None, 'build_base': '/home/tranminhtu/RMITbot/lesson5_ws/build/rmitbot_firmware', 'catkin_cmake_args': None, 'catkin_skip_building_tests': False, 'cmake_args': None, 'cmake_clean_cache': False, 'cmake_clean_first': False, 'cmake_force_configure': False, 'cmake_target': None, 'cmake_target_skip_unavailable': False, 'install_base': '/home/tranminhtu/RMITbot/lesson5_ws/install/rmitbot_firmware', 'merge_install': False, 'path': '/home/tranminhtu/RMITbot/lesson5_ws/src/rmitbot_firmware', 'symlink_install': False, 'test_result_base': None}
[0.196s] Level 5:colcon.colcon_core.verb:set package 'rmitbot_localization' build argument 'cmake_args' from command line to 'None'
[0.196s] Level 5:colcon.colcon_core.verb:set package 'rmitbot_localization' build argument 'cmake_target' from command line to 'None'
[0.196s] Level 5:colcon.colcon_core.verb:set package 'rmitbot_localization' build argument 'cmake_target_skip_unavailable' from command line to 'False'
[0.196s] Level 5:colcon.colcon_core.verb:set package 'rmitbot_localization' build argument 'cmake_clean_cache' from command line to 'False'
[0.196s] Level 5:colcon.colcon_core.verb:set package 'rmitbot_localization' build argument 'cmake_clean_first' from command line to 'False'
[0.196s] Level 5:colcon.colcon_core.verb:set package 'rmitbot_localization' build argument 'cmake_force_configure' from command line to 'False'
[0.196s] Level 5:colcon.colcon_core.verb:set package 'rmitbot_localization' build argument 'ament_cmake_args' from command line to 'None'
[0.196s] Level 5:colcon.colcon_core.verb:set package 'rmitbot_localization' build argument 'catkin_cmake_args' from command line to 'None'
[0.196s] Level 5:colcon.colcon_core.verb:set package 'rmitbot_localization' build argument 'catkin_skip_building_tests' from command line to 'False'
[0.196s] DEBUG:colcon.colcon_core.verb:Building package 'rmitbot_localization' with the following arguments: {'ament_cmake_args': None, 'build_base': '/home/tranminhtu/RMITbot/lesson5_ws/build/rmitbot_localization', 'catkin_cmake_args': None, 'catkin_skip_building_tests': False, 'cmake_args': None, 'cmake_clean_cache': False, 'cmake_clean_first': False, 'cmake_force_configure': False, 'cmake_target': None, 'cmake_target_skip_unavailable': False, 'install_base': '/home/tranminhtu/RMITbot/lesson5_ws/install/rmitbot_localization', 'merge_install': False, 'path': '/home/tranminhtu/RMITbot/lesson5_ws/src/rmitbot_localization', 'symlink_install': False, 'test_result_base': None}
[0.196s] INFO:colcon.colcon_core.executor:Executing jobs using 'parallel' executor
[0.197s] DEBUG:colcon.colcon_parallel_executor.executor.parallel:run_until_complete
[0.198s] INFO:colcon.colcon_ros.task.ament_cmake.build:Building ROS package in '/home/tranminhtu/RMITbot/lesson5_ws/src/rmitbot_bringup' with build type 'ament_cmake'
[0.198s] INFO:colcon.colcon_cmake.task.cmake.build:Building CMake package in '/home/tranminhtu/RMITbot/lesson5_ws/src/rmitbot_bringup'
[0.201s] INFO:colcon.colcon_core.plugin_system:Skipping extension 'colcon_core.shell.bat': Not used on non-Windows systems
[0.201s] INFO:colcon.colcon_core.shell:Skip shell extension 'powershell' for command environment: Not usable outside of PowerShell
[0.201s] DEBUG:colcon.colcon_core.shell:Skip shell extension 'dsv' for command environment
[0.209s] INFO:colcon.colcon_ros.task.ament_cmake.build:Building ROS package in '/home/tranminhtu/RMITbot/lesson5_ws/src/rmitbot_controller' with build type 'ament_cmake'
[0.210s] INFO:colcon.colcon_cmake.task.cmake.build:Building CMake package in '/home/tranminhtu/RMITbot/lesson5_ws/src/rmitbot_controller'
[0.210s] INFO:colcon.colcon_core.shell:Skip shell extension 'powershell' for command environment: Not usable outside of PowerShell
[0.210s] DEBUG:colcon.colcon_core.shell:Skip shell extension 'dsv' for command environment
[0.218s] INFO:colcon.colcon_ros.task.ament_cmake.build:Building ROS package in '/home/tranminhtu/RMITbot/lesson5_ws/src/rmitbot_description' with build type 'ament_cmake'
[0.218s] INFO:colcon.colcon_cmake.task.cmake.build:Building CMake package in '/home/tranminhtu/RMITbot/lesson5_ws/src/rmitbot_description'
[0.219s] INFO:colcon.colcon_core.shell:Skip shell extension 'powershell' for command environment: Not usable outside of PowerShell
[0.219s] DEBUG:colcon.colcon_core.shell:Skip shell extension 'dsv' for command environment
[0.223s] INFO:colcon.colcon_ros.task.ament_cmake.build:Building ROS package in '/home/tranminhtu/RMITbot/lesson5_ws/src/rmitbot_firmware' with build type 'ament_cmake'
[0.223s] INFO:colcon.colcon_cmake.task.cmake.build:Building CMake package in '/home/tranminhtu/RMITbot/lesson5_ws/src/rmitbot_firmware'
[0.223s] INFO:colcon.colcon_core.shell:Skip shell extension 'powershell' for command environment: Not usable outside of PowerShell
[0.223s] DEBUG:colcon.colcon_core.shell:Skip shell extension 'dsv' for command environment
[0.229s] INFO:colcon.colcon_ros.task.ament_cmake.build:Building ROS package in '/home/tranminhtu/RMITbot/lesson5_ws/src/rmitbot_localization' with build type 'ament_cmake'
[0.229s] INFO:colcon.colcon_cmake.task.cmake.build:Building CMake package in '/home/tranminhtu/RMITbot/lesson5_ws/src/rmitbot_localization'
[0.230s] INFO:colcon.colcon_core.shell:Skip shell extension 'powershell' for command environment: Not usable outside of PowerShell
[0.230s] DEBUG:colcon.colcon_core.shell:Skip shell extension 'dsv' for command environment
[0.251s] DEBUG:colcon.colcon_core.event_handler.log_command:Invoking command in '/home/tranminhtu/RMITbot/lesson5_ws/build/rmitbot_bringup': CMAKE_PREFIX_PATH=${CMAKE_PREFIX_PATH}:/opt/ros/jazzy DEBUGINFOD_URLS=https://debuginfod.ubuntu.com /usr/bin/cmake --build /home/tranminhtu/RMITbot/lesson5_ws/build/rmitbot_bringup -- -j8 -l8
[0.252s] DEBUG:colcon.colcon_core.event_handler.log_command:Invoking command in '/home/tranminhtu/RMITbot/lesson5_ws/build/rmitbot_controller': CMAKE_PREFIX_PATH=${CMAKE_PREFIX_PATH}:/opt/ros/jazzy DEBUGINFOD_URLS=https://debuginfod.ubuntu.com /usr/bin/cmake --build /home/tranminhtu/RMITbot/lesson5_ws/build/rmitbot_controller -- -j8 -l8
[0.258s] DEBUG:colcon.colcon_core.event_handler.log_command:Invoking command in '/home/tranminhtu/RMITbot/lesson5_ws/build/rmitbot_description': CMAKE_PREFIX_PATH=${CMAKE_PREFIX_PATH}:/opt/ros/jazzy DEBUGINFOD_URLS=https://debuginfod.ubuntu.com /usr/bin/cmake --build /home/tranminhtu/RMITbot/lesson5_ws/build/rmitbot_description -- -j8 -l8
[0.264s] DEBUG:colcon.colcon_core.event_handler.log_command:Invoking command in '/home/tranminhtu/RMITbot/lesson5_ws/build/rmitbot_firmware': CMAKE_PREFIX_PATH=${CMAKE_PREFIX_PATH}:/opt/ros/jazzy DEBUGINFOD_URLS=https://debuginfod.ubuntu.com /usr/bin/cmake --build /home/tranminhtu/RMITbot/lesson5_ws/build/rmitbot_firmware -- -j8 -l8
[0.282s] DEBUG:colcon.colcon_core.event_handler.log_command:Invoking command in '/home/tranminhtu/RMITbot/lesson5_ws/build/rmitbot_localization': CMAKE_PREFIX_PATH=${CMAKE_PREFIX_PATH}:/opt/ros/jazzy DEBUGINFOD_URLS=https://debuginfod.ubuntu.com /usr/bin/cmake --build /home/tranminhtu/RMITbot/lesson5_ws/build/rmitbot_localization -- -j8 -l8
[0.319s] DEBUG:colcon.colcon_core.event_handler.log_command:Invoked command in '/home/tranminhtu/RMITbot/lesson5_ws/build/rmitbot_controller' returned '0': CMAKE_PREFIX_PATH=${CMAKE_PREFIX_PATH}:/opt/ros/jazzy DEBUGINFOD_URLS=https://debuginfod.ubuntu.com /usr/bin/cmake --build /home/tranminhtu/RMITbot/lesson5_ws/build/rmitbot_controller -- -j8 -l8
[0.336s] DEBUG:colcon.colcon_core.event_handler.log_command:Invoking command in '/home/tranminhtu/RMITbot/lesson5_ws/build/rmitbot_controller': CMAKE_PREFIX_PATH=${CMAKE_PREFIX_PATH}:/opt/ros/jazzy DEBUGINFOD_URLS=https://debuginfod.ubuntu.com /usr/bin/cmake --install /home/tranminhtu/RMITbot/lesson5_ws/build/rmitbot_controller
[0.344s] DEBUG:colcon.colcon_core.event_handler.log_command:Invoked command in '/home/tranminhtu/RMITbot/lesson5_ws/build/rmitbot_bringup' returned '0': CMAKE_PREFIX_PATH=${CMAKE_PREFIX_PATH}:/opt/ros/jazzy DEBUGINFOD_URLS=https://debuginfod.ubuntu.com /usr/bin/cmake --build /home/tranminhtu/RMITbot/lesson5_ws/build/rmitbot_bringup -- -j8 -l8
[0.364s] DEBUG:colcon.colcon_core.event_handler.log_command:Invoking command in '/home/tranminhtu/RMITbot/lesson5_ws/build/rmitbot_bringup': CMAKE_PREFIX_PATH=${CMAKE_PREFIX_PATH}:/opt/ros/jazzy DEBUGINFOD_URLS=https://debuginfod.ubuntu.com /usr/bin/cmake --install /home/tranminhtu/RMITbot/lesson5_ws/build/rmitbot_bringup
[0.371s] DEBUG:colcon.colcon_core.event_handler.log_command:Invoked command in '/home/tranminhtu/RMITbot/lesson5_ws/build/rmitbot_description' returned '0': CMAKE_PREFIX_PATH=${CMAKE_PREFIX_PATH}:/opt/ros/jazzy DEBUGINFOD_URLS=https://debuginfod.ubuntu.com /usr/bin/cmake --build /home/tranminhtu/RMITbot/lesson5_ws/build/rmitbot_description -- -j8 -l8
[0.378s] DEBUG:colcon.colcon_core.event_handler.log_command:Invoking command in '/home/tranminhtu/RMITbot/lesson5_ws/build/rmitbot_description': CMAKE_PREFIX_PATH=${CMAKE_PREFIX_PATH}:/opt/ros/jazzy DEBUGINFOD_URLS=https://debuginfod.ubuntu.com /usr/bin/cmake --install /home/tranminhtu/RMITbot/lesson5_ws/build/rmitbot_description
[0.386s] DEBUG:colcon.colcon_core.event_handler.log_command:Invoked command in '/home/tranminhtu/RMITbot/lesson5_ws/build/rmitbot_localization' returned '0': CMAKE_PREFIX_PATH=${CMAKE_PREFIX_PATH}:/opt/ros/jazzy DEBUGINFOD_URLS=https://debuginfod.ubuntu.com /usr/bin/cmake --build /home/tranminhtu/RMITbot/lesson5_ws/build/rmitbot_localization -- -j8 -l8
[0.395s] Level 1:colcon.colcon_core.environment:create_environment_scripts_only(rmitbot_controller)
[0.400s] DEBUG:colcon.colcon_core.event_handler.log_command:Invoking command in '/home/tranminhtu/RMITbot/lesson5_ws/build/rmitbot_localization': CMAKE_PREFIX_PATH=${CMAKE_PREFIX_PATH}:/opt/ros/jazzy DEBUGINFOD_URLS=https://debuginfod.ubuntu.com /usr/bin/cmake --install /home/tranminhtu/RMITbot/lesson5_ws/build/rmitbot_localization
[0.400s] DEBUG:colcon.colcon_core.event_handler.log_command:Invoked command in '/home/tranminhtu/RMITbot/lesson5_ws/build/rmitbot_controller' returned '0': CMAKE_PREFIX_PATH=${CMAKE_PREFIX_PATH}:/opt/ros/jazzy DEBUGINFOD_URLS=https://debuginfod.ubuntu.com /usr/bin/cmake --install /home/tranminhtu/RMITbot/lesson5_ws/build/rmitbot_controller
[0.403s] Level 1:colcon.colcon_core.environment:checking '/home/tranminhtu/RMITbot/lesson5_ws/install/rmitbot_controller' for CMake module files
[0.403s] Level 1:colcon.colcon_core.environment:checking '/home/tranminhtu/RMITbot/lesson5_ws/install/rmitbot_controller' for CMake config files
[0.404s] Level 1:colcon.colcon_core.shell:create_environment_hook('rmitbot_controller', 'cmake_prefix_path')
[0.404s] INFO:colcon.colcon_core.shell:Creating environment hook '/home/tranminhtu/RMITbot/lesson5_ws/install/rmitbot_controller/share/rmitbot_controller/hook/cmake_prefix_path.ps1'
[0.404s] INFO:colcon.colcon_core.shell:Creating environment descriptor '/home/tranminhtu/RMITbot/lesson5_ws/install/rmitbot_controller/share/rmitbot_controller/hook/cmake_prefix_path.dsv'
[0.405s] INFO:colcon.colcon_core.shell:Creating environment hook '/home/tranminhtu/RMITbot/lesson5_ws/install/rmitbot_controller/share/rmitbot_controller/hook/cmake_prefix_path.sh'
[0.407s] Level 1:colcon.colcon_core.environment:checking '/home/tranminhtu/RMITbot/lesson5_ws/install/rmitbot_controller/bin'
[0.407s] Level 1:colcon.colcon_core.environment:checking '/home/tranminhtu/RMITbot/lesson5_ws/install/rmitbot_controller/lib/pkgconfig/rmitbot_controller.pc'
[0.408s] Level 1:colcon.colcon_core.environment:checking '/home/tranminhtu/RMITbot/lesson5_ws/install/rmitbot_controller/lib/python3.12/site-packages'
[0.408s] Level 1:colcon.colcon_core.environment:checking '/home/tranminhtu/RMITbot/lesson5_ws/install/rmitbot_controller/bin'
[0.409s] INFO:colcon.colcon_core.shell:Creating package script '/home/tranminhtu/RMITbot/lesson5_ws/install/rmitbot_controller/share/rmitbot_controller/package.ps1'
[0.411s] INFO:colcon.colcon_core.shell:Creating package descriptor '/home/tranminhtu/RMITbot/lesson5_ws/install/rmitbot_controller/share/rmitbot_controller/package.dsv'
[0.413s] INFO:colcon.colcon_core.shell:Creating package script '/home/tranminhtu/RMITbot/lesson5_ws/install/rmitbot_controller/share/rmitbot_controller/package.sh'
[0.414s] INFO:colcon.colcon_core.shell:Creating package script '/home/tranminhtu/RMITbot/lesson5_ws/install/rmitbot_controller/share/rmitbot_controller/package.bash'
[0.415s] INFO:colcon.colcon_core.shell:Creating package script '/home/tranminhtu/RMITbot/lesson5_ws/install/rmitbot_controller/share/rmitbot_controller/package.zsh'
[0.415s] Level 1:colcon.colcon_core.environment:create_file_with_runtime_dependencies(/home/tranminhtu/RMITbot/lesson5_ws/install/rmitbot_controller/share/colcon-core/packages/rmitbot_controller)
[0.418s] Level 1:colcon.colcon_core.environment:create_environment_scripts_only(rmitbot_controller)
[0.418s] Level 1:colcon.colcon_core.environment:checking '/home/tranminhtu/RMITbot/lesson5_ws/install/rmitbot_controller' for CMake module files
[0.419s] Level 1:colcon.colcon_core.environment:checking '/home/tranminhtu/RMITbot/lesson5_ws/install/rmitbot_controller' for CMake config files
[0.419s] Level 1:colcon.colcon_core.shell:create_environment_hook('rmitbot_controller', 'cmake_prefix_path')
[0.419s] INFO:colcon.colcon_core.shell:Creating environment hook '/home/tranminhtu/RMITbot/lesson5_ws/install/rmitbot_controller/share/rmitbot_controller/hook/cmake_prefix_path.ps1'
[0.420s] INFO:colcon.colcon_core.shell:Creating environment descriptor '/home/tranminhtu/RMITbot/lesson5_ws/install/rmitbot_controller/share/rmitbot_controller/hook/cmake_prefix_path.dsv'
[0.421s] INFO:colcon.colcon_core.shell:Creating environment hook '/home/tranminhtu/RMITbot/lesson5_ws/install/rmitbot_controller/share/rmitbot_controller/hook/cmake_prefix_path.sh'
[0.422s] Level 1:colcon.colcon_core.environment:checking '/home/tranminhtu/RMITbot/lesson5_ws/install/rmitbot_controller/bin'
[0.422s] Level 1:colcon.colcon_core.environment:checking '/home/tranminhtu/RMITbot/lesson5_ws/install/rmitbot_controller/lib/pkgconfig/rmitbot_controller.pc'
[0.422s] Level 1:colcon.colcon_core.environment:checking '/home/tranminhtu/RMITbot/lesson5_ws/install/rmitbot_controller/lib/python3.12/site-packages'
[0.423s] Level 1:colcon.colcon_core.environment:checking '/home/tranminhtu/RMITbot/lesson5_ws/install/rmitbot_controller/bin'
[0.423s] INFO:colcon.colcon_core.shell:Creating package script '/home/tranminhtu/RMITbot/lesson5_ws/install/rmitbot_controller/share/rmitbot_controller/package.ps1'
[0.424s] INFO:colcon.colcon_core.shell:Creating package descriptor '/home/tranminhtu/RMITbot/lesson5_ws/install/rmitbot_controller/share/rmitbot_controller/package.dsv'
[0.424s] INFO:colcon.colcon_core.shell:Creating package script '/home/tranminhtu/RMITbot/lesson5_ws/install/rmitbot_controller/share/rmitbot_controller/package.sh'
[0.425s] INFO:colcon.colcon_core.shell:Creating package script '/home/tranminhtu/RMITbot/lesson5_ws/install/rmitbot_controller/share/rmitbot_controller/package.bash'
[0.425s] INFO:colcon.colcon_core.shell:Creating package script '/home/tranminhtu/RMITbot/lesson5_ws/install/rmitbot_controller/share/rmitbot_controller/package.zsh'
[0.426s] Level 1:colcon.colcon_core.environment:create_file_with_runtime_dependencies(/home/tranminhtu/RMITbot/lesson5_ws/install/rmitbot_controller/share/colcon-core/packages/rmitbot_controller)
[0.428s] Level 1:colcon.colcon_core.environment:create_environment_scripts_only(rmitbot_bringup)
[0.429s] Level 1:colcon.colcon_core.environment:checking '/home/tranminhtu/RMITbot/lesson5_ws/install/rmitbot_bringup' for CMake module files
[0.430s] Level 1:colcon.colcon_core.environment:checking '/home/tranminhtu/RMITbot/lesson5_ws/install/rmitbot_bringup' for CMake config files
[0.431s] Level 1:colcon.colcon_core.shell:create_environment_hook('rmitbot_bringup', 'cmake_prefix_path')
[0.431s] INFO:colcon.colcon_core.shell:Creating environment hook '/home/tranminhtu/RMITbot/lesson5_ws/install/rmitbot_bringup/share/rmitbot_bringup/hook/cmake_prefix_path.ps1'
[0.434s] DEBUG:colcon.colcon_core.event_handler.log_command:Invoked command in '/home/tranminhtu/RMITbot/lesson5_ws/build/rmitbot_bringup' returned '0': CMAKE_PREFIX_PATH=${CMAKE_PREFIX_PATH}:/opt/ros/jazzy DEBUGINFOD_URLS=https://debuginfod.ubuntu.com /usr/bin/cmake --install /home/tranminhtu/RMITbot/lesson5_ws/build/rmitbot_bringup
[0.435s] INFO:colcon.colcon_core.shell:Creating environment descriptor '/home/tranminhtu/RMITbot/lesson5_ws/install/rmitbot_bringup/share/rmitbot_bringup/hook/cmake_prefix_path.dsv'
[0.436s] INFO:colcon.colcon_core.shell:Creating environment hook '/home/tranminhtu/RMITbot/lesson5_ws/install/rmitbot_bringup/share/rmitbot_bringup/hook/cmake_prefix_path.sh'
[0.436s] Level 1:colcon.colcon_core.environment:checking '/home/tranminhtu/RMITbot/lesson5_ws/install/rmitbot_bringup/bin'
[0.437s] Level 1:colcon.colcon_core.environment:checking '/home/tranminhtu/RMITbot/lesson5_ws/install/rmitbot_bringup/lib/pkgconfig/rmitbot_bringup.pc'
[0.437s] Level 1:colcon.colcon_core.environment:checking '/home/tranminhtu/RMITbot/lesson5_ws/install/rmitbot_bringup/lib/python3.12/site-packages'
[0.437s] Level 1:colcon.colcon_core.environment:checking '/home/tranminhtu/RMITbot/lesson5_ws/install/rmitbot_bringup/bin'
[0.437s] INFO:colcon.colcon_core.shell:Creating package script '/home/tranminhtu/RMITbot/lesson5_ws/install/rmitbot_bringup/share/rmitbot_bringup/package.ps1'
[0.438s] INFO:colcon.colcon_core.shell:Creating package descriptor '/home/tranminhtu/RMITbot/lesson5_ws/install/rmitbot_bringup/share/rmitbot_bringup/package.dsv'
[0.439s] INFO:colcon.colcon_core.shell:Creating package script '/home/tranminhtu/RMITbot/lesson5_ws/install/rmitbot_bringup/share/rmitbot_bringup/package.sh'
[0.439s] INFO:colcon.colcon_core.shell:Creating package script '/home/tranminhtu/RMITbot/lesson5_ws/install/rmitbot_bringup/share/rmitbot_bringup/package.bash'
[0.440s] INFO:colcon.colcon_core.shell:Creating package script '/home/tranminhtu/RMITbot/lesson5_ws/install/rmitbot_bringup/share/rmitbot_bringup/package.zsh'
[0.440s] Level 1:colcon.colcon_core.environment:create_file_with_runtime_dependencies(/home/tranminhtu/RMITbot/lesson5_ws/install/rmitbot_bringup/share/colcon-core/packages/rmitbot_bringup)
[0.441s] Level 1:colcon.colcon_core.environment:create_environment_scripts_only(rmitbot_bringup)
[0.441s] Level 1:colcon.colcon_core.environment:checking '/home/tranminhtu/RMITbot/lesson5_ws/install/rmitbot_bringup' for CMake module files
[0.441s] Level 1:colcon.colcon_core.environment:checking '/home/tranminhtu/RMITbot/lesson5_ws/install/rmitbot_bringup' for CMake config files
[0.441s] Level 1:colcon.colcon_core.shell:create_environment_hook('rmitbot_bringup', 'cmake_prefix_path')
[0.441s] INFO:colcon.colcon_core.shell:Creating environment hook '/home/tranminhtu/RMITbot/lesson5_ws/install/rmitbot_bringup/share/rmitbot_bringup/hook/cmake_prefix_path.ps1'
[0.442s] INFO:colcon.colcon_core.shell:Creating environment descriptor '/home/tranminhtu/RMITbot/lesson5_ws/install/rmitbot_bringup/share/rmitbot_bringup/hook/cmake_prefix_path.dsv'
[0.442s] INFO:colcon.colcon_core.shell:Creating environment hook '/home/tranminhtu/RMITbot/lesson5_ws/install/rmitbot_bringup/share/rmitbot_bringup/hook/cmake_prefix_path.sh'
[0.443s] Level 1:colcon.colcon_core.environment:checking '/home/tranminhtu/RMITbot/lesson5_ws/install/rmitbot_bringup/bin'
[0.443s] Level 1:colcon.colcon_core.environment:checking '/home/tranminhtu/RMITbot/lesson5_ws/install/rmitbot_bringup/lib/pkgconfig/rmitbot_bringup.pc'
[0.443s] Level 1:colcon.colcon_core.environment:checking '/home/tranminhtu/RMITbot/lesson5_ws/install/rmitbot_bringup/lib/python3.12/site-packages'
[0.443s] Level 1:colcon.colcon_core.environment:checking '/home/tranminhtu/RMITbot/lesson5_ws/install/rmitbot_bringup/bin'
[0.443s] INFO:colcon.colcon_core.shell:Creating package script '/home/tranminhtu/RMITbot/lesson5_ws/install/rmitbot_bringup/share/rmitbot_bringup/package.ps1'
[0.444s] INFO:colcon.colcon_core.shell:Creating package descriptor '/home/tranminhtu/RMITbot/lesson5_ws/install/rmitbot_bringup/share/rmitbot_bringup/package.dsv'
[0.445s] INFO:colcon.colcon_core.shell:Creating package script '/home/tranminhtu/RMITbot/lesson5_ws/install/rmitbot_bringup/share/rmitbot_bringup/package.sh'
[0.446s] INFO:colcon.colcon_core.shell:Creating package script '/home/tranminhtu/RMITbot/lesson5_ws/install/rmitbot_bringup/share/rmitbot_bringup/package.bash'
[0.448s] INFO:colcon.colcon_core.shell:Creating package script '/home/tranminhtu/RMITbot/lesson5_ws/install/rmitbot_bringup/share/rmitbot_bringup/package.zsh'
[0.448s] Level 1:colcon.colcon_core.environment:create_file_with_runtime_dependencies(/home/tranminhtu/RMITbot/lesson5_ws/install/rmitbot_bringup/share/colcon-core/packages/rmitbot_bringup)
[0.449s] Level 1:colcon.colcon_core.environment:create_environment_scripts_only(rmitbot_description)
[0.449s] Level 1:colcon.colcon_core.environment:checking '/home/tranminhtu/RMITbot/lesson5_ws/install/rmitbot_description' for CMake module files
[0.449s] Level 1:colcon.colcon_core.environment:checking '/home/tranminhtu/RMITbot/lesson5_ws/install/rmitbot_description' for CMake config files
[0.450s] Level 1:colcon.colcon_core.shell:create_environment_hook('rmitbot_description', 'cmake_prefix_path')
[0.450s] INFO:colcon.colcon_core.shell:Creating environment hook '/home/tranminhtu/RMITbot/lesson5_ws/install/rmitbot_description/share/rmitbot_description/hook/cmake_prefix_path.ps1'
[0.452s] INFO:colcon.colcon_core.shell:Creating environment descriptor '/home/tranminhtu/RMITbot/lesson5_ws/install/rmitbot_description/share/rmitbot_description/hook/cmake_prefix_path.dsv'
[0.452s] DEBUG:colcon.colcon_core.event_handler.log_command:Invoked command in '/home/tranminhtu/RMITbot/lesson5_ws/build/rmitbot_description' returned '0': CMAKE_PREFIX_PATH=${CMAKE_PREFIX_PATH}:/opt/ros/jazzy DEBUGINFOD_URLS=https://debuginfod.ubuntu.com /usr/bin/cmake --install /home/tranminhtu/RMITbot/lesson5_ws/build/rmitbot_description
[0.453s] INFO:colcon.colcon_core.shell:Creating environment hook '/home/tranminhtu/RMITbot/lesson5_ws/install/rmitbot_description/share/rmitbot_description/hook/cmake_prefix_path.sh'
[0.453s] Level 1:colcon.colcon_core.environment:checking '/home/tranminhtu/RMITbot/lesson5_ws/install/rmitbot_description/bin'
[0.453s] Level 1:colcon.colcon_core.environment:checking '/home/tranminhtu/RMITbot/lesson5_ws/install/rmitbot_description/lib/pkgconfig/rmitbot_description.pc'
[0.454s] Level 1:colcon.colcon_core.environment:checking '/home/tranminhtu/RMITbot/lesson5_ws/install/rmitbot_description/lib/python3.12/site-packages'
[0.454s] Level 1:colcon.colcon_core.environment:checking '/home/tranminhtu/RMITbot/lesson5_ws/install/rmitbot_description/bin'
[0.454s] INFO:colcon.colcon_core.shell:Creating package script '/home/tranminhtu/RMITbot/lesson5_ws/install/rmitbot_description/share/rmitbot_description/package.ps1'
[0.455s] INFO:colcon.colcon_core.shell:Creating package descriptor '/home/tranminhtu/RMITbot/lesson5_ws/install/rmitbot_description/share/rmitbot_description/package.dsv'
[0.455s] INFO:colcon.colcon_core.shell:Creating package script '/home/tranminhtu/RMITbot/lesson5_ws/install/rmitbot_description/share/rmitbot_description/package.sh'
[0.456s] INFO:colcon.colcon_core.shell:Creating package script '/home/tranminhtu/RMITbot/lesson5_ws/install/rmitbot_description/share/rmitbot_description/package.bash'
[0.456s] INFO:colcon.colcon_core.shell:Creating package script '/home/tranminhtu/RMITbot/lesson5_ws/install/rmitbot_description/share/rmitbot_description/package.zsh'
[0.457s] Level 1:colcon.colcon_core.environment:create_file_with_runtime_dependencies(/home/tranminhtu/RMITbot/lesson5_ws/install/rmitbot_description/share/colcon-core/packages/rmitbot_description)
[0.457s] Level 1:colcon.colcon_core.environment:create_environment_scripts_only(rmitbot_description)
[0.458s] Level 1:colcon.colcon_core.environment:checking '/home/tranminhtu/RMITbot/lesson5_ws/install/rmitbot_description' for CMake module files
[0.458s] Level 1:colcon.colcon_core.environment:checking '/home/tranminhtu/RMITbot/lesson5_ws/install/rmitbot_description' for CMake config files
[0.458s] Level 1:colcon.colcon_core.shell:create_environment_hook('rmitbot_description', 'cmake_prefix_path')
[0.459s] INFO:colcon.colcon_core.shell:Creating environment hook '/home/tranminhtu/RMITbot/lesson5_ws/install/rmitbot_description/share/rmitbot_description/hook/cmake_prefix_path.ps1'
[0.459s] INFO:colcon.colcon_core.shell:Creating environment descriptor '/home/tranminhtu/RMITbot/lesson5_ws/install/rmitbot_description/share/rmitbot_description/hook/cmake_prefix_path.dsv'
[0.460s] INFO:colcon.colcon_core.shell:Creating environment hook '/home/tranminhtu/RMITbot/lesson5_ws/install/rmitbot_description/share/rmitbot_description/hook/cmake_prefix_path.sh'
[0.460s] Level 1:colcon.colcon_core.environment:checking '/home/tranminhtu/RMITbot/lesson5_ws/install/rmitbot_description/bin'
[0.461s] Level 1:colcon.colcon_core.environment:checking '/home/tranminhtu/RMITbot/lesson5_ws/install/rmitbot_description/lib/pkgconfig/rmitbot_description.pc'
[0.461s] Level 1:colcon.colcon_core.environment:checking '/home/tranminhtu/RMITbot/lesson5_ws/install/rmitbot_description/lib/python3.12/site-packages'
[0.461s] Level 1:colcon.colcon_core.environment:checking '/home/tranminhtu/RMITbot/lesson5_ws/install/rmitbot_description/bin'
[0.461s] INFO:colcon.colcon_core.shell:Creating package script '/home/tranminhtu/RMITbot/lesson5_ws/install/rmitbot_description/share/rmitbot_description/package.ps1'
[0.462s] INFO:colcon.colcon_core.shell:Creating package descriptor '/home/tranminhtu/RMITbot/lesson5_ws/install/rmitbot_description/share/rmitbot_description/package.dsv'
[0.463s] INFO:colcon.colcon_core.shell:Creating package script '/home/tranminhtu/RMITbot/lesson5_ws/install/rmitbot_description/share/rmitbot_description/package.sh'
[0.463s] INFO:colcon.colcon_core.shell:Creating package script '/home/tranminhtu/RMITbot/lesson5_ws/install/rmitbot_description/share/rmitbot_description/package.bash'
[0.464s] INFO:colcon.colcon_core.shell:Creating package script '/home/tranminhtu/RMITbot/lesson5_ws/install/rmitbot_description/share/rmitbot_description/package.zsh'
[0.464s] Level 1:colcon.colcon_core.environment:create_file_with_runtime_dependencies(/home/tranminhtu/RMITbot/lesson5_ws/install/rmitbot_description/share/colcon-core/packages/rmitbot_description)
[0.470s] DEBUG:colcon.colcon_core.event_handler.log_command:Invoked command in '/home/tranminhtu/RMITbot/lesson5_ws/build/rmitbot_firmware' returned '0': CMAKE_PREFIX_PATH=${CMAKE_PREFIX_PATH}:/opt/ros/jazzy DEBUGINFOD_URLS=https://debuginfod.ubuntu.com /usr/bin/cmake --build /home/tranminhtu/RMITbot/lesson5_ws/build/rmitbot_firmware -- -j8 -l8
[0.471s] DEBUG:colcon.colcon_core.event_handler.log_command:Invoking command in '/home/tranminhtu/RMITbot/lesson5_ws/build/rmitbot_firmware': CMAKE_PREFIX_PATH=${CMAKE_PREFIX_PATH}:/opt/ros/jazzy DEBUGINFOD_URLS=https://debuginfod.ubuntu.com /usr/bin/cmake --install /home/tranminhtu/RMITbot/lesson5_ws/build/rmitbot_firmware
[0.472s] Level 1:colcon.colcon_core.environment:create_environment_scripts_only(rmitbot_localization)
[0.472s] DEBUG:colcon.colcon_core.event_handler.log_command:Invoked command in '/home/tranminhtu/RMITbot/lesson5_ws/build/rmitbot_localization' returned '0': CMAKE_PREFIX_PATH=${CMAKE_PREFIX_PATH}:/opt/ros/jazzy DEBUGINFOD_URLS=https://debuginfod.ubuntu.com /usr/bin/cmake --install /home/tranminhtu/RMITbot/lesson5_ws/build/rmitbot_localization
[0.472s] Level 1:colcon.colcon_core.environment:checking '/home/tranminhtu/RMITbot/lesson5_ws/install/rmitbot_localization' for CMake module files
[0.473s] Level 1:colcon.colcon_core.environment:checking '/home/tranminhtu/RMITbot/lesson5_ws/install/rmitbot_localization' for CMake config files
[0.473s] Level 1:colcon.colcon_core.shell:create_environment_hook('rmitbot_localization', 'cmake_prefix_path')
[0.473s] INFO:colcon.colcon_core.shell:Creating environment hook '/home/tranminhtu/RMITbot/lesson5_ws/install/rmitbot_localization/share/rmitbot_localization/hook/cmake_prefix_path.ps1'
[0.474s] INFO:colcon.colcon_core.shell:Creating environment descriptor '/home/tranminhtu/RMITbot/lesson5_ws/install/rmitbot_localization/share/rmitbot_localization/hook/cmake_prefix_path.dsv'
[0.474s] INFO:colcon.colcon_core.shell:Creating environment hook '/home/tranminhtu/RMITbot/lesson5_ws/install/rmitbot_localization/share/rmitbot_localization/hook/cmake_prefix_path.sh'
[0.475s] Level 1:colcon.colcon_core.environment:checking '/home/tranminhtu/RMITbot/lesson5_ws/install/rmitbot_localization/bin'
[0.475s] Level 1:colcon.colcon_core.environment:checking '/home/tranminhtu/RMITbot/lesson5_ws/install/rmitbot_localization/lib/pkgconfig/rmitbot_localization.pc'
[0.475s] Level 1:colcon.colcon_core.environment:checking '/home/tranminhtu/RMITbot/lesson5_ws/install/rmitbot_localization/lib/python3.12/site-packages'
[0.475s] Level 1:colcon.colcon_core.environment:checking '/home/tranminhtu/RMITbot/lesson5_ws/install/rmitbot_localization/bin'
[0.476s] INFO:colcon.colcon_core.shell:Creating package script '/home/tranminhtu/RMITbot/lesson5_ws/install/rmitbot_localization/share/rmitbot_localization/package.ps1'
[0.476s] INFO:colcon.colcon_core.shell:Creating package descriptor '/home/tranminhtu/RMITbot/lesson5_ws/install/rmitbot_localization/share/rmitbot_localization/package.dsv'
[0.477s] INFO:colcon.colcon_core.shell:Creating package script '/home/tranminhtu/RMITbot/lesson5_ws/install/rmitbot_localization/share/rmitbot_localization/package.sh'
[0.478s] INFO:colcon.colcon_core.shell:Creating package script '/home/tranminhtu/RMITbot/lesson5_ws/install/rmitbot_localization/share/rmitbot_localization/package.bash'
[0.478s] INFO:colcon.colcon_core.shell:Creating package script '/home/tranminhtu/RMITbot/lesson5_ws/install/rmitbot_localization/share/rmitbot_localization/package.zsh'
[0.479s] Level 1:colcon.colcon_core.environment:create_file_with_runtime_dependencies(/home/tranminhtu/RMITbot/lesson5_ws/install/rmitbot_localization/share/colcon-core/packages/rmitbot_localization)
[0.479s] Level 1:colcon.colcon_core.environment:create_environment_scripts_only(rmitbot_localization)
[0.480s] Level 1:colcon.colcon_core.environment:checking '/home/tranminhtu/RMITbot/lesson5_ws/install/rmitbot_localization' for CMake module files
[0.480s] Level 1:colcon.colcon_core.environment:checking '/home/tranminhtu/RMITbot/lesson5_ws/install/rmitbot_localization' for CMake config files
[0.480s] Level 1:colcon.colcon_core.shell:create_environment_hook('rmitbot_localization', 'cmake_prefix_path')
[0.480s] INFO:colcon.colcon_core.shell:Creating environment hook '/home/tranminhtu/RMITbot/lesson5_ws/install/rmitbot_localization/share/rmitbot_localization/hook/cmake_prefix_path.ps1'
[0.481s] INFO:colcon.colcon_core.shell:Creating environment descriptor '/home/tranminhtu/RMITbot/lesson5_ws/install/rmitbot_localization/share/rmitbot_localization/hook/cmake_prefix_path.dsv'
[0.481s] INFO:colcon.colcon_core.shell:Creating environment hook '/home/tranminhtu/RMITbot/lesson5_ws/install/rmitbot_localization/share/rmitbot_localization/hook/cmake_prefix_path.sh'
[0.482s] Level 1:colcon.colcon_core.environment:checking '/home/tranminhtu/RMITbot/lesson5_ws/install/rmitbot_localization/bin'
[0.482s] Level 1:colcon.colcon_core.environment:checking '/home/tranminhtu/RMITbot/lesson5_ws/install/rmitbot_localization/lib/pkgconfig/rmitbot_localization.pc'
[0.482s] Level 1:colcon.colcon_core.environment:checking '/home/tranminhtu/RMITbot/lesson5_ws/install/rmitbot_localization/lib/python3.12/site-packages'
[0.482s] Level 1:colcon.colcon_core.environment:checking '/home/tranminhtu/RMITbot/lesson5_ws/install/rmitbot_localization/bin'
[0.482s] INFO:colcon.colcon_core.shell:Creating package script '/home/tranminhtu/RMITbot/lesson5_ws/install/rmitbot_localization/share/rmitbot_localization/package.ps1'
[0.483s] INFO:colcon.colcon_core.shell:Creating package descriptor '/home/tranminhtu/RMITbot/lesson5_ws/install/rmitbot_localization/share/rmitbot_localization/package.dsv'
[0.484s] INFO:colcon.colcon_core.shell:Creating package script '/home/tranminhtu/RMITbot/lesson5_ws/install/rmitbot_localization/share/rmitbot_localization/package.sh'
[0.484s] INFO:colcon.colcon_core.shell:Creating package script '/home/tranminhtu/RMITbot/lesson5_ws/install/rmitbot_localization/share/rmitbot_localization/package.bash'
[0.488s] INFO:colcon.colcon_core.shell:Creating package script '/home/tranminhtu/RMITbot/lesson5_ws/install/rmitbot_localization/share/rmitbot_localization/package.zsh'
[0.493s] Level 1:colcon.colcon_core.environment:create_file_with_runtime_dependencies(/home/tranminhtu/RMITbot/lesson5_ws/install/rmitbot_localization/share/colcon-core/packages/rmitbot_localization)
[0.507s] Level 1:colcon.colcon_core.environment:create_environment_scripts_only(rmitbot_firmware)
[0.507s] Level 1:colcon.colcon_core.environment:checking '/home/tranminhtu/RMITbot/lesson5_ws/install/rmitbot_firmware' for CMake module files
[0.508s] DEBUG:colcon.colcon_core.event_handler.log_command:Invoked command in '/home/tranminhtu/RMITbot/lesson5_ws/build/rmitbot_firmware' returned '0': CMAKE_PREFIX_PATH=${CMAKE_PREFIX_PATH}:/opt/ros/jazzy DEBUGINFOD_URLS=https://debuginfod.ubuntu.com /usr/bin/cmake --install /home/tranminhtu/RMITbot/lesson5_ws/build/rmitbot_firmware
[0.509s] Level 1:colcon.colcon_core.environment:checking '/home/tranminhtu/RMITbot/lesson5_ws/install/rmitbot_firmware' for CMake config files
[0.509s] Level 1:colcon.colcon_core.shell:create_environment_hook('rmitbot_firmware', 'cmake_prefix_path')
[0.509s] INFO:colcon.colcon_core.shell:Creating environment hook '/home/tranminhtu/RMITbot/lesson5_ws/install/rmitbot_firmware/share/rmitbot_firmware/hook/cmake_prefix_path.ps1'
[0.510s] INFO:colcon.colcon_core.shell:Creating environment descriptor '/home/tranminhtu/RMITbot/lesson5_ws/install/rmitbot_firmware/share/rmitbot_firmware/hook/cmake_prefix_path.dsv'
[0.510s] INFO:colcon.colcon_core.shell:Creating environment hook '/home/tranminhtu/RMITbot/lesson5_ws/install/rmitbot_firmware/share/rmitbot_firmware/hook/cmake_prefix_path.sh'
[0.511s] Level 1:colcon.colcon_core.environment:checking '/home/tranminhtu/RMITbot/lesson5_ws/install/rmitbot_firmware/lib'
[0.511s] Level 1:colcon.colcon_core.shell:create_environment_hook('rmitbot_firmware', 'ld_library_path_lib')
[0.511s] INFO:colcon.colcon_core.shell:Creating environment hook '/home/tranminhtu/RMITbot/lesson5_ws/install/rmitbot_firmware/share/rmitbot_firmware/hook/ld_library_path_lib.ps1'
[0.512s] INFO:colcon.colcon_core.shell:Creating environment descriptor '/home/tranminhtu/RMITbot/lesson5_ws/install/rmitbot_firmware/share/rmitbot_firmware/hook/ld_library_path_lib.dsv'
[0.512s] INFO:colcon.colcon_core.shell:Creating environment hook '/home/tranminhtu/RMITbot/lesson5_ws/install/rmitbot_firmware/share/rmitbot_firmware/hook/ld_library_path_lib.sh'
[0.513s] Level 1:colcon.colcon_core.environment:checking '/home/tranminhtu/RMITbot/lesson5_ws/install/rmitbot_firmware/bin'
[0.513s] Level 1:colcon.colcon_core.environment:checking '/home/tranminhtu/RMITbot/lesson5_ws/install/rmitbot_firmware/lib/pkgconfig/rmitbot_firmware.pc'
[0.513s] Level 1:colcon.colcon_core.environment:checking '/home/tranminhtu/RMITbot/lesson5_ws/install/rmitbot_firmware/lib/python3.12/site-packages'
[0.513s] Level 1:colcon.colcon_core.environment:checking '/home/tranminhtu/RMITbot/lesson5_ws/install/rmitbot_firmware/bin'
[0.513s] INFO:colcon.colcon_core.shell:Creating package script '/home/tranminhtu/RMITbot/lesson5_ws/install/rmitbot_firmware/share/rmitbot_firmware/package.ps1'
[0.514s] INFO:colcon.colcon_core.shell:Creating package descriptor '/home/tranminhtu/RMITbot/lesson5_ws/install/rmitbot_firmware/share/rmitbot_firmware/package.dsv'
[0.515s] INFO:colcon.colcon_core.shell:Creating package script '/home/tranminhtu/RMITbot/lesson5_ws/install/rmitbot_firmware/share/rmitbot_firmware/package.sh'
[0.515s] INFO:colcon.colcon_core.shell:Creating package script '/home/tranminhtu/RMITbot/lesson5_ws/install/rmitbot_firmware/share/rmitbot_firmware/package.bash'
[0.515s] INFO:colcon.colcon_core.shell:Creating package script '/home/tranminhtu/RMITbot/lesson5_ws/install/rmitbot_firmware/share/rmitbot_firmware/package.zsh'
[0.516s] Level 1:colcon.colcon_core.environment:create_file_with_runtime_dependencies(/home/tranminhtu/RMITbot/lesson5_ws/install/rmitbot_firmware/share/colcon-core/packages/rmitbot_firmware)
[0.517s] Level 1:colcon.colcon_core.environment:create_environment_scripts_only(rmitbot_firmware)
[0.517s] Level 1:colcon.colcon_core.environment:checking '/home/tranminhtu/RMITbot/lesson5_ws/install/rmitbot_firmware' for CMake module files
[0.517s] Level 1:colcon.colcon_core.environment:checking '/home/tranminhtu/RMITbot/lesson5_ws/install/rmitbot_firmware' for CMake config files
[0.517s] Level 1:colcon.colcon_core.shell:create_environment_hook('rmitbot_firmware', 'cmake_prefix_path')
[0.517s] INFO:colcon.colcon_core.shell:Creating environment hook '/home/tranminhtu/RMITbot/lesson5_ws/install/rmitbot_firmware/share/rmitbot_firmware/hook/cmake_prefix_path.ps1'
[0.518s] INFO:colcon.colcon_core.shell:Creating environment descriptor '/home/tranminhtu/RMITbot/lesson5_ws/install/rmitbot_firmware/share/rmitbot_firmware/hook/cmake_prefix_path.dsv'
[0.518s] INFO:colcon.colcon_core.shell:Creating environment hook '/home/tranminhtu/RMITbot/lesson5_ws/install/rmitbot_firmware/share/rmitbot_firmware/hook/cmake_prefix_path.sh'
[0.519s] Level 1:colcon.colcon_core.environment:checking '/home/tranminhtu/RMITbot/lesson5_ws/install/rmitbot_firmware/lib'
[0.519s] Level 1:colcon.colcon_core.shell:create_environment_hook('rmitbot_firmware', 'ld_library_path_lib')
[0.519s] INFO:colcon.colcon_core.shell:Creating environment hook '/home/tranminhtu/RMITbot/lesson5_ws/install/rmitbot_firmware/share/rmitbot_firmware/hook/ld_library_path_lib.ps1'
[0.520s] INFO:colcon.colcon_core.shell:Creating environment descriptor '/home/tranminhtu/RMITbot/lesson5_ws/install/rmitbot_firmware/share/rmitbot_firmware/hook/ld_library_path_lib.dsv'
[0.520s] INFO:colcon.colcon_core.shell:Creating environment hook '/home/tranminhtu/RMITbot/lesson5_ws/install/rmitbot_firmware/share/rmitbot_firmware/hook/ld_library_path_lib.sh'
[0.521s] Level 1:colcon.colcon_core.environment:checking '/home/tranminhtu/RMITbot/lesson5_ws/install/rmitbot_firmware/bin'
[0.521s] Level 1:colcon.colcon_core.environment:checking '/home/tranminhtu/RMITbot/lesson5_ws/install/rmitbot_firmware/lib/pkgconfig/rmitbot_firmware.pc'
[0.521s] Level 1:colcon.colcon_core.environment:checking '/home/tranminhtu/RMITbot/lesson5_ws/install/rmitbot_firmware/lib/python3.12/site-packages'
[0.521s] Level 1:colcon.colcon_core.environment:checking '/home/tranminhtu/RMITbot/lesson5_ws/install/rmitbot_firmware/bin'
[0.521s] INFO:colcon.colcon_core.shell:Creating package script '/home/tranminhtu/RMITbot/lesson5_ws/install/rmitbot_firmware/share/rmitbot_firmware/package.ps1'
[0.522s] INFO:colcon.colcon_core.shell:Creating package descriptor '/home/tranminhtu/RMITbot/lesson5_ws/install/rmitbot_firmware/share/rmitbot_firmware/package.dsv'
[0.523s] INFO:colcon.colcon_core.shell:Creating package script '/home/tranminhtu/RMITbot/lesson5_ws/install/rmitbot_firmware/share/rmitbot_firmware/package.sh'
[0.523s] INFO:colcon.colcon_core.shell:Creating package script '/home/tranminhtu/RMITbot/lesson5_ws/install/rmitbot_firmware/share/rmitbot_firmware/package.bash'
[0.527s] INFO:colcon.colcon_core.shell:Creating package script '/home/tranminhtu/RMITbot/lesson5_ws/install/rmitbot_firmware/share/rmitbot_firmware/package.zsh'
[0.527s] Level 1:colcon.colcon_core.environment:create_file_with_runtime_dependencies(/home/tranminhtu/RMITbot/lesson5_ws/install/rmitbot_firmware/share/colcon-core/packages/rmitbot_firmware)
[0.528s] DEBUG:colcon.colcon_parallel_executor.executor.parallel:closing loop
[0.528s] DEBUG:colcon.colcon_parallel_executor.executor.parallel:loop closed
[0.528s] DEBUG:colcon.colcon_parallel_executor.executor.parallel:run_until_complete finished with '0'
[0.528s] DEBUG:colcon.colcon_core.event_reactor:joining thread
[0.536s] INFO:colcon.colcon_core.plugin_system:Skipping extension 'colcon_notification.desktop_notification.terminal_notifier': Not used on non-Darwin systems
[0.536s] INFO:colcon.colcon_core.plugin_system:Skipping extension 'colcon_notification.desktop_notification.win32': Not used on non-Windows systems
[0.536s] INFO:colcon.colcon_notification.desktop_notification:Sending desktop notification using 'notify2'
[0.553s] DEBUG:colcon.colcon_core.event_reactor:joined thread
[0.553s] INFO:colcon.colcon_core.shell:Creating prefix script '/home/tranminhtu/RMITbot/lesson5_ws/install/local_setup.ps1'
[0.554s] INFO:colcon.colcon_core.shell:Creating prefix util module '/home/tranminhtu/RMITbot/lesson5_ws/install/_local_setup_util_ps1.py'
[0.555s] INFO:colcon.colcon_core.shell:Creating prefix chain script '/home/tranminhtu/RMITbot/lesson5_ws/install/setup.ps1'
[0.557s] INFO:colcon.colcon_core.shell:Creating prefix script '/home/tranminhtu/RMITbot/lesson5_ws/install/local_setup.sh'
[0.557s] INFO:colcon.colcon_core.shell:Creating prefix util module '/home/tranminhtu/RMITbot/lesson5_ws/install/_local_setup_util_sh.py'
[0.558s] INFO:colcon.colcon_core.shell:Creating prefix chain script '/home/tranminhtu/RMITbot/lesson5_ws/install/setup.sh'
[0.559s] INFO:colcon.colcon_core.shell:Creating prefix script '/home/tranminhtu/RMITbot/lesson5_ws/install/local_setup.bash'
[0.560s] INFO:colcon.colcon_core.shell:Creating prefix chain script '/home/tranminhtu/RMITbot/lesson5_ws/install/setup.bash'
[0.561s] INFO:colcon.colcon_core.shell:Creating prefix script '/home/tranminhtu/RMITbot/lesson5_ws/install/local_setup.zsh'
[0.561s] INFO:colcon.colcon_core.shell:Creating prefix chain script '/home/tranminhtu/RMITbot/lesson5_ws/install/setup.zsh'
