[0.027s] Invoking command in '/home/vudinhso/RMIT_Bot/lesson5_ws/build/rmitbot_bringup': CMAKE_PREFIX_PATH=${CMAKE_PREFIX_PATH}:/opt/ros/jazzy DEBUGINFOD_URLS=https://debuginfod.ubuntu.com /usr/bin/cmake /home/vudinhso/RMIT_Bot/lesson5_ws/src/rmitbot_bringup -DCMAKE_INSTALL_PREFIX=/home/vudinhso/RMIT_Bot/lesson5_ws/install/rmitbot_bringup
[0.116s] -- The C compiler identification is GNU 13.3.0
[0.238s] -- The CXX compiler identification is GNU 13.3.0
[0.261s] -- Detecting C compiler ABI info
[0.378s] -- Detecting C compiler ABI info - done
[0.388s] -- Check for working C compiler: /usr/bin/cc - skipped
[0.389s] -- Detecting C compile features
[0.389s] -- Detecting C compile features - done
[0.399s] -- Detecting CXX compiler ABI info
[0.614s] -- Detecting CXX compiler ABI info - done
[0.632s] -- Check for working CXX compiler: /usr/bin/c++ - skipped
[0.633s] -- Detecting CXX compile features
[0.635s] -- Detecting CXX compile features - done
[0.647s] -- Found ament_cmake: 2.5.3 (/opt/ros/jazzy/share/ament_cmake/cmake)
[0.858s] -- Found Python3: /usr/bin/python3 (found version "3.12.3") found components: Interpreter 
[1.116s] -- Configuring done (1.1s)
[1.125s] -- Generating done (0.0s)
[1.130s] -- Build files have been written to: /home/vudinhso/RMIT_Bot/lesson5_ws/build/rmitbot_bringup
[1.144s] Invoked command in '/home/vudinhso/RMIT_Bot/lesson5_ws/build/rmitbot_bringup' returned '0': CMAKE_PREFIX_PATH=${CMAKE_PREFIX_PATH}:/opt/ros/jazzy DEBUGINFOD_URLS=https://debuginfod.ubuntu.com /usr/bin/cmake /home/vudinhso/RMIT_Bot/lesson5_ws/src/rmitbot_bringup -DCMAKE_INSTALL_PREFIX=/home/vudinhso/RMIT_Bot/lesson5_ws/install/rmitbot_bringup
[1.144s] Invoking command in '/home/vudinhso/RMIT_Bot/lesson5_ws/build/rmitbot_bringup': CMAKE_PREFIX_PATH=${CMAKE_PREFIX_PATH}:/opt/ros/jazzy DEBUGINFOD_URLS=https://debuginfod.ubuntu.com /usr/bin/cmake --build /home/vudinhso/RMIT_Bot/lesson5_ws/build/rmitbot_bringup -- -j4 -l4
[1.201s] Invoked command in '/home/vudinhso/RMIT_Bot/lesson5_ws/build/rmitbot_bringup' returned '0': CMAKE_PREFIX_PATH=${CMAKE_PREFIX_PATH}:/opt/ros/jazzy DEBUGINFOD_URLS=https://debuginfod.ubuntu.com /usr/bin/cmake --build /home/vudinhso/RMIT_Bot/lesson5_ws/build/rmitbot_bringup -- -j4 -l4
[1.202s] Invoking command in '/home/vudinhso/RMIT_Bot/lesson5_ws/build/rmitbot_bringup': CMAKE_PREFIX_PATH=${CMAKE_PREFIX_PATH}:/opt/ros/jazzy DEBUGINFOD_URLS=https://debuginfod.ubuntu.com /usr/bin/cmake --install /home/vudinhso/RMIT_Bot/lesson5_ws/build/rmitbot_bringup
[1.213s] -- Install configuration: ""
[1.213s] -- Installing: /home/vudinhso/RMIT_Bot/lesson5_ws/install/rmitbot_bringup/share/rmitbot_bringup/launch
[1.213s] -- Installing: /home/vudinhso/RMIT_Bot/lesson5_ws/install/rmitbot_bringup/share/rmitbot_bringup/launch/realrobot.launch.py
[1.213s] -- Installing: /home/vudinhso/RMIT_Bot/lesson5_ws/install/rmitbot_bringup/share/rmitbot_bringup/launch/simrobot.launch.py
[1.213s] -- Installing: /home/vudinhso/RMIT_Bot/lesson5_ws/install/rmitbot_bringup/share/ament_index/resource_index/package_run_dependencies/rmitbot_bringup
[1.215s] -- Installing: /home/vudinhso/RMIT_Bot/lesson5_ws/install/rmitbot_bringup/share/ament_index/resource_index/parent_prefix_path/rmitbot_bringup
[1.215s] -- Installing: /home/vudinhso/RMIT_Bot/lesson5_ws/install/rmitbot_bringup/share/rmitbot_bringup/environment/ament_prefix_path.sh
[1.215s] -- Installing: /home/vudinhso/RMIT_Bot/lesson5_ws/install/rmitbot_bringup/share/rmitbot_bringup/environment/ament_prefix_path.dsv
[1.215s] -- Installing: /home/vudinhso/RMIT_Bot/lesson5_ws/install/rmitbot_bringup/share/rmitbot_bringup/environment/path.sh
[1.215s] -- Installing: /home/vudinhso/RMIT_Bot/lesson5_ws/install/rmitbot_bringup/share/rmitbot_bringup/environment/path.dsv
[1.215s] -- Installing: /home/vudinhso/RMIT_Bot/lesson5_ws/install/rmitbot_bringup/share/rmitbot_bringup/local_setup.bash
[1.215s] -- Installing: /home/vudinhso/RMIT_Bot/lesson5_ws/install/rmitbot_bringup/share/rmitbot_bringup/local_setup.sh
[1.215s] -- Installing: /home/vudinhso/RMIT_Bot/lesson5_ws/install/rmitbot_bringup/share/rmitbot_bringup/local_setup.zsh
[1.215s] -- Installing: /home/vudinhso/RMIT_Bot/lesson5_ws/install/rmitbot_bringup/share/rmitbot_bringup/local_setup.dsv
[1.215s] -- Installing: /home/vudinhso/RMIT_Bot/lesson5_ws/install/rmitbot_bringup/share/rmitbot_bringup/package.dsv
[1.215s] -- Installing: /home/vudinhso/RMIT_Bot/lesson5_ws/install/rmitbot_bringup/share/ament_index/resource_index/packages/rmitbot_bringup
[1.215s] -- Installing: /home/vudinhso/RMIT_Bot/lesson5_ws/install/rmitbot_bringup/share/rmitbot_bringup/cmake/rmitbot_bringupConfig.cmake
[1.215s] -- Installing: /home/vudinhso/RMIT_Bot/lesson5_ws/install/rmitbot_bringup/share/rmitbot_bringup/cmake/rmitbot_bringupConfig-version.cmake
[1.215s] -- Installing: /home/vudinhso/RMIT_Bot/lesson5_ws/install/rmitbot_bringup/share/rmitbot_bringup/package.xml
[1.217s] Invoked command in '/home/vudinhso/RMIT_Bot/lesson5_ws/build/rmitbot_bringup' returned '0': CMAKE_PREFIX_PATH=${CMAKE_PREFIX_PATH}:/opt/ros/jazzy DEBUGINFOD_URLS=https://debuginfod.ubuntu.com /usr/bin/cmake --install /home/vudinhso/RMIT_Bot/lesson5_ws/build/rmitbot_bringup
