[0.155s] DEBUG:colcon:Command line arguments: ['/usr/bin/colcon', 'build']
[0.155s] DEBUG:colcon:Parsed command line arguments: Namespace(log_base=None, log_level=None, verb_name='build', build_base='build', install_base='install', merge_install=False, symlink_install=False, test_result_base=None, continue_on_error=False, executor='parallel', parallel_workers=4, event_handlers=None, ignore_user_meta=False, metas=['./colcon.meta'], base_paths=['.'], packages_ignore=None, packages_ignore_regex=None, paths=None, packages_up_to=None, packages_up_to_regex=None, packages_above=None, packages_above_and_dependencies=None, packages_above_depth=None, packages_select_by_dep=None, packages_skip_by_dep=None, packages_skip_up_to=None, packages_select_build_failed=False, packages_skip_build_finished=False, packages_select_test_failures=False, packages_skip_test_passed=False, packages_select=None, packages_skip=None, packages_select_regex=None, packages_skip_regex=None, packages_start=None, packages_end=None, allow_overriding=[], cmake_args=None, cmake_target=None, cmake_target_skip_unavailable=False, cmake_clean_cache=False, cmake_clean_first=False, cmake_force_configure=False, ament_cmake_args=None, catkin_cmake_args=None, catkin_skip_building_tests=False, mixin_files=None, mixin=None, verb_parser=<colcon_mixin.mixin.mixin_argument.MixinArgumentDecorator object at 0x72c122e9cf20>, verb_extension=<colcon_core.verb.build.BuildVerb object at 0x72c122e9cb90>, main=<bound method BuildVerb.main of <colcon_core.verb.build.BuildVerb object at 0x72c122e9cb90>>, mixin_verb=('build',))
[0.218s] Level 1:colcon.colcon_core.package_discovery:discover_packages(colcon_meta) check parameters
[0.219s] Level 1:colcon.colcon_core.package_discovery:discover_packages(recursive) check parameters
[0.219s] Level 1:colcon.colcon_core.package_discovery:discover_packages(ignore) check parameters
[0.219s] Level 1:colcon.colcon_core.package_discovery:discover_packages(path) check parameters
[0.219s] Level 1:colcon.colcon_core.package_discovery:discover_packages(colcon_meta) discover
[0.220s] Level 1:colcon.colcon_core.package_discovery:discover_packages(recursive) discover
[0.220s] INFO:colcon.colcon_core.package_discovery:Crawling recursively for packages in '/home/vudinhso/RMIT_Bot/lesson5_ws'
[0.220s] Level 1:colcon.colcon_core.package_identification:_identify(.) by extensions ['ignore', 'ignore_ament_install']
[0.220s] Level 1:colcon.colcon_core.package_identification:_identify(.) by extension 'ignore'
[0.220s] Level 1:colcon.colcon_core.package_identification:_identify(.) by extension 'ignore_ament_install'
[0.220s] Level 1:colcon.colcon_core.package_identification:_identify(.) by extensions ['colcon_pkg']
[0.220s] Level 1:colcon.colcon_core.package_identification:_identify(.) by extension 'colcon_pkg'
[0.221s] Level 1:colcon.colcon_core.package_identification:_identify(.) by extensions ['colcon_meta']
[0.221s] Level 1:colcon.colcon_core.package_identification:_identify(.) by extension 'colcon_meta'
[0.221s] Level 1:colcon.colcon_core.package_identification:_identify(.) by extensions ['ros']
[0.221s] Level 1:colcon.colcon_core.package_identification:_identify(.) by extension 'ros'
[0.270s] Level 1:colcon.colcon_core.package_identification:_identify(.) by extensions ['cmake', 'python']
[0.270s] Level 1:colcon.colcon_core.package_identification:_identify(.) by extension 'cmake'
[0.270s] Level 1:colcon.colcon_core.package_identification:_identify(.) by extension 'python'
[0.270s] Level 1:colcon.colcon_core.package_identification:_identify(.) by extensions ['python_setup_py']
[0.270s] Level 1:colcon.colcon_core.package_identification:_identify(.) by extension 'python_setup_py'
[0.270s] Level 1:colcon.colcon_core.package_identification:_identify(build) by extensions ['ignore', 'ignore_ament_install']
[0.271s] Level 1:colcon.colcon_core.package_identification:_identify(build) by extension 'ignore'
[0.271s] Level 1:colcon.colcon_core.package_identification:_identify(build) ignored
[0.271s] Level 1:colcon.colcon_core.package_identification:_identify(install) by extensions ['ignore', 'ignore_ament_install']
[0.271s] Level 1:colcon.colcon_core.package_identification:_identify(install) by extension 'ignore'
[0.272s] Level 1:colcon.colcon_core.package_identification:_identify(install) ignored
[0.272s] Level 1:colcon.colcon_core.package_identification:_identify(log) by extensions ['ignore', 'ignore_ament_install']
[0.272s] Level 1:colcon.colcon_core.package_identification:_identify(log) by extension 'ignore'
[0.272s] Level 1:colcon.colcon_core.package_identification:_identify(log) ignored
[0.272s] Level 1:colcon.colcon_core.package_identification:_identify(src) by extensions ['ignore', 'ignore_ament_install']
[0.272s] Level 1:colcon.colcon_core.package_identification:_identify(src) by extension 'ignore'
[0.272s] Level 1:colcon.colcon_core.package_identification:_identify(src) by extension 'ignore_ament_install'
[0.272s] Level 1:colcon.colcon_core.package_identification:_identify(src) by extensions ['colcon_pkg']
[0.272s] Level 1:colcon.colcon_core.package_identification:_identify(src) by extension 'colcon_pkg'
[0.272s] Level 1:colcon.colcon_core.package_identification:_identify(src) by extensions ['colcon_meta']
[0.272s] Level 1:colcon.colcon_core.package_identification:_identify(src) by extension 'colcon_meta'
[0.272s] Level 1:colcon.colcon_core.package_identification:_identify(src) by extensions ['ros']
[0.273s] Level 1:colcon.colcon_core.package_identification:_identify(src) by extension 'ros'
[0.273s] Level 1:colcon.colcon_core.package_identification:_identify(src) by extensions ['cmake', 'python']
[0.273s] Level 1:colcon.colcon_core.package_identification:_identify(src) by extension 'cmake'
[0.273s] Level 1:colcon.colcon_core.package_identification:_identify(src) by extension 'python'
[0.273s] Level 1:colcon.colcon_core.package_identification:_identify(src) by extensions ['python_setup_py']
[0.273s] Level 1:colcon.colcon_core.package_identification:_identify(src) by extension 'python_setup_py'
[0.273s] Level 1:colcon.colcon_core.package_identification:_identify(src/rmitbot_bringup) by extensions ['ignore', 'ignore_ament_install']
[0.274s] Level 1:colcon.colcon_core.package_identification:_identify(src/rmitbot_bringup) by extension 'ignore'
[0.274s] Level 1:colcon.colcon_core.package_identification:_identify(src/rmitbot_bringup) by extension 'ignore_ament_install'
[0.274s] Level 1:colcon.colcon_core.package_identification:_identify(src/rmitbot_bringup) by extensions ['colcon_pkg']
[0.274s] Level 1:colcon.colcon_core.package_identification:_identify(src/rmitbot_bringup) by extension 'colcon_pkg'
[0.274s] Level 1:colcon.colcon_core.package_identification:_identify(src/rmitbot_bringup) by extensions ['colcon_meta']
[0.274s] Level 1:colcon.colcon_core.package_identification:_identify(src/rmitbot_bringup) by extension 'colcon_meta'
[0.274s] Level 1:colcon.colcon_core.package_identification:_identify(src/rmitbot_bringup) by extensions ['ros']
[0.274s] Level 1:colcon.colcon_core.package_identification:_identify(src/rmitbot_bringup) by extension 'ros'
[0.278s] DEBUG:colcon.colcon_core.package_identification:Package 'src/rmitbot_bringup' with type 'ros.ament_cmake' and name 'rmitbot_bringup'
[0.278s] Level 1:colcon.colcon_core.package_identification:_identify(src/rmitbot_controller) by extensions ['ignore', 'ignore_ament_install']
[0.278s] Level 1:colcon.colcon_core.package_identification:_identify(src/rmitbot_controller) by extension 'ignore'
[0.278s] Level 1:colcon.colcon_core.package_identification:_identify(src/rmitbot_controller) by extension 'ignore_ament_install'
[0.278s] Level 1:colcon.colcon_core.package_identification:_identify(src/rmitbot_controller) by extensions ['colcon_pkg']
[0.278s] Level 1:colcon.colcon_core.package_identification:_identify(src/rmitbot_controller) by extension 'colcon_pkg'
[0.278s] Level 1:colcon.colcon_core.package_identification:_identify(src/rmitbot_controller) by extensions ['colcon_meta']
[0.278s] Level 1:colcon.colcon_core.package_identification:_identify(src/rmitbot_controller) by extension 'colcon_meta'
[0.279s] Level 1:colcon.colcon_core.package_identification:_identify(src/rmitbot_controller) by extensions ['ros']
[0.279s] Level 1:colcon.colcon_core.package_identification:_identify(src/rmitbot_controller) by extension 'ros'
[0.279s] DEBUG:colcon.colcon_core.package_identification:Package 'src/rmitbot_controller' with type 'ros.ament_cmake' and name 'rmitbot_controller'
[0.279s] Level 1:colcon.colcon_core.package_identification:_identify(src/rmitbot_description) by extensions ['ignore', 'ignore_ament_install']
[0.280s] Level 1:colcon.colcon_core.package_identification:_identify(src/rmitbot_description) by extension 'ignore'
[0.280s] Level 1:colcon.colcon_core.package_identification:_identify(src/rmitbot_description) by extension 'ignore_ament_install'
[0.280s] Level 1:colcon.colcon_core.package_identification:_identify(src/rmitbot_description) by extensions ['colcon_pkg']
[0.280s] Level 1:colcon.colcon_core.package_identification:_identify(src/rmitbot_description) by extension 'colcon_pkg'
[0.280s] Level 1:colcon.colcon_core.package_identification:_identify(src/rmitbot_description) by extensions ['colcon_meta']
[0.280s] Level 1:colcon.colcon_core.package_identification:_identify(src/rmitbot_description) by extension 'colcon_meta'
[0.280s] Level 1:colcon.colcon_core.package_identification:_identify(src/rmitbot_description) by extensions ['ros']
[0.280s] Level 1:colcon.colcon_core.package_identification:_identify(src/rmitbot_description) by extension 'ros'
[0.280s] DEBUG:colcon.colcon_core.package_identification:Package 'src/rmitbot_description' with type 'ros.ament_cmake' and name 'rmitbot_description'
[0.281s] Level 1:colcon.colcon_core.package_identification:_identify(src/rmitbot_firmware) by extensions ['ignore', 'ignore_ament_install']
[0.281s] Level 1:colcon.colcon_core.package_identification:_identify(src/rmitbot_firmware) by extension 'ignore'
[0.281s] Level 1:colcon.colcon_core.package_identification:_identify(src/rmitbot_firmware) by extension 'ignore_ament_install'
[0.281s] Level 1:colcon.colcon_core.package_identification:_identify(src/rmitbot_firmware) by extensions ['colcon_pkg']
[0.281s] Level 1:colcon.colcon_core.package_identification:_identify(src/rmitbot_firmware) by extension 'colcon_pkg'
[0.281s] Level 1:colcon.colcon_core.package_identification:_identify(src/rmitbot_firmware) by extensions ['colcon_meta']
[0.281s] Level 1:colcon.colcon_core.package_identification:_identify(src/rmitbot_firmware) by extension 'colcon_meta'
[0.281s] Level 1:colcon.colcon_core.package_identification:_identify(src/rmitbot_firmware) by extensions ['ros']
[0.281s] Level 1:colcon.colcon_core.package_identification:_identify(src/rmitbot_firmware) by extension 'ros'
[0.282s] DEBUG:colcon.colcon_core.package_identification:Package 'src/rmitbot_firmware' with type 'ros.ament_cmake' and name 'rmitbot_firmware'
[0.282s] Level 1:colcon.colcon_core.package_identification:_identify(src/rmitbot_localization) by extensions ['ignore', 'ignore_ament_install']
[0.282s] Level 1:colcon.colcon_core.package_identification:_identify(src/rmitbot_localization) by extension 'ignore'
[0.282s] Level 1:colcon.colcon_core.package_identification:_identify(src/rmitbot_localization) by extension 'ignore_ament_install'
[0.282s] Level 1:colcon.colcon_core.package_identification:_identify(src/rmitbot_localization) by extensions ['colcon_pkg']
[0.282s] Level 1:colcon.colcon_core.package_identification:_identify(src/rmitbot_localization) by extension 'colcon_pkg'
[0.282s] Level 1:colcon.colcon_core.package_identification:_identify(src/rmitbot_localization) by extensions ['colcon_meta']
[0.282s] Level 1:colcon.colcon_core.package_identification:_identify(src/rmitbot_localization) by extension 'colcon_meta'
[0.283s] Level 1:colcon.colcon_core.package_identification:_identify(src/rmitbot_localization) by extensions ['ros']
[0.283s] Level 1:colcon.colcon_core.package_identification:_identify(src/rmitbot_localization) by extension 'ros'
[0.284s] DEBUG:colcon.colcon_core.package_identification:Package 'src/rmitbot_localization' with type 'ros.ament_cmake' and name 'rmitbot_localization'
[0.284s] Level 1:colcon.colcon_core.package_discovery:discover_packages(recursive) using defaults
[0.284s] Level 1:colcon.colcon_core.package_discovery:discover_packages(ignore) discover
[0.284s] Level 1:colcon.colcon_core.package_discovery:discover_packages(ignore) using defaults
[0.284s] Level 1:colcon.colcon_core.package_discovery:discover_packages(path) discover
[0.284s] Level 1:colcon.colcon_core.package_discovery:discover_packages(path) using defaults
[0.311s] Level 1:colcon.colcon_core.package_discovery:discover_packages(prefix_path) check parameters
[0.311s] Level 1:colcon.colcon_core.package_discovery:discover_packages(prefix_path) discover
[0.314s] DEBUG:colcon.colcon_installed_package_information.package_discovery:Found 5 installed packages in /home/vudinhso/RMIT_Bot/lesson5_ws/install
[0.316s] DEBUG:colcon.colcon_installed_package_information.package_discovery:Found 386 installed packages in /opt/ros/jazzy
[0.318s] Level 1:colcon.colcon_core.package_discovery:discover_packages(prefix_path) using defaults
[0.407s] Level 5:colcon.colcon_core.verb:set package 'rmitbot_bringup' build argument 'cmake_args' from command line to 'None'
[0.408s] Level 5:colcon.colcon_core.verb:set package 'rmitbot_bringup' build argument 'cmake_target' from command line to 'None'
[0.408s] Level 5:colcon.colcon_core.verb:set package 'rmitbot_bringup' build argument 'cmake_target_skip_unavailable' from command line to 'False'
[0.408s] Level 5:colcon.colcon_core.verb:set package 'rmitbot_bringup' build argument 'cmake_clean_cache' from command line to 'False'
[0.408s] Level 5:colcon.colcon_core.verb:set package 'rmitbot_bringup' build argument 'cmake_clean_first' from command line to 'False'
[0.408s] Level 5:colcon.colcon_core.verb:set package 'rmitbot_bringup' build argument 'cmake_force_configure' from command line to 'False'
[0.408s] Level 5:colcon.colcon_core.verb:set package 'rmitbot_bringup' build argument 'ament_cmake_args' from command line to 'None'
[0.408s] Level 5:colcon.colcon_core.verb:set package 'rmitbot_bringup' build argument 'catkin_cmake_args' from command line to 'None'
[0.408s] Level 5:colcon.colcon_core.verb:set package 'rmitbot_bringup' build argument 'catkin_skip_building_tests' from command line to 'False'
[0.408s] DEBUG:colcon.colcon_core.verb:Building package 'rmitbot_bringup' with the following arguments: {'ament_cmake_args': None, 'build_base': '/home/vudinhso/RMIT_Bot/lesson5_ws/build/rmitbot_bringup', 'catkin_cmake_args': None, 'catkin_skip_building_tests': False, 'cmake_args': None, 'cmake_clean_cache': False, 'cmake_clean_first': False, 'cmake_force_configure': False, 'cmake_target': None, 'cmake_target_skip_unavailable': False, 'install_base': '/home/vudinhso/RMIT_Bot/lesson5_ws/install/rmitbot_bringup', 'merge_install': False, 'path': '/home/vudinhso/RMIT_Bot/lesson5_ws/src/rmitbot_bringup', 'symlink_install': False, 'test_result_base': None}
[0.409s] Level 5:colcon.colcon_core.verb:set package 'rmitbot_controller' build argument 'cmake_args' from command line to 'None'
[0.409s] Level 5:colcon.colcon_core.verb:set package 'rmitbot_controller' build argument 'cmake_target' from command line to 'None'
[0.409s] Level 5:colcon.colcon_core.verb:set package 'rmitbot_controller' build argument 'cmake_target_skip_unavailable' from command line to 'False'
[0.409s] Level 5:colcon.colcon_core.verb:set package 'rmitbot_controller' build argument 'cmake_clean_cache' from command line to 'False'
[0.409s] Level 5:colcon.colcon_core.verb:set package 'rmitbot_controller' build argument 'cmake_clean_first' from command line to 'False'
[0.409s] Level 5:colcon.colcon_core.verb:set package 'rmitbot_controller' build argument 'cmake_force_configure' from command line to 'False'
[0.409s] Level 5:colcon.colcon_core.verb:set package 'rmitbot_controller' build argument 'ament_cmake_args' from command line to 'None'
[0.409s] Level 5:colcon.colcon_core.verb:set package 'rmitbot_controller' build argument 'catkin_cmake_args' from command line to 'None'
[0.410s] Level 5:colcon.colcon_core.verb:set package 'rmitbot_controller' build argument 'catkin_skip_building_tests' from command line to 'False'
[0.410s] DEBUG:colcon.colcon_core.verb:Building package 'rmitbot_controller' with the following arguments: {'ament_cmake_args': None, 'build_base': '/home/vudinhso/RMIT_Bot/lesson5_ws/build/rmitbot_controller', 'catkin_cmake_args': None, 'catkin_skip_building_tests': False, 'cmake_args': None, 'cmake_clean_cache': False, 'cmake_clean_first': False, 'cmake_force_configure': False, 'cmake_target': None, 'cmake_target_skip_unavailable': False, 'install_base': '/home/vudinhso/RMIT_Bot/lesson5_ws/install/rmitbot_controller', 'merge_install': False, 'path': '/home/vudinhso/RMIT_Bot/lesson5_ws/src/rmitbot_controller', 'symlink_install': False, 'test_result_base': None}
[0.410s] Level 5:colcon.colcon_core.verb:set package 'rmitbot_description' build argument 'cmake_args' from command line to 'None'
[0.410s] Level 5:colcon.colcon_core.verb:set package 'rmitbot_description' build argument 'cmake_target' from command line to 'None'
[0.410s] Level 5:colcon.colcon_core.verb:set package 'rmitbot_description' build argument 'cmake_target_skip_unavailable' from command line to 'False'
[0.411s] Level 5:colcon.colcon_core.verb:set package 'rmitbot_description' build argument 'cmake_clean_cache' from command line to 'False'
[0.411s] Level 5:colcon.colcon_core.verb:set package 'rmitbot_description' build argument 'cmake_clean_first' from command line to 'False'
[0.411s] Level 5:colcon.colcon_core.verb:set package 'rmitbot_description' build argument 'cmake_force_configure' from command line to 'False'
[0.411s] Level 5:colcon.colcon_core.verb:set package 'rmitbot_description' build argument 'ament_cmake_args' from command line to 'None'
[0.411s] Level 5:colcon.colcon_core.verb:set package 'rmitbot_description' build argument 'catkin_cmake_args' from command line to 'None'
[0.411s] Level 5:colcon.colcon_core.verb:set package 'rmitbot_description' build argument 'catkin_skip_building_tests' from command line to 'False'
[0.411s] DEBUG:colcon.colcon_core.verb:Building package 'rmitbot_description' with the following arguments: {'ament_cmake_args': None, 'build_base': '/home/vudinhso/RMIT_Bot/lesson5_ws/build/rmitbot_description', 'catkin_cmake_args': None, 'catkin_skip_building_tests': False, 'cmake_args': None, 'cmake_clean_cache': False, 'cmake_clean_first': False, 'cmake_force_configure': False, 'cmake_target': None, 'cmake_target_skip_unavailable': False, 'install_base': '/home/vudinhso/RMIT_Bot/lesson5_ws/install/rmitbot_description', 'merge_install': False, 'path': '/home/vudinhso/RMIT_Bot/lesson5_ws/src/rmitbot_description', 'symlink_install': False, 'test_result_base': None}
[0.412s] Level 5:colcon.colcon_core.verb:set package 'rmitbot_firmware' build argument 'cmake_args' from command line to 'None'
[0.412s] Level 5:colcon.colcon_core.verb:set package 'rmitbot_firmware' build argument 'cmake_target' from command line to 'None'
[0.412s] Level 5:colcon.colcon_core.verb:set package 'rmitbot_firmware' build argument 'cmake_target_skip_unavailable' from command line to 'False'
[0.412s] Level 5:colcon.colcon_core.verb:set package 'rmitbot_firmware' build argument 'cmake_clean_cache' from command line to 'False'
[0.412s] Level 5:colcon.colcon_core.verb:set package 'rmitbot_firmware' build argument 'cmake_clean_first' from command line to 'False'
[0.412s] Level 5:colcon.colcon_core.verb:set package 'rmitbot_firmware' build argument 'cmake_force_configure' from command line to 'False'
[0.412s] Level 5:colcon.colcon_core.verb:set package 'rmitbot_firmware' build argument 'ament_cmake_args' from command line to 'None'
[0.412s] Level 5:colcon.colcon_core.verb:set package 'rmitbot_firmware' build argument 'catkin_cmake_args' from command line to 'None'
[0.412s] Level 5:colcon.colcon_core.verb:set package 'rmitbot_firmware' build argument 'catkin_skip_building_tests' from command line to 'False'
[0.412s] DEBUG:colcon.colcon_core.verb:Building package 'rmitbot_firmware' with the following arguments: {'ament_cmake_args': None, 'build_base': '/home/vudinhso/RMIT_Bot/lesson5_ws/build/rmitbot_firmware', 'catkin_cmake_args': None, 'catkin_skip_building_tests': False, 'cmake_args': None, 'cmake_clean_cache': False, 'cmake_clean_first': False, 'cmake_force_configure': False, 'cmake_target': None, 'cmake_target_skip_unavailable': False, 'install_base': '/home/vudinhso/RMIT_Bot/lesson5_ws/install/rmitbot_firmware', 'merge_install': False, 'path': '/home/vudinhso/RMIT_Bot/lesson5_ws/src/rmitbot_firmware', 'symlink_install': False, 'test_result_base': None}
[0.413s] Level 5:colcon.colcon_core.verb:set package 'rmitbot_localization' build argument 'cmake_args' from command line to 'None'
[0.413s] Level 5:colcon.colcon_core.verb:set package 'rmitbot_localization' build argument 'cmake_target' from command line to 'None'
[0.413s] Level 5:colcon.colcon_core.verb:set package 'rmitbot_localization' build argument 'cmake_target_skip_unavailable' from command line to 'False'
[0.413s] Level 5:colcon.colcon_core.verb:set package 'rmitbot_localization' build argument 'cmake_clean_cache' from command line to 'False'
[0.413s] Level 5:colcon.colcon_core.verb:set package 'rmitbot_localization' build argument 'cmake_clean_first' from command line to 'False'
[0.413s] Level 5:colcon.colcon_core.verb:set package 'rmitbot_localization' build argument 'cmake_force_configure' from command line to 'False'
[0.413s] Level 5:colcon.colcon_core.verb:set package 'rmitbot_localization' build argument 'ament_cmake_args' from command line to 'None'
[0.413s] Level 5:colcon.colcon_core.verb:set package 'rmitbot_localization' build argument 'catkin_cmake_args' from command line to 'None'
[0.413s] Level 5:colcon.colcon_core.verb:set package 'rmitbot_localization' build argument 'catkin_skip_building_tests' from command line to 'False'
[0.413s] DEBUG:colcon.colcon_core.verb:Building package 'rmitbot_localization' with the following arguments: {'ament_cmake_args': None, 'build_base': '/home/vudinhso/RMIT_Bot/lesson5_ws/build/rmitbot_localization', 'catkin_cmake_args': None, 'catkin_skip_building_tests': False, 'cmake_args': None, 'cmake_clean_cache': False, 'cmake_clean_first': False, 'cmake_force_configure': False, 'cmake_target': None, 'cmake_target_skip_unavailable': False, 'install_base': '/home/vudinhso/RMIT_Bot/lesson5_ws/install/rmitbot_localization', 'merge_install': False, 'path': '/home/vudinhso/RMIT_Bot/lesson5_ws/src/rmitbot_localization', 'symlink_install': False, 'test_result_base': None}
[0.413s] INFO:colcon.colcon_core.executor:Executing jobs using 'parallel' executor
[0.418s] DEBUG:colcon.colcon_parallel_executor.executor.parallel:run_until_complete
[0.420s] INFO:colcon.colcon_ros.task.ament_cmake.build:Building ROS package in '/home/vudinhso/RMIT_Bot/lesson5_ws/src/rmitbot_bringup' with build type 'ament_cmake'
[0.421s] INFO:colcon.colcon_cmake.task.cmake.build:Building CMake package in '/home/vudinhso/RMIT_Bot/lesson5_ws/src/rmitbot_bringup'
[0.426s] INFO:colcon.colcon_core.plugin_system:Skipping extension 'colcon_core.shell.bat': Not used on non-Windows systems
[0.426s] INFO:colcon.colcon_core.shell:Skip shell extension 'powershell' for command environment: Not usable outside of PowerShell
[0.426s] DEBUG:colcon.colcon_core.shell:Skip shell extension 'dsv' for command environment
[0.432s] INFO:colcon.colcon_ros.task.ament_cmake.build:Building ROS package in '/home/vudinhso/RMIT_Bot/lesson5_ws/src/rmitbot_controller' with build type 'ament_cmake'
[0.432s] INFO:colcon.colcon_cmake.task.cmake.build:Building CMake package in '/home/vudinhso/RMIT_Bot/lesson5_ws/src/rmitbot_controller'
[0.433s] INFO:colcon.colcon_core.shell:Skip shell extension 'powershell' for command environment: Not usable outside of PowerShell
[0.433s] DEBUG:colcon.colcon_core.shell:Skip shell extension 'dsv' for command environment
[0.443s] INFO:colcon.colcon_ros.task.ament_cmake.build:Building ROS package in '/home/vudinhso/RMIT_Bot/lesson5_ws/src/rmitbot_description' with build type 'ament_cmake'
[0.443s] INFO:colcon.colcon_cmake.task.cmake.build:Building CMake package in '/home/vudinhso/RMIT_Bot/lesson5_ws/src/rmitbot_description'
[0.444s] INFO:colcon.colcon_core.shell:Skip shell extension 'powershell' for command environment: Not usable outside of PowerShell
[0.444s] DEBUG:colcon.colcon_core.shell:Skip shell extension 'dsv' for command environment
[0.456s] INFO:colcon.colcon_ros.task.ament_cmake.build:Building ROS package in '/home/vudinhso/RMIT_Bot/lesson5_ws/src/rmitbot_firmware' with build type 'ament_cmake'
[0.456s] INFO:colcon.colcon_cmake.task.cmake.build:Building CMake package in '/home/vudinhso/RMIT_Bot/lesson5_ws/src/rmitbot_firmware'
[0.457s] INFO:colcon.colcon_core.shell:Skip shell extension 'powershell' for command environment: Not usable outside of PowerShell
[0.457s] DEBUG:colcon.colcon_core.shell:Skip shell extension 'dsv' for command environment
[0.484s] DEBUG:colcon.colcon_core.event_handler.log_command:Invoking command in '/home/vudinhso/RMIT_Bot/lesson5_ws/build/rmitbot_bringup': CMAKE_PREFIX_PATH=${CMAKE_PREFIX_PATH}:/opt/ros/jazzy DEBUGINFOD_URLS=https://debuginfod.ubuntu.com /usr/bin/cmake --build /home/vudinhso/RMIT_Bot/lesson5_ws/build/rmitbot_bringup -- -j4 -l4
[0.490s] DEBUG:colcon.colcon_core.event_handler.log_command:Invoking command in '/home/vudinhso/RMIT_Bot/lesson5_ws/build/rmitbot_controller': CMAKE_PREFIX_PATH=${CMAKE_PREFIX_PATH}:/opt/ros/jazzy DEBUGINFOD_URLS=https://debuginfod.ubuntu.com /usr/bin/cmake --build /home/vudinhso/RMIT_Bot/lesson5_ws/build/rmitbot_controller -- -j4 -l4
[0.508s] DEBUG:colcon.colcon_core.event_handler.log_command:Invoking command in '/home/vudinhso/RMIT_Bot/lesson5_ws/build/rmitbot_description': CMAKE_PREFIX_PATH=${CMAKE_PREFIX_PATH}:/opt/ros/jazzy DEBUGINFOD_URLS=https://debuginfod.ubuntu.com /usr/bin/cmake --build /home/vudinhso/RMIT_Bot/lesson5_ws/build/rmitbot_description -- -j4 -l4
[0.522s] DEBUG:colcon.colcon_core.event_handler.log_command:Invoking command in '/home/vudinhso/RMIT_Bot/lesson5_ws/build/rmitbot_firmware': CMAKE_PREFIX_PATH=${CMAKE_PREFIX_PATH}:/opt/ros/jazzy DEBUGINFOD_URLS=https://debuginfod.ubuntu.com /usr/bin/cmake --build /home/vudinhso/RMIT_Bot/lesson5_ws/build/rmitbot_firmware -- -j4 -l4
[0.621s] DEBUG:colcon.colcon_core.event_handler.log_command:Invoked command in '/home/vudinhso/RMIT_Bot/lesson5_ws/build/rmitbot_bringup' returned '0': CMAKE_PREFIX_PATH=${CMAKE_PREFIX_PATH}:/opt/ros/jazzy DEBUGINFOD_URLS=https://debuginfod.ubuntu.com /usr/bin/cmake --build /home/vudinhso/RMIT_Bot/lesson5_ws/build/rmitbot_bringup -- -j4 -l4
[0.674s] DEBUG:colcon.colcon_core.event_handler.log_command:Invoking command in '/home/vudinhso/RMIT_Bot/lesson5_ws/build/rmitbot_bringup': CMAKE_PREFIX_PATH=${CMAKE_PREFIX_PATH}:/opt/ros/jazzy DEBUGINFOD_URLS=https://debuginfod.ubuntu.com /usr/bin/cmake --install /home/vudinhso/RMIT_Bot/lesson5_ws/build/rmitbot_bringup
[0.684s] DEBUG:colcon.colcon_core.event_handler.log_command:Invoked command in '/home/vudinhso/RMIT_Bot/lesson5_ws/build/rmitbot_description' returned '0': CMAKE_PREFIX_PATH=${CMAKE_PREFIX_PATH}:/opt/ros/jazzy DEBUGINFOD_URLS=https://debuginfod.ubuntu.com /usr/bin/cmake --build /home/vudinhso/RMIT_Bot/lesson5_ws/build/rmitbot_description -- -j4 -l4
[0.685s] DEBUG:colcon.colcon_core.event_handler.log_command:Invoking command in '/home/vudinhso/RMIT_Bot/lesson5_ws/build/rmitbot_description': CMAKE_PREFIX_PATH=${CMAKE_PREFIX_PATH}:/opt/ros/jazzy DEBUGINFOD_URLS=https://debuginfod.ubuntu.com /usr/bin/cmake --install /home/vudinhso/RMIT_Bot/lesson5_ws/build/rmitbot_description
[0.692s] DEBUG:colcon.colcon_core.event_handler.log_command:Invoked command in '/home/vudinhso/RMIT_Bot/lesson5_ws/build/rmitbot_controller' returned '0': CMAKE_PREFIX_PATH=${CMAKE_PREFIX_PATH}:/opt/ros/jazzy DEBUGINFOD_URLS=https://debuginfod.ubuntu.com /usr/bin/cmake --build /home/vudinhso/RMIT_Bot/lesson5_ws/build/rmitbot_controller -- -j4 -l4
[0.694s] DEBUG:colcon.colcon_core.event_handler.log_command:Invoking command in '/home/vudinhso/RMIT_Bot/lesson5_ws/build/rmitbot_controller': CMAKE_PREFIX_PATH=${CMAKE_PREFIX_PATH}:/opt/ros/jazzy DEBUGINFOD_URLS=https://debuginfod.ubuntu.com /usr/bin/cmake --install /home/vudinhso/RMIT_Bot/lesson5_ws/build/rmitbot_controller
[0.720s] Level 1:colcon.colcon_core.environment:create_environment_scripts_only(rmitbot_bringup)
[0.729s] DEBUG:colcon.colcon_core.event_handler.log_command:Invoked command in '/home/vudinhso/RMIT_Bot/lesson5_ws/build/rmitbot_bringup' returned '0': CMAKE_PREFIX_PATH=${CMAKE_PREFIX_PATH}:/opt/ros/jazzy DEBUGINFOD_URLS=https://debuginfod.ubuntu.com /usr/bin/cmake --install /home/vudinhso/RMIT_Bot/lesson5_ws/build/rmitbot_bringup
[0.745s] Level 1:colcon.colcon_core.environment:checking '/home/vudinhso/RMIT_Bot/lesson5_ws/install/rmitbot_bringup' for CMake module files
[0.752s] Level 1:colcon.colcon_core.environment:checking '/home/vudinhso/RMIT_Bot/lesson5_ws/install/rmitbot_bringup' for CMake config files
[0.758s] Level 1:colcon.colcon_core.shell:create_environment_hook('rmitbot_bringup', 'cmake_prefix_path')
[0.759s] INFO:colcon.colcon_core.shell:Creating environment hook '/home/vudinhso/RMIT_Bot/lesson5_ws/install/rmitbot_bringup/share/rmitbot_bringup/hook/cmake_prefix_path.ps1'
[0.760s] INFO:colcon.colcon_core.shell:Creating environment descriptor '/home/vudinhso/RMIT_Bot/lesson5_ws/install/rmitbot_bringup/share/rmitbot_bringup/hook/cmake_prefix_path.dsv'
[0.763s] INFO:colcon.colcon_core.shell:Creating environment hook '/home/vudinhso/RMIT_Bot/lesson5_ws/install/rmitbot_bringup/share/rmitbot_bringup/hook/cmake_prefix_path.sh'
[0.766s] Level 1:colcon.colcon_core.environment:checking '/home/vudinhso/RMIT_Bot/lesson5_ws/install/rmitbot_bringup/bin'
[0.766s] Level 1:colcon.colcon_core.environment:checking '/home/vudinhso/RMIT_Bot/lesson5_ws/install/rmitbot_bringup/lib/pkgconfig/rmitbot_bringup.pc'
[0.770s] Level 1:colcon.colcon_core.environment:checking '/home/vudinhso/RMIT_Bot/lesson5_ws/install/rmitbot_bringup/lib/python3.12/site-packages'
[0.770s] Level 1:colcon.colcon_core.environment:checking '/home/vudinhso/RMIT_Bot/lesson5_ws/install/rmitbot_bringup/bin'
[0.771s] INFO:colcon.colcon_core.shell:Creating package script '/home/vudinhso/RMIT_Bot/lesson5_ws/install/rmitbot_bringup/share/rmitbot_bringup/package.ps1'
[0.776s] INFO:colcon.colcon_core.shell:Creating package descriptor '/home/vudinhso/RMIT_Bot/lesson5_ws/install/rmitbot_bringup/share/rmitbot_bringup/package.dsv'
[0.781s] INFO:colcon.colcon_core.shell:Creating package script '/home/vudinhso/RMIT_Bot/lesson5_ws/install/rmitbot_bringup/share/rmitbot_bringup/package.sh'
[0.783s] INFO:colcon.colcon_core.shell:Creating package script '/home/vudinhso/RMIT_Bot/lesson5_ws/install/rmitbot_bringup/share/rmitbot_bringup/package.bash'
[0.787s] INFO:colcon.colcon_core.shell:Creating package script '/home/vudinhso/RMIT_Bot/lesson5_ws/install/rmitbot_bringup/share/rmitbot_bringup/package.zsh'
[0.789s] Level 1:colcon.colcon_core.environment:create_file_with_runtime_dependencies(/home/vudinhso/RMIT_Bot/lesson5_ws/install/rmitbot_bringup/share/colcon-core/packages/rmitbot_bringup)
[0.790s] Level 1:colcon.colcon_core.environment:create_environment_scripts_only(rmitbot_bringup)
[0.790s] Level 1:colcon.colcon_core.environment:checking '/home/vudinhso/RMIT_Bot/lesson5_ws/install/rmitbot_bringup' for CMake module files
[0.791s] Level 1:colcon.colcon_core.environment:checking '/home/vudinhso/RMIT_Bot/lesson5_ws/install/rmitbot_bringup' for CMake config files
[0.791s] Level 1:colcon.colcon_core.shell:create_environment_hook('rmitbot_bringup', 'cmake_prefix_path')
[0.792s] INFO:colcon.colcon_core.shell:Creating environment hook '/home/vudinhso/RMIT_Bot/lesson5_ws/install/rmitbot_bringup/share/rmitbot_bringup/hook/cmake_prefix_path.ps1'
[0.798s] INFO:colcon.colcon_core.shell:Creating environment descriptor '/home/vudinhso/RMIT_Bot/lesson5_ws/install/rmitbot_bringup/share/rmitbot_bringup/hook/cmake_prefix_path.dsv'
[0.799s] INFO:colcon.colcon_core.shell:Creating environment hook '/home/vudinhso/RMIT_Bot/lesson5_ws/install/rmitbot_bringup/share/rmitbot_bringup/hook/cmake_prefix_path.sh'
[0.801s] Level 1:colcon.colcon_core.environment:checking '/home/vudinhso/RMIT_Bot/lesson5_ws/install/rmitbot_bringup/bin'
[0.802s] Level 1:colcon.colcon_core.environment:checking '/home/vudinhso/RMIT_Bot/lesson5_ws/install/rmitbot_bringup/lib/pkgconfig/rmitbot_bringup.pc'
[0.802s] Level 1:colcon.colcon_core.environment:checking '/home/vudinhso/RMIT_Bot/lesson5_ws/install/rmitbot_bringup/lib/python3.12/site-packages'
[0.815s] Level 1:colcon.colcon_core.environment:checking '/home/vudinhso/RMIT_Bot/lesson5_ws/install/rmitbot_bringup/bin'
[0.820s] INFO:colcon.colcon_core.shell:Creating package script '/home/vudinhso/RMIT_Bot/lesson5_ws/install/rmitbot_bringup/share/rmitbot_bringup/package.ps1'
[0.828s] INFO:colcon.colcon_core.shell:Creating package descriptor '/home/vudinhso/RMIT_Bot/lesson5_ws/install/rmitbot_bringup/share/rmitbot_bringup/package.dsv'
[0.835s] INFO:colcon.colcon_core.shell:Creating package script '/home/vudinhso/RMIT_Bot/lesson5_ws/install/rmitbot_bringup/share/rmitbot_bringup/package.sh'
[0.840s] INFO:colcon.colcon_core.shell:Creating package script '/home/vudinhso/RMIT_Bot/lesson5_ws/install/rmitbot_bringup/share/rmitbot_bringup/package.bash'
[0.842s] INFO:colcon.colcon_core.shell:Creating package script '/home/vudinhso/RMIT_Bot/lesson5_ws/install/rmitbot_bringup/share/rmitbot_bringup/package.zsh'
[0.846s] Level 1:colcon.colcon_core.environment:create_file_with_runtime_dependencies(/home/vudinhso/RMIT_Bot/lesson5_ws/install/rmitbot_bringup/share/colcon-core/packages/rmitbot_bringup)
[0.847s] INFO:colcon.colcon_ros.task.ament_cmake.build:Building ROS package in '/home/vudinhso/RMIT_Bot/lesson5_ws/src/rmitbot_localization' with build type 'ament_cmake'
[0.848s] INFO:colcon.colcon_cmake.task.cmake.build:Building CMake package in '/home/vudinhso/RMIT_Bot/lesson5_ws/src/rmitbot_localization'
[0.848s] INFO:colcon.colcon_core.shell:Skip shell extension 'powershell' for command environment: Not usable outside of PowerShell
[0.848s] DEBUG:colcon.colcon_core.shell:Skip shell extension 'dsv' for command environment
[0.872s] Level 1:colcon.colcon_core.environment:create_environment_scripts_only(rmitbot_description)
[0.873s] Level 1:colcon.colcon_core.environment:checking '/home/vudinhso/RMIT_Bot/lesson5_ws/install/rmitbot_description' for CMake module files
[0.875s] Level 1:colcon.colcon_core.environment:checking '/home/vudinhso/RMIT_Bot/lesson5_ws/install/rmitbot_description' for CMake config files
[0.880s] DEBUG:colcon.colcon_core.event_handler.log_command:Invoked command in '/home/vudinhso/RMIT_Bot/lesson5_ws/build/rmitbot_description' returned '0': CMAKE_PREFIX_PATH=${CMAKE_PREFIX_PATH}:/opt/ros/jazzy DEBUGINFOD_URLS=https://debuginfod.ubuntu.com /usr/bin/cmake --install /home/vudinhso/RMIT_Bot/lesson5_ws/build/rmitbot_description
[0.880s] Level 1:colcon.colcon_core.shell:create_environment_hook('rmitbot_description', 'cmake_prefix_path')
[0.881s] INFO:colcon.colcon_core.shell:Creating environment hook '/home/vudinhso/RMIT_Bot/lesson5_ws/install/rmitbot_description/share/rmitbot_description/hook/cmake_prefix_path.ps1'
[0.884s] INFO:colcon.colcon_core.shell:Creating environment descriptor '/home/vudinhso/RMIT_Bot/lesson5_ws/install/rmitbot_description/share/rmitbot_description/hook/cmake_prefix_path.dsv'
[0.889s] INFO:colcon.colcon_core.shell:Creating environment hook '/home/vudinhso/RMIT_Bot/lesson5_ws/install/rmitbot_description/share/rmitbot_description/hook/cmake_prefix_path.sh'
[0.893s] Level 1:colcon.colcon_core.environment:checking '/home/vudinhso/RMIT_Bot/lesson5_ws/install/rmitbot_description/bin'
[0.893s] Level 1:colcon.colcon_core.environment:checking '/home/vudinhso/RMIT_Bot/lesson5_ws/install/rmitbot_description/lib/pkgconfig/rmitbot_description.pc'
[0.894s] Level 1:colcon.colcon_core.environment:checking '/home/vudinhso/RMIT_Bot/lesson5_ws/install/rmitbot_description/lib/python3.12/site-packages'
[0.894s] Level 1:colcon.colcon_core.environment:checking '/home/vudinhso/RMIT_Bot/lesson5_ws/install/rmitbot_description/bin'
[0.895s] INFO:colcon.colcon_core.shell:Creating package script '/home/vudinhso/RMIT_Bot/lesson5_ws/install/rmitbot_description/share/rmitbot_description/package.ps1'
[0.899s] INFO:colcon.colcon_core.shell:Creating package descriptor '/home/vudinhso/RMIT_Bot/lesson5_ws/install/rmitbot_description/share/rmitbot_description/package.dsv'
[0.903s] INFO:colcon.colcon_core.shell:Creating package script '/home/vudinhso/RMIT_Bot/lesson5_ws/install/rmitbot_description/share/rmitbot_description/package.sh'
[0.911s] INFO:colcon.colcon_core.shell:Creating package script '/home/vudinhso/RMIT_Bot/lesson5_ws/install/rmitbot_description/share/rmitbot_description/package.bash'
[0.915s] INFO:colcon.colcon_core.shell:Creating package script '/home/vudinhso/RMIT_Bot/lesson5_ws/install/rmitbot_description/share/rmitbot_description/package.zsh'
[0.918s] Level 1:colcon.colcon_core.environment:create_file_with_runtime_dependencies(/home/vudinhso/RMIT_Bot/lesson5_ws/install/rmitbot_description/share/colcon-core/packages/rmitbot_description)
[0.922s] Level 1:colcon.colcon_core.environment:create_environment_scripts_only(rmitbot_description)
[0.922s] Level 1:colcon.colcon_core.environment:checking '/home/vudinhso/RMIT_Bot/lesson5_ws/install/rmitbot_description' for CMake module files
[0.928s] Level 1:colcon.colcon_core.environment:checking '/home/vudinhso/RMIT_Bot/lesson5_ws/install/rmitbot_description' for CMake config files
[0.930s] Level 1:colcon.colcon_core.shell:create_environment_hook('rmitbot_description', 'cmake_prefix_path')
[0.930s] INFO:colcon.colcon_core.shell:Creating environment hook '/home/vudinhso/RMIT_Bot/lesson5_ws/install/rmitbot_description/share/rmitbot_description/hook/cmake_prefix_path.ps1'
[0.934s] INFO:colcon.colcon_core.shell:Creating environment descriptor '/home/vudinhso/RMIT_Bot/lesson5_ws/install/rmitbot_description/share/rmitbot_description/hook/cmake_prefix_path.dsv'
[0.938s] INFO:colcon.colcon_core.shell:Creating environment hook '/home/vudinhso/RMIT_Bot/lesson5_ws/install/rmitbot_description/share/rmitbot_description/hook/cmake_prefix_path.sh'
[0.941s] Level 1:colcon.colcon_core.environment:checking '/home/vudinhso/RMIT_Bot/lesson5_ws/install/rmitbot_description/bin'
[0.942s] Level 1:colcon.colcon_core.environment:checking '/home/vudinhso/RMIT_Bot/lesson5_ws/install/rmitbot_description/lib/pkgconfig/rmitbot_description.pc'
[0.945s] Level 1:colcon.colcon_core.environment:checking '/home/vudinhso/RMIT_Bot/lesson5_ws/install/rmitbot_description/lib/python3.12/site-packages'
[0.946s] Level 1:colcon.colcon_core.environment:checking '/home/vudinhso/RMIT_Bot/lesson5_ws/install/rmitbot_description/bin'
[0.946s] INFO:colcon.colcon_core.shell:Creating package script '/home/vudinhso/RMIT_Bot/lesson5_ws/install/rmitbot_description/share/rmitbot_description/package.ps1'
[0.948s] INFO:colcon.colcon_core.shell:Creating package descriptor '/home/vudinhso/RMIT_Bot/lesson5_ws/install/rmitbot_description/share/rmitbot_description/package.dsv'
[0.952s] INFO:colcon.colcon_core.shell:Creating package script '/home/vudinhso/RMIT_Bot/lesson5_ws/install/rmitbot_description/share/rmitbot_description/package.sh'
[0.954s] INFO:colcon.colcon_core.shell:Creating package script '/home/vudinhso/RMIT_Bot/lesson5_ws/install/rmitbot_description/share/rmitbot_description/package.bash'
[0.957s] INFO:colcon.colcon_core.shell:Creating package script '/home/vudinhso/RMIT_Bot/lesson5_ws/install/rmitbot_description/share/rmitbot_description/package.zsh'
[0.964s] Level 1:colcon.colcon_core.environment:create_file_with_runtime_dependencies(/home/vudinhso/RMIT_Bot/lesson5_ws/install/rmitbot_description/share/colcon-core/packages/rmitbot_description)
[0.966s] Level 1:colcon.colcon_core.environment:create_environment_scripts_only(rmitbot_controller)
[0.967s] Level 1:colcon.colcon_core.environment:checking '/home/vudinhso/RMIT_Bot/lesson5_ws/install/rmitbot_controller' for CMake module files
[0.969s] DEBUG:colcon.colcon_core.event_handler.log_command:Invoked command in '/home/vudinhso/RMIT_Bot/lesson5_ws/build/rmitbot_controller' returned '0': CMAKE_PREFIX_PATH=${CMAKE_PREFIX_PATH}:/opt/ros/jazzy DEBUGINFOD_URLS=https://debuginfod.ubuntu.com /usr/bin/cmake --install /home/vudinhso/RMIT_Bot/lesson5_ws/build/rmitbot_controller
[0.979s] Level 1:colcon.colcon_core.environment:checking '/home/vudinhso/RMIT_Bot/lesson5_ws/install/rmitbot_controller' for CMake config files
[0.980s] Level 1:colcon.colcon_core.shell:create_environment_hook('rmitbot_controller', 'cmake_prefix_path')
[0.980s] INFO:colcon.colcon_core.shell:Creating environment hook '/home/vudinhso/RMIT_Bot/lesson5_ws/install/rmitbot_controller/share/rmitbot_controller/hook/cmake_prefix_path.ps1'
[0.989s] INFO:colcon.colcon_core.shell:Creating environment descriptor '/home/vudinhso/RMIT_Bot/lesson5_ws/install/rmitbot_controller/share/rmitbot_controller/hook/cmake_prefix_path.dsv'
[0.995s] INFO:colcon.colcon_core.shell:Creating environment hook '/home/vudinhso/RMIT_Bot/lesson5_ws/install/rmitbot_controller/share/rmitbot_controller/hook/cmake_prefix_path.sh'
[1.001s] Level 1:colcon.colcon_core.environment:checking '/home/vudinhso/RMIT_Bot/lesson5_ws/install/rmitbot_controller/bin'
[1.004s] Level 1:colcon.colcon_core.environment:checking '/home/vudinhso/RMIT_Bot/lesson5_ws/install/rmitbot_controller/lib/pkgconfig/rmitbot_controller.pc'
[1.005s] Level 1:colcon.colcon_core.environment:checking '/home/vudinhso/RMIT_Bot/lesson5_ws/install/rmitbot_controller/lib/python3.12/site-packages'
[1.005s] Level 1:colcon.colcon_core.environment:checking '/home/vudinhso/RMIT_Bot/lesson5_ws/install/rmitbot_controller/bin'
[1.006s] INFO:colcon.colcon_core.shell:Creating package script '/home/vudinhso/RMIT_Bot/lesson5_ws/install/rmitbot_controller/share/rmitbot_controller/package.ps1'
[1.013s] INFO:colcon.colcon_core.shell:Creating package descriptor '/home/vudinhso/RMIT_Bot/lesson5_ws/install/rmitbot_controller/share/rmitbot_controller/package.dsv'
[1.014s] INFO:colcon.colcon_core.shell:Creating package script '/home/vudinhso/RMIT_Bot/lesson5_ws/install/rmitbot_controller/share/rmitbot_controller/package.sh'
[1.018s] INFO:colcon.colcon_core.shell:Creating package script '/home/vudinhso/RMIT_Bot/lesson5_ws/install/rmitbot_controller/share/rmitbot_controller/package.bash'
[1.024s] INFO:colcon.colcon_core.shell:Creating package script '/home/vudinhso/RMIT_Bot/lesson5_ws/install/rmitbot_controller/share/rmitbot_controller/package.zsh'
[1.025s] Level 1:colcon.colcon_core.environment:create_file_with_runtime_dependencies(/home/vudinhso/RMIT_Bot/lesson5_ws/install/rmitbot_controller/share/colcon-core/packages/rmitbot_controller)
[1.042s] Level 1:colcon.colcon_core.environment:create_environment_scripts_only(rmitbot_controller)
[1.043s] Level 1:colcon.colcon_core.environment:checking '/home/vudinhso/RMIT_Bot/lesson5_ws/install/rmitbot_controller' for CMake module files
[1.043s] Level 1:colcon.colcon_core.environment:checking '/home/vudinhso/RMIT_Bot/lesson5_ws/install/rmitbot_controller' for CMake config files
[1.044s] Level 1:colcon.colcon_core.shell:create_environment_hook('rmitbot_controller', 'cmake_prefix_path')
[1.044s] INFO:colcon.colcon_core.shell:Creating environment hook '/home/vudinhso/RMIT_Bot/lesson5_ws/install/rmitbot_controller/share/rmitbot_controller/hook/cmake_prefix_path.ps1'
[1.045s] INFO:colcon.colcon_core.shell:Creating environment descriptor '/home/vudinhso/RMIT_Bot/lesson5_ws/install/rmitbot_controller/share/rmitbot_controller/hook/cmake_prefix_path.dsv'
[1.046s] INFO:colcon.colcon_core.shell:Creating environment hook '/home/vudinhso/RMIT_Bot/lesson5_ws/install/rmitbot_controller/share/rmitbot_controller/hook/cmake_prefix_path.sh'
[1.046s] Level 1:colcon.colcon_core.environment:checking '/home/vudinhso/RMIT_Bot/lesson5_ws/install/rmitbot_controller/bin'
[1.047s] Level 1:colcon.colcon_core.environment:checking '/home/vudinhso/RMIT_Bot/lesson5_ws/install/rmitbot_controller/lib/pkgconfig/rmitbot_controller.pc'
[1.047s] Level 1:colcon.colcon_core.environment:checking '/home/vudinhso/RMIT_Bot/lesson5_ws/install/rmitbot_controller/lib/python3.12/site-packages'
[1.047s] Level 1:colcon.colcon_core.environment:checking '/home/vudinhso/RMIT_Bot/lesson5_ws/install/rmitbot_controller/bin'
[1.048s] INFO:colcon.colcon_core.shell:Creating package script '/home/vudinhso/RMIT_Bot/lesson5_ws/install/rmitbot_controller/share/rmitbot_controller/package.ps1'
[1.049s] INFO:colcon.colcon_core.shell:Creating package descriptor '/home/vudinhso/RMIT_Bot/lesson5_ws/install/rmitbot_controller/share/rmitbot_controller/package.dsv'
[1.056s] INFO:colcon.colcon_core.shell:Creating package script '/home/vudinhso/RMIT_Bot/lesson5_ws/install/rmitbot_controller/share/rmitbot_controller/package.sh'
[1.058s] INFO:colcon.colcon_core.shell:Creating package script '/home/vudinhso/RMIT_Bot/lesson5_ws/install/rmitbot_controller/share/rmitbot_controller/package.bash'
[1.059s] INFO:colcon.colcon_core.shell:Creating package script '/home/vudinhso/RMIT_Bot/lesson5_ws/install/rmitbot_controller/share/rmitbot_controller/package.zsh'
[1.061s] Level 1:colcon.colcon_core.environment:create_file_with_runtime_dependencies(/home/vudinhso/RMIT_Bot/lesson5_ws/install/rmitbot_controller/share/colcon-core/packages/rmitbot_controller)
[1.073s] DEBUG:colcon.colcon_core.event_handler.log_command:Invoking command in '/home/vudinhso/RMIT_Bot/lesson5_ws/build/rmitbot_localization': CMAKE_PREFIX_PATH=${CMAKE_PREFIX_PATH}:/opt/ros/jazzy DEBUGINFOD_URLS=https://debuginfod.ubuntu.com /usr/bin/cmake --build /home/vudinhso/RMIT_Bot/lesson5_ws/build/rmitbot_localization -- -j4 -l4
[1.207s] DEBUG:colcon.colcon_core.event_handler.log_command:Invoked command in '/home/vudinhso/RMIT_Bot/lesson5_ws/build/rmitbot_localization' returned '0': CMAKE_PREFIX_PATH=${CMAKE_PREFIX_PATH}:/opt/ros/jazzy DEBUGINFOD_URLS=https://debuginfod.ubuntu.com /usr/bin/cmake --build /home/vudinhso/RMIT_Bot/lesson5_ws/build/rmitbot_localization -- -j4 -l4
[1.223s] DEBUG:colcon.colcon_core.event_handler.log_command:Invoking command in '/home/vudinhso/RMIT_Bot/lesson5_ws/build/rmitbot_localization': CMAKE_PREFIX_PATH=${CMAKE_PREFIX_PATH}:/opt/ros/jazzy DEBUGINFOD_URLS=https://debuginfod.ubuntu.com /usr/bin/cmake --install /home/vudinhso/RMIT_Bot/lesson5_ws/build/rmitbot_localization
[1.256s] Level 1:colcon.colcon_core.environment:create_environment_scripts_only(rmitbot_localization)
[1.257s] Level 1:colcon.colcon_core.environment:checking '/home/vudinhso/RMIT_Bot/lesson5_ws/install/rmitbot_localization' for CMake module files
[1.257s] Level 1:colcon.colcon_core.environment:checking '/home/vudinhso/RMIT_Bot/lesson5_ws/install/rmitbot_localization' for CMake config files
[1.258s] Level 1:colcon.colcon_core.shell:create_environment_hook('rmitbot_localization', 'cmake_prefix_path')
[1.260s] INFO:colcon.colcon_core.shell:Creating environment hook '/home/vudinhso/RMIT_Bot/lesson5_ws/install/rmitbot_localization/share/rmitbot_localization/hook/cmake_prefix_path.ps1'
[1.263s] DEBUG:colcon.colcon_core.event_handler.log_command:Invoked command in '/home/vudinhso/RMIT_Bot/lesson5_ws/build/rmitbot_localization' returned '0': CMAKE_PREFIX_PATH=${CMAKE_PREFIX_PATH}:/opt/ros/jazzy DEBUGINFOD_URLS=https://debuginfod.ubuntu.com /usr/bin/cmake --install /home/vudinhso/RMIT_Bot/lesson5_ws/build/rmitbot_localization
[1.267s] INFO:colcon.colcon_core.shell:Creating environment descriptor '/home/vudinhso/RMIT_Bot/lesson5_ws/install/rmitbot_localization/share/rmitbot_localization/hook/cmake_prefix_path.dsv'
[1.268s] INFO:colcon.colcon_core.shell:Creating environment hook '/home/vudinhso/RMIT_Bot/lesson5_ws/install/rmitbot_localization/share/rmitbot_localization/hook/cmake_prefix_path.sh'
[1.271s] Level 1:colcon.colcon_core.environment:checking '/home/vudinhso/RMIT_Bot/lesson5_ws/install/rmitbot_localization/bin'
[1.271s] Level 1:colcon.colcon_core.environment:checking '/home/vudinhso/RMIT_Bot/lesson5_ws/install/rmitbot_localization/lib/pkgconfig/rmitbot_localization.pc'
[1.272s] Level 1:colcon.colcon_core.environment:checking '/home/vudinhso/RMIT_Bot/lesson5_ws/install/rmitbot_localization/lib/python3.12/site-packages'
[1.272s] Level 1:colcon.colcon_core.environment:checking '/home/vudinhso/RMIT_Bot/lesson5_ws/install/rmitbot_localization/bin'
[1.273s] INFO:colcon.colcon_core.shell:Creating package script '/home/vudinhso/RMIT_Bot/lesson5_ws/install/rmitbot_localization/share/rmitbot_localization/package.ps1'
[1.277s] INFO:colcon.colcon_core.shell:Creating package descriptor '/home/vudinhso/RMIT_Bot/lesson5_ws/install/rmitbot_localization/share/rmitbot_localization/package.dsv'
[1.280s] INFO:colcon.colcon_core.shell:Creating package script '/home/vudinhso/RMIT_Bot/lesson5_ws/install/rmitbot_localization/share/rmitbot_localization/package.sh'
[1.283s] INFO:colcon.colcon_core.shell:Creating package script '/home/vudinhso/RMIT_Bot/lesson5_ws/install/rmitbot_localization/share/rmitbot_localization/package.bash'
[1.285s] INFO:colcon.colcon_core.shell:Creating package script '/home/vudinhso/RMIT_Bot/lesson5_ws/install/rmitbot_localization/share/rmitbot_localization/package.zsh'
[1.286s] Level 1:colcon.colcon_core.environment:create_file_with_runtime_dependencies(/home/vudinhso/RMIT_Bot/lesson5_ws/install/rmitbot_localization/share/colcon-core/packages/rmitbot_localization)
[1.290s] Level 1:colcon.colcon_core.environment:create_environment_scripts_only(rmitbot_localization)
[1.291s] Level 1:colcon.colcon_core.environment:checking '/home/vudinhso/RMIT_Bot/lesson5_ws/install/rmitbot_localization' for CMake module files
[1.292s] Level 1:colcon.colcon_core.environment:checking '/home/vudinhso/RMIT_Bot/lesson5_ws/install/rmitbot_localization' for CMake config files
[1.293s] Level 1:colcon.colcon_core.shell:create_environment_hook('rmitbot_localization', 'cmake_prefix_path')
[1.294s] INFO:colcon.colcon_core.shell:Creating environment hook '/home/vudinhso/RMIT_Bot/lesson5_ws/install/rmitbot_localization/share/rmitbot_localization/hook/cmake_prefix_path.ps1'
[1.295s] INFO:colcon.colcon_core.shell:Creating environment descriptor '/home/vudinhso/RMIT_Bot/lesson5_ws/install/rmitbot_localization/share/rmitbot_localization/hook/cmake_prefix_path.dsv'
[1.296s] INFO:colcon.colcon_core.shell:Creating environment hook '/home/vudinhso/RMIT_Bot/lesson5_ws/install/rmitbot_localization/share/rmitbot_localization/hook/cmake_prefix_path.sh'
[1.301s] Level 1:colcon.colcon_core.environment:checking '/home/vudinhso/RMIT_Bot/lesson5_ws/install/rmitbot_localization/bin'
[1.301s] Level 1:colcon.colcon_core.environment:checking '/home/vudinhso/RMIT_Bot/lesson5_ws/install/rmitbot_localization/lib/pkgconfig/rmitbot_localization.pc'
[1.302s] Level 1:colcon.colcon_core.environment:checking '/home/vudinhso/RMIT_Bot/lesson5_ws/install/rmitbot_localization/lib/python3.12/site-packages'
[1.302s] Level 1:colcon.colcon_core.environment:checking '/home/vudinhso/RMIT_Bot/lesson5_ws/install/rmitbot_localization/bin'
[1.303s] INFO:colcon.colcon_core.shell:Creating package script '/home/vudinhso/RMIT_Bot/lesson5_ws/install/rmitbot_localization/share/rmitbot_localization/package.ps1'
[1.308s] INFO:colcon.colcon_core.shell:Creating package descriptor '/home/vudinhso/RMIT_Bot/lesson5_ws/install/rmitbot_localization/share/rmitbot_localization/package.dsv'
[1.309s] INFO:colcon.colcon_core.shell:Creating package script '/home/vudinhso/RMIT_Bot/lesson5_ws/install/rmitbot_localization/share/rmitbot_localization/package.sh'
[1.310s] INFO:colcon.colcon_core.shell:Creating package script '/home/vudinhso/RMIT_Bot/lesson5_ws/install/rmitbot_localization/share/rmitbot_localization/package.bash'
[1.313s] INFO:colcon.colcon_core.shell:Creating package script '/home/vudinhso/RMIT_Bot/lesson5_ws/install/rmitbot_localization/share/rmitbot_localization/package.zsh'
[1.313s] Level 1:colcon.colcon_core.environment:create_file_with_runtime_dependencies(/home/vudinhso/RMIT_Bot/lesson5_ws/install/rmitbot_localization/share/colcon-core/packages/rmitbot_localization)
[10.611s] DEBUG:colcon.colcon_core.event_handler.log_command:Invoked command in '/home/vudinhso/RMIT_Bot/lesson5_ws/build/rmitbot_firmware' returned '0': CMAKE_PREFIX_PATH=${CMAKE_PREFIX_PATH}:/opt/ros/jazzy DEBUGINFOD_URLS=https://debuginfod.ubuntu.com /usr/bin/cmake --build /home/vudinhso/RMIT_Bot/lesson5_ws/build/rmitbot_firmware -- -j4 -l4
[10.619s] DEBUG:colcon.colcon_core.event_handler.log_command:Invoking command in '/home/vudinhso/RMIT_Bot/lesson5_ws/build/rmitbot_firmware': CMAKE_PREFIX_PATH=${CMAKE_PREFIX_PATH}:/opt/ros/jazzy DEBUGINFOD_URLS=https://debuginfod.ubuntu.com /usr/bin/cmake --install /home/vudinhso/RMIT_Bot/lesson5_ws/build/rmitbot_firmware
[10.683s] Level 1:colcon.colcon_core.environment:create_environment_scripts_only(rmitbot_firmware)
[10.684s] Level 1:colcon.colcon_core.environment:checking '/home/vudinhso/RMIT_Bot/lesson5_ws/install/rmitbot_firmware' for CMake module files
[10.692s] Level 1:colcon.colcon_core.environment:checking '/home/vudinhso/RMIT_Bot/lesson5_ws/install/rmitbot_firmware' for CMake config files
[10.685s] DEBUG:colcon.colcon_core.event_handler.log_command:Invoked command in '/home/vudinhso/RMIT_Bot/lesson5_ws/build/rmitbot_firmware' returned '0': CMAKE_PREFIX_PATH=${CMAKE_PREFIX_PATH}:/opt/ros/jazzy DEBUGINFOD_URLS=https://debuginfod.ubuntu.com /usr/bin/cmake --install /home/vudinhso/RMIT_Bot/lesson5_ws/build/rmitbot_firmware
[10.695s] Level 1:colcon.colcon_core.shell:create_environment_hook('rmitbot_firmware', 'cmake_prefix_path')
[10.696s] INFO:colcon.colcon_core.shell:Creating environment hook '/home/vudinhso/RMIT_Bot/lesson5_ws/install/rmitbot_firmware/share/rmitbot_firmware/hook/cmake_prefix_path.ps1'
[10.706s] INFO:colcon.colcon_core.shell:Creating environment descriptor '/home/vudinhso/RMIT_Bot/lesson5_ws/install/rmitbot_firmware/share/rmitbot_firmware/hook/cmake_prefix_path.dsv'
[10.709s] INFO:colcon.colcon_core.shell:Creating environment hook '/home/vudinhso/RMIT_Bot/lesson5_ws/install/rmitbot_firmware/share/rmitbot_firmware/hook/cmake_prefix_path.sh'
[10.711s] Level 1:colcon.colcon_core.environment:checking '/home/vudinhso/RMIT_Bot/lesson5_ws/install/rmitbot_firmware/lib'
[10.711s] Level 1:colcon.colcon_core.shell:create_environment_hook('rmitbot_firmware', 'ld_library_path_lib')
[10.711s] INFO:colcon.colcon_core.shell:Creating environment hook '/home/vudinhso/RMIT_Bot/lesson5_ws/install/rmitbot_firmware/share/rmitbot_firmware/hook/ld_library_path_lib.ps1'
[10.715s] INFO:colcon.colcon_core.shell:Creating environment descriptor '/home/vudinhso/RMIT_Bot/lesson5_ws/install/rmitbot_firmware/share/rmitbot_firmware/hook/ld_library_path_lib.dsv'
[10.716s] INFO:colcon.colcon_core.shell:Creating environment hook '/home/vudinhso/RMIT_Bot/lesson5_ws/install/rmitbot_firmware/share/rmitbot_firmware/hook/ld_library_path_lib.sh'
[10.720s] Level 1:colcon.colcon_core.environment:checking '/home/vudinhso/RMIT_Bot/lesson5_ws/install/rmitbot_firmware/bin'
[10.720s] Level 1:colcon.colcon_core.environment:checking '/home/vudinhso/RMIT_Bot/lesson5_ws/install/rmitbot_firmware/lib/pkgconfig/rmitbot_firmware.pc'
[10.721s] Level 1:colcon.colcon_core.environment:checking '/home/vudinhso/RMIT_Bot/lesson5_ws/install/rmitbot_firmware/lib/python3.12/site-packages'
[10.721s] Level 1:colcon.colcon_core.environment:checking '/home/vudinhso/RMIT_Bot/lesson5_ws/install/rmitbot_firmware/bin'
[10.721s] INFO:colcon.colcon_core.shell:Creating package script '/home/vudinhso/RMIT_Bot/lesson5_ws/install/rmitbot_firmware/share/rmitbot_firmware/package.ps1'
[10.722s] INFO:colcon.colcon_core.shell:Creating package descriptor '/home/vudinhso/RMIT_Bot/lesson5_ws/install/rmitbot_firmware/share/rmitbot_firmware/package.dsv'
[10.723s] INFO:colcon.colcon_core.shell:Creating package script '/home/vudinhso/RMIT_Bot/lesson5_ws/install/rmitbot_firmware/share/rmitbot_firmware/package.sh'
[10.724s] INFO:colcon.colcon_core.shell:Creating package script '/home/vudinhso/RMIT_Bot/lesson5_ws/install/rmitbot_firmware/share/rmitbot_firmware/package.bash'
[10.724s] INFO:colcon.colcon_core.shell:Creating package script '/home/vudinhso/RMIT_Bot/lesson5_ws/install/rmitbot_firmware/share/rmitbot_firmware/package.zsh'
[10.725s] Level 1:colcon.colcon_core.environment:create_file_with_runtime_dependencies(/home/vudinhso/RMIT_Bot/lesson5_ws/install/rmitbot_firmware/share/colcon-core/packages/rmitbot_firmware)
[10.729s] Level 1:colcon.colcon_core.environment:create_environment_scripts_only(rmitbot_firmware)
[10.730s] Level 1:colcon.colcon_core.environment:checking '/home/vudinhso/RMIT_Bot/lesson5_ws/install/rmitbot_firmware' for CMake module files
[10.731s] Level 1:colcon.colcon_core.environment:checking '/home/vudinhso/RMIT_Bot/lesson5_ws/install/rmitbot_firmware' for CMake config files
[10.734s] Level 1:colcon.colcon_core.shell:create_environment_hook('rmitbot_firmware', 'cmake_prefix_path')
[10.734s] INFO:colcon.colcon_core.shell:Creating environment hook '/home/vudinhso/RMIT_Bot/lesson5_ws/install/rmitbot_firmware/share/rmitbot_firmware/hook/cmake_prefix_path.ps1'
[10.738s] INFO:colcon.colcon_core.shell:Creating environment descriptor '/home/vudinhso/RMIT_Bot/lesson5_ws/install/rmitbot_firmware/share/rmitbot_firmware/hook/cmake_prefix_path.dsv'
[10.739s] INFO:colcon.colcon_core.shell:Creating environment hook '/home/vudinhso/RMIT_Bot/lesson5_ws/install/rmitbot_firmware/share/rmitbot_firmware/hook/cmake_prefix_path.sh'
[10.741s] Level 1:colcon.colcon_core.environment:checking '/home/vudinhso/RMIT_Bot/lesson5_ws/install/rmitbot_firmware/lib'
[10.741s] Level 1:colcon.colcon_core.shell:create_environment_hook('rmitbot_firmware', 'ld_library_path_lib')
[10.741s] INFO:colcon.colcon_core.shell:Creating environment hook '/home/vudinhso/RMIT_Bot/lesson5_ws/install/rmitbot_firmware/share/rmitbot_firmware/hook/ld_library_path_lib.ps1'
[10.744s] INFO:colcon.colcon_core.shell:Creating environment descriptor '/home/vudinhso/RMIT_Bot/lesson5_ws/install/rmitbot_firmware/share/rmitbot_firmware/hook/ld_library_path_lib.dsv'
[10.748s] INFO:colcon.colcon_core.shell:Creating environment hook '/home/vudinhso/RMIT_Bot/lesson5_ws/install/rmitbot_firmware/share/rmitbot_firmware/hook/ld_library_path_lib.sh'
[10.749s] Level 1:colcon.colcon_core.environment:checking '/home/vudinhso/RMIT_Bot/lesson5_ws/install/rmitbot_firmware/bin'
[10.750s] Level 1:colcon.colcon_core.environment:checking '/home/vudinhso/RMIT_Bot/lesson5_ws/install/rmitbot_firmware/lib/pkgconfig/rmitbot_firmware.pc'
[10.750s] Level 1:colcon.colcon_core.environment:checking '/home/vudinhso/RMIT_Bot/lesson5_ws/install/rmitbot_firmware/lib/python3.12/site-packages'
[10.750s] Level 1:colcon.colcon_core.environment:checking '/home/vudinhso/RMIT_Bot/lesson5_ws/install/rmitbot_firmware/bin'
[10.752s] INFO:colcon.colcon_core.shell:Creating package script '/home/vudinhso/RMIT_Bot/lesson5_ws/install/rmitbot_firmware/share/rmitbot_firmware/package.ps1'
[10.755s] INFO:colcon.colcon_core.shell:Creating package descriptor '/home/vudinhso/RMIT_Bot/lesson5_ws/install/rmitbot_firmware/share/rmitbot_firmware/package.dsv'
[10.756s] INFO:colcon.colcon_core.shell:Creating package script '/home/vudinhso/RMIT_Bot/lesson5_ws/install/rmitbot_firmware/share/rmitbot_firmware/package.sh'
[10.757s] INFO:colcon.colcon_core.shell:Creating package script '/home/vudinhso/RMIT_Bot/lesson5_ws/install/rmitbot_firmware/share/rmitbot_firmware/package.bash'
[10.761s] INFO:colcon.colcon_core.shell:Creating package script '/home/vudinhso/RMIT_Bot/lesson5_ws/install/rmitbot_firmware/share/rmitbot_firmware/package.zsh'
[10.764s] Level 1:colcon.colcon_core.environment:create_file_with_runtime_dependencies(/home/vudinhso/RMIT_Bot/lesson5_ws/install/rmitbot_firmware/share/colcon-core/packages/rmitbot_firmware)
[10.765s] DEBUG:colcon.colcon_parallel_executor.executor.parallel:closing loop
[10.768s] DEBUG:colcon.colcon_parallel_executor.executor.parallel:loop closed
[10.768s] DEBUG:colcon.colcon_parallel_executor.executor.parallel:run_until_complete finished with '0'
[10.768s] DEBUG:colcon.colcon_core.event_reactor:joining thread
[10.790s] INFO:colcon.colcon_core.plugin_system:Skipping extension 'colcon_notification.desktop_notification.terminal_notifier': Not used on non-Darwin systems
[10.793s] INFO:colcon.colcon_core.plugin_system:Skipping extension 'colcon_notification.desktop_notification.win32': Not used on non-Windows systems
[10.793s] INFO:colcon.colcon_notification.desktop_notification:Sending desktop notification using 'notify2'
[10.825s] DEBUG:colcon.colcon_core.event_reactor:joined thread
[10.826s] INFO:colcon.colcon_core.shell:Creating prefix script '/home/vudinhso/RMIT_Bot/lesson5_ws/install/local_setup.ps1'
[10.828s] INFO:colcon.colcon_core.shell:Creating prefix util module '/home/vudinhso/RMIT_Bot/lesson5_ws/install/_local_setup_util_ps1.py'
[10.836s] INFO:colcon.colcon_core.shell:Creating prefix chain script '/home/vudinhso/RMIT_Bot/lesson5_ws/install/setup.ps1'
[10.841s] INFO:colcon.colcon_core.shell:Creating prefix script '/home/vudinhso/RMIT_Bot/lesson5_ws/install/local_setup.sh'
[10.844s] INFO:colcon.colcon_core.shell:Creating prefix util module '/home/vudinhso/RMIT_Bot/lesson5_ws/install/_local_setup_util_sh.py'
[10.846s] INFO:colcon.colcon_core.shell:Creating prefix chain script '/home/vudinhso/RMIT_Bot/lesson5_ws/install/setup.sh'
[10.850s] INFO:colcon.colcon_core.shell:Creating prefix script '/home/vudinhso/RMIT_Bot/lesson5_ws/install/local_setup.bash'
[10.853s] INFO:colcon.colcon_core.shell:Creating prefix chain script '/home/vudinhso/RMIT_Bot/lesson5_ws/install/setup.bash'
[10.860s] INFO:colcon.colcon_core.shell:Creating prefix script '/home/vudinhso/RMIT_Bot/lesson5_ws/install/local_setup.zsh'
[10.860s] INFO:colcon.colcon_core.shell:Creating prefix chain script '/home/vudinhso/RMIT_Bot/lesson5_ws/install/setup.zsh'
