[0.114s] Invoking command in '/home/tranminhtu/RMITbot/lesson5_ws/build/rmitbot_description': CMAKE_PREFIX_PATH=${CMAKE_PREFIX_PATH}:/opt/ros/jazzy DEBUGINFOD_URLS=https://debuginfod.ubuntu.com /usr/bin/cmake --build /home/tranminhtu/RMITbot/lesson5_ws/build/rmitbot_description -- -j8 -l8
[0.472s] Invoked command in '/home/tranminhtu/RMITbot/lesson5_ws/build/rmitbot_description' returned '0': CMAKE_PREFIX_PATH=${CMAKE_PREFIX_PATH}:/opt/ros/jazzy DEBUGINFOD_URLS=https://debuginfod.ubuntu.com /usr/bin/cmake --build /home/tranminhtu/RMITbot/lesson5_ws/build/rmitbot_description -- -j8 -l8
[0.474s] Invoking command in '/home/tranminhtu/RMITbot/lesson5_ws/build/rmitbot_description': CMAKE_PREFIX_PATH=${CMAKE_PREFIX_PATH}:/opt/ros/jazzy DEBUGINFOD_URLS=https://debuginfod.ubuntu.com /usr/bin/cmake --install /home/tranminhtu/RMITbot/lesson5_ws/build/rmitbot_description
[0.604s] -- Install configuration: ""
[0.606s] -- Up-to-date: /home/tranminhtu/RMITbot/lesson5_ws/install/rmitbot_description/share/rmitbot_description/meshes
[0.608s] -- Up-to-date: /home/tranminhtu/RMITbot/lesson5_ws/install/rmitbot_description/share/rmitbot_description/meshes/wheel_left_link.STL
[0.608s] -- Up-to-date: /home/tranminhtu/RMITbot/lesson5_ws/install/rmitbot_description/share/rmitbot_description/meshes/wheel_right_link.STL
[0.609s] -- Up-to-date: /home/tranminhtu/RMITbot/lesson5_ws/install/rmitbot_description/share/rmitbot_description/meshes/caster_front_link.STL
[0.621s] -- Up-to-date: /home/tranminhtu/RMITbot/lesson5_ws/install/rmitbot_description/share/rmitbot_description/meshes/caster_rear_link.STL
[0.623s] -- Up-to-date: /home/tranminhtu/RMITbot/lesson5_ws/install/rmitbot_description/share/rmitbot_description/meshes/base_link.STL
[0.623s] -- Up-to-date: /home/tranminhtu/RMITbot/lesson5_ws/install/rmitbot_description/share/rmitbot_description/meshes/imu_link.STL
[0.623s] -- Up-to-date: /home/tranminhtu/RMITbot/lesson5_ws/install/rmitbot_description/share/rmitbot_description/urdf
[0.623s] -- Up-to-date: /home/tranminhtu/RMITbot/lesson5_ws/install/rmitbot_description/share/rmitbot_description/urdf/rmitbot_platform.xacro
[0.623s] -- Up-to-date: /home/tranminhtu/RMITbot/lesson5_ws/install/rmitbot_description/share/rmitbot_description/urdf/rmitbot_gazebo.xacro
[0.623s] -- Up-to-date: /home/tranminhtu/RMITbot/lesson5_ws/install/rmitbot_description/share/rmitbot_description/urdf/rmitbot_imu.xacro
[0.623s] -- Up-to-date: /home/tranminhtu/RMITbot/lesson5_ws/install/rmitbot_description/share/rmitbot_description/urdf/rmitbot_ros2_control.xacro
[0.623s] -- Up-to-date: /home/tranminhtu/RMITbot/lesson5_ws/install/rmitbot_description/share/rmitbot_description/urdf/rmitbot.urdf.xacro
[0.623s] -- Up-to-date: /home/tranminhtu/RMITbot/lesson5_ws/install/rmitbot_description/share/rmitbot_description/launch
[0.623s] -- Up-to-date: /home/tranminhtu/RMITbot/lesson5_ws/install/rmitbot_description/share/rmitbot_description/launch/gazebo.launch.py
[0.623s] -- Up-to-date: /home/tranminhtu/RMITbot/lesson5_ws/install/rmitbot_description/share/rmitbot_description/launch/display.launch.py
[0.623s] -- Up-to-date: /home/tranminhtu/RMITbot/lesson5_ws/install/rmitbot_description/share/rmitbot_description/rviz
[0.623s] -- Up-to-date: /home/tranminhtu/RMITbot/lesson5_ws/install/rmitbot_description/share/rmitbot_description/rviz/display.rviz
[0.624s] -- Up-to-date: /home/tranminhtu/RMITbot/lesson5_ws/install/rmitbot_description/share/ament_index/resource_index/package_run_dependencies/rmitbot_description
[0.630s] -- Up-to-date: /home/tranminhtu/RMITbot/lesson5_ws/install/rmitbot_description/share/ament_index/resource_index/parent_prefix_path/rmitbot_description
[0.631s] -- Up-to-date: /home/tranminhtu/RMITbot/lesson5_ws/install/rmitbot_description/share/rmitbot_description/environment/ament_prefix_path.sh
[0.631s] -- Up-to-date: /home/tranminhtu/RMITbot/lesson5_ws/install/rmitbot_description/share/rmitbot_description/environment/ament_prefix_path.dsv
[0.632s] -- Up-to-date: /home/tranminhtu/RMITbot/lesson5_ws/install/rmitbot_description/share/rmitbot_description/environment/path.sh
[0.633s] -- Up-to-date: /home/tranminhtu/RMITbot/lesson5_ws/install/rmitbot_description/share/rmitbot_description/environment/path.dsv
[0.633s] -- Up-to-date: /home/tranminhtu/RMITbot/lesson5_ws/install/rmitbot_description/share/rmitbot_description/local_setup.bash
[0.634s] -- Up-to-date: /home/tranminhtu/RMITbot/lesson5_ws/install/rmitbot_description/share/rmitbot_description/local_setup.sh
[0.634s] -- Up-to-date: /home/tranminhtu/RMITbot/lesson5_ws/install/rmitbot_description/share/rmitbot_description/local_setup.zsh
[0.655s] -- Up-to-date: /home/tranminhtu/RMITbot/lesson5_ws/install/rmitbot_description/share/rmitbot_description/local_setup.dsv
[0.655s] -- Installing: /home/tranminhtu/RMITbot/lesson5_ws/install/rmitbot_description/share/rmitbot_description/package.dsv
[0.655s] -- Up-to-date: /home/tranminhtu/RMITbot/lesson5_ws/install/rmitbot_description/share/ament_index/resource_index/packages/rmitbot_description
[0.655s] -- Up-to-date: /home/tranminhtu/RMITbot/lesson5_ws/install/rmitbot_description/share/rmitbot_description/cmake/rmitbot_descriptionConfig.cmake
[0.655s] -- Up-to-date: /home/tranminhtu/RMITbot/lesson5_ws/install/rmitbot_description/share/rmitbot_description/cmake/rmitbot_descriptionConfig-version.cmake
[0.655s] -- Up-to-date: /home/tranminhtu/RMITbot/lesson5_ws/install/rmitbot_description/share/rmitbot_description/package.xml
[0.918s] Invoked command in '/home/tranminhtu/RMITbot/lesson5_ws/build/rmitbot_description' returned '0': CMAKE_PREFIX_PATH=${CMAKE_PREFIX_PATH}:/opt/ros/jazzy DEBUGINFOD_URLS=https://debuginfod.ubuntu.com /usr/bin/cmake --install /home/tranminhtu/RMITbot/lesson5_ws/build/rmitbot_description
