[0.145s] DEBUG:colcon:Command line arguments: ['/usr/bin/colcon', 'build']
[0.145s] DEBUG:colcon:Parsed command line arguments: Namespace(log_base=None, log_level=None, verb_name='build', build_base='build', install_base='install', merge_install=False, symlink_install=False, test_result_base=None, continue_on_error=False, executor='parallel', parallel_workers=4, event_handlers=None, ignore_user_meta=False, metas=['./colcon.meta'], base_paths=['.'], packages_ignore=None, packages_ignore_regex=None, paths=None, packages_up_to=None, packages_up_to_regex=None, packages_above=None, packages_above_and_dependencies=None, packages_above_depth=None, packages_select_by_dep=None, packages_skip_by_dep=None, packages_skip_up_to=None, packages_select_build_failed=False, packages_skip_build_finished=False, packages_select_test_failures=False, packages_skip_test_passed=False, packages_select=None, packages_skip=None, packages_select_regex=None, packages_skip_regex=None, packages_start=None, packages_end=None, allow_overriding=[], cmake_args=None, cmake_target=None, cmake_target_skip_unavailable=False, cmake_clean_cache=False, cmake_clean_first=False, cmake_force_configure=False, ament_cmake_args=None, catkin_cmake_args=None, catkin_skip_building_tests=False, mixin_files=None, mixin=None, verb_parser=<colcon_mixin.mixin.mixin_argument.MixinArgumentDecorator object at 0x742fe3c68e90>, verb_extension=<colcon_core.verb.build.BuildVerb object at 0x742fe3c68bc0>, main=<bound method BuildVerb.main of <colcon_core.verb.build.BuildVerb object at 0x742fe3c68bc0>>, mixin_verb=('build',))
[0.190s] Level 1:colcon.colcon_core.package_discovery:discover_packages(colcon_meta) check parameters
[0.190s] Level 1:colcon.colcon_core.package_discovery:discover_packages(recursive) check parameters
[0.190s] Level 1:colcon.colcon_core.package_discovery:discover_packages(ignore) check parameters
[0.190s] Level 1:colcon.colcon_core.package_discovery:discover_packages(path) check parameters
[0.190s] Level 1:colcon.colcon_core.package_discovery:discover_packages(colcon_meta) discover
[0.190s] Level 1:colcon.colcon_core.package_discovery:discover_packages(recursive) discover
[0.190s] INFO:colcon.colcon_core.package_discovery:Crawling recursively for packages in '/home/vudinhso/RMIT_Bot/lesson5_ws'
[0.190s] Level 1:colcon.colcon_core.package_identification:_identify(.) by extensions ['ignore', 'ignore_ament_install']
[0.191s] Level 1:colcon.colcon_core.package_identification:_identify(.) by extension 'ignore'
[0.191s] Level 1:colcon.colcon_core.package_identification:_identify(.) by extension 'ignore_ament_install'
[0.191s] Level 1:colcon.colcon_core.package_identification:_identify(.) by extensions ['colcon_pkg']
[0.191s] Level 1:colcon.colcon_core.package_identification:_identify(.) by extension 'colcon_pkg'
[0.191s] Level 1:colcon.colcon_core.package_identification:_identify(.) by extensions ['colcon_meta']
[0.191s] Level 1:colcon.colcon_core.package_identification:_identify(.) by extension 'colcon_meta'
[0.191s] Level 1:colcon.colcon_core.package_identification:_identify(.) by extensions ['ros']
[0.191s] Level 1:colcon.colcon_core.package_identification:_identify(.) by extension 'ros'
[0.223s] Level 1:colcon.colcon_core.package_identification:_identify(.) by extensions ['cmake', 'python']
[0.223s] Level 1:colcon.colcon_core.package_identification:_identify(.) by extension 'cmake'
[0.223s] Level 1:colcon.colcon_core.package_identification:_identify(.) by extension 'python'
[0.223s] Level 1:colcon.colcon_core.package_identification:_identify(.) by extensions ['python_setup_py']
[0.223s] Level 1:colcon.colcon_core.package_identification:_identify(.) by extension 'python_setup_py'
[0.223s] Level 1:colcon.colcon_core.package_identification:_identify(build) by extensions ['ignore', 'ignore_ament_install']
[0.223s] Level 1:colcon.colcon_core.package_identification:_identify(build) by extension 'ignore'
[0.223s] Level 1:colcon.colcon_core.package_identification:_identify(build) ignored
[0.223s] Level 1:colcon.colcon_core.package_identification:_identify(install) by extensions ['ignore', 'ignore_ament_install']
[0.223s] Level 1:colcon.colcon_core.package_identification:_identify(install) by extension 'ignore'
[0.223s] Level 1:colcon.colcon_core.package_identification:_identify(install) ignored
[0.224s] Level 1:colcon.colcon_core.package_identification:_identify(log) by extensions ['ignore', 'ignore_ament_install']
[0.224s] Level 1:colcon.colcon_core.package_identification:_identify(log) by extension 'ignore'
[0.224s] Level 1:colcon.colcon_core.package_identification:_identify(log) ignored
[0.224s] Level 1:colcon.colcon_core.package_identification:_identify(src) by extensions ['ignore', 'ignore_ament_install']
[0.224s] Level 1:colcon.colcon_core.package_identification:_identify(src) by extension 'ignore'
[0.224s] Level 1:colcon.colcon_core.package_identification:_identify(src) by extension 'ignore_ament_install'
[0.224s] Level 1:colcon.colcon_core.package_identification:_identify(src) by extensions ['colcon_pkg']
[0.224s] Level 1:colcon.colcon_core.package_identification:_identify(src) by extension 'colcon_pkg'
[0.224s] Level 1:colcon.colcon_core.package_identification:_identify(src) by extensions ['colcon_meta']
[0.224s] Level 1:colcon.colcon_core.package_identification:_identify(src) by extension 'colcon_meta'
[0.224s] Level 1:colcon.colcon_core.package_identification:_identify(src) by extensions ['ros']
[0.224s] Level 1:colcon.colcon_core.package_identification:_identify(src) by extension 'ros'
[0.224s] Level 1:colcon.colcon_core.package_identification:_identify(src) by extensions ['cmake', 'python']
[0.224s] Level 1:colcon.colcon_core.package_identification:_identify(src) by extension 'cmake'
[0.224s] Level 1:colcon.colcon_core.package_identification:_identify(src) by extension 'python'
[0.224s] Level 1:colcon.colcon_core.package_identification:_identify(src) by extensions ['python_setup_py']
[0.224s] Level 1:colcon.colcon_core.package_identification:_identify(src) by extension 'python_setup_py'
[0.224s] Level 1:colcon.colcon_core.package_identification:_identify(src/rmitbot_bringup) by extensions ['ignore', 'ignore_ament_install']
[0.224s] Level 1:colcon.colcon_core.package_identification:_identify(src/rmitbot_bringup) by extension 'ignore'
[0.224s] Level 1:colcon.colcon_core.package_identification:_identify(src/rmitbot_bringup) by extension 'ignore_ament_install'
[0.224s] Level 1:colcon.colcon_core.package_identification:_identify(src/rmitbot_bringup) by extensions ['colcon_pkg']
[0.224s] Level 1:colcon.colcon_core.package_identification:_identify(src/rmitbot_bringup) by extension 'colcon_pkg'
[0.225s] Level 1:colcon.colcon_core.package_identification:_identify(src/rmitbot_bringup) by extensions ['colcon_meta']
[0.225s] Level 1:colcon.colcon_core.package_identification:_identify(src/rmitbot_bringup) by extension 'colcon_meta'
[0.225s] Level 1:colcon.colcon_core.package_identification:_identify(src/rmitbot_bringup) by extensions ['ros']
[0.225s] Level 1:colcon.colcon_core.package_identification:_identify(src/rmitbot_bringup) by extension 'ros'
[0.227s] DEBUG:colcon.colcon_core.package_identification:Package 'src/rmitbot_bringup' with type 'ros.ament_cmake' and name 'rmitbot_bringup'
[0.227s] Level 1:colcon.colcon_core.package_identification:_identify(src/rmitbot_controller) by extensions ['ignore', 'ignore_ament_install']
[0.227s] Level 1:colcon.colcon_core.package_identification:_identify(src/rmitbot_controller) by extension 'ignore'
[0.227s] Level 1:colcon.colcon_core.package_identification:_identify(src/rmitbot_controller) by extension 'ignore_ament_install'
[0.228s] Level 1:colcon.colcon_core.package_identification:_identify(src/rmitbot_controller) by extensions ['colcon_pkg']
[0.228s] Level 1:colcon.colcon_core.package_identification:_identify(src/rmitbot_controller) by extension 'colcon_pkg'
[0.228s] Level 1:colcon.colcon_core.package_identification:_identify(src/rmitbot_controller) by extensions ['colcon_meta']
[0.228s] Level 1:colcon.colcon_core.package_identification:_identify(src/rmitbot_controller) by extension 'colcon_meta'
[0.228s] Level 1:colcon.colcon_core.package_identification:_identify(src/rmitbot_controller) by extensions ['ros']
[0.228s] Level 1:colcon.colcon_core.package_identification:_identify(src/rmitbot_controller) by extension 'ros'
[0.228s] DEBUG:colcon.colcon_core.package_identification:Package 'src/rmitbot_controller' with type 'ros.ament_cmake' and name 'rmitbot_controller'
[0.228s] Level 1:colcon.colcon_core.package_identification:_identify(src/rmitbot_description) by extensions ['ignore', 'ignore_ament_install']
[0.228s] Level 1:colcon.colcon_core.package_identification:_identify(src/rmitbot_description) by extension 'ignore'
[0.228s] Level 1:colcon.colcon_core.package_identification:_identify(src/rmitbot_description) by extension 'ignore_ament_install'
[0.228s] Level 1:colcon.colcon_core.package_identification:_identify(src/rmitbot_description) by extensions ['colcon_pkg']
[0.228s] Level 1:colcon.colcon_core.package_identification:_identify(src/rmitbot_description) by extension 'colcon_pkg'
[0.229s] Level 1:colcon.colcon_core.package_identification:_identify(src/rmitbot_description) by extensions ['colcon_meta']
[0.229s] Level 1:colcon.colcon_core.package_identification:_identify(src/rmitbot_description) by extension 'colcon_meta'
[0.229s] Level 1:colcon.colcon_core.package_identification:_identify(src/rmitbot_description) by extensions ['ros']
[0.229s] Level 1:colcon.colcon_core.package_identification:_identify(src/rmitbot_description) by extension 'ros'
[0.229s] DEBUG:colcon.colcon_core.package_identification:Package 'src/rmitbot_description' with type 'ros.ament_cmake' and name 'rmitbot_description'
[0.229s] Level 1:colcon.colcon_core.package_identification:_identify(src/rmitbot_firmware) by extensions ['ignore', 'ignore_ament_install']
[0.229s] Level 1:colcon.colcon_core.package_identification:_identify(src/rmitbot_firmware) by extension 'ignore'
[0.229s] Level 1:colcon.colcon_core.package_identification:_identify(src/rmitbot_firmware) by extension 'ignore_ament_install'
[0.229s] Level 1:colcon.colcon_core.package_identification:_identify(src/rmitbot_firmware) by extensions ['colcon_pkg']
[0.229s] Level 1:colcon.colcon_core.package_identification:_identify(src/rmitbot_firmware) by extension 'colcon_pkg'
[0.229s] Level 1:colcon.colcon_core.package_identification:_identify(src/rmitbot_firmware) by extensions ['colcon_meta']
[0.229s] Level 1:colcon.colcon_core.package_identification:_identify(src/rmitbot_firmware) by extension 'colcon_meta'
[0.229s] Level 1:colcon.colcon_core.package_identification:_identify(src/rmitbot_firmware) by extensions ['ros']
[0.229s] Level 1:colcon.colcon_core.package_identification:_identify(src/rmitbot_firmware) by extension 'ros'
[0.230s] DEBUG:colcon.colcon_core.package_identification:Package 'src/rmitbot_firmware' with type 'ros.ament_cmake' and name 'rmitbot_firmware'
[0.230s] Level 1:colcon.colcon_core.package_identification:_identify(src/rmitbot_localization) by extensions ['ignore', 'ignore_ament_install']
[0.230s] Level 1:colcon.colcon_core.package_identification:_identify(src/rmitbot_localization) by extension 'ignore'
[0.230s] Level 1:colcon.colcon_core.package_identification:_identify(src/rmitbot_localization) by extension 'ignore_ament_install'
[0.230s] Level 1:colcon.colcon_core.package_identification:_identify(src/rmitbot_localization) by extensions ['colcon_pkg']
[0.230s] Level 1:colcon.colcon_core.package_identification:_identify(src/rmitbot_localization) by extension 'colcon_pkg'
[0.230s] Level 1:colcon.colcon_core.package_identification:_identify(src/rmitbot_localization) by extensions ['colcon_meta']
[0.230s] Level 1:colcon.colcon_core.package_identification:_identify(src/rmitbot_localization) by extension 'colcon_meta'
[0.230s] Level 1:colcon.colcon_core.package_identification:_identify(src/rmitbot_localization) by extensions ['ros']
[0.230s] Level 1:colcon.colcon_core.package_identification:_identify(src/rmitbot_localization) by extension 'ros'
[0.231s] DEBUG:colcon.colcon_core.package_identification:Package 'src/rmitbot_localization' with type 'ros.ament_cmake' and name 'rmitbot_localization'
[0.231s] Level 1:colcon.colcon_core.package_discovery:discover_packages(recursive) using defaults
[0.231s] Level 1:colcon.colcon_core.package_discovery:discover_packages(ignore) discover
[0.231s] Level 1:colcon.colcon_core.package_discovery:discover_packages(ignore) using defaults
[0.231s] Level 1:colcon.colcon_core.package_discovery:discover_packages(path) discover
[0.231s] Level 1:colcon.colcon_core.package_discovery:discover_packages(path) using defaults
[0.252s] Level 1:colcon.colcon_core.package_discovery:discover_packages(prefix_path) check parameters
[0.252s] Level 1:colcon.colcon_core.package_discovery:discover_packages(prefix_path) discover
[0.258s] DEBUG:colcon.colcon_installed_package_information.package_discovery:Found 5 installed packages in /home/vudinhso/RMIT_Bot/lesson5_ws/install
[0.259s] DEBUG:colcon.colcon_installed_package_information.package_discovery:Found 386 installed packages in /opt/ros/jazzy
[0.261s] Level 1:colcon.colcon_core.package_discovery:discover_packages(prefix_path) using defaults
[0.318s] Level 5:colcon.colcon_core.verb:set package 'rmitbot_bringup' build argument 'cmake_args' from command line to 'None'
[0.318s] Level 5:colcon.colcon_core.verb:set package 'rmitbot_bringup' build argument 'cmake_target' from command line to 'None'
[0.318s] Level 5:colcon.colcon_core.verb:set package 'rmitbot_bringup' build argument 'cmake_target_skip_unavailable' from command line to 'False'
[0.318s] Level 5:colcon.colcon_core.verb:set package 'rmitbot_bringup' build argument 'cmake_clean_cache' from command line to 'False'
[0.318s] Level 5:colcon.colcon_core.verb:set package 'rmitbot_bringup' build argument 'cmake_clean_first' from command line to 'False'
[0.318s] Level 5:colcon.colcon_core.verb:set package 'rmitbot_bringup' build argument 'cmake_force_configure' from command line to 'False'
[0.318s] Level 5:colcon.colcon_core.verb:set package 'rmitbot_bringup' build argument 'ament_cmake_args' from command line to 'None'
[0.318s] Level 5:colcon.colcon_core.verb:set package 'rmitbot_bringup' build argument 'catkin_cmake_args' from command line to 'None'
[0.318s] Level 5:colcon.colcon_core.verb:set package 'rmitbot_bringup' build argument 'catkin_skip_building_tests' from command line to 'False'
[0.318s] DEBUG:colcon.colcon_core.verb:Building package 'rmitbot_bringup' with the following arguments: {'ament_cmake_args': None, 'build_base': '/home/vudinhso/RMIT_Bot/lesson5_ws/build/rmitbot_bringup', 'catkin_cmake_args': None, 'catkin_skip_building_tests': False, 'cmake_args': None, 'cmake_clean_cache': False, 'cmake_clean_first': False, 'cmake_force_configure': False, 'cmake_target': None, 'cmake_target_skip_unavailable': False, 'install_base': '/home/vudinhso/RMIT_Bot/lesson5_ws/install/rmitbot_bringup', 'merge_install': False, 'path': '/home/vudinhso/RMIT_Bot/lesson5_ws/src/rmitbot_bringup', 'symlink_install': False, 'test_result_base': None}
[0.319s] Level 5:colcon.colcon_core.verb:set package 'rmitbot_controller' build argument 'cmake_args' from command line to 'None'
[0.319s] Level 5:colcon.colcon_core.verb:set package 'rmitbot_controller' build argument 'cmake_target' from command line to 'None'
[0.319s] Level 5:colcon.colcon_core.verb:set package 'rmitbot_controller' build argument 'cmake_target_skip_unavailable' from command line to 'False'
[0.319s] Level 5:colcon.colcon_core.verb:set package 'rmitbot_controller' build argument 'cmake_clean_cache' from command line to 'False'
[0.319s] Level 5:colcon.colcon_core.verb:set package 'rmitbot_controller' build argument 'cmake_clean_first' from command line to 'False'
[0.319s] Level 5:colcon.colcon_core.verb:set package 'rmitbot_controller' build argument 'cmake_force_configure' from command line to 'False'
[0.319s] Level 5:colcon.colcon_core.verb:set package 'rmitbot_controller' build argument 'ament_cmake_args' from command line to 'None'
[0.319s] Level 5:colcon.colcon_core.verb:set package 'rmitbot_controller' build argument 'catkin_cmake_args' from command line to 'None'
[0.319s] Level 5:colcon.colcon_core.verb:set package 'rmitbot_controller' build argument 'catkin_skip_building_tests' from command line to 'False'
[0.319s] DEBUG:colcon.colcon_core.verb:Building package 'rmitbot_controller' with the following arguments: {'ament_cmake_args': None, 'build_base': '/home/vudinhso/RMIT_Bot/lesson5_ws/build/rmitbot_controller', 'catkin_cmake_args': None, 'catkin_skip_building_tests': False, 'cmake_args': None, 'cmake_clean_cache': False, 'cmake_clean_first': False, 'cmake_force_configure': False, 'cmake_target': None, 'cmake_target_skip_unavailable': False, 'install_base': '/home/vudinhso/RMIT_Bot/lesson5_ws/install/rmitbot_controller', 'merge_install': False, 'path': '/home/vudinhso/RMIT_Bot/lesson5_ws/src/rmitbot_controller', 'symlink_install': False, 'test_result_base': None}
[0.319s] Level 5:colcon.colcon_core.verb:set package 'rmitbot_description' build argument 'cmake_args' from command line to 'None'
[0.319s] Level 5:colcon.colcon_core.verb:set package 'rmitbot_description' build argument 'cmake_target' from command line to 'None'
[0.319s] Level 5:colcon.colcon_core.verb:set package 'rmitbot_description' build argument 'cmake_target_skip_unavailable' from command line to 'False'
[0.319s] Level 5:colcon.colcon_core.verb:set package 'rmitbot_description' build argument 'cmake_clean_cache' from command line to 'False'
[0.319s] Level 5:colcon.colcon_core.verb:set package 'rmitbot_description' build argument 'cmake_clean_first' from command line to 'False'
[0.319s] Level 5:colcon.colcon_core.verb:set package 'rmitbot_description' build argument 'cmake_force_configure' from command line to 'False'
[0.319s] Level 5:colcon.colcon_core.verb:set package 'rmitbot_description' build argument 'ament_cmake_args' from command line to 'None'
[0.319s] Level 5:colcon.colcon_core.verb:set package 'rmitbot_description' build argument 'catkin_cmake_args' from command line to 'None'
[0.319s] Level 5:colcon.colcon_core.verb:set package 'rmitbot_description' build argument 'catkin_skip_building_tests' from command line to 'False'
[0.319s] DEBUG:colcon.colcon_core.verb:Building package 'rmitbot_description' with the following arguments: {'ament_cmake_args': None, 'build_base': '/home/vudinhso/RMIT_Bot/lesson5_ws/build/rmitbot_description', 'catkin_cmake_args': None, 'catkin_skip_building_tests': False, 'cmake_args': None, 'cmake_clean_cache': False, 'cmake_clean_first': False, 'cmake_force_configure': False, 'cmake_target': None, 'cmake_target_skip_unavailable': False, 'install_base': '/home/vudinhso/RMIT_Bot/lesson5_ws/install/rmitbot_description', 'merge_install': False, 'path': '/home/vudinhso/RMIT_Bot/lesson5_ws/src/rmitbot_description', 'symlink_install': False, 'test_result_base': None}
[0.319s] Level 5:colcon.colcon_core.verb:set package 'rmitbot_firmware' build argument 'cmake_args' from command line to 'None'
[0.319s] Level 5:colcon.colcon_core.verb:set package 'rmitbot_firmware' build argument 'cmake_target' from command line to 'None'
[0.319s] Level 5:colcon.colcon_core.verb:set package 'rmitbot_firmware' build argument 'cmake_target_skip_unavailable' from command line to 'False'
[0.319s] Level 5:colcon.colcon_core.verb:set package 'rmitbot_firmware' build argument 'cmake_clean_cache' from command line to 'False'
[0.319s] Level 5:colcon.colcon_core.verb:set package 'rmitbot_firmware' build argument 'cmake_clean_first' from command line to 'False'
[0.319s] Level 5:colcon.colcon_core.verb:set package 'rmitbot_firmware' build argument 'cmake_force_configure' from command line to 'False'
[0.319s] Level 5:colcon.colcon_core.verb:set package 'rmitbot_firmware' build argument 'ament_cmake_args' from command line to 'None'
[0.319s] Level 5:colcon.colcon_core.verb:set package 'rmitbot_firmware' build argument 'catkin_cmake_args' from command line to 'None'
[0.319s] Level 5:colcon.colcon_core.verb:set package 'rmitbot_firmware' build argument 'catkin_skip_building_tests' from command line to 'False'
[0.319s] DEBUG:colcon.colcon_core.verb:Building package 'rmitbot_firmware' with the following arguments: {'ament_cmake_args': None, 'build_base': '/home/vudinhso/RMIT_Bot/lesson5_ws/build/rmitbot_firmware', 'catkin_cmake_args': None, 'catkin_skip_building_tests': False, 'cmake_args': None, 'cmake_clean_cache': False, 'cmake_clean_first': False, 'cmake_force_configure': False, 'cmake_target': None, 'cmake_target_skip_unavailable': False, 'install_base': '/home/vudinhso/RMIT_Bot/lesson5_ws/install/rmitbot_firmware', 'merge_install': False, 'path': '/home/vudinhso/RMIT_Bot/lesson5_ws/src/rmitbot_firmware', 'symlink_install': False, 'test_result_base': None}
[0.320s] Level 5:colcon.colcon_core.verb:set package 'rmitbot_localization' build argument 'cmake_args' from command line to 'None'
[0.320s] Level 5:colcon.colcon_core.verb:set package 'rmitbot_localization' build argument 'cmake_target' from command line to 'None'
[0.320s] Level 5:colcon.colcon_core.verb:set package 'rmitbot_localization' build argument 'cmake_target_skip_unavailable' from command line to 'False'
[0.320s] Level 5:colcon.colcon_core.verb:set package 'rmitbot_localization' build argument 'cmake_clean_cache' from command line to 'False'
[0.320s] Level 5:colcon.colcon_core.verb:set package 'rmitbot_localization' build argument 'cmake_clean_first' from command line to 'False'
[0.320s] Level 5:colcon.colcon_core.verb:set package 'rmitbot_localization' build argument 'cmake_force_configure' from command line to 'False'
[0.320s] Level 5:colcon.colcon_core.verb:set package 'rmitbot_localization' build argument 'ament_cmake_args' from command line to 'None'
[0.320s] Level 5:colcon.colcon_core.verb:set package 'rmitbot_localization' build argument 'catkin_cmake_args' from command line to 'None'
[0.320s] Level 5:colcon.colcon_core.verb:set package 'rmitbot_localization' build argument 'catkin_skip_building_tests' from command line to 'False'
[0.320s] DEBUG:colcon.colcon_core.verb:Building package 'rmitbot_localization' with the following arguments: {'ament_cmake_args': None, 'build_base': '/home/vudinhso/RMIT_Bot/lesson5_ws/build/rmitbot_localization', 'catkin_cmake_args': None, 'catkin_skip_building_tests': False, 'cmake_args': None, 'cmake_clean_cache': False, 'cmake_clean_first': False, 'cmake_force_configure': False, 'cmake_target': None, 'cmake_target_skip_unavailable': False, 'install_base': '/home/vudinhso/RMIT_Bot/lesson5_ws/install/rmitbot_localization', 'merge_install': False, 'path': '/home/vudinhso/RMIT_Bot/lesson5_ws/src/rmitbot_localization', 'symlink_install': False, 'test_result_base': None}
[0.320s] INFO:colcon.colcon_core.executor:Executing jobs using 'parallel' executor
[0.321s] DEBUG:colcon.colcon_parallel_executor.executor.parallel:run_until_complete
[0.321s] INFO:colcon.colcon_ros.task.ament_cmake.build:Building ROS package in '/home/vudinhso/RMIT_Bot/lesson5_ws/src/rmitbot_bringup' with build type 'ament_cmake'
[0.322s] INFO:colcon.colcon_cmake.task.cmake.build:Building CMake package in '/home/vudinhso/RMIT_Bot/lesson5_ws/src/rmitbot_bringup'
[0.329s] INFO:colcon.colcon_core.plugin_system:Skipping extension 'colcon_core.shell.bat': Not used on non-Windows systems
[0.329s] INFO:colcon.colcon_core.shell:Skip shell extension 'powershell' for command environment: Not usable outside of PowerShell
[0.329s] DEBUG:colcon.colcon_core.shell:Skip shell extension 'dsv' for command environment
[0.334s] INFO:colcon.colcon_ros.task.ament_cmake.build:Building ROS package in '/home/vudinhso/RMIT_Bot/lesson5_ws/src/rmitbot_controller' with build type 'ament_cmake'
[0.334s] INFO:colcon.colcon_cmake.task.cmake.build:Building CMake package in '/home/vudinhso/RMIT_Bot/lesson5_ws/src/rmitbot_controller'
[0.335s] INFO:colcon.colcon_core.shell:Skip shell extension 'powershell' for command environment: Not usable outside of PowerShell
[0.335s] DEBUG:colcon.colcon_core.shell:Skip shell extension 'dsv' for command environment
[0.339s] INFO:colcon.colcon_ros.task.ament_cmake.build:Building ROS package in '/home/vudinhso/RMIT_Bot/lesson5_ws/src/rmitbot_description' with build type 'ament_cmake'
[0.339s] INFO:colcon.colcon_cmake.task.cmake.build:Building CMake package in '/home/vudinhso/RMIT_Bot/lesson5_ws/src/rmitbot_description'
[0.339s] INFO:colcon.colcon_core.shell:Skip shell extension 'powershell' for command environment: Not usable outside of PowerShell
[0.339s] DEBUG:colcon.colcon_core.shell:Skip shell extension 'dsv' for command environment
[0.344s] INFO:colcon.colcon_ros.task.ament_cmake.build:Building ROS package in '/home/vudinhso/RMIT_Bot/lesson5_ws/src/rmitbot_firmware' with build type 'ament_cmake'
[0.344s] INFO:colcon.colcon_cmake.task.cmake.build:Building CMake package in '/home/vudinhso/RMIT_Bot/lesson5_ws/src/rmitbot_firmware'
[0.344s] INFO:colcon.colcon_core.shell:Skip shell extension 'powershell' for command environment: Not usable outside of PowerShell
[0.344s] DEBUG:colcon.colcon_core.shell:Skip shell extension 'dsv' for command environment
[0.354s] DEBUG:colcon.colcon_core.event_handler.log_command:Invoking command in '/home/vudinhso/RMIT_Bot/lesson5_ws/build/rmitbot_bringup': CMAKE_PREFIX_PATH=${CMAKE_PREFIX_PATH}:/opt/ros/jazzy DEBUGINFOD_URLS=https://debuginfod.ubuntu.com /usr/bin/cmake --build /home/vudinhso/RMIT_Bot/lesson5_ws/build/rmitbot_bringup -- -j4 -l4
[0.361s] DEBUG:colcon.colcon_core.event_handler.log_command:Invoking command in '/home/vudinhso/RMIT_Bot/lesson5_ws/build/rmitbot_controller': CMAKE_PREFIX_PATH=${CMAKE_PREFIX_PATH}:/opt/ros/jazzy DEBUGINFOD_URLS=https://debuginfod.ubuntu.com /usr/bin/cmake --build /home/vudinhso/RMIT_Bot/lesson5_ws/build/rmitbot_controller -- -j4 -l4
[0.371s] DEBUG:colcon.colcon_core.event_handler.log_command:Invoking command in '/home/vudinhso/RMIT_Bot/lesson5_ws/build/rmitbot_description': CMAKE_PREFIX_PATH=${CMAKE_PREFIX_PATH}:/opt/ros/jazzy DEBUGINFOD_URLS=https://debuginfod.ubuntu.com /usr/bin/cmake --build /home/vudinhso/RMIT_Bot/lesson5_ws/build/rmitbot_description -- -j4 -l4
[0.383s] DEBUG:colcon.colcon_core.event_handler.log_command:Invoking command in '/home/vudinhso/RMIT_Bot/lesson5_ws/build/rmitbot_firmware': CMAKE_PREFIX_PATH=${CMAKE_PREFIX_PATH}:/opt/ros/jazzy DEBUGINFOD_URLS=https://debuginfod.ubuntu.com /usr/bin/cmake --build /home/vudinhso/RMIT_Bot/lesson5_ws/build/rmitbot_firmware -- -j4 -l4
[0.460s] DEBUG:colcon.colcon_core.event_handler.log_command:Invoked command in '/home/vudinhso/RMIT_Bot/lesson5_ws/build/rmitbot_bringup' returned '0': CMAKE_PREFIX_PATH=${CMAKE_PREFIX_PATH}:/opt/ros/jazzy DEBUGINFOD_URLS=https://debuginfod.ubuntu.com /usr/bin/cmake --build /home/vudinhso/RMIT_Bot/lesson5_ws/build/rmitbot_bringup -- -j4 -l4
[0.475s] DEBUG:colcon.colcon_core.event_handler.log_command:Invoking command in '/home/vudinhso/RMIT_Bot/lesson5_ws/build/rmitbot_bringup': CMAKE_PREFIX_PATH=${CMAKE_PREFIX_PATH}:/opt/ros/jazzy DEBUGINFOD_URLS=https://debuginfod.ubuntu.com /usr/bin/cmake --install /home/vudinhso/RMIT_Bot/lesson5_ws/build/rmitbot_bringup
[0.476s] DEBUG:colcon.colcon_core.event_handler.log_command:Invoked command in '/home/vudinhso/RMIT_Bot/lesson5_ws/build/rmitbot_description' returned '0': CMAKE_PREFIX_PATH=${CMAKE_PREFIX_PATH}:/opt/ros/jazzy DEBUGINFOD_URLS=https://debuginfod.ubuntu.com /usr/bin/cmake --build /home/vudinhso/RMIT_Bot/lesson5_ws/build/rmitbot_description -- -j4 -l4
[0.479s] DEBUG:colcon.colcon_core.event_handler.log_command:Invoking command in '/home/vudinhso/RMIT_Bot/lesson5_ws/build/rmitbot_description': CMAKE_PREFIX_PATH=${CMAKE_PREFIX_PATH}:/opt/ros/jazzy DEBUGINFOD_URLS=https://debuginfod.ubuntu.com /usr/bin/cmake --install /home/vudinhso/RMIT_Bot/lesson5_ws/build/rmitbot_description
[0.482s] DEBUG:colcon.colcon_core.event_handler.log_command:Invoked command in '/home/vudinhso/RMIT_Bot/lesson5_ws/build/rmitbot_controller' returned '0': CMAKE_PREFIX_PATH=${CMAKE_PREFIX_PATH}:/opt/ros/jazzy DEBUGINFOD_URLS=https://debuginfod.ubuntu.com /usr/bin/cmake --build /home/vudinhso/RMIT_Bot/lesson5_ws/build/rmitbot_controller -- -j4 -l4
[0.483s] DEBUG:colcon.colcon_core.event_handler.log_command:Invoking command in '/home/vudinhso/RMIT_Bot/lesson5_ws/build/rmitbot_controller': CMAKE_PREFIX_PATH=${CMAKE_PREFIX_PATH}:/opt/ros/jazzy DEBUGINFOD_URLS=https://debuginfod.ubuntu.com /usr/bin/cmake --install /home/vudinhso/RMIT_Bot/lesson5_ws/build/rmitbot_controller
[0.493s] Level 1:colcon.colcon_core.environment:create_environment_scripts_only(rmitbot_bringup)
[0.496s] DEBUG:colcon.colcon_core.event_handler.log_command:Invoked command in '/home/vudinhso/RMIT_Bot/lesson5_ws/build/rmitbot_bringup' returned '0': CMAKE_PREFIX_PATH=${CMAKE_PREFIX_PATH}:/opt/ros/jazzy DEBUGINFOD_URLS=https://debuginfod.ubuntu.com /usr/bin/cmake --install /home/vudinhso/RMIT_Bot/lesson5_ws/build/rmitbot_bringup
[0.509s] Level 1:colcon.colcon_core.environment:checking '/home/vudinhso/RMIT_Bot/lesson5_ws/install/rmitbot_bringup' for CMake module files
[0.509s] Level 1:colcon.colcon_core.environment:checking '/home/vudinhso/RMIT_Bot/lesson5_ws/install/rmitbot_bringup' for CMake config files
[0.510s] Level 1:colcon.colcon_core.shell:create_environment_hook('rmitbot_bringup', 'cmake_prefix_path')
[0.510s] INFO:colcon.colcon_core.shell:Creating environment hook '/home/vudinhso/RMIT_Bot/lesson5_ws/install/rmitbot_bringup/share/rmitbot_bringup/hook/cmake_prefix_path.ps1'
[0.511s] INFO:colcon.colcon_core.shell:Creating environment descriptor '/home/vudinhso/RMIT_Bot/lesson5_ws/install/rmitbot_bringup/share/rmitbot_bringup/hook/cmake_prefix_path.dsv'
[0.512s] INFO:colcon.colcon_core.shell:Creating environment hook '/home/vudinhso/RMIT_Bot/lesson5_ws/install/rmitbot_bringup/share/rmitbot_bringup/hook/cmake_prefix_path.sh'
[0.513s] Level 1:colcon.colcon_core.environment:checking '/home/vudinhso/RMIT_Bot/lesson5_ws/install/rmitbot_bringup/bin'
[0.513s] Level 1:colcon.colcon_core.environment:checking '/home/vudinhso/RMIT_Bot/lesson5_ws/install/rmitbot_bringup/lib/pkgconfig/rmitbot_bringup.pc'
[0.513s] Level 1:colcon.colcon_core.environment:checking '/home/vudinhso/RMIT_Bot/lesson5_ws/install/rmitbot_bringup/lib/python3.12/site-packages'
[0.514s] Level 1:colcon.colcon_core.environment:checking '/home/vudinhso/RMIT_Bot/lesson5_ws/install/rmitbot_bringup/bin'
[0.514s] INFO:colcon.colcon_core.shell:Creating package script '/home/vudinhso/RMIT_Bot/lesson5_ws/install/rmitbot_bringup/share/rmitbot_bringup/package.ps1'
[0.515s] INFO:colcon.colcon_core.shell:Creating package descriptor '/home/vudinhso/RMIT_Bot/lesson5_ws/install/rmitbot_bringup/share/rmitbot_bringup/package.dsv'
[0.516s] INFO:colcon.colcon_core.shell:Creating package script '/home/vudinhso/RMIT_Bot/lesson5_ws/install/rmitbot_bringup/share/rmitbot_bringup/package.sh'
[0.518s] INFO:colcon.colcon_core.shell:Creating package script '/home/vudinhso/RMIT_Bot/lesson5_ws/install/rmitbot_bringup/share/rmitbot_bringup/package.bash'
[0.519s] INFO:colcon.colcon_core.shell:Creating package script '/home/vudinhso/RMIT_Bot/lesson5_ws/install/rmitbot_bringup/share/rmitbot_bringup/package.zsh'
[0.521s] Level 1:colcon.colcon_core.environment:create_file_with_runtime_dependencies(/home/vudinhso/RMIT_Bot/lesson5_ws/install/rmitbot_bringup/share/colcon-core/packages/rmitbot_bringup)
[0.522s] Level 1:colcon.colcon_core.environment:create_environment_scripts_only(rmitbot_bringup)
[0.522s] Level 1:colcon.colcon_core.environment:checking '/home/vudinhso/RMIT_Bot/lesson5_ws/install/rmitbot_bringup' for CMake module files
[0.523s] Level 1:colcon.colcon_core.environment:checking '/home/vudinhso/RMIT_Bot/lesson5_ws/install/rmitbot_bringup' for CMake config files
[0.523s] Level 1:colcon.colcon_core.shell:create_environment_hook('rmitbot_bringup', 'cmake_prefix_path')
[0.523s] INFO:colcon.colcon_core.shell:Creating environment hook '/home/vudinhso/RMIT_Bot/lesson5_ws/install/rmitbot_bringup/share/rmitbot_bringup/hook/cmake_prefix_path.ps1'
[0.524s] INFO:colcon.colcon_core.shell:Creating environment descriptor '/home/vudinhso/RMIT_Bot/lesson5_ws/install/rmitbot_bringup/share/rmitbot_bringup/hook/cmake_prefix_path.dsv'
[0.525s] INFO:colcon.colcon_core.shell:Creating environment hook '/home/vudinhso/RMIT_Bot/lesson5_ws/install/rmitbot_bringup/share/rmitbot_bringup/hook/cmake_prefix_path.sh'
[0.529s] Level 1:colcon.colcon_core.environment:checking '/home/vudinhso/RMIT_Bot/lesson5_ws/install/rmitbot_bringup/bin'
[0.529s] Level 1:colcon.colcon_core.environment:checking '/home/vudinhso/RMIT_Bot/lesson5_ws/install/rmitbot_bringup/lib/pkgconfig/rmitbot_bringup.pc'
[0.529s] Level 1:colcon.colcon_core.environment:checking '/home/vudinhso/RMIT_Bot/lesson5_ws/install/rmitbot_bringup/lib/python3.12/site-packages'
[0.530s] Level 1:colcon.colcon_core.environment:checking '/home/vudinhso/RMIT_Bot/lesson5_ws/install/rmitbot_bringup/bin'
[0.530s] INFO:colcon.colcon_core.shell:Creating package script '/home/vudinhso/RMIT_Bot/lesson5_ws/install/rmitbot_bringup/share/rmitbot_bringup/package.ps1'
[0.531s] INFO:colcon.colcon_core.shell:Creating package descriptor '/home/vudinhso/RMIT_Bot/lesson5_ws/install/rmitbot_bringup/share/rmitbot_bringup/package.dsv'
[0.532s] INFO:colcon.colcon_core.shell:Creating package script '/home/vudinhso/RMIT_Bot/lesson5_ws/install/rmitbot_bringup/share/rmitbot_bringup/package.sh'
[0.533s] INFO:colcon.colcon_core.shell:Creating package script '/home/vudinhso/RMIT_Bot/lesson5_ws/install/rmitbot_bringup/share/rmitbot_bringup/package.bash'
[0.533s] INFO:colcon.colcon_core.shell:Creating package script '/home/vudinhso/RMIT_Bot/lesson5_ws/install/rmitbot_bringup/share/rmitbot_bringup/package.zsh'
[0.534s] Level 1:colcon.colcon_core.environment:create_file_with_runtime_dependencies(/home/vudinhso/RMIT_Bot/lesson5_ws/install/rmitbot_bringup/share/colcon-core/packages/rmitbot_bringup)
[0.535s] INFO:colcon.colcon_ros.task.ament_cmake.build:Building ROS package in '/home/vudinhso/RMIT_Bot/lesson5_ws/src/rmitbot_localization' with build type 'ament_cmake'
[0.535s] INFO:colcon.colcon_cmake.task.cmake.build:Building CMake package in '/home/vudinhso/RMIT_Bot/lesson5_ws/src/rmitbot_localization'
[0.535s] INFO:colcon.colcon_core.shell:Skip shell extension 'powershell' for command environment: Not usable outside of PowerShell
[0.535s] DEBUG:colcon.colcon_core.shell:Skip shell extension 'dsv' for command environment
[0.540s] Level 1:colcon.colcon_core.environment:create_environment_scripts_only(rmitbot_description)
[0.541s] Level 1:colcon.colcon_core.environment:checking '/home/vudinhso/RMIT_Bot/lesson5_ws/install/rmitbot_description' for CMake module files
[0.542s] DEBUG:colcon.colcon_core.event_handler.log_command:Invoked command in '/home/vudinhso/RMIT_Bot/lesson5_ws/build/rmitbot_description' returned '0': CMAKE_PREFIX_PATH=${CMAKE_PREFIX_PATH}:/opt/ros/jazzy DEBUGINFOD_URLS=https://debuginfod.ubuntu.com /usr/bin/cmake --install /home/vudinhso/RMIT_Bot/lesson5_ws/build/rmitbot_description
[0.542s] Level 1:colcon.colcon_core.environment:checking '/home/vudinhso/RMIT_Bot/lesson5_ws/install/rmitbot_description' for CMake config files
[0.543s] Level 1:colcon.colcon_core.shell:create_environment_hook('rmitbot_description', 'cmake_prefix_path')
[0.543s] INFO:colcon.colcon_core.shell:Creating environment hook '/home/vudinhso/RMIT_Bot/lesson5_ws/install/rmitbot_description/share/rmitbot_description/hook/cmake_prefix_path.ps1'
[0.544s] INFO:colcon.colcon_core.shell:Creating environment descriptor '/home/vudinhso/RMIT_Bot/lesson5_ws/install/rmitbot_description/share/rmitbot_description/hook/cmake_prefix_path.dsv'
[0.545s] INFO:colcon.colcon_core.shell:Creating environment hook '/home/vudinhso/RMIT_Bot/lesson5_ws/install/rmitbot_description/share/rmitbot_description/hook/cmake_prefix_path.sh'
[0.546s] Level 1:colcon.colcon_core.environment:checking '/home/vudinhso/RMIT_Bot/lesson5_ws/install/rmitbot_description/bin'
[0.546s] Level 1:colcon.colcon_core.environment:checking '/home/vudinhso/RMIT_Bot/lesson5_ws/install/rmitbot_description/lib/pkgconfig/rmitbot_description.pc'
[0.546s] Level 1:colcon.colcon_core.environment:checking '/home/vudinhso/RMIT_Bot/lesson5_ws/install/rmitbot_description/lib/python3.12/site-packages'
[0.547s] Level 1:colcon.colcon_core.environment:checking '/home/vudinhso/RMIT_Bot/lesson5_ws/install/rmitbot_description/bin'
[0.547s] INFO:colcon.colcon_core.shell:Creating package script '/home/vudinhso/RMIT_Bot/lesson5_ws/install/rmitbot_description/share/rmitbot_description/package.ps1'
[0.548s] INFO:colcon.colcon_core.shell:Creating package descriptor '/home/vudinhso/RMIT_Bot/lesson5_ws/install/rmitbot_description/share/rmitbot_description/package.dsv'
[0.548s] INFO:colcon.colcon_core.shell:Creating package script '/home/vudinhso/RMIT_Bot/lesson5_ws/install/rmitbot_description/share/rmitbot_description/package.sh'
[0.549s] INFO:colcon.colcon_core.shell:Creating package script '/home/vudinhso/RMIT_Bot/lesson5_ws/install/rmitbot_description/share/rmitbot_description/package.bash'
[0.549s] INFO:colcon.colcon_core.shell:Creating package script '/home/vudinhso/RMIT_Bot/lesson5_ws/install/rmitbot_description/share/rmitbot_description/package.zsh'
[0.550s] Level 1:colcon.colcon_core.environment:create_file_with_runtime_dependencies(/home/vudinhso/RMIT_Bot/lesson5_ws/install/rmitbot_description/share/colcon-core/packages/rmitbot_description)
[0.551s] Level 1:colcon.colcon_core.environment:create_environment_scripts_only(rmitbot_description)
[0.551s] Level 1:colcon.colcon_core.environment:checking '/home/vudinhso/RMIT_Bot/lesson5_ws/install/rmitbot_description' for CMake module files
[0.554s] Level 1:colcon.colcon_core.environment:checking '/home/vudinhso/RMIT_Bot/lesson5_ws/install/rmitbot_description' for CMake config files
[0.555s] Level 1:colcon.colcon_core.shell:create_environment_hook('rmitbot_description', 'cmake_prefix_path')
[0.555s] INFO:colcon.colcon_core.shell:Creating environment hook '/home/vudinhso/RMIT_Bot/lesson5_ws/install/rmitbot_description/share/rmitbot_description/hook/cmake_prefix_path.ps1'
[0.557s] INFO:colcon.colcon_core.shell:Creating environment descriptor '/home/vudinhso/RMIT_Bot/lesson5_ws/install/rmitbot_description/share/rmitbot_description/hook/cmake_prefix_path.dsv'
[0.558s] INFO:colcon.colcon_core.shell:Creating environment hook '/home/vudinhso/RMIT_Bot/lesson5_ws/install/rmitbot_description/share/rmitbot_description/hook/cmake_prefix_path.sh'
[0.559s] Level 1:colcon.colcon_core.environment:checking '/home/vudinhso/RMIT_Bot/lesson5_ws/install/rmitbot_description/bin'
[0.559s] Level 1:colcon.colcon_core.environment:checking '/home/vudinhso/RMIT_Bot/lesson5_ws/install/rmitbot_description/lib/pkgconfig/rmitbot_description.pc'
[0.559s] Level 1:colcon.colcon_core.environment:checking '/home/vudinhso/RMIT_Bot/lesson5_ws/install/rmitbot_description/lib/python3.12/site-packages'
[0.559s] Level 1:colcon.colcon_core.environment:checking '/home/vudinhso/RMIT_Bot/lesson5_ws/install/rmitbot_description/bin'
[0.560s] INFO:colcon.colcon_core.shell:Creating package script '/home/vudinhso/RMIT_Bot/lesson5_ws/install/rmitbot_description/share/rmitbot_description/package.ps1'
[0.560s] INFO:colcon.colcon_core.shell:Creating package descriptor '/home/vudinhso/RMIT_Bot/lesson5_ws/install/rmitbot_description/share/rmitbot_description/package.dsv'
[0.561s] INFO:colcon.colcon_core.shell:Creating package script '/home/vudinhso/RMIT_Bot/lesson5_ws/install/rmitbot_description/share/rmitbot_description/package.sh'
[0.562s] INFO:colcon.colcon_core.shell:Creating package script '/home/vudinhso/RMIT_Bot/lesson5_ws/install/rmitbot_description/share/rmitbot_description/package.bash'
[0.562s] INFO:colcon.colcon_core.shell:Creating package script '/home/vudinhso/RMIT_Bot/lesson5_ws/install/rmitbot_description/share/rmitbot_description/package.zsh'
[0.563s] Level 1:colcon.colcon_core.environment:create_file_with_runtime_dependencies(/home/vudinhso/RMIT_Bot/lesson5_ws/install/rmitbot_description/share/colcon-core/packages/rmitbot_description)
[0.565s] Level 1:colcon.colcon_core.environment:create_environment_scripts_only(rmitbot_controller)
[0.565s] Level 1:colcon.colcon_core.environment:checking '/home/vudinhso/RMIT_Bot/lesson5_ws/install/rmitbot_controller' for CMake module files
[0.566s] DEBUG:colcon.colcon_core.event_handler.log_command:Invoked command in '/home/vudinhso/RMIT_Bot/lesson5_ws/build/rmitbot_controller' returned '0': CMAKE_PREFIX_PATH=${CMAKE_PREFIX_PATH}:/opt/ros/jazzy DEBUGINFOD_URLS=https://debuginfod.ubuntu.com /usr/bin/cmake --install /home/vudinhso/RMIT_Bot/lesson5_ws/build/rmitbot_controller
[0.566s] Level 1:colcon.colcon_core.environment:checking '/home/vudinhso/RMIT_Bot/lesson5_ws/install/rmitbot_controller' for CMake config files
[0.567s] Level 1:colcon.colcon_core.shell:create_environment_hook('rmitbot_controller', 'cmake_prefix_path')
[0.567s] INFO:colcon.colcon_core.shell:Creating environment hook '/home/vudinhso/RMIT_Bot/lesson5_ws/install/rmitbot_controller/share/rmitbot_controller/hook/cmake_prefix_path.ps1'
[0.567s] INFO:colcon.colcon_core.shell:Creating environment descriptor '/home/vudinhso/RMIT_Bot/lesson5_ws/install/rmitbot_controller/share/rmitbot_controller/hook/cmake_prefix_path.dsv'
[0.568s] INFO:colcon.colcon_core.shell:Creating environment hook '/home/vudinhso/RMIT_Bot/lesson5_ws/install/rmitbot_controller/share/rmitbot_controller/hook/cmake_prefix_path.sh'
[0.569s] Level 1:colcon.colcon_core.environment:checking '/home/vudinhso/RMIT_Bot/lesson5_ws/install/rmitbot_controller/bin'
[0.569s] Level 1:colcon.colcon_core.environment:checking '/home/vudinhso/RMIT_Bot/lesson5_ws/install/rmitbot_controller/lib/pkgconfig/rmitbot_controller.pc'
[0.570s] Level 1:colcon.colcon_core.environment:checking '/home/vudinhso/RMIT_Bot/lesson5_ws/install/rmitbot_controller/lib/python3.12/site-packages'
[0.570s] Level 1:colcon.colcon_core.environment:checking '/home/vudinhso/RMIT_Bot/lesson5_ws/install/rmitbot_controller/bin'
[0.570s] INFO:colcon.colcon_core.shell:Creating package script '/home/vudinhso/RMIT_Bot/lesson5_ws/install/rmitbot_controller/share/rmitbot_controller/package.ps1'
[0.571s] INFO:colcon.colcon_core.shell:Creating package descriptor '/home/vudinhso/RMIT_Bot/lesson5_ws/install/rmitbot_controller/share/rmitbot_controller/package.dsv'
[0.572s] INFO:colcon.colcon_core.shell:Creating package script '/home/vudinhso/RMIT_Bot/lesson5_ws/install/rmitbot_controller/share/rmitbot_controller/package.sh'
[0.573s] INFO:colcon.colcon_core.shell:Creating package script '/home/vudinhso/RMIT_Bot/lesson5_ws/install/rmitbot_controller/share/rmitbot_controller/package.bash'
[0.574s] INFO:colcon.colcon_core.shell:Creating package script '/home/vudinhso/RMIT_Bot/lesson5_ws/install/rmitbot_controller/share/rmitbot_controller/package.zsh'
[0.575s] Level 1:colcon.colcon_core.environment:create_file_with_runtime_dependencies(/home/vudinhso/RMIT_Bot/lesson5_ws/install/rmitbot_controller/share/colcon-core/packages/rmitbot_controller)
[0.576s] Level 1:colcon.colcon_core.environment:create_environment_scripts_only(rmitbot_controller)
[0.576s] Level 1:colcon.colcon_core.environment:checking '/home/vudinhso/RMIT_Bot/lesson5_ws/install/rmitbot_controller' for CMake module files
[0.576s] Level 1:colcon.colcon_core.environment:checking '/home/vudinhso/RMIT_Bot/lesson5_ws/install/rmitbot_controller' for CMake config files
[0.577s] Level 1:colcon.colcon_core.shell:create_environment_hook('rmitbot_controller', 'cmake_prefix_path')
[0.577s] INFO:colcon.colcon_core.shell:Creating environment hook '/home/vudinhso/RMIT_Bot/lesson5_ws/install/rmitbot_controller/share/rmitbot_controller/hook/cmake_prefix_path.ps1'
[0.577s] INFO:colcon.colcon_core.shell:Creating environment descriptor '/home/vudinhso/RMIT_Bot/lesson5_ws/install/rmitbot_controller/share/rmitbot_controller/hook/cmake_prefix_path.dsv'
[0.578s] INFO:colcon.colcon_core.shell:Creating environment hook '/home/vudinhso/RMIT_Bot/lesson5_ws/install/rmitbot_controller/share/rmitbot_controller/hook/cmake_prefix_path.sh'
[0.579s] Level 1:colcon.colcon_core.environment:checking '/home/vudinhso/RMIT_Bot/lesson5_ws/install/rmitbot_controller/bin'
[0.579s] Level 1:colcon.colcon_core.environment:checking '/home/vudinhso/RMIT_Bot/lesson5_ws/install/rmitbot_controller/lib/pkgconfig/rmitbot_controller.pc'
[0.579s] Level 1:colcon.colcon_core.environment:checking '/home/vudinhso/RMIT_Bot/lesson5_ws/install/rmitbot_controller/lib/python3.12/site-packages'
[0.580s] Level 1:colcon.colcon_core.environment:checking '/home/vudinhso/RMIT_Bot/lesson5_ws/install/rmitbot_controller/bin'
[0.580s] INFO:colcon.colcon_core.shell:Creating package script '/home/vudinhso/RMIT_Bot/lesson5_ws/install/rmitbot_controller/share/rmitbot_controller/package.ps1'
[0.583s] INFO:colcon.colcon_core.shell:Creating package descriptor '/home/vudinhso/RMIT_Bot/lesson5_ws/install/rmitbot_controller/share/rmitbot_controller/package.dsv'
[0.584s] INFO:colcon.colcon_core.shell:Creating package script '/home/vudinhso/RMIT_Bot/lesson5_ws/install/rmitbot_controller/share/rmitbot_controller/package.sh'
[0.585s] INFO:colcon.colcon_core.shell:Creating package script '/home/vudinhso/RMIT_Bot/lesson5_ws/install/rmitbot_controller/share/rmitbot_controller/package.bash'
[0.585s] INFO:colcon.colcon_core.shell:Creating package script '/home/vudinhso/RMIT_Bot/lesson5_ws/install/rmitbot_controller/share/rmitbot_controller/package.zsh'
[0.586s] Level 1:colcon.colcon_core.environment:create_file_with_runtime_dependencies(/home/vudinhso/RMIT_Bot/lesson5_ws/install/rmitbot_controller/share/colcon-core/packages/rmitbot_controller)
[0.595s] DEBUG:colcon.colcon_core.event_handler.log_command:Invoking command in '/home/vudinhso/RMIT_Bot/lesson5_ws/build/rmitbot_localization': CMAKE_PREFIX_PATH=${CMAKE_PREFIX_PATH}:/opt/ros/jazzy DEBUGINFOD_URLS=https://debuginfod.ubuntu.com /usr/bin/cmake --build /home/vudinhso/RMIT_Bot/lesson5_ws/build/rmitbot_localization -- -j4 -l4
[0.659s] DEBUG:colcon.colcon_core.event_handler.log_command:Invoked command in '/home/vudinhso/RMIT_Bot/lesson5_ws/build/rmitbot_localization' returned '0': CMAKE_PREFIX_PATH=${CMAKE_PREFIX_PATH}:/opt/ros/jazzy DEBUGINFOD_URLS=https://debuginfod.ubuntu.com /usr/bin/cmake --build /home/vudinhso/RMIT_Bot/lesson5_ws/build/rmitbot_localization -- -j4 -l4
[0.660s] DEBUG:colcon.colcon_core.event_handler.log_command:Invoking command in '/home/vudinhso/RMIT_Bot/lesson5_ws/build/rmitbot_localization': CMAKE_PREFIX_PATH=${CMAKE_PREFIX_PATH}:/opt/ros/jazzy DEBUGINFOD_URLS=https://debuginfod.ubuntu.com /usr/bin/cmake --install /home/vudinhso/RMIT_Bot/lesson5_ws/build/rmitbot_localization
[0.681s] Level 1:colcon.colcon_core.environment:create_environment_scripts_only(rmitbot_localization)
[0.681s] Level 1:colcon.colcon_core.environment:checking '/home/vudinhso/RMIT_Bot/lesson5_ws/install/rmitbot_localization' for CMake module files
[0.682s] Level 1:colcon.colcon_core.environment:checking '/home/vudinhso/RMIT_Bot/lesson5_ws/install/rmitbot_localization' for CMake config files
[0.682s] Level 1:colcon.colcon_core.shell:create_environment_hook('rmitbot_localization', 'cmake_prefix_path')
[0.683s] INFO:colcon.colcon_core.shell:Creating environment hook '/home/vudinhso/RMIT_Bot/lesson5_ws/install/rmitbot_localization/share/rmitbot_localization/hook/cmake_prefix_path.ps1'
[0.684s] INFO:colcon.colcon_core.shell:Creating environment descriptor '/home/vudinhso/RMIT_Bot/lesson5_ws/install/rmitbot_localization/share/rmitbot_localization/hook/cmake_prefix_path.dsv'
[0.684s] DEBUG:colcon.colcon_core.event_handler.log_command:Invoked command in '/home/vudinhso/RMIT_Bot/lesson5_ws/build/rmitbot_localization' returned '0': CMAKE_PREFIX_PATH=${CMAKE_PREFIX_PATH}:/opt/ros/jazzy DEBUGINFOD_URLS=https://debuginfod.ubuntu.com /usr/bin/cmake --install /home/vudinhso/RMIT_Bot/lesson5_ws/build/rmitbot_localization
[0.685s] INFO:colcon.colcon_core.shell:Creating environment hook '/home/vudinhso/RMIT_Bot/lesson5_ws/install/rmitbot_localization/share/rmitbot_localization/hook/cmake_prefix_path.sh'
[0.688s] Level 1:colcon.colcon_core.environment:checking '/home/vudinhso/RMIT_Bot/lesson5_ws/install/rmitbot_localization/bin'
[0.689s] Level 1:colcon.colcon_core.environment:checking '/home/vudinhso/RMIT_Bot/lesson5_ws/install/rmitbot_localization/lib/pkgconfig/rmitbot_localization.pc'
[0.689s] Level 1:colcon.colcon_core.environment:checking '/home/vudinhso/RMIT_Bot/lesson5_ws/install/rmitbot_localization/lib/python3.12/site-packages'
[0.689s] Level 1:colcon.colcon_core.environment:checking '/home/vudinhso/RMIT_Bot/lesson5_ws/install/rmitbot_localization/bin'
[0.690s] INFO:colcon.colcon_core.shell:Creating package script '/home/vudinhso/RMIT_Bot/lesson5_ws/install/rmitbot_localization/share/rmitbot_localization/package.ps1'
[0.691s] INFO:colcon.colcon_core.shell:Creating package descriptor '/home/vudinhso/RMIT_Bot/lesson5_ws/install/rmitbot_localization/share/rmitbot_localization/package.dsv'
[0.694s] INFO:colcon.colcon_core.shell:Creating package script '/home/vudinhso/RMIT_Bot/lesson5_ws/install/rmitbot_localization/share/rmitbot_localization/package.sh'
[0.698s] INFO:colcon.colcon_core.shell:Creating package script '/home/vudinhso/RMIT_Bot/lesson5_ws/install/rmitbot_localization/share/rmitbot_localization/package.bash'
[0.698s] INFO:colcon.colcon_core.shell:Creating package script '/home/vudinhso/RMIT_Bot/lesson5_ws/install/rmitbot_localization/share/rmitbot_localization/package.zsh'
[0.698s] Level 1:colcon.colcon_core.environment:create_file_with_runtime_dependencies(/home/vudinhso/RMIT_Bot/lesson5_ws/install/rmitbot_localization/share/colcon-core/packages/rmitbot_localization)
[0.699s] Level 1:colcon.colcon_core.environment:create_environment_scripts_only(rmitbot_localization)
[0.699s] Level 1:colcon.colcon_core.environment:checking '/home/vudinhso/RMIT_Bot/lesson5_ws/install/rmitbot_localization' for CMake module files
[0.700s] Level 1:colcon.colcon_core.environment:checking '/home/vudinhso/RMIT_Bot/lesson5_ws/install/rmitbot_localization' for CMake config files
[0.700s] Level 1:colcon.colcon_core.shell:create_environment_hook('rmitbot_localization', 'cmake_prefix_path')
[0.700s] INFO:colcon.colcon_core.shell:Creating environment hook '/home/vudinhso/RMIT_Bot/lesson5_ws/install/rmitbot_localization/share/rmitbot_localization/hook/cmake_prefix_path.ps1'
[0.701s] INFO:colcon.colcon_core.shell:Creating environment descriptor '/home/vudinhso/RMIT_Bot/lesson5_ws/install/rmitbot_localization/share/rmitbot_localization/hook/cmake_prefix_path.dsv'
[0.701s] INFO:colcon.colcon_core.shell:Creating environment hook '/home/vudinhso/RMIT_Bot/lesson5_ws/install/rmitbot_localization/share/rmitbot_localization/hook/cmake_prefix_path.sh'
[0.702s] Level 1:colcon.colcon_core.environment:checking '/home/vudinhso/RMIT_Bot/lesson5_ws/install/rmitbot_localization/bin'
[0.702s] Level 1:colcon.colcon_core.environment:checking '/home/vudinhso/RMIT_Bot/lesson5_ws/install/rmitbot_localization/lib/pkgconfig/rmitbot_localization.pc'
[0.702s] Level 1:colcon.colcon_core.environment:checking '/home/vudinhso/RMIT_Bot/lesson5_ws/install/rmitbot_localization/lib/python3.12/site-packages'
[0.702s] Level 1:colcon.colcon_core.environment:checking '/home/vudinhso/RMIT_Bot/lesson5_ws/install/rmitbot_localization/bin'
[0.703s] INFO:colcon.colcon_core.shell:Creating package script '/home/vudinhso/RMIT_Bot/lesson5_ws/install/rmitbot_localization/share/rmitbot_localization/package.ps1'
[0.703s] INFO:colcon.colcon_core.shell:Creating package descriptor '/home/vudinhso/RMIT_Bot/lesson5_ws/install/rmitbot_localization/share/rmitbot_localization/package.dsv'
[0.704s] INFO:colcon.colcon_core.shell:Creating package script '/home/vudinhso/RMIT_Bot/lesson5_ws/install/rmitbot_localization/share/rmitbot_localization/package.sh'
[0.704s] INFO:colcon.colcon_core.shell:Creating package script '/home/vudinhso/RMIT_Bot/lesson5_ws/install/rmitbot_localization/share/rmitbot_localization/package.bash'
[0.705s] INFO:colcon.colcon_core.shell:Creating package script '/home/vudinhso/RMIT_Bot/lesson5_ws/install/rmitbot_localization/share/rmitbot_localization/package.zsh'
[0.705s] Level 1:colcon.colcon_core.environment:create_file_with_runtime_dependencies(/home/vudinhso/RMIT_Bot/lesson5_ws/install/rmitbot_localization/share/colcon-core/packages/rmitbot_localization)
[7.935s] DEBUG:colcon.colcon_core.event_handler.log_command:Invoked command in '/home/vudinhso/RMIT_Bot/lesson5_ws/build/rmitbot_firmware' returned '0': CMAKE_PREFIX_PATH=${CMAKE_PREFIX_PATH}:/opt/ros/jazzy DEBUGINFOD_URLS=https://debuginfod.ubuntu.com /usr/bin/cmake --build /home/vudinhso/RMIT_Bot/lesson5_ws/build/rmitbot_firmware -- -j4 -l4
[7.939s] DEBUG:colcon.colcon_core.event_handler.log_command:Invoking command in '/home/vudinhso/RMIT_Bot/lesson5_ws/build/rmitbot_firmware': CMAKE_PREFIX_PATH=${CMAKE_PREFIX_PATH}:/opt/ros/jazzy DEBUGINFOD_URLS=https://debuginfod.ubuntu.com /usr/bin/cmake --install /home/vudinhso/RMIT_Bot/lesson5_ws/build/rmitbot_firmware
[7.960s] Level 1:colcon.colcon_core.environment:create_environment_scripts_only(rmitbot_firmware)
[7.961s] Level 1:colcon.colcon_core.environment:checking '/home/vudinhso/RMIT_Bot/lesson5_ws/install/rmitbot_firmware' for CMake module files
[7.961s] DEBUG:colcon.colcon_core.event_handler.log_command:Invoked command in '/home/vudinhso/RMIT_Bot/lesson5_ws/build/rmitbot_firmware' returned '0': CMAKE_PREFIX_PATH=${CMAKE_PREFIX_PATH}:/opt/ros/jazzy DEBUGINFOD_URLS=https://debuginfod.ubuntu.com /usr/bin/cmake --install /home/vudinhso/RMIT_Bot/lesson5_ws/build/rmitbot_firmware
[7.962s] Level 1:colcon.colcon_core.environment:checking '/home/vudinhso/RMIT_Bot/lesson5_ws/install/rmitbot_firmware' for CMake config files
[7.962s] Level 1:colcon.colcon_core.shell:create_environment_hook('rmitbot_firmware', 'cmake_prefix_path')
[7.962s] INFO:colcon.colcon_core.shell:Creating environment hook '/home/vudinhso/RMIT_Bot/lesson5_ws/install/rmitbot_firmware/share/rmitbot_firmware/hook/cmake_prefix_path.ps1'
[7.963s] INFO:colcon.colcon_core.shell:Creating environment descriptor '/home/vudinhso/RMIT_Bot/lesson5_ws/install/rmitbot_firmware/share/rmitbot_firmware/hook/cmake_prefix_path.dsv'
[7.963s] INFO:colcon.colcon_core.shell:Creating environment hook '/home/vudinhso/RMIT_Bot/lesson5_ws/install/rmitbot_firmware/share/rmitbot_firmware/hook/cmake_prefix_path.sh'
[7.964s] Level 1:colcon.colcon_core.environment:checking '/home/vudinhso/RMIT_Bot/lesson5_ws/install/rmitbot_firmware/lib'
[7.964s] Level 1:colcon.colcon_core.shell:create_environment_hook('rmitbot_firmware', 'ld_library_path_lib')
[7.964s] INFO:colcon.colcon_core.shell:Creating environment hook '/home/vudinhso/RMIT_Bot/lesson5_ws/install/rmitbot_firmware/share/rmitbot_firmware/hook/ld_library_path_lib.ps1'
[7.964s] INFO:colcon.colcon_core.shell:Creating environment descriptor '/home/vudinhso/RMIT_Bot/lesson5_ws/install/rmitbot_firmware/share/rmitbot_firmware/hook/ld_library_path_lib.dsv'
[7.965s] INFO:colcon.colcon_core.shell:Creating environment hook '/home/vudinhso/RMIT_Bot/lesson5_ws/install/rmitbot_firmware/share/rmitbot_firmware/hook/ld_library_path_lib.sh'
[7.965s] Level 1:colcon.colcon_core.environment:checking '/home/vudinhso/RMIT_Bot/lesson5_ws/install/rmitbot_firmware/bin'
[7.965s] Level 1:colcon.colcon_core.environment:checking '/home/vudinhso/RMIT_Bot/lesson5_ws/install/rmitbot_firmware/lib/pkgconfig/rmitbot_firmware.pc'
[7.966s] Level 1:colcon.colcon_core.environment:checking '/home/vudinhso/RMIT_Bot/lesson5_ws/install/rmitbot_firmware/lib/python3.12/site-packages'
[7.966s] Level 1:colcon.colcon_core.environment:checking '/home/vudinhso/RMIT_Bot/lesson5_ws/install/rmitbot_firmware/bin'
[7.966s] INFO:colcon.colcon_core.shell:Creating package script '/home/vudinhso/RMIT_Bot/lesson5_ws/install/rmitbot_firmware/share/rmitbot_firmware/package.ps1'
[7.967s] INFO:colcon.colcon_core.shell:Creating package descriptor '/home/vudinhso/RMIT_Bot/lesson5_ws/install/rmitbot_firmware/share/rmitbot_firmware/package.dsv'
[7.967s] INFO:colcon.colcon_core.shell:Creating package script '/home/vudinhso/RMIT_Bot/lesson5_ws/install/rmitbot_firmware/share/rmitbot_firmware/package.sh'
[7.967s] INFO:colcon.colcon_core.shell:Creating package script '/home/vudinhso/RMIT_Bot/lesson5_ws/install/rmitbot_firmware/share/rmitbot_firmware/package.bash'
[7.968s] INFO:colcon.colcon_core.shell:Creating package script '/home/vudinhso/RMIT_Bot/lesson5_ws/install/rmitbot_firmware/share/rmitbot_firmware/package.zsh'
[7.968s] Level 1:colcon.colcon_core.environment:create_file_with_runtime_dependencies(/home/vudinhso/RMIT_Bot/lesson5_ws/install/rmitbot_firmware/share/colcon-core/packages/rmitbot_firmware)
[7.969s] Level 1:colcon.colcon_core.environment:create_environment_scripts_only(rmitbot_firmware)
[7.969s] Level 1:colcon.colcon_core.environment:checking '/home/vudinhso/RMIT_Bot/lesson5_ws/install/rmitbot_firmware' for CMake module files
[7.969s] Level 1:colcon.colcon_core.environment:checking '/home/vudinhso/RMIT_Bot/lesson5_ws/install/rmitbot_firmware' for CMake config files
[7.969s] Level 1:colcon.colcon_core.shell:create_environment_hook('rmitbot_firmware', 'cmake_prefix_path')
[7.970s] INFO:colcon.colcon_core.shell:Creating environment hook '/home/vudinhso/RMIT_Bot/lesson5_ws/install/rmitbot_firmware/share/rmitbot_firmware/hook/cmake_prefix_path.ps1'
[7.970s] INFO:colcon.colcon_core.shell:Creating environment descriptor '/home/vudinhso/RMIT_Bot/lesson5_ws/install/rmitbot_firmware/share/rmitbot_firmware/hook/cmake_prefix_path.dsv'
[7.970s] INFO:colcon.colcon_core.shell:Creating environment hook '/home/vudinhso/RMIT_Bot/lesson5_ws/install/rmitbot_firmware/share/rmitbot_firmware/hook/cmake_prefix_path.sh'
[7.971s] Level 1:colcon.colcon_core.environment:checking '/home/vudinhso/RMIT_Bot/lesson5_ws/install/rmitbot_firmware/lib'
[7.971s] Level 1:colcon.colcon_core.shell:create_environment_hook('rmitbot_firmware', 'ld_library_path_lib')
[7.972s] INFO:colcon.colcon_core.shell:Creating environment hook '/home/vudinhso/RMIT_Bot/lesson5_ws/install/rmitbot_firmware/share/rmitbot_firmware/hook/ld_library_path_lib.ps1'
[7.972s] INFO:colcon.colcon_core.shell:Creating environment descriptor '/home/vudinhso/RMIT_Bot/lesson5_ws/install/rmitbot_firmware/share/rmitbot_firmware/hook/ld_library_path_lib.dsv'
[7.973s] INFO:colcon.colcon_core.shell:Creating environment hook '/home/vudinhso/RMIT_Bot/lesson5_ws/install/rmitbot_firmware/share/rmitbot_firmware/hook/ld_library_path_lib.sh'
[7.973s] Level 1:colcon.colcon_core.environment:checking '/home/vudinhso/RMIT_Bot/lesson5_ws/install/rmitbot_firmware/bin'
[7.973s] Level 1:colcon.colcon_core.environment:checking '/home/vudinhso/RMIT_Bot/lesson5_ws/install/rmitbot_firmware/lib/pkgconfig/rmitbot_firmware.pc'
[7.974s] Level 1:colcon.colcon_core.environment:checking '/home/vudinhso/RMIT_Bot/lesson5_ws/install/rmitbot_firmware/lib/python3.12/site-packages'
[7.974s] Level 1:colcon.colcon_core.environment:checking '/home/vudinhso/RMIT_Bot/lesson5_ws/install/rmitbot_firmware/bin'
[7.974s] INFO:colcon.colcon_core.shell:Creating package script '/home/vudinhso/RMIT_Bot/lesson5_ws/install/rmitbot_firmware/share/rmitbot_firmware/package.ps1'
[7.975s] INFO:colcon.colcon_core.shell:Creating package descriptor '/home/vudinhso/RMIT_Bot/lesson5_ws/install/rmitbot_firmware/share/rmitbot_firmware/package.dsv'
[7.975s] INFO:colcon.colcon_core.shell:Creating package script '/home/vudinhso/RMIT_Bot/lesson5_ws/install/rmitbot_firmware/share/rmitbot_firmware/package.sh'
[7.975s] INFO:colcon.colcon_core.shell:Creating package script '/home/vudinhso/RMIT_Bot/lesson5_ws/install/rmitbot_firmware/share/rmitbot_firmware/package.bash'
[7.976s] INFO:colcon.colcon_core.shell:Creating package script '/home/vudinhso/RMIT_Bot/lesson5_ws/install/rmitbot_firmware/share/rmitbot_firmware/package.zsh'
[7.976s] Level 1:colcon.colcon_core.environment:create_file_with_runtime_dependencies(/home/vudinhso/RMIT_Bot/lesson5_ws/install/rmitbot_firmware/share/colcon-core/packages/rmitbot_firmware)
[7.977s] DEBUG:colcon.colcon_parallel_executor.executor.parallel:closing loop
[7.977s] DEBUG:colcon.colcon_parallel_executor.executor.parallel:loop closed
[7.977s] DEBUG:colcon.colcon_parallel_executor.executor.parallel:run_until_complete finished with '0'
[7.977s] DEBUG:colcon.colcon_core.event_reactor:joining thread
[7.997s] INFO:colcon.colcon_core.plugin_system:Skipping extension 'colcon_notification.desktop_notification.terminal_notifier': Not used on non-Darwin systems
[7.997s] INFO:colcon.colcon_core.plugin_system:Skipping extension 'colcon_notification.desktop_notification.win32': Not used on non-Windows systems
[7.997s] INFO:colcon.colcon_notification.desktop_notification:Sending desktop notification using 'notify2'
[8.011s] DEBUG:colcon.colcon_core.event_reactor:joined thread
[8.012s] INFO:colcon.colcon_core.shell:Creating prefix script '/home/vudinhso/RMIT_Bot/lesson5_ws/install/local_setup.ps1'
[8.013s] INFO:colcon.colcon_core.shell:Creating prefix util module '/home/vudinhso/RMIT_Bot/lesson5_ws/install/_local_setup_util_ps1.py'
[8.015s] INFO:colcon.colcon_core.shell:Creating prefix chain script '/home/vudinhso/RMIT_Bot/lesson5_ws/install/setup.ps1'
[8.017s] INFO:colcon.colcon_core.shell:Creating prefix script '/home/vudinhso/RMIT_Bot/lesson5_ws/install/local_setup.sh'
[8.018s] INFO:colcon.colcon_core.shell:Creating prefix util module '/home/vudinhso/RMIT_Bot/lesson5_ws/install/_local_setup_util_sh.py'
[8.019s] INFO:colcon.colcon_core.shell:Creating prefix chain script '/home/vudinhso/RMIT_Bot/lesson5_ws/install/setup.sh'
[8.020s] INFO:colcon.colcon_core.shell:Creating prefix script '/home/vudinhso/RMIT_Bot/lesson5_ws/install/local_setup.bash'
[8.021s] INFO:colcon.colcon_core.shell:Creating prefix chain script '/home/vudinhso/RMIT_Bot/lesson5_ws/install/setup.bash'
[8.023s] INFO:colcon.colcon_core.shell:Creating prefix script '/home/vudinhso/RMIT_Bot/lesson5_ws/install/local_setup.zsh'
[8.025s] INFO:colcon.colcon_core.shell:Creating prefix chain script '/home/vudinhso/RMIT_Bot/lesson5_ws/install/setup.zsh'
