[0.089s] Invoking command in '/home/tranminhtu/RMITbot/lesson5_ws/build/rmitbot_controller': CMAKE_PREFIX_PATH=${CMAKE_PREFIX_PATH}:/opt/ros/jazzy DEBUGINFOD_URLS=https://debuginfod.ubuntu.com /usr/bin/cmake --build /home/tranminhtu/RMITbot/lesson5_ws/build/rmitbot_controller -- -j8 -l8
[0.214s] Invoked command in '/home/tranminhtu/RMITbot/lesson5_ws/build/rmitbot_controller' returned '0': CMAKE_PREFIX_PATH=${CMAKE_PREFIX_PATH}:/opt/ros/jazzy DEBUGINFOD_URLS=https://debuginfod.ubuntu.com /usr/bin/cmake --build /home/tranminhtu/RMITbot/lesson5_ws/build/rmitbot_controller -- -j8 -l8
[0.239s] Invoking command in '/home/tranminhtu/RMITbot/lesson5_ws/build/rmitbot_controller': CMAKE_PREFIX_PATH=${CMAKE_PREFIX_PATH}:/opt/ros/jazzy DEBUGINFOD_URLS=https://debuginfod.ubuntu.com /usr/bin/cmake --install /home/tranminhtu/RMITbot/lesson5_ws/build/rmitbot_controller
[0.316s] -- Install configuration: ""
[0.316s] -- Up-to-date: /home/tranminhtu/RMITbot/lesson5_ws/install/rmitbot_controller/share/rmitbot_controller/launch
[0.321s] -- Up-to-date: /home/tranminhtu/RMITbot/lesson5_ws/install/rmitbot_controller/share/rmitbot_controller/launch/teleopkeyboard.launch.py
[0.321s] -- Up-to-date: /home/tranminhtu/RMITbot/lesson5_ws/install/rmitbot_controller/share/rmitbot_controller/launch/controller.launch.py
[0.321s] -- Up-to-date: /home/tranminhtu/RMITbot/lesson5_ws/install/rmitbot_controller/share/rmitbot_controller/config
[0.322s] -- Up-to-date: /home/tranminhtu/RMITbot/lesson5_ws/install/rmitbot_controller/share/rmitbot_controller/config/rmitbot_controller.yaml
[0.322s] -- Up-to-date: /home/tranminhtu/RMITbot/lesson5_ws/install/rmitbot_controller/share/ament_index/resource_index/package_run_dependencies/rmitbot_controller
[0.322s] -- Up-to-date: /home/tranminhtu/RMITbot/lesson5_ws/install/rmitbot_controller/share/ament_index/resource_index/parent_prefix_path/rmitbot_controller
[0.323s] -- Up-to-date: /home/tranminhtu/RMITbot/lesson5_ws/install/rmitbot_controller/share/rmitbot_controller/environment/ament_prefix_path.sh
[0.323s] -- Up-to-date: /home/tranminhtu/RMITbot/lesson5_ws/install/rmitbot_controller/share/rmitbot_controller/environment/ament_prefix_path.dsv
[0.323s] -- Up-to-date: /home/tranminhtu/RMITbot/lesson5_ws/install/rmitbot_controller/share/rmitbot_controller/environment/path.sh
[0.325s] -- Up-to-date: /home/tranminhtu/RMITbot/lesson5_ws/install/rmitbot_controller/share/rmitbot_controller/environment/path.dsv
[0.325s] -- Up-to-date: /home/tranminhtu/RMITbot/lesson5_ws/install/rmitbot_controller/share/rmitbot_controller/local_setup.bash
[0.325s] -- Up-to-date: /home/tranminhtu/RMITbot/lesson5_ws/install/rmitbot_controller/share/rmitbot_controller/local_setup.sh
[0.325s] -- Up-to-date: /home/tranminhtu/RMITbot/lesson5_ws/install/rmitbot_controller/share/rmitbot_controller/local_setup.zsh
[0.325s] -- Up-to-date: /home/tranminhtu/RMITbot/lesson5_ws/install/rmitbot_controller/share/rmitbot_controller/local_setup.dsv
[0.326s] -- Installing: /home/tranminhtu/RMITbot/lesson5_ws/install/rmitbot_controller/share/rmitbot_controller/package.dsv
[0.327s] -- Up-to-date: /home/tranminhtu/RMITbot/lesson5_ws/install/rmitbot_controller/share/ament_index/resource_index/packages/rmitbot_controller
[0.327s] -- Up-to-date: /home/tranminhtu/RMITbot/lesson5_ws/install/rmitbot_controller/share/rmitbot_controller/cmake/rmitbot_controllerConfig.cmake
[0.327s] -- Up-to-date: /home/tranminhtu/RMITbot/lesson5_ws/install/rmitbot_controller/share/rmitbot_controller/cmake/rmitbot_controllerConfig-version.cmake
[0.327s] -- Up-to-date: /home/tranminhtu/RMITbot/lesson5_ws/install/rmitbot_controller/share/rmitbot_controller/package.xml
[0.373s] Invoked command in '/home/tranminhtu/RMITbot/lesson5_ws/build/rmitbot_controller' returned '0': CMAKE_PREFIX_PATH=${CMAKE_PREFIX_PATH}:/opt/ros/jazzy DEBUGINFOD_URLS=https://debuginfod.ubuntu.com /usr/bin/cmake --install /home/tranminhtu/RMITbot/lesson5_ws/build/rmitbot_controller
